<?xml version="1.0" encoding="UTF-8"?>
<testsuite xmlns:xsi="http://www.w3.org/2001/XMLSchema-instance" xsi:noNamespaceSchemaLocation="https://maven.apache.org/surefire/maven-failsafe-plugin/xsd/failsafe-test-report-3.0.xsd" version="3.0" name="Class6BDD.Runner" time="37.467" tests="3" errors="0" skipped="0" failures="0">
  <properties>
    <property name="java.specification.version" value="19"/>
    <property name="sun.cpu.isalist" value="amd64"/>
    <property name="sun.jnu.encoding" value="Cp1252"/>
    <property name="java.class.path" value="C:\Users\esaug\OneDrive - advancio.com\Documents\GitHub\SeleniumCourse\target\test-classes;C:\Users\esaug\OneDrive - advancio.com\Documents\GitHub\SeleniumCourse\target\test-1.0-SNAPSHOT.jar;C:\Users\esaug\.m2\repository\net\serenity-bdd\serenity-core\3.5.1\serenity-core-3.5.1.jar;C:\Users\esaug\.m2\repository\net\serenity-bdd\serenity-model\3.5.1\serenity-model-3.5.1.jar;C:\Users\esaug\.m2\repository\org\apache\commons\commons-text\1.10.0\commons-text-1.10.0.jar;C:\Users\esaug\.m2\repository\commons-net\commons-net\3.8.0\commons-net-3.8.0.jar;C:\Users\esaug\.m2\repository\com\google\guava\guava\31.1-jre\guava-31.1-jre.jar;C:\Users\esaug\.m2\repository\com\google\guava\failureaccess\1.0.1\failureaccess-1.0.1.jar;C:\Users\esaug\.m2\repository\com\google\guava\listenablefuture\9999.0-empty-to-avoid-conflict-with-guava\listenablefuture-9999.0-empty-to-avoid-conflict-with-guava.jar;C:\Users\esaug\.m2\repository\com\google\code\findbugs\jsr305\3.0.2\jsr305-3.0.2.jar;C:\Users\esaug\.m2\repository\org\checkerframework\checker-qual\3.12.0\checker-qual-3.12.0.jar;C:\Users\esaug\.m2\repository\com\google\errorprone\error_prone_annotations\2.11.0\error_prone_annotations-2.11.0.jar;C:\Users\esaug\.m2\repository\com\google\j2objc\j2objc-annotations\1.3\j2objc-annotations-1.3.jar;C:\Users\esaug\.m2\repository\com\google\inject\guice\5.1.0\guice-5.1.0.jar;C:\Users\esaug\.m2\repository\javax\inject\javax.inject\1\javax.inject-1.jar;C:\Users\esaug\.m2\repository\aopalliance\aopalliance\1.0\aopalliance-1.0.jar;C:\Users\esaug\.m2\repository\org\jsoup\jsoup\1.14.3\jsoup-1.14.3.jar;C:\Users\esaug\.m2\repository\com\thoughtworks\xstream\xstream\1.4.19\xstream-1.4.19.jar;C:\Users\esaug\.m2\repository\io\github\x-stream\mxparser\1.2.2\mxparser-1.2.2.jar;C:\Users\esaug\.m2\repository\xmlpull\xmlpull\1.1.3.1\xmlpull-1.1.3.1.jar;C:\Users\esaug\.m2\repository\com\typesafe\config\1.4.2\config-1.4.2.jar;C:\Users\esaug\.m2\repository\org\imgscalr\imgscalr-lib\4.2\imgscalr-lib-4.2.jar;C:\Users\esaug\.m2\repository\org\awaitility\awaitility\4.2.0\awaitility-4.2.0.jar;C:\Users\esaug\.m2\repository\org\freemarker\freemarker\2.3.31\freemarker-2.3.31.jar;C:\Users\esaug\.m2\repository\io\github\classgraph\classgraph\4.8.138\classgraph-4.8.138.jar;C:\Users\esaug\.m2\repository\net\sourceforge\jexcelapi\jxl\2.6.12\jxl-2.6.12.jar;C:\Users\esaug\.m2\repository\net\bytebuddy\byte-buddy\1.12.18\byte-buddy-1.12.18.jar;C:\Users\esaug\.m2\repository\net\bytebuddy\byte-buddy-agent\1.12.18\byte-buddy-agent-1.12.18.jar;C:\Users\esaug\.m2\repository\org\objenesis\objenesis\3.1\objenesis-3.1.jar;C:\Users\esaug\.m2\repository\net\serenity-bdd\serenity-reports\3.5.1\serenity-reports-3.5.1.jar;C:\Users\esaug\.m2\repository\net\serenity-bdd\serenity-stats\3.5.1\serenity-stats-3.5.1.jar;C:\Users\esaug\.m2\repository\org\jetbrains\kotlin\kotlin-stdlib\1.7.21\kotlin-stdlib-1.7.21.jar;C:\Users\esaug\.m2\repository\org\jetbrains\kotlin\kotlin-stdlib-common\1.7.21\kotlin-stdlib-common-1.7.21.jar;C:\Users\esaug\.m2\repository\org\jetbrains\annotations\13.0\annotations-13.0.jar;C:\Users\esaug\.m2\repository\net\serenity-bdd\serenity-reports-configuration\3.5.1\serenity-reports-configuration-3.5.1.jar;C:\Users\esaug\.m2\repository\com\vladsch\flexmark\flexmark-all\0.34.30\flexmark-all-0.34.30.jar;C:\Users\esaug\.m2\repository\com\vladsch\flexmark\flexmark\0.34.30\flexmark-0.34.30.jar;C:\Users\esaug\.m2\repository\com\vladsch\flexmark\flexmark-ext-abbreviation\0.34.30\flexmark-ext-abbreviation-0.34.30.jar;C:\Users\esaug\.m2\repository\com\vladsch\flexmark\flexmark-ext-admonition\0.34.30\flexmark-ext-admonition-0.34.30.jar;C:\Users\esaug\.m2\repository\com\vladsch\flexmark\flexmark-ext-anchorlink\0.34.30\flexmark-ext-anchorlink-0.34.30.jar;C:\Users\esaug\.m2\repository\com\vladsch\flexmark\flexmark-ext-aside\0.34.30\flexmark-ext-aside-0.34.30.jar;C:\Users\esaug\.m2\repository\com\vladsch\flexmark\flexmark-ext-attributes\0.34.30\flexmark-ext-attributes-0.34.30.jar;C:\Users\esaug\.m2\repository\com\vladsch\flexmark\flexmark-ext-autolink\0.34.30\flexmark-ext-autolink-0.34.30.jar;C:\Users\esaug\.m2\repository\org\nibor\autolink\autolink\0.6.0\autolink-0.6.0.jar;C:\Users\esaug\.m2\repository\com\vladsch\flexmark\flexmark-ext-definition\0.34.30\flexmark-ext-definition-0.34.30.jar;C:\Users\esaug\.m2\repository\com\vladsch\flexmark\flexmark-ext-emoji\0.34.30\flexmark-ext-emoji-0.34.30.jar;C:\Users\esaug\.m2\repository\com\vladsch\flexmark\flexmark-ext-enumerated-reference\0.34.30\flexmark-ext-enumerated-reference-0.34.30.jar;C:\Users\esaug\.m2\repository\com\vladsch\flexmark\flexmark-ext-escaped-character\0.34.30\flexmark-ext-escaped-character-0.34.30.jar;C:\Users\esaug\.m2\repository\com\vladsch\flexmark\flexmark-ext-footnotes\0.34.30\flexmark-ext-footnotes-0.34.30.jar;C:\Users\esaug\.m2\repository\com\vladsch\flexmark\flexmark-ext-gfm-issues\0.34.30\flexmark-ext-gfm-issues-0.34.30.jar;C:\Users\esaug\.m2\repository\com\vladsch\flexmark\flexmark-ext-gfm-strikethrough\0.34.30\flexmark-ext-gfm-strikethrough-0.34.30.jar;C:\Users\esaug\.m2\repository\com\vladsch\flexmark\flexmark-ext-gfm-tables\0.34.30\flexmark-ext-gfm-tables-0.34.30.jar;C:\Users\esaug\.m2\repository\com\vladsch\flexmark\flexmark-ext-gfm-tasklist\0.34.30\flexmark-ext-gfm-tasklist-0.34.30.jar;C:\Users\esaug\.m2\repository\com\vladsch\flexmark\flexmark-ext-gfm-users\0.34.30\flexmark-ext-gfm-users-0.34.30.jar;C:\Users\esaug\.m2\repository\com\vladsch\flexmark\flexmark-ext-gitlab\0.34.30\flexmark-ext-gitlab-0.34.30.jar;C:\Users\esaug\.m2\repository\com\vladsch\flexmark\flexmark-ext-jekyll-front-matter\0.34.30\flexmark-ext-jekyll-front-matter-0.34.30.jar;C:\Users\esaug\.m2\repository\com\vladsch\flexmark\flexmark-ext-jekyll-tag\0.34.30\flexmark-ext-jekyll-tag-0.34.30.jar;C:\Users\esaug\.m2\repository\com\vladsch\flexmark\flexmark-ext-media-tags\0.34.30\flexmark-ext-media-tags-0.34.30.jar;C:\Users\esaug\.m2\repository\com\vladsch\flexmark\flexmark-test-util\0.34.30\flexmark-test-util-0.34.30.jar;C:\Users\esaug\.m2\repository\com\vladsch\flexmark\flexmark-ext-ins\0.34.30\flexmark-ext-ins-0.34.30.jar;C:\Users\esaug\.m2\repository\com\vladsch\flexmark\flexmark-ext-xwiki-macros\0.34.30\flexmark-ext-xwiki-macros-0.34.30.jar;C:\Users\esaug\.m2\repository\com\vladsch\flexmark\flexmark-ext-superscript\0.34.30\flexmark-ext-superscript-0.34.30.jar;C:\Users\esaug\.m2\repository\com\vladsch\flexmark\flexmark-ext-tables\0.34.30\flexmark-ext-tables-0.34.30.jar;C:\Users\esaug\.m2\repository\com\vladsch\flexmark\flexmark-ext-toc\0.34.30\flexmark-ext-toc-0.34.30.jar;C:\Users\esaug\.m2\repository\com\vladsch\flexmark\flexmark-ext-typographic\0.34.30\flexmark-ext-typographic-0.34.30.jar;C:\Users\esaug\.m2\repository\com\vladsch\flexmark\flexmark-ext-wikilink\0.34.30\flexmark-ext-wikilink-0.34.30.jar;C:\Users\esaug\.m2\repository\com\vladsch\flexmark\flexmark-ext-yaml-front-matter\0.34.30\flexmark-ext-yaml-front-matter-0.34.30.jar;C:\Users\esaug\.m2\repository\com\vladsch\flexmark\flexmark-ext-youtube-embedded\0.34.30\flexmark-ext-youtube-embedded-0.34.30.jar;C:\Users\esaug\.m2\repository\com\vladsch\flexmark\flexmark-formatter\0.34.30\flexmark-formatter-0.34.30.jar;C:\Users\esaug\.m2\repository\com\vladsch\flexmark\flexmark-html-parser\0.34.30\flexmark-html-parser-0.34.30.jar;C:\Users\esaug\.m2\repository\com\vladsch\flexmark\flexmark-jira-converter\0.34.30\flexmark-jira-converter-0.34.30.jar;C:\Users\esaug\.m2\repository\com\vladsch\flexmark\flexmark-pdf-converter\0.34.30\flexmark-pdf-converter-0.34.30.jar;C:\Users\esaug\.m2\repository\com\openhtmltopdf\openhtmltopdf-core\0.0.1-RC13\openhtmltopdf-core-0.0.1-RC13.jar;C:\Users\esaug\.m2\repository\com\openhtmltopdf\openhtmltopdf-pdfbox\0.0.1-RC13\openhtmltopdf-pdfbox-0.0.1-RC13.jar;C:\Users\esaug\.m2\repository\org\apache\pdfbox\pdfbox\2.0.8\pdfbox-2.0.8.jar;C:\Users\esaug\.m2\repository\org\apache\pdfbox\fontbox\2.0.8\fontbox-2.0.8.jar;C:\Users\esaug\.m2\repository\org\apache\pdfbox\xmpbox\2.0.8\xmpbox-2.0.8.jar;C:\Users\esaug\.m2\repository\de\rototor\pdfbox\graphics2d\0.12\graphics2d-0.12.jar;C:\Users\esaug\.m2\repository\com\openhtmltopdf\openhtmltopdf-rtl-support\0.0.1-RC13\openhtmltopdf-rtl-support-0.0.1-RC13.jar;C:\Users\esaug\.m2\repository\com\ibm\icu\icu4j\59.1\icu4j-59.1.jar;C:\Users\esaug\.m2\repository\com\openhtmltopdf\openhtmltopdf-jsoup-dom-converter\0.0.1-RC13\openhtmltopdf-jsoup-dom-converter-0.0.1-RC13.jar;C:\Users\esaug\.m2\repository\com\vladsch\flexmark\flexmark-profile-pegdown\0.34.30\flexmark-profile-pegdown-0.34.30.jar;C:\Users\esaug\.m2\repository\com\vladsch\flexmark\flexmark-util\0.34.30\flexmark-util-0.34.30.jar;C:\Users\esaug\.m2\repository\com\vladsch\flexmark\flexmark-youtrack-converter\0.34.30\flexmark-youtrack-converter-0.34.30.jar;C:\Users\esaug\.m2\repository\es\nitaur\markdown\txtmark\0.16\txtmark-0.16.jar;C:\Users\esaug\.m2\repository\net\serenity-bdd\serenity-report-resources\3.5.1\serenity-report-resources-3.5.1.jar;C:\Users\esaug\.m2\repository\com\google\code\gson\gson\2.9.0\gson-2.9.0.jar;C:\Users\esaug\.m2\repository\com\fasterxml\jackson\core\jackson-core\2.13.4\jackson-core-2.13.4.jar;C:\Users\esaug\.m2\repository\com\fasterxml\jackson\core\jackson-databind\2.13.4\jackson-databind-2.13.4.jar;C:\Users\esaug\.m2\repository\com\fasterxml\jackson\core\jackson-annotations\2.13.4\jackson-annotations-2.13.4.jar;C:\Users\esaug\.m2\repository\commons-codec\commons-codec\1.15\commons-codec-1.15.jar;C:\Users\esaug\.m2\repository\commons-io\commons-io\2.11.0\commons-io-2.11.0.jar;C:\Users\esaug\.m2\repository\org\apache\httpcomponents\httpclient\4.5.13\httpclient-4.5.13.jar;C:\Users\esaug\.m2\repository\org\apache\httpcomponents\httpcore\4.4.13\httpcore-4.4.13.jar;C:\Users\esaug\.m2\repository\commons-logging\commons-logging\1.2\commons-logging-1.2.jar;C:\Users\esaug\.m2\repository\org\seleniumhq\selenium\selenium-api\4.7.1\selenium-api-4.7.1.jar;C:\Users\esaug\.m2\repository\org\seleniumhq\selenium\selenium-support\4.7.1\selenium-support-4.7.1.jar;C:\Users\esaug\.m2\repository\com\google\auto\service\auto-service-annotations\1.0.1\auto-service-annotations-1.0.1.jar;C:\Users\esaug\.m2\repository\com\google\auto\service\auto-service\1.0.1\auto-service-1.0.1.jar;C:\Users\esaug\.m2\repository\com\google\auto\auto-common\1.2\auto-common-1.2.jar;C:\Users\esaug\.m2\repository\org\seleniumhq\selenium\selenium-json\4.7.1\selenium-json-4.7.1.jar;C:\Users\esaug\.m2\repository\org\seleniumhq\selenium\selenium-chrome-driver\4.7.1\selenium-chrome-driver-4.7.1.jar;C:\Users\esaug\.m2\repository\org\seleniumhq\selenium\selenium-chromium-driver\4.7.1\selenium-chromium-driver-4.7.1.jar;C:\Users\esaug\.m2\repository\org\seleniumhq\selenium\selenium-firefox-driver\4.7.1\selenium-firefox-driver-4.7.1.jar;C:\Users\esaug\.m2\repository\org\seleniumhq\selenium\selenium-http\4.7.1\selenium-http-4.7.1.jar;C:\Users\esaug\.m2\repository\dev\failsafe\failsafe\3.3.0\failsafe-3.3.0.jar;C:\Users\esaug\.m2\repository\org\seleniumhq\selenium\selenium-edge-driver\4.7.1\selenium-edge-driver-4.7.1.jar;C:\Users\esaug\.m2\repository\org\seleniumhq\selenium\selenium-ie-driver\4.7.1\selenium-ie-driver-4.7.1.jar;C:\Users\esaug\.m2\repository\org\projectlombok\lombok\1.18.20\lombok-1.18.20.jar;C:\Users\esaug\.m2\repository\io\appium\java-client\8.3.0\java-client-8.3.0.jar;C:\Users\esaug\.m2\repository\commons-validator\commons-validator\1.7\commons-validator-1.7.jar;C:\Users\esaug\.m2\repository\commons-digester\commons-digester\2.1\commons-digester-2.1.jar;C:\Users\esaug\.m2\repository\org\apache\groovy\groovy\4.0.6\groovy-4.0.6.jar;C:\Users\esaug\.m2\repository\net\sf\opencsv\opencsv\2.0\opencsv-2.0.jar;C:\Users\esaug\.m2\repository\commons-beanutils\commons-beanutils\1.9.4\commons-beanutils-1.9.4.jar;C:\Users\esaug\.m2\repository\org\apache\commons\commons-lang3\3.12.0\commons-lang3-3.12.0.jar;C:\Users\esaug\.m2\repository\commons-collections\commons-collections\3.2.2\commons-collections-3.2.2.jar;C:\Users\esaug\.m2\repository\org\fluentlenium\fluentlenium-core\0.10.2\fluentlenium-core-0.10.2.jar;C:\Users\esaug\.m2\repository\io\github\bonigarcia\webdrivermanager\5.3.0\webdrivermanager-5.3.0.jar;C:\Users\esaug\.m2\repository\com\github\docker-java\docker-java\3.2.13\docker-java-3.2.13.jar;C:\Users\esaug\.m2\repository\com\github\docker-java\docker-java-core\3.2.13\docker-java-core-3.2.13.jar;C:\Users\esaug\.m2\repository\com\github\docker-java\docker-java-api\3.2.13\docker-java-api-3.2.13.jar;C:\Users\esaug\.m2\repository\org\apache\commons\commons-compress\1.21\commons-compress-1.21.jar;C:\Users\esaug\.m2\repository\org\bouncycastle\bcpkix-jdk15on\1.64\bcpkix-jdk15on-1.64.jar;C:\Users\esaug\.m2\repository\org\bouncycastle\bcprov-jdk15on\1.64\bcprov-jdk15on-1.64.jar;C:\Users\esaug\.m2\repository\org\slf4j\jcl-over-slf4j\1.7.30\jcl-over-slf4j-1.7.30.jar;C:\Users\esaug\.m2\repository\com\github\docker-java\docker-java-transport-httpclient5\3.2.13\docker-java-transport-httpclient5-3.2.13.jar;C:\Users\esaug\.m2\repository\com\github\docker-java\docker-java-transport\3.2.13\docker-java-transport-3.2.13.jar;C:\Users\esaug\.m2\repository\net\java\dev\jna\jna\5.8.0\jna-5.8.0.jar;C:\Users\esaug\.m2\repository\org\brotli\dec\0.1.2\dec-0.1.2.jar;C:\Users\esaug\.m2\repository\org\apache\httpcomponents\client5\httpclient5\5.1.3\httpclient5-5.1.3.jar;C:\Users\esaug\.m2\repository\org\apache\httpcomponents\core5\httpcore5\5.1.3\httpcore5-5.1.3.jar;C:\Users\esaug\.m2\repository\org\apache\httpcomponents\core5\httpcore5-h2\5.1.3\httpcore5-h2-5.1.3.jar;C:\Users\esaug\.m2\repository\com\jhlabs\filters\2.0.235\filters-2.0.235.jar;C:\Users\esaug\.m2\repository\com\paulhammant\ngwebdriver\1.1.6\ngwebdriver-1.1.6.jar;C:\Users\esaug\.m2\repository\joda-time\joda-time\2.8.2\joda-time-2.8.2.jar;C:\Users\esaug\.m2\repository\org\hamcrest\hamcrest\2.2\hamcrest-2.2.jar;C:\Users\esaug\.m2\repository\com\google\jimfs\jimfs\1.2\jimfs-1.2.jar;C:\Users\esaug\.m2\repository\org\mockito\mockito-core\3.3.3\mockito-core-3.3.3.jar;C:\Users\esaug\.m2\repository\org\assertj\assertj-core\3.22.0\assertj-core-3.22.0.jar;C:\Users\esaug\.m2\repository\javax\xml\bind\jaxb-api\2.3.1\jaxb-api-2.3.1.jar;C:\Users\esaug\.m2\repository\javax\activation\javax.activation-api\1.2.0\javax.activation-api-1.2.0.jar;C:\Users\esaug\.m2\repository\com\sun\xml\bind\jaxb-core\2.3.0.1\jaxb-core-2.3.0.1.jar;C:\Users\esaug\.m2\repository\com\sun\xml\bind\jaxb-impl\2.3.3\jaxb-impl-2.3.3.jar;C:\Users\esaug\.m2\repository\jakarta\xml\bind\jakarta.xml.bind-api\2.3.3\jakarta.xml.bind-api-2.3.3.jar;C:\Users\esaug\.m2\repository\com\sun\activation\jakarta.activation\1.2.2\jakarta.activation-1.2.2.jar;C:\Users\esaug\.m2\repository\javax\activation\activation\1.1.1\activation-1.1.1.jar;C:\Users\esaug\.m2\repository\net\serenity-bdd\serenity-junit\3.5.1\serenity-junit-3.5.1.jar;C:\Users\esaug\.m2\repository\net\serenity-bdd\serenity-cucumber\3.5.1\serenity-cucumber-3.5.1.jar;C:\Users\esaug\.m2\repository\net\serenity-bdd\serenity-screenplay\3.5.1\serenity-screenplay-3.5.1.jar;C:\Users\esaug\.m2\repository\net\serenity-bdd\serenity-screenplay-webdriver\3.5.1\serenity-screenplay-webdriver-3.5.1.jar;C:\Users\esaug\.m2\repository\io\cucumber\cucumber-core\7.8.1\cucumber-core-7.8.1.jar;C:\Users\esaug\.m2\repository\io\cucumber\cucumber-gherkin\7.8.1\cucumber-gherkin-7.8.1.jar;C:\Users\esaug\.m2\repository\io\cucumber\cucumber-gherkin-messages\7.8.1\cucumber-gherkin-messages-7.8.1.jar;C:\Users\esaug\.m2\repository\io\cucumber\gherkin\24.0.0\gherkin-24.0.0.jar;C:\Users\esaug\.m2\repository\io\cucumber\messages\19.1.4\messages-19.1.4.jar;C:\Users\esaug\.m2\repository\io\cucumber\tag-expressions\4.1.0\tag-expressions-4.1.0.jar;C:\Users\esaug\.m2\repository\io\cucumber\cucumber-expressions\16.0.0\cucumber-expressions-16.0.0.jar;C:\Users\esaug\.m2\repository\io\cucumber\datatable\7.8.1\datatable-7.8.1.jar;C:\Users\esaug\.m2\repository\io\cucumber\cucumber-plugin\7.8.1\cucumber-plugin-7.8.1.jar;C:\Users\esaug\.m2\repository\io\cucumber\docstring\7.8.1\docstring-7.8.1.jar;C:\Users\esaug\.m2\repository\io\cucumber\html-formatter\20.1.0\html-formatter-20.1.0.jar;C:\Users\esaug\.m2\repository\io\cucumber\ci-environment\9.1.0\ci-environment-9.1.0.jar;C:\Users\esaug\.m2\repository\io\cucumber\cucumber-java\7.8.1\cucumber-java-7.8.1.jar;C:\Users\esaug\.m2\repository\io\cucumber\cucumber-junit\7.8.1\cucumber-junit-7.8.1.jar;C:\Users\esaug\.m2\repository\org\apiguardian\apiguardian-api\1.1.2\apiguardian-api-1.1.2.jar;C:\Users\esaug\.m2\repository\org\apache\commons\commons-csv\1.5\commons-csv-1.5.jar;C:\Users\esaug\.m2\repository\ch\qos\logback\logback-classic\1.4.5\logback-classic-1.4.5.jar;C:\Users\esaug\.m2\repository\ch\qos\logback\logback-core\1.4.5\logback-core-1.4.5.jar;C:\Users\esaug\.m2\repository\org\slf4j\slf4j-api\2.0.4\slf4j-api-2.0.4.jar;C:\Users\esaug\.m2\repository\org\apache\maven\plugins\maven-failsafe-plugin\3.0.0-M8\maven-failsafe-plugin-3.0.0-M8.jar;C:\Users\esaug\.m2\repository\org\apache\maven\surefire\maven-surefire-common\3.0.0-M8\maven-surefire-common-3.0.0-M8.jar;C:\Users\esaug\.m2\repository\org\apache\maven\surefire\surefire-api\3.0.0-M8\surefire-api-3.0.0-M8.jar;C:\Users\esaug\.m2\repository\org\apache\maven\surefire\surefire-logger-api\3.0.0-M8\surefire-logger-api-3.0.0-M8.jar;C:\Users\esaug\.m2\repository\org\apache\maven\surefire\surefire-extensions-api\3.0.0-M8\surefire-extensions-api-3.0.0-M8.jar;C:\Users\esaug\.m2\repository\org\apache\maven\surefire\surefire-booter\3.0.0-M8\surefire-booter-3.0.0-M8.jar;C:\Users\esaug\.m2\repository\org\apache\maven\surefire\surefire-extensions-spi\3.0.0-M8\surefire-extensions-spi-3.0.0-M8.jar;C:\Users\esaug\.m2\repository\org\apache\maven\shared\maven-common-artifact-filters\3.1.1\maven-common-artifact-filters-3.1.1.jar;C:\Users\esaug\.m2\repository\org\apache\maven\maven-artifact\3.1.0\maven-artifact-3.1.0.jar;C:\Users\esaug\.m2\repository\org\codehaus\plexus\plexus-utils\3.0.10\plexus-utils-3.0.10.jar;C:\Users\esaug\.m2\repository\org\apache\maven\maven-core\3.1.0\maven-core-3.1.0.jar;C:\Users\esaug\.m2\repository\org\apache\maven\maven-settings\3.1.0\maven-settings-3.1.0.jar;C:\Users\esaug\.m2\repository\org\apache\maven\maven-settings-builder\3.1.0\maven-settings-builder-3.1.0.jar;C:\Users\esaug\.m2\repository\org\apache\maven\maven-repository-metadata\3.1.0\maven-repository-metadata-3.1.0.jar;C:\Users\esaug\.m2\repository\org\apache\maven\maven-model-builder\3.1.0\maven-model-builder-3.1.0.jar;C:\Users\esaug\.m2\repository\org\apache\maven\maven-aether-provider\3.1.0\maven-aether-provider-3.1.0.jar;C:\Users\esaug\.m2\repository\org\eclipse\aether\aether-spi\0.9.0.M2\aether-spi-0.9.0.M2.jar;C:\Users\esaug\.m2\repository\org\eclipse\aether\aether-impl\0.9.0.M2\aether-impl-0.9.0.M2.jar;C:\Users\esaug\.m2\repository\org\eclipse\aether\aether-api\0.9.0.M2\aether-api-0.9.0.M2.jar;C:\Users\esaug\.m2\repository\org\eclipse\aether\aether-util\0.9.0.M2\aether-util-0.9.0.M2.jar;C:\Users\esaug\.m2\repository\org\eclipse\sisu\org.eclipse.sisu.plexus\0.0.0.M2a\org.eclipse.sisu.plexus-0.0.0.M2a.jar;C:\Users\esaug\.m2\repository\javax\enterprise\cdi-api\1.0\cdi-api-1.0.jar;C:\Users\esaug\.m2\repository\javax\annotation\jsr250-api\1.0\jsr250-api-1.0.jar;C:\Users\esaug\.m2\repository\org\sonatype\sisu\sisu-guice\3.1.0\sisu-guice-3.1.0-no_aop.jar;C:\Users\esaug\.m2\repository\org\eclipse\sisu\org.eclipse.sisu.inject\0.0.0.M2a\org.eclipse.sisu.inject-0.0.0.M2a.jar;C:\Users\esaug\.m2\repository\asm\asm\3.3.1\asm-3.3.1.jar;C:\Users\esaug\.m2\repository\org\codehaus\plexus\plexus-interpolation\1.16\plexus-interpolation-1.16.jar;C:\Users\esaug\.m2\repository\org\codehaus\plexus\plexus-classworlds\2.4.2\plexus-classworlds-2.4.2.jar;C:\Users\esaug\.m2\repository\org\codehaus\plexus\plexus-component-annotations\1.5.5\plexus-component-annotations-1.5.5.jar;C:\Users\esaug\.m2\repository\org\sonatype\plexus\plexus-sec-dispatcher\1.3\plexus-sec-dispatcher-1.3.jar;C:\Users\esaug\.m2\repository\org\sonatype\plexus\plexus-cipher\1.4\plexus-cipher-1.4.jar;C:\Users\esaug\.m2\repository\org\apache\maven\maven-plugin-api\3.1.0\maven-plugin-api-3.1.0.jar;C:\Users\esaug\.m2\repository\org\codehaus\plexus\plexus-java\1.1.2\plexus-java-1.1.2.jar;C:\Users\esaug\.m2\repository\org\ow2\asm\asm\9.4\asm-9.4.jar;C:\Users\esaug\.m2\repository\com\thoughtworks\qdox\qdox\2.0.3\qdox-2.0.3.jar;C:\Users\esaug\.m2\repository\org\apache\maven\surefire\surefire-shared-utils\3.0.0-M8\surefire-shared-utils-3.0.0-M8.jar;C:\Users\esaug\.m2\repository\org\seleniumhq\selenium\selenium-java\4.7.2\selenium-java-4.7.2.jar;C:\Users\esaug\.m2\repository\org\seleniumhq\selenium\selenium-devtools-v106\4.7.2\selenium-devtools-v106-4.7.2.jar;C:\Users\esaug\.m2\repository\org\seleniumhq\selenium\selenium-devtools-v107\4.7.2\selenium-devtools-v107-4.7.2.jar;C:\Users\esaug\.m2\repository\org\seleniumhq\selenium\selenium-devtools-v108\4.7.2\selenium-devtools-v108-4.7.2.jar;C:\Users\esaug\.m2\repository\org\seleniumhq\selenium\selenium-devtools-v85\4.7.2\selenium-devtools-v85-4.7.2.jar;C:\Users\esaug\.m2\repository\org\seleniumhq\selenium\selenium-remote-driver\4.7.2\selenium-remote-driver-4.7.2.jar;C:\Users\esaug\.m2\repository\com\beust\jcommander\1.82\jcommander-1.82.jar;C:\Users\esaug\.m2\repository\io\netty\netty-buffer\4.1.84.Final\netty-buffer-4.1.84.Final.jar;C:\Users\esaug\.m2\repository\io\netty\netty-codec-http\4.1.84.Final\netty-codec-http-4.1.84.Final.jar;C:\Users\esaug\.m2\repository\io\netty\netty-codec\4.1.84.Final\netty-codec-4.1.84.Final.jar;C:\Users\esaug\.m2\repository\io\netty\netty-handler\4.1.84.Final\netty-handler-4.1.84.Final.jar;C:\Users\esaug\.m2\repository\io\netty\netty-common\4.1.84.Final\netty-common-4.1.84.Final.jar;C:\Users\esaug\.m2\repository\io\netty\netty-transport-classes-epoll\4.1.84.Final\netty-transport-classes-epoll-4.1.84.Final.jar;C:\Users\esaug\.m2\repository\io\netty\netty-transport-classes-kqueue\4.1.84.Final\netty-transport-classes-kqueue-4.1.84.Final.jar;C:\Users\esaug\.m2\repository\io\netty\netty-transport-native-epoll\4.1.84.Final\netty-transport-native-epoll-4.1.84.Final.jar;C:\Users\esaug\.m2\repository\io\netty\netty-transport-native-kqueue\4.1.84.Final\netty-transport-native-kqueue-4.1.84.Final.jar;C:\Users\esaug\.m2\repository\io\netty\netty-transport-native-unix-common\4.1.84.Final\netty-transport-native-unix-common-4.1.84.Final.jar;C:\Users\esaug\.m2\repository\io\netty\netty-transport\4.1.84.Final\netty-transport-4.1.84.Final.jar;C:\Users\esaug\.m2\repository\io\netty\netty-resolver\4.1.84.Final\netty-resolver-4.1.84.Final.jar;C:\Users\esaug\.m2\repository\io\opentelemetry\opentelemetry-api\1.19.0\opentelemetry-api-1.19.0.jar;C:\Users\esaug\.m2\repository\io\opentelemetry\opentelemetry-context\1.19.0\opentelemetry-context-1.19.0.jar;C:\Users\esaug\.m2\repository\io\opentelemetry\opentelemetry-exporter-logging\1.19.0\opentelemetry-exporter-logging-1.19.0.jar;C:\Users\esaug\.m2\repository\io\opentelemetry\opentelemetry-sdk-metrics\1.19.0\opentelemetry-sdk-metrics-1.19.0.jar;C:\Users\esaug\.m2\repository\io\opentelemetry\opentelemetry-sdk-logs\1.19.0-alpha\opentelemetry-sdk-logs-1.19.0-alpha.jar;C:\Users\esaug\.m2\repository\io\opentelemetry\opentelemetry-api-logs\1.19.0-alpha\opentelemetry-api-logs-1.19.0-alpha.jar;C:\Users\esaug\.m2\repository\io\opentelemetry\opentelemetry-sdk-common\1.19.0\opentelemetry-sdk-common-1.19.0.jar;C:\Users\esaug\.m2\repository\io\opentelemetry\opentelemetry-sdk-extension-autoconfigure-spi\1.19.0\opentelemetry-sdk-extension-autoconfigure-spi-1.19.0.jar;C:\Users\esaug\.m2\repository\io\opentelemetry\opentelemetry-sdk-extension-autoconfigure\1.19.0-alpha\opentelemetry-sdk-extension-autoconfigure-1.19.0-alpha.jar;C:\Users\esaug\.m2\repository\io\opentelemetry\opentelemetry-exporter-common\1.19.0\opentelemetry-exporter-common-1.19.0.jar;C:\Users\esaug\.m2\repository\io\opentelemetry\opentelemetry-sdk-trace\1.19.0\opentelemetry-sdk-trace-1.19.0.jar;C:\Users\esaug\.m2\repository\io\opentelemetry\opentelemetry-sdk\1.19.0\opentelemetry-sdk-1.19.0.jar;C:\Users\esaug\.m2\repository\io\opentelemetry\opentelemetry-semconv\1.19.0-alpha\opentelemetry-semconv-1.19.0-alpha.jar;C:\Users\esaug\.m2\repository\io\ous\jtoml\2.0.0\jtoml-2.0.0.jar;C:\Users\esaug\.m2\repository\org\apache\commons\commons-exec\1.3\commons-exec-1.3.jar;C:\Users\esaug\.m2\repository\org\asynchttpclient\async-http-client\2.12.3\async-http-client-2.12.3.jar;C:\Users\esaug\.m2\repository\org\asynchttpclient\async-http-client-netty-utils\2.12.3\async-http-client-netty-utils-2.12.3.jar;C:\Users\esaug\.m2\repository\io\netty\netty-codec-socks\4.1.60.Final\netty-codec-socks-4.1.60.Final.jar;C:\Users\esaug\.m2\repository\io\netty\netty-handler-proxy\4.1.60.Final\netty-handler-proxy-4.1.60.Final.jar;C:\Users\esaug\.m2\repository\io\netty\netty-transport-native-epoll\4.1.60.Final\netty-transport-native-epoll-4.1.60.Final-linux-x86_64.jar;C:\Users\esaug\.m2\repository\io\netty\netty-transport-native-kqueue\4.1.60.Final\netty-transport-native-kqueue-4.1.60.Final-osx-x86_64.jar;C:\Users\esaug\.m2\repository\org\reactivestreams\reactive-streams\1.0.3\reactive-streams-1.0.3.jar;C:\Users\esaug\.m2\repository\com\typesafe\netty\netty-reactive-streams\2.0.4\netty-reactive-streams-2.0.4.jar;C:\Users\esaug\.m2\repository\org\seleniumhq\selenium\selenium-manager\4.7.2\selenium-manager-4.7.2.jar;C:\Users\esaug\.m2\repository\org\seleniumhq\selenium\selenium-safari-driver\4.7.2\selenium-safari-driver-4.7.2.jar;C:\Users\esaug\.m2\repository\junit\junit\4.13.2\junit-4.13.2.jar;C:\Users\esaug\.m2\repository\org\hamcrest\hamcrest-core\1.3\hamcrest-core-1.3.jar;"/>
    <property name="java.vm.vendor" value="Oracle Corporation"/>
    <property name="sun.arch.data.model" value="64"/>
    <property name="user.variant" value=""/>
    <property name="java.vendor.url" value="https://java.oracle.com/"/>
    <property name="user.timezone" value="America/Tijuana"/>
    <property name="os.name" value="Windows 10"/>
    <property name="java.vm.specification.version" value="19"/>
    <property name="sun.java.launcher" value="SUN_STANDARD"/>
    <property name="user.country" value="US"/>
    <property name="sun.boot.library.path" value="C:\Users\esaug\.jdks\openjdk-19.0.1\bin"/>
    <property name="sun.java.command" value="C:\Users\esaug\AppData\Local\Temp\surefire285055843848059780\surefirebooter-20230223125423925_3.jar C:\Users\esaug\AppData\Local\Temp\surefire285055843848059780 2023-02-23T12-54-23_706-jvmRun1 surefire-20230223125423925_1tmp surefire_0-20230223125423925_2tmp"/>
    <property name="webdriver.driver" value="chrome"/>
    <property name="jdk.debug" value="release"/>
    <property name="surefire.test.class.path" value="C:\Users\esaug\OneDrive - advancio.com\Documents\GitHub\SeleniumCourse\target\test-classes;C:\Users\esaug\OneDrive - advancio.com\Documents\GitHub\SeleniumCourse\target\test-1.0-SNAPSHOT.jar;C:\Users\esaug\.m2\repository\net\serenity-bdd\serenity-core\3.5.1\serenity-core-3.5.1.jar;C:\Users\esaug\.m2\repository\net\serenity-bdd\serenity-model\3.5.1\serenity-model-3.5.1.jar;C:\Users\esaug\.m2\repository\org\apache\commons\commons-text\1.10.0\commons-text-1.10.0.jar;C:\Users\esaug\.m2\repository\commons-net\commons-net\3.8.0\commons-net-3.8.0.jar;C:\Users\esaug\.m2\repository\com\google\guava\guava\31.1-jre\guava-31.1-jre.jar;C:\Users\esaug\.m2\repository\com\google\guava\failureaccess\1.0.1\failureaccess-1.0.1.jar;C:\Users\esaug\.m2\repository\com\google\guava\listenablefuture\9999.0-empty-to-avoid-conflict-with-guava\listenablefuture-9999.0-empty-to-avoid-conflict-with-guava.jar;C:\Users\esaug\.m2\repository\com\google\code\findbugs\jsr305\3.0.2\jsr305-3.0.2.jar;C:\Users\esaug\.m2\repository\org\checkerframework\checker-qual\3.12.0\checker-qual-3.12.0.jar;C:\Users\esaug\.m2\repository\com\google\errorprone\error_prone_annotations\2.11.0\error_prone_annotations-2.11.0.jar;C:\Users\esaug\.m2\repository\com\google\j2objc\j2objc-annotations\1.3\j2objc-annotations-1.3.jar;C:\Users\esaug\.m2\repository\com\google\inject\guice\5.1.0\guice-5.1.0.jar;C:\Users\esaug\.m2\repository\javax\inject\javax.inject\1\javax.inject-1.jar;C:\Users\esaug\.m2\repository\aopalliance\aopalliance\1.0\aopalliance-1.0.jar;C:\Users\esaug\.m2\repository\org\jsoup\jsoup\1.14.3\jsoup-1.14.3.jar;C:\Users\esaug\.m2\repository\com\thoughtworks\xstream\xstream\1.4.19\xstream-1.4.19.jar;C:\Users\esaug\.m2\repository\io\github\x-stream\mxparser\1.2.2\mxparser-1.2.2.jar;C:\Users\esaug\.m2\repository\xmlpull\xmlpull\1.1.3.1\xmlpull-1.1.3.1.jar;C:\Users\esaug\.m2\repository\com\typesafe\config\1.4.2\config-1.4.2.jar;C:\Users\esaug\.m2\repository\org\imgscalr\imgscalr-lib\4.2\imgscalr-lib-4.2.jar;C:\Users\esaug\.m2\repository\org\awaitility\awaitility\4.2.0\awaitility-4.2.0.jar;C:\Users\esaug\.m2\repository\org\freemarker\freemarker\2.3.31\freemarker-2.3.31.jar;C:\Users\esaug\.m2\repository\io\github\classgraph\classgraph\4.8.138\classgraph-4.8.138.jar;C:\Users\esaug\.m2\repository\net\sourceforge\jexcelapi\jxl\2.6.12\jxl-2.6.12.jar;C:\Users\esaug\.m2\repository\net\bytebuddy\byte-buddy\1.12.18\byte-buddy-1.12.18.jar;C:\Users\esaug\.m2\repository\net\bytebuddy\byte-buddy-agent\1.12.18\byte-buddy-agent-1.12.18.jar;C:\Users\esaug\.m2\repository\org\objenesis\objenesis\3.1\objenesis-3.1.jar;C:\Users\esaug\.m2\repository\net\serenity-bdd\serenity-reports\3.5.1\serenity-reports-3.5.1.jar;C:\Users\esaug\.m2\repository\net\serenity-bdd\serenity-stats\3.5.1\serenity-stats-3.5.1.jar;C:\Users\esaug\.m2\repository\org\jetbrains\kotlin\kotlin-stdlib\1.7.21\kotlin-stdlib-1.7.21.jar;C:\Users\esaug\.m2\repository\org\jetbrains\kotlin\kotlin-stdlib-common\1.7.21\kotlin-stdlib-common-1.7.21.jar;C:\Users\esaug\.m2\repository\org\jetbrains\annotations\13.0\annotations-13.0.jar;C:\Users\esaug\.m2\repository\net\serenity-bdd\serenity-reports-configuration\3.5.1\serenity-reports-configuration-3.5.1.jar;C:\Users\esaug\.m2\repository\com\vladsch\flexmark\flexmark-all\0.34.30\flexmark-all-0.34.30.jar;C:\Users\esaug\.m2\repository\com\vladsch\flexmark\flexmark\0.34.30\flexmark-0.34.30.jar;C:\Users\esaug\.m2\repository\com\vladsch\flexmark\flexmark-ext-abbreviation\0.34.30\flexmark-ext-abbreviation-0.34.30.jar;C:\Users\esaug\.m2\repository\com\vladsch\flexmark\flexmark-ext-admonition\0.34.30\flexmark-ext-admonition-0.34.30.jar;C:\Users\esaug\.m2\repository\com\vladsch\flexmark\flexmark-ext-anchorlink\0.34.30\flexmark-ext-anchorlink-0.34.30.jar;C:\Users\esaug\.m2\repository\com\vladsch\flexmark\flexmark-ext-aside\0.34.30\flexmark-ext-aside-0.34.30.jar;C:\Users\esaug\.m2\repository\com\vladsch\flexmark\flexmark-ext-attributes\0.34.30\flexmark-ext-attributes-0.34.30.jar;C:\Users\esaug\.m2\repository\com\vladsch\flexmark\flexmark-ext-autolink\0.34.30\flexmark-ext-autolink-0.34.30.jar;C:\Users\esaug\.m2\repository\org\nibor\autolink\autolink\0.6.0\autolink-0.6.0.jar;C:\Users\esaug\.m2\repository\com\vladsch\flexmark\flexmark-ext-definition\0.34.30\flexmark-ext-definition-0.34.30.jar;C:\Users\esaug\.m2\repository\com\vladsch\flexmark\flexmark-ext-emoji\0.34.30\flexmark-ext-emoji-0.34.30.jar;C:\Users\esaug\.m2\repository\com\vladsch\flexmark\flexmark-ext-enumerated-reference\0.34.30\flexmark-ext-enumerated-reference-0.34.30.jar;C:\Users\esaug\.m2\repository\com\vladsch\flexmark\flexmark-ext-escaped-character\0.34.30\flexmark-ext-escaped-character-0.34.30.jar;C:\Users\esaug\.m2\repository\com\vladsch\flexmark\flexmark-ext-footnotes\0.34.30\flexmark-ext-footnotes-0.34.30.jar;C:\Users\esaug\.m2\repository\com\vladsch\flexmark\flexmark-ext-gfm-issues\0.34.30\flexmark-ext-gfm-issues-0.34.30.jar;C:\Users\esaug\.m2\repository\com\vladsch\flexmark\flexmark-ext-gfm-strikethrough\0.34.30\flexmark-ext-gfm-strikethrough-0.34.30.jar;C:\Users\esaug\.m2\repository\com\vladsch\flexmark\flexmark-ext-gfm-tables\0.34.30\flexmark-ext-gfm-tables-0.34.30.jar;C:\Users\esaug\.m2\repository\com\vladsch\flexmark\flexmark-ext-gfm-tasklist\0.34.30\flexmark-ext-gfm-tasklist-0.34.30.jar;C:\Users\esaug\.m2\repository\com\vladsch\flexmark\flexmark-ext-gfm-users\0.34.30\flexmark-ext-gfm-users-0.34.30.jar;C:\Users\esaug\.m2\repository\com\vladsch\flexmark\flexmark-ext-gitlab\0.34.30\flexmark-ext-gitlab-0.34.30.jar;C:\Users\esaug\.m2\repository\com\vladsch\flexmark\flexmark-ext-jekyll-front-matter\0.34.30\flexmark-ext-jekyll-front-matter-0.34.30.jar;C:\Users\esaug\.m2\repository\com\vladsch\flexmark\flexmark-ext-jekyll-tag\0.34.30\flexmark-ext-jekyll-tag-0.34.30.jar;C:\Users\esaug\.m2\repository\com\vladsch\flexmark\flexmark-ext-media-tags\0.34.30\flexmark-ext-media-tags-0.34.30.jar;C:\Users\esaug\.m2\repository\com\vladsch\flexmark\flexmark-test-util\0.34.30\flexmark-test-util-0.34.30.jar;C:\Users\esaug\.m2\repository\com\vladsch\flexmark\flexmark-ext-ins\0.34.30\flexmark-ext-ins-0.34.30.jar;C:\Users\esaug\.m2\repository\com\vladsch\flexmark\flexmark-ext-xwiki-macros\0.34.30\flexmark-ext-xwiki-macros-0.34.30.jar;C:\Users\esaug\.m2\repository\com\vladsch\flexmark\flexmark-ext-superscript\0.34.30\flexmark-ext-superscript-0.34.30.jar;C:\Users\esaug\.m2\repository\com\vladsch\flexmark\flexmark-ext-tables\0.34.30\flexmark-ext-tables-0.34.30.jar;C:\Users\esaug\.m2\repository\com\vladsch\flexmark\flexmark-ext-toc\0.34.30\flexmark-ext-toc-0.34.30.jar;C:\Users\esaug\.m2\repository\com\vladsch\flexmark\flexmark-ext-typographic\0.34.30\flexmark-ext-typographic-0.34.30.jar;C:\Users\esaug\.m2\repository\com\vladsch\flexmark\flexmark-ext-wikilink\0.34.30\flexmark-ext-wikilink-0.34.30.jar;C:\Users\esaug\.m2\repository\com\vladsch\flexmark\flexmark-ext-yaml-front-matter\0.34.30\flexmark-ext-yaml-front-matter-0.34.30.jar;C:\Users\esaug\.m2\repository\com\vladsch\flexmark\flexmark-ext-youtube-embedded\0.34.30\flexmark-ext-youtube-embedded-0.34.30.jar;C:\Users\esaug\.m2\repository\com\vladsch\flexmark\flexmark-formatter\0.34.30\flexmark-formatter-0.34.30.jar;C:\Users\esaug\.m2\repository\com\vladsch\flexmark\flexmark-html-parser\0.34.30\flexmark-html-parser-0.34.30.jar;C:\Users\esaug\.m2\repository\com\vladsch\flexmark\flexmark-jira-converter\0.34.30\flexmark-jira-converter-0.34.30.jar;C:\Users\esaug\.m2\repository\com\vladsch\flexmark\flexmark-pdf-converter\0.34.30\flexmark-pdf-converter-0.34.30.jar;C:\Users\esaug\.m2\repository\com\openhtmltopdf\openhtmltopdf-core\0.0.1-RC13\openhtmltopdf-core-0.0.1-RC13.jar;C:\Users\esaug\.m2\repository\com\openhtmltopdf\openhtmltopdf-pdfbox\0.0.1-RC13\openhtmltopdf-pdfbox-0.0.1-RC13.jar;C:\Users\esaug\.m2\repository\org\apache\pdfbox\pdfbox\2.0.8\pdfbox-2.0.8.jar;C:\Users\esaug\.m2\repository\org\apache\pdfbox\fontbox\2.0.8\fontbox-2.0.8.jar;C:\Users\esaug\.m2\repository\org\apache\pdfbox\xmpbox\2.0.8\xmpbox-2.0.8.jar;C:\Users\esaug\.m2\repository\de\rototor\pdfbox\graphics2d\0.12\graphics2d-0.12.jar;C:\Users\esaug\.m2\repository\com\openhtmltopdf\openhtmltopdf-rtl-support\0.0.1-RC13\openhtmltopdf-rtl-support-0.0.1-RC13.jar;C:\Users\esaug\.m2\repository\com\ibm\icu\icu4j\59.1\icu4j-59.1.jar;C:\Users\esaug\.m2\repository\com\openhtmltopdf\openhtmltopdf-jsoup-dom-converter\0.0.1-RC13\openhtmltopdf-jsoup-dom-converter-0.0.1-RC13.jar;C:\Users\esaug\.m2\repository\com\vladsch\flexmark\flexmark-profile-pegdown\0.34.30\flexmark-profile-pegdown-0.34.30.jar;C:\Users\esaug\.m2\repository\com\vladsch\flexmark\flexmark-util\0.34.30\flexmark-util-0.34.30.jar;C:\Users\esaug\.m2\repository\com\vladsch\flexmark\flexmark-youtrack-converter\0.34.30\flexmark-youtrack-converter-0.34.30.jar;C:\Users\esaug\.m2\repository\es\nitaur\markdown\txtmark\0.16\txtmark-0.16.jar;C:\Users\esaug\.m2\repository\net\serenity-bdd\serenity-report-resources\3.5.1\serenity-report-resources-3.5.1.jar;C:\Users\esaug\.m2\repository\com\google\code\gson\gson\2.9.0\gson-2.9.0.jar;C:\Users\esaug\.m2\repository\com\fasterxml\jackson\core\jackson-core\2.13.4\jackson-core-2.13.4.jar;C:\Users\esaug\.m2\repository\com\fasterxml\jackson\core\jackson-databind\2.13.4\jackson-databind-2.13.4.jar;C:\Users\esaug\.m2\repository\com\fasterxml\jackson\core\jackson-annotations\2.13.4\jackson-annotations-2.13.4.jar;C:\Users\esaug\.m2\repository\commons-codec\commons-codec\1.15\commons-codec-1.15.jar;C:\Users\esaug\.m2\repository\commons-io\commons-io\2.11.0\commons-io-2.11.0.jar;C:\Users\esaug\.m2\repository\org\apache\httpcomponents\httpclient\4.5.13\httpclient-4.5.13.jar;C:\Users\esaug\.m2\repository\org\apache\httpcomponents\httpcore\4.4.13\httpcore-4.4.13.jar;C:\Users\esaug\.m2\repository\commons-logging\commons-logging\1.2\commons-logging-1.2.jar;C:\Users\esaug\.m2\repository\org\seleniumhq\selenium\selenium-api\4.7.1\selenium-api-4.7.1.jar;C:\Users\esaug\.m2\repository\org\seleniumhq\selenium\selenium-support\4.7.1\selenium-support-4.7.1.jar;C:\Users\esaug\.m2\repository\com\google\auto\service\auto-service-annotations\1.0.1\auto-service-annotations-1.0.1.jar;C:\Users\esaug\.m2\repository\com\google\auto\service\auto-service\1.0.1\auto-service-1.0.1.jar;C:\Users\esaug\.m2\repository\com\google\auto\auto-common\1.2\auto-common-1.2.jar;C:\Users\esaug\.m2\repository\org\seleniumhq\selenium\selenium-json\4.7.1\selenium-json-4.7.1.jar;C:\Users\esaug\.m2\repository\org\seleniumhq\selenium\selenium-chrome-driver\4.7.1\selenium-chrome-driver-4.7.1.jar;C:\Users\esaug\.m2\repository\org\seleniumhq\selenium\selenium-chromium-driver\4.7.1\selenium-chromium-driver-4.7.1.jar;C:\Users\esaug\.m2\repository\org\seleniumhq\selenium\selenium-firefox-driver\4.7.1\selenium-firefox-driver-4.7.1.jar;C:\Users\esaug\.m2\repository\org\seleniumhq\selenium\selenium-http\4.7.1\selenium-http-4.7.1.jar;C:\Users\esaug\.m2\repository\dev\failsafe\failsafe\3.3.0\failsafe-3.3.0.jar;C:\Users\esaug\.m2\repository\org\seleniumhq\selenium\selenium-edge-driver\4.7.1\selenium-edge-driver-4.7.1.jar;C:\Users\esaug\.m2\repository\org\seleniumhq\selenium\selenium-ie-driver\4.7.1\selenium-ie-driver-4.7.1.jar;C:\Users\esaug\.m2\repository\org\projectlombok\lombok\1.18.20\lombok-1.18.20.jar;C:\Users\esaug\.m2\repository\io\appium\java-client\8.3.0\java-client-8.3.0.jar;C:\Users\esaug\.m2\repository\commons-validator\commons-validator\1.7\commons-validator-1.7.jar;C:\Users\esaug\.m2\repository\commons-digester\commons-digester\2.1\commons-digester-2.1.jar;C:\Users\esaug\.m2\repository\org\apache\groovy\groovy\4.0.6\groovy-4.0.6.jar;C:\Users\esaug\.m2\repository\net\sf\opencsv\opencsv\2.0\opencsv-2.0.jar;C:\Users\esaug\.m2\repository\commons-beanutils\commons-beanutils\1.9.4\commons-beanutils-1.9.4.jar;C:\Users\esaug\.m2\repository\org\apache\commons\commons-lang3\3.12.0\commons-lang3-3.12.0.jar;C:\Users\esaug\.m2\repository\commons-collections\commons-collections\3.2.2\commons-collections-3.2.2.jar;C:\Users\esaug\.m2\repository\org\fluentlenium\fluentlenium-core\0.10.2\fluentlenium-core-0.10.2.jar;C:\Users\esaug\.m2\repository\io\github\bonigarcia\webdrivermanager\5.3.0\webdrivermanager-5.3.0.jar;C:\Users\esaug\.m2\repository\com\github\docker-java\docker-java\3.2.13\docker-java-3.2.13.jar;C:\Users\esaug\.m2\repository\com\github\docker-java\docker-java-core\3.2.13\docker-java-core-3.2.13.jar;C:\Users\esaug\.m2\repository\com\github\docker-java\docker-java-api\3.2.13\docker-java-api-3.2.13.jar;C:\Users\esaug\.m2\repository\org\apache\commons\commons-compress\1.21\commons-compress-1.21.jar;C:\Users\esaug\.m2\repository\org\bouncycastle\bcpkix-jdk15on\1.64\bcpkix-jdk15on-1.64.jar;C:\Users\esaug\.m2\repository\org\bouncycastle\bcprov-jdk15on\1.64\bcprov-jdk15on-1.64.jar;C:\Users\esaug\.m2\repository\org\slf4j\jcl-over-slf4j\1.7.30\jcl-over-slf4j-1.7.30.jar;C:\Users\esaug\.m2\repository\com\github\docker-java\docker-java-transport-httpclient5\3.2.13\docker-java-transport-httpclient5-3.2.13.jar;C:\Users\esaug\.m2\repository\com\github\docker-java\docker-java-transport\3.2.13\docker-java-transport-3.2.13.jar;C:\Users\esaug\.m2\repository\net\java\dev\jna\jna\5.8.0\jna-5.8.0.jar;C:\Users\esaug\.m2\repository\org\brotli\dec\0.1.2\dec-0.1.2.jar;C:\Users\esaug\.m2\repository\org\apache\httpcomponents\client5\httpclient5\5.1.3\httpclient5-5.1.3.jar;C:\Users\esaug\.m2\repository\org\apache\httpcomponents\core5\httpcore5\5.1.3\httpcore5-5.1.3.jar;C:\Users\esaug\.m2\repository\org\apache\httpcomponents\core5\httpcore5-h2\5.1.3\httpcore5-h2-5.1.3.jar;C:\Users\esaug\.m2\repository\com\jhlabs\filters\2.0.235\filters-2.0.235.jar;C:\Users\esaug\.m2\repository\com\paulhammant\ngwebdriver\1.1.6\ngwebdriver-1.1.6.jar;C:\Users\esaug\.m2\repository\joda-time\joda-time\2.8.2\joda-time-2.8.2.jar;C:\Users\esaug\.m2\repository\org\hamcrest\hamcrest\2.2\hamcrest-2.2.jar;C:\Users\esaug\.m2\repository\com\google\jimfs\jimfs\1.2\jimfs-1.2.jar;C:\Users\esaug\.m2\repository\org\mockito\mockito-core\3.3.3\mockito-core-3.3.3.jar;C:\Users\esaug\.m2\repository\org\assertj\assertj-core\3.22.0\assertj-core-3.22.0.jar;C:\Users\esaug\.m2\repository\javax\xml\bind\jaxb-api\2.3.1\jaxb-api-2.3.1.jar;C:\Users\esaug\.m2\repository\javax\activation\javax.activation-api\1.2.0\javax.activation-api-1.2.0.jar;C:\Users\esaug\.m2\repository\com\sun\xml\bind\jaxb-core\2.3.0.1\jaxb-core-2.3.0.1.jar;C:\Users\esaug\.m2\repository\com\sun\xml\bind\jaxb-impl\2.3.3\jaxb-impl-2.3.3.jar;C:\Users\esaug\.m2\repository\jakarta\xml\bind\jakarta.xml.bind-api\2.3.3\jakarta.xml.bind-api-2.3.3.jar;C:\Users\esaug\.m2\repository\com\sun\activation\jakarta.activation\1.2.2\jakarta.activation-1.2.2.jar;C:\Users\esaug\.m2\repository\javax\activation\activation\1.1.1\activation-1.1.1.jar;C:\Users\esaug\.m2\repository\net\serenity-bdd\serenity-junit\3.5.1\serenity-junit-3.5.1.jar;C:\Users\esaug\.m2\repository\net\serenity-bdd\serenity-cucumber\3.5.1\serenity-cucumber-3.5.1.jar;C:\Users\esaug\.m2\repository\net\serenity-bdd\serenity-screenplay\3.5.1\serenity-screenplay-3.5.1.jar;C:\Users\esaug\.m2\repository\net\serenity-bdd\serenity-screenplay-webdriver\3.5.1\serenity-screenplay-webdriver-3.5.1.jar;C:\Users\esaug\.m2\repository\io\cucumber\cucumber-core\7.8.1\cucumber-core-7.8.1.jar;C:\Users\esaug\.m2\repository\io\cucumber\cucumber-gherkin\7.8.1\cucumber-gherkin-7.8.1.jar;C:\Users\esaug\.m2\repository\io\cucumber\cucumber-gherkin-messages\7.8.1\cucumber-gherkin-messages-7.8.1.jar;C:\Users\esaug\.m2\repository\io\cucumber\gherkin\24.0.0\gherkin-24.0.0.jar;C:\Users\esaug\.m2\repository\io\cucumber\messages\19.1.4\messages-19.1.4.jar;C:\Users\esaug\.m2\repository\io\cucumber\tag-expressions\4.1.0\tag-expressions-4.1.0.jar;C:\Users\esaug\.m2\repository\io\cucumber\cucumber-expressions\16.0.0\cucumber-expressions-16.0.0.jar;C:\Users\esaug\.m2\repository\io\cucumber\datatable\7.8.1\datatable-7.8.1.jar;C:\Users\esaug\.m2\repository\io\cucumber\cucumber-plugin\7.8.1\cucumber-plugin-7.8.1.jar;C:\Users\esaug\.m2\repository\io\cucumber\docstring\7.8.1\docstring-7.8.1.jar;C:\Users\esaug\.m2\repository\io\cucumber\html-formatter\20.1.0\html-formatter-20.1.0.jar;C:\Users\esaug\.m2\repository\io\cucumber\ci-environment\9.1.0\ci-environment-9.1.0.jar;C:\Users\esaug\.m2\repository\io\cucumber\cucumber-java\7.8.1\cucumber-java-7.8.1.jar;C:\Users\esaug\.m2\repository\io\cucumber\cucumber-junit\7.8.1\cucumber-junit-7.8.1.jar;C:\Users\esaug\.m2\repository\org\apiguardian\apiguardian-api\1.1.2\apiguardian-api-1.1.2.jar;C:\Users\esaug\.m2\repository\org\apache\commons\commons-csv\1.5\commons-csv-1.5.jar;C:\Users\esaug\.m2\repository\ch\qos\logback\logback-classic\1.4.5\logback-classic-1.4.5.jar;C:\Users\esaug\.m2\repository\ch\qos\logback\logback-core\1.4.5\logback-core-1.4.5.jar;C:\Users\esaug\.m2\repository\org\slf4j\slf4j-api\2.0.4\slf4j-api-2.0.4.jar;C:\Users\esaug\.m2\repository\org\apache\maven\plugins\maven-failsafe-plugin\3.0.0-M8\maven-failsafe-plugin-3.0.0-M8.jar;C:\Users\esaug\.m2\repository\org\apache\maven\surefire\maven-surefire-common\3.0.0-M8\maven-surefire-common-3.0.0-M8.jar;C:\Users\esaug\.m2\repository\org\apache\maven\surefire\surefire-api\3.0.0-M8\surefire-api-3.0.0-M8.jar;C:\Users\esaug\.m2\repository\org\apache\maven\surefire\surefire-logger-api\3.0.0-M8\surefire-logger-api-3.0.0-M8.jar;C:\Users\esaug\.m2\repository\org\apache\maven\surefire\surefire-extensions-api\3.0.0-M8\surefire-extensions-api-3.0.0-M8.jar;C:\Users\esaug\.m2\repository\org\apache\maven\surefire\surefire-booter\3.0.0-M8\surefire-booter-3.0.0-M8.jar;C:\Users\esaug\.m2\repository\org\apache\maven\surefire\surefire-extensions-spi\3.0.0-M8\surefire-extensions-spi-3.0.0-M8.jar;C:\Users\esaug\.m2\repository\org\apache\maven\shared\maven-common-artifact-filters\3.1.1\maven-common-artifact-filters-3.1.1.jar;C:\Users\esaug\.m2\repository\org\apache\maven\maven-artifact\3.1.0\maven-artifact-3.1.0.jar;C:\Users\esaug\.m2\repository\org\codehaus\plexus\plexus-utils\3.0.10\plexus-utils-3.0.10.jar;C:\Users\esaug\.m2\repository\org\apache\maven\maven-core\3.1.0\maven-core-3.1.0.jar;C:\Users\esaug\.m2\repository\org\apache\maven\maven-settings\3.1.0\maven-settings-3.1.0.jar;C:\Users\esaug\.m2\repository\org\apache\maven\maven-settings-builder\3.1.0\maven-settings-builder-3.1.0.jar;C:\Users\esaug\.m2\repository\org\apache\maven\maven-repository-metadata\3.1.0\maven-repository-metadata-3.1.0.jar;C:\Users\esaug\.m2\repository\org\apache\maven\maven-model-builder\3.1.0\maven-model-builder-3.1.0.jar;C:\Users\esaug\.m2\repository\org\apache\maven\maven-aether-provider\3.1.0\maven-aether-provider-3.1.0.jar;C:\Users\esaug\.m2\repository\org\eclipse\aether\aether-spi\0.9.0.M2\aether-spi-0.9.0.M2.jar;C:\Users\esaug\.m2\repository\org\eclipse\aether\aether-impl\0.9.0.M2\aether-impl-0.9.0.M2.jar;C:\Users\esaug\.m2\repository\org\eclipse\aether\aether-api\0.9.0.M2\aether-api-0.9.0.M2.jar;C:\Users\esaug\.m2\repository\org\eclipse\aether\aether-util\0.9.0.M2\aether-util-0.9.0.M2.jar;C:\Users\esaug\.m2\repository\org\eclipse\sisu\org.eclipse.sisu.plexus\0.0.0.M2a\org.eclipse.sisu.plexus-0.0.0.M2a.jar;C:\Users\esaug\.m2\repository\javax\enterprise\cdi-api\1.0\cdi-api-1.0.jar;C:\Users\esaug\.m2\repository\javax\annotation\jsr250-api\1.0\jsr250-api-1.0.jar;C:\Users\esaug\.m2\repository\org\sonatype\sisu\sisu-guice\3.1.0\sisu-guice-3.1.0-no_aop.jar;C:\Users\esaug\.m2\repository\org\eclipse\sisu\org.eclipse.sisu.inject\0.0.0.M2a\org.eclipse.sisu.inject-0.0.0.M2a.jar;C:\Users\esaug\.m2\repository\asm\asm\3.3.1\asm-3.3.1.jar;C:\Users\esaug\.m2\repository\org\codehaus\plexus\plexus-interpolation\1.16\plexus-interpolation-1.16.jar;C:\Users\esaug\.m2\repository\org\codehaus\plexus\plexus-classworlds\2.4.2\plexus-classworlds-2.4.2.jar;C:\Users\esaug\.m2\repository\org\codehaus\plexus\plexus-component-annotations\1.5.5\plexus-component-annotations-1.5.5.jar;C:\Users\esaug\.m2\repository\org\sonatype\plexus\plexus-sec-dispatcher\1.3\plexus-sec-dispatcher-1.3.jar;C:\Users\esaug\.m2\repository\org\sonatype\plexus\plexus-cipher\1.4\plexus-cipher-1.4.jar;C:\Users\esaug\.m2\repository\org\apache\maven\maven-plugin-api\3.1.0\maven-plugin-api-3.1.0.jar;C:\Users\esaug\.m2\repository\org\codehaus\plexus\plexus-java\1.1.2\plexus-java-1.1.2.jar;C:\Users\esaug\.m2\repository\org\ow2\asm\asm\9.4\asm-9.4.jar;C:\Users\esaug\.m2\repository\com\thoughtworks\qdox\qdox\2.0.3\qdox-2.0.3.jar;C:\Users\esaug\.m2\repository\org\apache\maven\surefire\surefire-shared-utils\3.0.0-M8\surefire-shared-utils-3.0.0-M8.jar;C:\Users\esaug\.m2\repository\org\seleniumhq\selenium\selenium-java\4.7.2\selenium-java-4.7.2.jar;C:\Users\esaug\.m2\repository\org\seleniumhq\selenium\selenium-devtools-v106\4.7.2\selenium-devtools-v106-4.7.2.jar;C:\Users\esaug\.m2\repository\org\seleniumhq\selenium\selenium-devtools-v107\4.7.2\selenium-devtools-v107-4.7.2.jar;C:\Users\esaug\.m2\repository\org\seleniumhq\selenium\selenium-devtools-v108\4.7.2\selenium-devtools-v108-4.7.2.jar;C:\Users\esaug\.m2\repository\org\seleniumhq\selenium\selenium-devtools-v85\4.7.2\selenium-devtools-v85-4.7.2.jar;C:\Users\esaug\.m2\repository\org\seleniumhq\selenium\selenium-remote-driver\4.7.2\selenium-remote-driver-4.7.2.jar;C:\Users\esaug\.m2\repository\com\beust\jcommander\1.82\jcommander-1.82.jar;C:\Users\esaug\.m2\repository\io\netty\netty-buffer\4.1.84.Final\netty-buffer-4.1.84.Final.jar;C:\Users\esaug\.m2\repository\io\netty\netty-codec-http\4.1.84.Final\netty-codec-http-4.1.84.Final.jar;C:\Users\esaug\.m2\repository\io\netty\netty-codec\4.1.84.Final\netty-codec-4.1.84.Final.jar;C:\Users\esaug\.m2\repository\io\netty\netty-handler\4.1.84.Final\netty-handler-4.1.84.Final.jar;C:\Users\esaug\.m2\repository\io\netty\netty-common\4.1.84.Final\netty-common-4.1.84.Final.jar;C:\Users\esaug\.m2\repository\io\netty\netty-transport-classes-epoll\4.1.84.Final\netty-transport-classes-epoll-4.1.84.Final.jar;C:\Users\esaug\.m2\repository\io\netty\netty-transport-classes-kqueue\4.1.84.Final\netty-transport-classes-kqueue-4.1.84.Final.jar;C:\Users\esaug\.m2\repository\io\netty\netty-transport-native-epoll\4.1.84.Final\netty-transport-native-epoll-4.1.84.Final.jar;C:\Users\esaug\.m2\repository\io\netty\netty-transport-native-kqueue\4.1.84.Final\netty-transport-native-kqueue-4.1.84.Final.jar;C:\Users\esaug\.m2\repository\io\netty\netty-transport-native-unix-common\4.1.84.Final\netty-transport-native-unix-common-4.1.84.Final.jar;C:\Users\esaug\.m2\repository\io\netty\netty-transport\4.1.84.Final\netty-transport-4.1.84.Final.jar;C:\Users\esaug\.m2\repository\io\netty\netty-resolver\4.1.84.Final\netty-resolver-4.1.84.Final.jar;C:\Users\esaug\.m2\repository\io\opentelemetry\opentelemetry-api\1.19.0\opentelemetry-api-1.19.0.jar;C:\Users\esaug\.m2\repository\io\opentelemetry\opentelemetry-context\1.19.0\opentelemetry-context-1.19.0.jar;C:\Users\esaug\.m2\repository\io\opentelemetry\opentelemetry-exporter-logging\1.19.0\opentelemetry-exporter-logging-1.19.0.jar;C:\Users\esaug\.m2\repository\io\opentelemetry\opentelemetry-sdk-metrics\1.19.0\opentelemetry-sdk-metrics-1.19.0.jar;C:\Users\esaug\.m2\repository\io\opentelemetry\opentelemetry-sdk-logs\1.19.0-alpha\opentelemetry-sdk-logs-1.19.0-alpha.jar;C:\Users\esaug\.m2\repository\io\opentelemetry\opentelemetry-api-logs\1.19.0-alpha\opentelemetry-api-logs-1.19.0-alpha.jar;C:\Users\esaug\.m2\repository\io\opentelemetry\opentelemetry-sdk-common\1.19.0\opentelemetry-sdk-common-1.19.0.jar;C:\Users\esaug\.m2\repository\io\opentelemetry\opentelemetry-sdk-extension-autoconfigure-spi\1.19.0\opentelemetry-sdk-extension-autoconfigure-spi-1.19.0.jar;C:\Users\esaug\.m2\repository\io\opentelemetry\opentelemetry-sdk-extension-autoconfigure\1.19.0-alpha\opentelemetry-sdk-extension-autoconfigure-1.19.0-alpha.jar;C:\Users\esaug\.m2\repository\io\opentelemetry\opentelemetry-exporter-common\1.19.0\opentelemetry-exporter-common-1.19.0.jar;C:\Users\esaug\.m2\repository\io\opentelemetry\opentelemetry-sdk-trace\1.19.0\opentelemetry-sdk-trace-1.19.0.jar;C:\Users\esaug\.m2\repository\io\opentelemetry\opentelemetry-sdk\1.19.0\opentelemetry-sdk-1.19.0.jar;C:\Users\esaug\.m2\repository\io\opentelemetry\opentelemetry-semconv\1.19.0-alpha\opentelemetry-semconv-1.19.0-alpha.jar;C:\Users\esaug\.m2\repository\io\ous\jtoml\2.0.0\jtoml-2.0.0.jar;C:\Users\esaug\.m2\repository\org\apache\commons\commons-exec\1.3\commons-exec-1.3.jar;C:\Users\esaug\.m2\repository\org\asynchttpclient\async-http-client\2.12.3\async-http-client-2.12.3.jar;C:\Users\esaug\.m2\repository\org\asynchttpclient\async-http-client-netty-utils\2.12.3\async-http-client-netty-utils-2.12.3.jar;C:\Users\esaug\.m2\repository\io\netty\netty-codec-socks\4.1.60.Final\netty-codec-socks-4.1.60.Final.jar;C:\Users\esaug\.m2\repository\io\netty\netty-handler-proxy\4.1.60.Final\netty-handler-proxy-4.1.60.Final.jar;C:\Users\esaug\.m2\repository\io\netty\netty-transport-native-epoll\4.1.60.Final\netty-transport-native-epoll-4.1.60.Final-linux-x86_64.jar;C:\Users\esaug\.m2\repository\io\netty\netty-transport-native-kqueue\4.1.60.Final\netty-transport-native-kqueue-4.1.60.Final-osx-x86_64.jar;C:\Users\esaug\.m2\repository\org\reactivestreams\reactive-streams\1.0.3\reactive-streams-1.0.3.jar;C:\Users\esaug\.m2\repository\com\typesafe\netty\netty-reactive-streams\2.0.4\netty-reactive-streams-2.0.4.jar;C:\Users\esaug\.m2\repository\org\seleniumhq\selenium\selenium-manager\4.7.2\selenium-manager-4.7.2.jar;C:\Users\esaug\.m2\repository\org\seleniumhq\selenium\selenium-safari-driver\4.7.2\selenium-safari-driver-4.7.2.jar;C:\Users\esaug\.m2\repository\junit\junit\4.13.2\junit-4.13.2.jar;C:\Users\esaug\.m2\repository\org\hamcrest\hamcrest-core\1.3\hamcrest-core-1.3.jar;"/>
    <property name="sun.cpu.endian" value="little"/>
    <property name="user.home" value="C:\Users\esaug"/>
    <property name="user.language" value="en"/>
    <property name="java.specification.vendor" value="Oracle Corporation"/>
    <property name="java.version.date" value="2022-10-18"/>
    <property name="java.home" value="C:\Users\esaug\.jdks\openjdk-19.0.1"/>
    <property name="file.separator" value="\"/>
    <property name="basedir" value="C:\Users\esaug\OneDrive - advancio.com\Documents\GitHub\SeleniumCourse"/>
    <property name="java.vm.compressedOopsMode" value="Zero based"/>
    <property name="line.separator" value="&#10;"/>
    <property name="chrome.switches" value="--window-size=1920,1080;--headless;"/>
    <property name="java.vm.specification.vendor" value="Oracle Corporation"/>
    <property name="java.specification.name" value="Java Platform API Specification"/>
    <property name="surefire.real.class.path" value="C:\Users\esaug\AppData\Local\Temp\surefire285055843848059780\surefirebooter-20230223125423925_3.jar"/>
    <property name="user.script" value=""/>
    <property name="sun.management.compiler" value="HotSpot 64-Bit Tiered Compilers"/>
    <property name="java.runtime.version" value="19.0.1+10-21"/>
    <property name="user.name" value="esaug"/>
    <property name="stdout.encoding" value="Cp1252"/>
    <property name="path.separator" value=";"/>
    <property name="os.version" value="10.0"/>
    <property name="java.runtime.name" value="OpenJDK Runtime Environment"/>
    <property name="file.encoding" value="UTF-8"/>
    <property name="java.vm.name" value="OpenJDK 64-Bit Server VM"/>
    <property name="localRepository" value="C:\Users\esaug\.m2\repository"/>
    <property name="java.vendor.url.bug" value="https://bugreport.java.com/bugreport/"/>
    <property name="java.io.tmpdir" value="C:\Users\esaug\AppData\Local\Temp\"/>
    <property name="idea.version" value="2022.3.1"/>
    <property name="java.version" value="19.0.1"/>
    <property name="user.dir" value="C:\Users\esaug\OneDrive - advancio.com\Documents\GitHub\SeleniumCourse"/>
    <property name="os.arch" value="amd64"/>
    <property name="java.vm.specification.name" value="Java Virtual Machine Specification"/>
    <property name="sun.os.patch.level" value=""/>
    <property name="native.encoding" value="Cp1252"/>
    <property name="java.library.path" value="C:\Users\esaug\.jdks\openjdk-19.0.1\bin;C:\Windows\Sun\Java\bin;C:\Windows\system32;C:\Windows;C:\Windows\system32;C:\Windows;C:\Windows\System32\Wbem;C:\Windows\System32\WindowsPowerShell\v1.0\;C:\Windows\System32\OpenSSH\;C:\Program Files\Microsoft SQL Server\150\Tools\Binn\;C:\Program Files\Microsoft SQL Server\Client SDK\ODBC\170\Tools\Binn\;C:\Program Files\dotnet\;C:\Program Files\Git\cmd;C:\Users\esaug\AppData\Local\Microsoft\WindowsApps;C:\Users\esaug\.dotnet\tools;C:\Users\esaug\AppData\Local\GitHubDesktop\bin;."/>
    <property name="java.vm.info" value="mixed mode, sharing"/>
    <property name="stderr.encoding" value="Cp1252"/>
    <property name="java.vendor" value="Oracle Corporation"/>
    <property name="java.vm.version" value="19.0.1+10-21"/>
    <property name="sun.io.unicode.encoding" value="UnicodeLittle"/>
    <property name="java.class.version" value="63.0"/>
  </properties>
  <testcase name="Login with standard_user" classname="SwagLabs Login tests" time="16.597">
    <system-out><![CDATA[12:54:25.369 [main] DEBUG net.thucydides.core.guice.Injectors - Created injector for module net.thucydides.core.guice.ThucydidesModule
12:54:25.605 [main] INFO io.cucumber.core.plugin.SerenityReporter - Running feature from file:///C:/Users/esaug/OneDrive%20-%20advancio.com/Documents/GitHub/SeleniumCourse/src/test/resources/features/SwagLabs.feature
12:54:25.778 [main] DEBUG net.thucydides.core.guice.Injectors - Created injector for module net.thucydides.core.guice.webdriver.WebDriverModule
12:54:25.793 [main] INFO  - 

-------------------------------------------------------------------------------------
     _______. _______ .______       _______ .__   __.  __  .___________.____    ____ 
    /       ||   ____||   _  \     |   ____||  \ |  | |  | |           |\   \  /   / 
   |   (----`|  |__   |  |_)  |    |  |__   |   \|  | |  | `---|  |----` \   \/   /  
    \   \    |   __|  |      /     |   __|  |  . `  | |  |     |  |       \_    _/   
.----)   |   |  |____ |  |\  \----.|  |____ |  |\   | |  |     |  |         |  |     
|_______/    |_______|| _| `._____||_______||__| \__| |__|     |__|         |__|    
                                                                                     
 News and tutorials at http://www.serenity-bdd.info                                  
 Documentation at https://wakaleo.gitbooks.io/the-serenity-book/content/             
 Join the Serenity Community on Gitter: https://gitter.im/serenity-bdd/serenity-core 
 Serenity BDD Support and Training at http://serenity-bdd.info/#/trainingandsupport  
-------------------------------------------------------------------------------------

12:54:25.795 [main] DEBUG net.thucydides.core.steps.StepEventBus - Test suite started for story net.thucydides.core.model.Story@fad66ad8
12:54:25.797 [main] INFO  - Test Suite Started: SwagLabs Login tests
12:54:25.863 [main] INFO io.cucumber.core.plugin.SerenityReporter - Running feature from file:///C:/Users/esaug/OneDrive%20-%20advancio.com/Documents/GitHub/SeleniumCourse/src/test/resources/features/SwagLabs.feature
12:54:25.867 [main] DEBUG net.thucydides.core.steps.StepEventBus - Test suite started for story net.thucydides.core.model.Story@fad66ad8
12:54:25.867 [main] INFO  - Test Suite Started: SwagLabs Login tests

Scenario: Login with standard_user           &amp#27;[90m# src/test/resources/features/SwagLabs.feature:2&amp#27;[0m
12:54:25.960 [main] INFO io.cucumber.core.plugin.SerenityReporter - Running feature from file:///C:/Users/esaug/OneDrive%20-%20advancio.com/Documents/GitHub/SeleniumCourse/src/test/resources/features/SwagLabs.feature
12:54:26.091 [main] INFO  - 
  _____   ___   ___   _____     ___   _____     _     ___   _____   ___   ___  
 |_   _| | __| / __| |_   _|   / __| |_   _|   /_\   | _ \ |_   _| | __| |   \ 
   | |   | _|  \__ \   | |     \__ \   | |    / _ \  |   /   | |   | _|  | |) |
   |_|   |___| |___/   |_|     |___/   |_|   /_/ \_\ |_|_\   |_|   |___| |___/ 

Login with standard_user(swaglabs-login-tests;login-with-standard-user)
--------------------------------------------------------------------------------
12:54:26.938 [main] INFO net.serenitybdd.core.webdriver.driverproviders.ChromeDriverProvider - Starting Chrome driver instance with capabilities:
12:54:26.939 [main] INFO net.serenitybdd.core.webdriver.driverproviders.ChromeDriverProvider - Capabilities {acceptInsecureCerts: false, browserName: chrome, goog:chromeOptions: {args: [--window-size=1920,1080, --headless], extensions: []}}
12:54:26.998 [main] DEBUG io.netty.util.internal.logging.InternalLoggerFactory - Using SLF4J as the default logging framework
12:54:27.004 [main] DEBUG io.netty.util.ResourceLeakDetector - -Dio.netty.leakDetection.level: simple
12:54:27.004 [main] DEBUG io.netty.util.ResourceLeakDetector - -Dio.netty.leakDetection.targetRecords: 4
12:54:27.007 [main] DEBUG io.netty.util.ResourceLeakDetectorFactory - Loaded default ResourceLeakDetector: io.netty.util.ResourceLeakDetector@291373d3
12:54:27.032 [main] DEBUG io.netty.util.internal.PlatformDependent0 - -Dio.netty.noUnsafe: false
12:54:27.032 [main] DEBUG io.netty.util.internal.PlatformDependent0 - Java version: 19
12:54:27.033 [main] DEBUG io.netty.util.internal.PlatformDependent0 - sun.misc.Unsafe.theUnsafe: available
12:54:27.033 [main] DEBUG io.netty.util.internal.PlatformDependent0 - sun.misc.Unsafe.copyMemory: available
12:54:27.034 [main] DEBUG io.netty.util.internal.PlatformDependent0 - sun.misc.Unsafe.storeFence: available
12:54:27.035 [main] DEBUG io.netty.util.internal.PlatformDependent0 - java.nio.Buffer.address: available
12:54:27.035 [main] DEBUG io.netty.util.internal.PlatformDependent0 - direct buffer constructor: unavailable: Reflective setAccessible(true) disabled
12:54:27.036 [main] DEBUG io.netty.util.internal.PlatformDependent0 - java.nio.Bits.unaligned: available, true
12:54:27.037 [main] DEBUG io.netty.util.internal.PlatformDependent0 - jdk.internal.misc.Unsafe.allocateUninitializedArray(int): unavailable: class io.netty.util.internal.PlatformDependent0$7 cannot access class jdk.internal.misc.Unsafe (in module java.base) because module java.base does not export jdk.internal.misc to unnamed module @74650e52
12:54:27.038 [main] DEBUG io.netty.util.internal.PlatformDependent0 - java.nio.DirectByteBuffer.<init>(long, int): unavailable
12:54:27.038 [main] DEBUG io.netty.util.internal.PlatformDependent - sun.misc.Unsafe: available
12:54:27.039 [main] DEBUG io.netty.util.internal.PlatformDependent - maxDirectMemory: 4263510016 bytes (maybe)
12:54:27.039 [main] DEBUG io.netty.util.internal.PlatformDependent - -Dio.netty.tmpdir: C:\Users\esaug\AppData\Local\Temp (java.io.tmpdir)
12:54:27.039 [main] DEBUG io.netty.util.internal.PlatformDependent - -Dio.netty.bitMode: 64 (sun.arch.data.model)
12:54:27.040 [main] DEBUG io.netty.util.internal.PlatformDependent - Platform: Windows
12:54:27.040 [main] DEBUG io.netty.util.internal.PlatformDependent - -Dio.netty.maxDirectMemory: -1 bytes
12:54:27.041 [main] DEBUG io.netty.util.internal.PlatformDependent - -Dio.netty.uninitializedArrayAllocationThreshold: -1
12:54:27.043 [main] DEBUG io.netty.util.internal.CleanerJava9 - java.nio.ByteBuffer.cleaner(): available
12:54:27.044 [main] DEBUG io.netty.util.internal.PlatformDependent - -Dio.netty.noPreferDirect: false
12:54:27.054 [main] DEBUG io.netty.util.internal.PlatformDependent - org.jctools-core.MpscChunkedArrayQueue: available
12:54:27.080 [main] DEBUG io.netty.util.internal.InternalThreadLocalMap - -Dio.netty.threadLocalMap.stringBuilder.initialSize: 1024
12:54:27.080 [main] DEBUG io.netty.util.internal.InternalThreadLocalMap - -Dio.netty.threadLocalMap.stringBuilder.maxSize: 4096
12:54:27.283 [main] DEBUG io.netty.handler.ssl.JdkSslContext - Default protocols (JDK): [TLSv1.3, TLSv1.2] 
12:54:27.283 [main] DEBUG io.netty.handler.ssl.JdkSslContext - Default cipher suites (JDK): [TLS_ECDHE_ECDSA_WITH_AES_256_GCM_SHA384, TLS_ECDHE_ECDSA_WITH_AES_128_GCM_SHA256, TLS_ECDHE_RSA_WITH_AES_128_GCM_SHA256, TLS_ECDHE_RSA_WITH_AES_256_GCM_SHA384, TLS_ECDHE_RSA_WITH_AES_128_CBC_SHA, TLS_ECDHE_RSA_WITH_AES_256_CBC_SHA, TLS_RSA_WITH_AES_128_GCM_SHA256, TLS_RSA_WITH_AES_128_CBC_SHA, TLS_RSA_WITH_AES_256_CBC_SHA, TLS_AES_128_GCM_SHA256, TLS_AES_256_GCM_SHA384]
12:54:27.312 [main] DEBUG io.netty.channel.MultithreadEventLoopGroup - -Dio.netty.eventLoopThreads: 16
12:54:27.320 [main] DEBUG io.netty.channel.nio.NioEventLoop - -Dio.netty.noKeySetOptimization: false
12:54:27.320 [main] DEBUG io.netty.channel.nio.NioEventLoop - -Dio.netty.selectorAutoRebuildThreshold: 512
12:54:27.369 [main] DEBUG io.netty.buffer.PooledByteBufAllocator - -Dio.netty.allocator.numHeapArenas: 16
12:54:27.370 [main] DEBUG io.netty.buffer.PooledByteBufAllocator - -Dio.netty.allocator.numDirectArenas: 16
12:54:27.370 [main] DEBUG io.netty.buffer.PooledByteBufAllocator - -Dio.netty.allocator.pageSize: 8192
12:54:27.370 [main] DEBUG io.netty.buffer.PooledByteBufAllocator - -Dio.netty.allocator.maxOrder: 9
12:54:27.370 [main] DEBUG io.netty.buffer.PooledByteBufAllocator - -Dio.netty.allocator.chunkSize: 4194304
12:54:27.370 [main] DEBUG io.netty.buffer.PooledByteBufAllocator - -Dio.netty.allocator.smallCacheSize: 256
12:54:27.370 [main] DEBUG io.netty.buffer.PooledByteBufAllocator - -Dio.netty.allocator.normalCacheSize: 64
12:54:27.370 [main] DEBUG io.netty.buffer.PooledByteBufAllocator - -Dio.netty.allocator.maxCachedBufferCapacity: 32768
12:54:27.370 [main] DEBUG io.netty.buffer.PooledByteBufAllocator - -Dio.netty.allocator.cacheTrimInterval: 8192
12:54:27.370 [main] DEBUG io.netty.buffer.PooledByteBufAllocator - -Dio.netty.allocator.cacheTrimIntervalMillis: 0
12:54:27.370 [main] DEBUG io.netty.buffer.PooledByteBufAllocator - -Dio.netty.allocator.useCacheForAllThreads: false
12:54:27.370 [main] DEBUG io.netty.buffer.PooledByteBufAllocator - -Dio.netty.allocator.maxCachedByteBuffersPerChunk: 1023
12:54:27.389 [main] DEBUG io.netty.buffer.ByteBufUtil - -Dio.netty.allocator.type: pooled
12:54:27.390 [main] DEBUG io.netty.buffer.ByteBufUtil - -Dio.netty.threadLocalDirectBufferSize: 0
12:54:27.390 [main] DEBUG io.netty.buffer.ByteBufUtil - -Dio.netty.maxThreadLocalCharBufferSize: 16384
12:54:27.804 [Forwarding newSession on session null to remote] DEBUG io.netty.channel.DefaultChannelId - -Dio.netty.processId: 7196 (auto-detected)
12:54:27.806 [Forwarding newSession on session null to remote] DEBUG io.netty.util.NetUtil - -Djava.net.preferIPv4Stack: false
12:54:27.806 [Forwarding newSession on session null to remote] DEBUG io.netty.util.NetUtil - -Djava.net.preferIPv6Addresses: false
12:54:27.815 [Forwarding newSession on session null to remote] DEBUG io.netty.util.NetUtilInitializations - Loopback interface: lo (Software Loopback Interface 1, 127.0.0.1)
12:54:27.816 [Forwarding newSession on session null to remote] DEBUG io.netty.util.NetUtil - Failed to get SOMAXCONN from sysctl and file \proc\sys\net\core\somaxconn. Default: 200
12:54:27.851 [Forwarding newSession on session null to remote] DEBUG io.netty.channel.DefaultChannelId - -Dio.netty.machineId: 10:5b:ad:ff:fe:b4:37:b5 (auto-detected)
12:54:27.897 [AsyncHttpClient-1-2] DEBUG io.netty.buffer.AbstractByteBuf - -Dio.netty.buffer.checkAccessible: true
12:54:27.898 [AsyncHttpClient-1-2] DEBUG io.netty.buffer.AbstractByteBuf - -Dio.netty.buffer.checkBounds: true
12:54:27.898 [AsyncHttpClient-1-2] DEBUG io.netty.util.ResourceLeakDetectorFactory - Loaded default ResourceLeakDetector: io.netty.util.ResourceLeakDetector@37a3556d
12:54:27.908 [AsyncHttpClient-1-2] DEBUG org.asynchttpclient.netty.channel.NettyConnectListener - Using new Channel '[id: 0x8d79f04c, L:/127.0.0.1:57339 - R:localhost/127.0.0.1:38982]' for 'POST' to '/session'
12:54:27.925 [AsyncHttpClient-1-2] DEBUG io.netty.util.Recycler - -Dio.netty.recycler.maxCapacityPerThread: 4096
12:54:27.925 [AsyncHttpClient-1-2] DEBUG io.netty.util.Recycler - -Dio.netty.recycler.ratio: 8
12:54:27.925 [AsyncHttpClient-1-2] DEBUG io.netty.util.Recycler - -Dio.netty.recycler.chunkSize: 32
12:54:27.925 [AsyncHttpClient-1-2] DEBUG io.netty.util.Recycler - -Dio.netty.recycler.blocking: false
12:54:29.256 [AsyncHttpClient-1-2] DEBUG io.netty.handler.codec.compression.Brotli - brotli4j not in the classpath; Brotli support will be unavailable.
12:54:29.256 [AsyncHttpClient-1-2] DEBUG org.asynchttpclient.netty.handler.HttpHandler - 

Request DefaultHttpRequest(decodeResult: success, version: HTTP/1.1)
POST /session HTTP/1.1
User-Agent: selenium/4.7.1 (java windows)
Content-Length: 557
Content-Type: application/json; charset=utf-8
host: localhost:38982
accept: */*

Response DefaultHttpResponse(decodeResult: success, version: HTTP/1.1)
HTTP/1.1 200 OK
Content-Type: application/json; charset=utf-8
cache-control: no-cache
content-length: 789

12:54:29.263 [AsyncHttpClient-1-2] DEBUG org.asynchttpclient.netty.channel.ChannelManager - Adding key: http://localhost:38982 for channel [id: 0x8d79f04c, L:/127.0.0.1:57339 - R:localhost/127.0.0.1:38982]
12:54:29.320 [AsyncHttpClient-1-3] DEBUG org.asynchttpclient.netty.channel.NettyConnectListener - Using new Channel '[id: 0x4a21d08e, L:/127.0.0.1:57346 - R:localhost/127.0.0.1:57340]' for 'GET' to '/json/version'
12:54:29.322 [AsyncHttpClient-1-3] DEBUG org.asynchttpclient.netty.handler.HttpHandler - 

Request DefaultFullHttpRequest(decodeResult: success, version: HTTP/1.1, content: EmptyByteBufBE)
GET /json/version HTTP/1.1
User-Agent: selenium/4.7.1 (java windows)
host: localhost:57340
accept: */*

Response DefaultHttpResponse(decodeResult: success, version: HTTP/1.1)
HTTP/1.1 200 OK
Content-Security-Policy: frame-ancestors 'none'
Content-Type: application/json; charset=UTF-8
content-length: 445

12:54:29.323 [AsyncHttpClient-1-3] DEBUG org.asynchttpclient.netty.channel.ChannelManager - Adding key: http://localhost:57340 for channel [id: 0x4a21d08e, L:/127.0.0.1:57346 - R:localhost/127.0.0.1:57340]
12:54:29.331 [main] DEBUG io.netty.util.internal.ThreadLocalRandom - -Dio.netty.initialSeedUniquifier: 0x2e615cceb8947e02
12:54:29.334 [AsyncHttpClient-1-4] DEBUG org.asynchttpclient.netty.channel.NettyConnectListener - Using new Channel '[id: 0xd7d75fcd, L:/127.0.0.1:57347 - R:localhost/127.0.0.1:57340]' for 'GET' to '/devtools/browser/bc934a1c-2367-49c8-9536-5022681039d0'
12:54:29.336 [AsyncHttpClient-1-4] DEBUG org.asynchttpclient.netty.handler.WebSocketHandler - 

Request DefaultFullHttpRequest(decodeResult: success, version: HTTP/1.1, content: EmptyByteBufBE)
GET /devtools/browser/bc934a1c-2367-49c8-9536-5022681039d0 HTTP/1.1
upgrade: websocket
connection: upgrade
sec-websocket-key: 37dU++IrBWafkyXkJ7+ovA==
sec-websocket-version: 13
origin: http://localhost:57340
host: localhost:57340
accept: */*
user-agent: AHC/2.1

Response DefaultHttpResponse(decodeResult: success, version: HTTP/1.1)
HTTP/1.1 101 WebSocket Protocol Handshake
Upgrade: WebSocket
Connection: Upgrade
Sec-WebSocket-Accept: Kap4q8slVlBv+aTfQcnSbhshfPk=

12:54:29.476 [AsyncHttpClient-1-1] DEBUG org.asynchttpclient.netty.channel.DefaultChannelPool - Entry count for : http://localhost:38982 : 1
12:54:29.477 [AsyncHttpClient-1-1] DEBUG org.asynchttpclient.netty.channel.DefaultChannelPool - Entry count for : http://localhost:57340 : 1
12:54:30.243 [main] DEBUG net.thucydides.core.reflection.ClassFinder - Could not load class .Class6BDD.PO.CartPo
12:54:30.244 [main] DEBUG net.thucydides.core.reflection.ClassFinder - Could not load class .Class6BDD.PO.LoginPo
12:54:30.244 [main] DEBUG net.thucydides.core.reflection.ClassFinder - Could not load class .Class6BDD.PO.ProductsPo
12:54:30.244 [main] DEBUG net.thucydides.core.reflection.ClassFinder - Could not load class .Class6BDD.Runner
12:54:30.244 [main] DEBUG net.thucydides.core.reflection.ClassFinder - Could not load class .Class6BDD.SwagLabsTests
12:54:30.244 [main] DEBUG net.thucydides.core.reflection.ClassFinder - Could not load class .Class6BDD.driver.DriverBase
12:54:30.244 [main] DEBUG net.thucydides.core.reflection.ClassFinder - Could not load class .Class6BDD.driver.DriverManager
12:54:30.244 [main] DEBUG net.thucydides.core.reflection.ClassFinder - Could not load class .Class6BDD.steps.CartSteps
12:54:30.244 [main] DEBUG net.thucydides.core.reflection.ClassFinder - Could not load class .Class6BDD.steps.CommonSteps
12:54:30.244 [main] DEBUG net.thucydides.core.reflection.ClassFinder - Could not load class .Class6BDD.steps.LoginSteps
12:54:30.244 [main] DEBUG net.thucydides.core.reflection.ClassFinder - Could not load class .Class6BDD.steps.ProductSteps
12:54:30.244 [main] DEBUG net.thucydides.core.reflection.ClassFinder - Could not load class .firstCodeClass.test1
12:54:30.245 [main] DEBUG net.thucydides.core.reflection.ClassFinder - Could not load class META-INF.versions.9.com.sun.istack.logging.StackHelper
12:54:30.245 [main] DEBUG net.thucydides.core.reflection.ClassFinder - Could not load class META-INF.versions.9.com.sun.xml.bind.v2.runtime.reflect.opt.AccessorInjector
12:54:30.245 [main] DEBUG net.thucydides.core.reflection.ClassFinder - Could not load class META-INF.versions.9.com.sun.xml.bind.v2.runtime.reflect.opt.Injector
12:54:30.245 [main] DEBUG net.thucydides.core.reflection.ClassFinder - Could not load class META-INF.versions.9.com.sun.xml.bind.v2.runtime.reflect.opt.OptimizedAccessorFactory
12:54:30.246 [main] DEBUG net.thucydides.core.reflection.ClassFinder - Could not load class META-INF.versions.9.com.sun.xml.bind.v2.runtime.reflect.opt.OptimizedTransducedAccessorFactory
12:54:30.246 [main] DEBUG net.thucydides.core.reflection.ClassFinder - Could not load class META-INF.versions.9.io.opentelemetry.sdk.internal.CurrentJavaVersionSpecific
12:54:30.246 [main] DEBUG net.thucydides.core.reflection.ClassFinder - Could not load class META-INF.versions.9.io.opentelemetry.sdk.internal.Java9VersionSpecific
12:54:30.247 [main] DEBUG net.thucydides.core.reflection.ClassFinder - Could not load class META-INF.versions.9.javax.xml.bind.ModuleUtil
12:54:30.247 [main] DEBUG net.thucydides.core.reflection.ClassFinder - Could not load class META-INF.versions.9.module-info
12:54:30.247 [main] DEBUG net.thucydides.core.reflection.ClassFinder - Could not load class META-INF.versions.9.org.codehaus.plexus.languages.java.jpms.BinaryModuleInfoParser
12:54:30.247 [main] DEBUG net.thucydides.core.reflection.ClassFinder - Could not load class META-INF.versions.9.org.codehaus.plexus.languages.java.jpms.CmdModuleNameExtractor
12:54:30.562 [AsyncHttpClient-1-1] DEBUG org.asynchttpclient.netty.channel.DefaultChannelPool - Entry count for : http://localhost:38982 : 1
12:54:30.562 [AsyncHttpClient-1-1] DEBUG org.asynchttpclient.netty.channel.DefaultChannelPool - Entry count for : http://localhost:57340 : 1
12:54:30.614 [main] DEBUG net.thucydides.core.reflection.ClassFinder - Could not load class com.google.gson.internal.
12:54:30.789 [main] DEBUG net.thucydides.core.reflection.ClassFinder - Could not load class com.sun.xml.bind.v2.runtime.output.FastInfosetStreamWriterOutput
12:54:31.185 [main] DEBUG net.thucydides.core.reflection.ClassFinder - Could not load class module-info
12:54:31.661 [AsyncHttpClient-1-1] DEBUG org.asynchttpclient.netty.channel.DefaultChannelPool - Entry count for : http://localhost:38982 : 1
12:54:31.661 [AsyncHttpClient-1-1] DEBUG org.asynchttpclient.netty.channel.DefaultChannelPool - Entry count for : http://localhost:57340 : 1
12:54:32.047 [main] DEBUG net.thucydides.core.reflection.ClassFinder - Could not load class org.assertj.core.api.JUnitJupiterBDDSoftAssertions
12:54:32.047 [main] DEBUG net.thucydides.core.reflection.ClassFinder - Could not load class org.assertj.core.api.JUnitJupiterSoftAssertions
12:54:32.070 [main] DEBUG net.thucydides.core.reflection.ClassFinder - Could not load class org.assertj.core.api.junit.jupiter.SoftAssertionsExtension
12:54:32.071 [main] DEBUG net.thucydides.core.reflection.ClassFinder - Could not load class org.assertj.core.api.junit.jupiter.SoftlyExtension
12:54:32.085 [main] DEBUG net.thucydides.core.reflection.ClassFinder - Could not load class org.assertj.core.error.AssertJMultipleFailuresError
12:54:32.761 [AsyncHttpClient-1-1] DEBUG org.asynchttpclient.netty.channel.DefaultChannelPool - Entry count for : http://localhost:38982 : 1
12:54:32.761 [AsyncHttpClient-1-1] DEBUG org.asynchttpclient.netty.channel.DefaultChannelPool - Entry count for : http://localhost:57340 : 1
12:54:33.862 [AsyncHttpClient-1-1] DEBUG org.asynchttpclient.netty.channel.DefaultChannelPool - Entry count for : http://localhost:38982 : 1
12:54:33.862 [AsyncHttpClient-1-1] DEBUG org.asynchttpclient.netty.channel.DefaultChannelPool - Entry count for : http://localhost:57340 : 1
12:54:34.961 [AsyncHttpClient-1-1] DEBUG org.asynchttpclient.netty.channel.DefaultChannelPool - Entry count for : http://localhost:38982 : 1
12:54:34.961 [AsyncHttpClient-1-1] DEBUG org.asynchttpclient.netty.channel.DefaultChannelPool - Entry count for : http://localhost:57340 : 1
12:54:35.015 [Forwarding maximizeCurrentWindow on session 2c71f9eb5064509c172e342f7b686634 to remote] DEBUG org.asynchttpclient.netty.request.NettyRequestSender - Using pooled Channel '[id: 0x8d79f04c, L:/127.0.0.1:57339 - R:localhost/127.0.0.1:38982]' for 'POST' to 'http://localhost:38982/session/2c71f9eb5064509c172e342f7b686634/window/maximize'
12:54:35.015 [Forwarding maximizeCurrentWindow on session 2c71f9eb5064509c172e342f7b686634 to remote] DEBUG org.asynchttpclient.netty.request.NettyRequestSender - Using open Channel [id: 0x8d79f04c, L:/127.0.0.1:57339 - R:localhost/127.0.0.1:38982] for POST '/session/2c71f9eb5064509c172e342f7b686634/window/maximize'
12:54:35.128 [AsyncHttpClient-1-2] DEBUG org.asynchttpclient.netty.handler.HttpHandler - 

Request DefaultHttpRequest(decodeResult: success, version: HTTP/1.1)
POST /session/2c71f9eb5064509c172e342f7b686634/window/maximize HTTP/1.1
User-Agent: selenium/4.7.1 (java windows)
Content-Length: 3
Content-Type: application/json; charset=utf-8
host: localhost:38982
accept: */*

Response DefaultHttpResponse(decodeResult: success, version: HTTP/1.1)
HTTP/1.1 200 OK
Content-Type: application/json; charset=utf-8
cache-control: no-cache
content-length: 50

12:54:35.129 [AsyncHttpClient-1-2] DEBUG org.asynchttpclient.netty.channel.ChannelManager - Adding key: http://localhost:38982 for channel [id: 0x8d79f04c, L:/127.0.0.1:57339 - R:localhost/127.0.0.1:38982]
12:54:35.159 [Forwarding get on session 2c71f9eb5064509c172e342f7b686634 to remote] DEBUG org.asynchttpclient.netty.request.NettyRequestSender - Using pooled Channel '[id: 0x8d79f04c, L:/127.0.0.1:57339 - R:localhost/127.0.0.1:38982]' for 'POST' to 'http://localhost:38982/session/2c71f9eb5064509c172e342f7b686634/url'
12:54:35.159 [Forwarding get on session 2c71f9eb5064509c172e342f7b686634 to remote] DEBUG org.asynchttpclient.netty.request.NettyRequestSender - Using open Channel [id: 0x8d79f04c, L:/127.0.0.1:57339 - R:localhost/127.0.0.1:38982] for POST '/session/2c71f9eb5064509c172e342f7b686634/url'
12:54:35.462 [AsyncHttpClient-1-2] DEBUG org.asynchttpclient.netty.handler.HttpHandler - 

Request DefaultHttpRequest(decodeResult: success, version: HTTP/1.1)
POST /session/2c71f9eb5064509c172e342f7b686634/url HTTP/1.1
User-Agent: selenium/4.7.1 (java windows)
Content-Length: 56
Content-Type: application/json; charset=utf-8
host: localhost:38982
accept: */*

Response DefaultHttpResponse(decodeResult: success, version: HTTP/1.1)
HTTP/1.1 200 OK
Content-Type: application/json; charset=utf-8
cache-control: no-cache
content-length: 14

12:54:35.462 [AsyncHttpClient-1-2] DEBUG org.asynchttpclient.netty.channel.ChannelManager - Adding key: http://localhost:38982 for channel [id: 0x8d79f04c, L:/127.0.0.1:57339 - R:localhost/127.0.0.1:38982]
12:54:35.465 [Forwarding setTimeout on session 2c71f9eb5064509c172e342f7b686634 to remote] DEBUG org.asynchttpclient.netty.request.NettyRequestSender - Using pooled Channel '[id: 0x8d79f04c, L:/127.0.0.1:57339 - R:localhost/127.0.0.1:38982]' for 'POST' to 'http://localhost:38982/session/2c71f9eb5064509c172e342f7b686634/timeouts'
12:54:35.465 [Forwarding setTimeout on session 2c71f9eb5064509c172e342f7b686634 to remote] DEBUG org.asynchttpclient.netty.request.NettyRequestSender - Using open Channel [id: 0x8d79f04c, L:/127.0.0.1:57339 - R:localhost/127.0.0.1:38982] for POST '/session/2c71f9eb5064509c172e342f7b686634/timeouts'
12:54:35.466 [AsyncHttpClient-1-2] DEBUG org.asynchttpclient.netty.handler.HttpHandler - 

Request DefaultHttpRequest(decodeResult: success, version: HTTP/1.1)
POST /session/2c71f9eb5064509c172e342f7b686634/timeouts HTTP/1.1
User-Agent: selenium/4.7.1 (java windows)
Content-Length: 22
Content-Type: application/json; charset=utf-8
host: localhost:38982
accept: */*

Response DefaultHttpResponse(decodeResult: success, version: HTTP/1.1)
HTTP/1.1 200 OK
Content-Type: application/json; charset=utf-8
cache-control: no-cache
content-length: 14

12:54:35.466 [AsyncHttpClient-1-2] DEBUG org.asynchttpclient.netty.channel.ChannelManager - Adding key: http://localhost:38982 for channel [id: 0x8d79f04c, L:/127.0.0.1:57339 - R:localhost/127.0.0.1:38982]
  &amp#27;[32mGiven &amp#27;[0m&amp#27;[32mI go to &amp#27;[0m&amp#27;[32m&amp#27;[1m"https://www.saucedemo.com/"&amp#27;[0m &amp#27;[90m# Class6BDD.steps.CommonSteps.fillCrossDockSection(java.lang.String)&amp#27;[0m
12:54:35.486 [main] DEBUG net.serenitybdd.core.photography.Darkroom - Opening darkroom
12:54:35.488 [Darkroom Processing Line] DEBUG net.serenitybdd.core.photography.DarkroomProcessingLine - Darkroom processing line starting up
12:54:35.495 [Forwarding getCurrentWindowHandle on session 2c71f9eb5064509c172e342f7b686634 to remote] DEBUG org.asynchttpclient.netty.request.NettyRequestSender - Using pooled Channel '[id: 0x8d79f04c, L:/127.0.0.1:57339 - R:localhost/127.0.0.1:38982]' for 'GET' to 'http://localhost:38982/session/2c71f9eb5064509c172e342f7b686634/window'
12:54:35.495 [Forwarding getCurrentWindowHandle on session 2c71f9eb5064509c172e342f7b686634 to remote] DEBUG org.asynchttpclient.netty.request.NettyRequestSender - Using open Channel [id: 0x8d79f04c, L:/127.0.0.1:57339 - R:localhost/127.0.0.1:38982] for GET '/session/2c71f9eb5064509c172e342f7b686634/window'
12:54:35.496 [AsyncHttpClient-1-2] DEBUG org.asynchttpclient.netty.handler.HttpHandler - 

Request DefaultFullHttpRequest(decodeResult: success, version: HTTP/1.1, content: EmptyByteBufBE)
GET /session/2c71f9eb5064509c172e342f7b686634/window HTTP/1.1
User-Agent: selenium/4.7.1 (java windows)
Cache-Control: no-cache
Content-Type: application/json; charset=utf-8
host: localhost:38982
accept: */*

Response DefaultHttpResponse(decodeResult: success, version: HTTP/1.1)
HTTP/1.1 200 OK
Content-Type: application/json; charset=utf-8
cache-control: no-cache
content-length: 53

12:54:35.496 [AsyncHttpClient-1-2] DEBUG org.asynchttpclient.netty.channel.ChannelManager - Adding key: http://localhost:38982 for channel [id: 0x8d79f04c, L:/127.0.0.1:57339 - R:localhost/127.0.0.1:38982]
12:54:35.497 [Forwarding getAlertText on session 2c71f9eb5064509c172e342f7b686634 to remote] DEBUG org.asynchttpclient.netty.request.NettyRequestSender - Using pooled Channel '[id: 0x8d79f04c, L:/127.0.0.1:57339 - R:localhost/127.0.0.1:38982]' for 'GET' to 'http://localhost:38982/session/2c71f9eb5064509c172e342f7b686634/alert/text'
12:54:35.497 [Forwarding getAlertText on session 2c71f9eb5064509c172e342f7b686634 to remote] DEBUG org.asynchttpclient.netty.request.NettyRequestSender - Using open Channel [id: 0x8d79f04c, L:/127.0.0.1:57339 - R:localhost/127.0.0.1:38982] for GET '/session/2c71f9eb5064509c172e342f7b686634/alert/text'
12:54:35.499 [AsyncHttpClient-1-2] DEBUG org.asynchttpclient.netty.handler.HttpHandler - 

Request DefaultFullHttpRequest(decodeResult: success, version: HTTP/1.1, content: EmptyByteBufBE)
GET /session/2c71f9eb5064509c172e342f7b686634/alert/text HTTP/1.1
User-Agent: selenium/4.7.1 (java windows)
Cache-Control: no-cache
Content-Type: application/json; charset=utf-8
host: localhost:38982
accept: */*

Response DefaultHttpResponse(decodeResult: success, version: HTTP/1.1)
HTTP/1.1 404 Not Found
Content-Type: application/json; charset=utf-8
cache-control: no-cache
content-length: 834

12:54:35.500 [AsyncHttpClient-1-2] DEBUG org.asynchttpclient.netty.channel.ChannelManager - Adding key: http://localhost:38982 for channel [id: 0x8d79f04c, L:/127.0.0.1:57339 - R:localhost/127.0.0.1:38982]
12:54:35.507 [Forwarding switchToWindow on session 2c71f9eb5064509c172e342f7b686634 to remote] DEBUG org.asynchttpclient.netty.request.NettyRequestSender - Using pooled Channel '[id: 0x8d79f04c, L:/127.0.0.1:57339 - R:localhost/127.0.0.1:38982]' for 'POST' to 'http://localhost:38982/session/2c71f9eb5064509c172e342f7b686634/window'
12:54:35.507 [Forwarding switchToWindow on session 2c71f9eb5064509c172e342f7b686634 to remote] DEBUG org.asynchttpclient.netty.request.NettyRequestSender - Using open Channel [id: 0x8d79f04c, L:/127.0.0.1:57339 - R:localhost/127.0.0.1:38982] for POST '/session/2c71f9eb5064509c172e342f7b686634/window'
12:54:35.510 [AsyncHttpClient-1-2] DEBUG org.asynchttpclient.netty.handler.HttpHandler - 

Request DefaultHttpRequest(decodeResult: success, version: HTTP/1.1)
POST /session/2c71f9eb5064509c172e342f7b686634/window HTTP/1.1
User-Agent: selenium/4.7.1 (java windows)
Content-Length: 59
Content-Type: application/json; charset=utf-8
host: localhost:38982
accept: */*

Response DefaultHttpResponse(decodeResult: success, version: HTTP/1.1)
HTTP/1.1 200 OK
Content-Type: application/json; charset=utf-8
cache-control: no-cache
content-length: 14

12:54:35.510 [AsyncHttpClient-1-2] DEBUG org.asynchttpclient.netty.channel.ChannelManager - Adding key: http://localhost:38982 for channel [id: 0x8d79f04c, L:/127.0.0.1:57339 - R:localhost/127.0.0.1:38982]
12:54:35.511 [Forwarding getCurrentUrl on session 2c71f9eb5064509c172e342f7b686634 to remote] DEBUG org.asynchttpclient.netty.request.NettyRequestSender - Using pooled Channel '[id: 0x8d79f04c, L:/127.0.0.1:57339 - R:localhost/127.0.0.1:38982]' for 'GET' to 'http://localhost:38982/session/2c71f9eb5064509c172e342f7b686634/url'
12:54:35.511 [Forwarding getCurrentUrl on session 2c71f9eb5064509c172e342f7b686634 to remote] DEBUG org.asynchttpclient.netty.request.NettyRequestSender - Using open Channel [id: 0x8d79f04c, L:/127.0.0.1:57339 - R:localhost/127.0.0.1:38982] for GET '/session/2c71f9eb5064509c172e342f7b686634/url'
12:54:35.515 [AsyncHttpClient-1-2] DEBUG org.asynchttpclient.netty.handler.HttpHandler - 

Request DefaultFullHttpRequest(decodeResult: success, version: HTTP/1.1, content: EmptyByteBufBE)
GET /session/2c71f9eb5064509c172e342f7b686634/url HTTP/1.1
User-Agent: selenium/4.7.1 (java windows)
Cache-Control: no-cache
Content-Type: application/json; charset=utf-8
host: localhost:38982
accept: */*

Response DefaultHttpResponse(decodeResult: success, version: HTTP/1.1)
HTTP/1.1 200 OK
Content-Type: application/json; charset=utf-8
cache-control: no-cache
content-length: 38

12:54:35.515 [AsyncHttpClient-1-2] DEBUG org.asynchttpclient.netty.channel.ChannelManager - Adding key: http://localhost:38982 for channel [id: 0x8d79f04c, L:/127.0.0.1:57339 - R:localhost/127.0.0.1:38982]
12:54:35.517 [Forwarding screenshot on session 2c71f9eb5064509c172e342f7b686634 to remote] DEBUG org.asynchttpclient.netty.request.NettyRequestSender - Using pooled Channel '[id: 0x8d79f04c, L:/127.0.0.1:57339 - R:localhost/127.0.0.1:38982]' for 'GET' to 'http://localhost:38982/session/2c71f9eb5064509c172e342f7b686634/screenshot'
12:54:35.517 [Forwarding screenshot on session 2c71f9eb5064509c172e342f7b686634 to remote] DEBUG org.asynchttpclient.netty.request.NettyRequestSender - Using open Channel [id: 0x8d79f04c, L:/127.0.0.1:57339 - R:localhost/127.0.0.1:38982] for GET '/session/2c71f9eb5064509c172e342f7b686634/screenshot'
12:54:35.649 [AsyncHttpClient-1-2] DEBUG org.asynchttpclient.netty.handler.HttpHandler - 

Request DefaultFullHttpRequest(decodeResult: success, version: HTTP/1.1, content: EmptyByteBufBE)
GET /session/2c71f9eb5064509c172e342f7b686634/screenshot HTTP/1.1
User-Agent: selenium/4.7.1 (java windows)
Cache-Control: no-cache
Content-Type: application/json; charset=utf-8
host: localhost:38982
accept: */*

Response DefaultHttpResponse(decodeResult: success, version: HTTP/1.1)
HTTP/1.1 200 OK
Content-Type: application/json; charset=utf-8
cache-control: no-cache
content-length: 80692

12:54:35.650 [AsyncHttpClient-1-2] DEBUG org.asynchttpclient.netty.channel.ChannelManager - Adding key: http://localhost:38982 for channel [id: 0x8d79f04c, L:/127.0.0.1:57339 - R:localhost/127.0.0.1:38982]
12:54:35.708 [main] DEBUG net.serenitybdd.core.photography.Darkroom - Send negative for processing for target\site\serenity\15a7514d6fa104e3b1d014195f40b59ecdad25387af39f26ebf9f7e5154565c1.png
12:54:35.717 [Forwarding getPageSource on session 2c71f9eb5064509c172e342f7b686634 to remote] DEBUG org.asynchttpclient.netty.request.NettyRequestSender - Using pooled Channel '[id: 0x8d79f04c, L:/127.0.0.1:57339 - R:localhost/127.0.0.1:38982]' for 'POST' to 'http://localhost:38982/session/2c71f9eb5064509c172e342f7b686634/execute/sync'
12:54:35.718 [Forwarding getPageSource on session 2c71f9eb5064509c172e342f7b686634 to remote] DEBUG org.asynchttpclient.netty.request.NettyRequestSender - Using open Channel [id: 0x8d79f04c, L:/127.0.0.1:57339 - R:localhost/127.0.0.1:38982] for POST '/session/2c71f9eb5064509c172e342f7b686634/execute/sync'
12:54:35.723 [AsyncHttpClient-1-2] DEBUG org.asynchttpclient.netty.handler.HttpHandler - 

Request DefaultHttpRequest(decodeResult: success, version: HTTP/1.1)
POST /session/2c71f9eb5064509c172e342f7b686634/execute/sync HTTP/1.1
User-Agent: selenium/4.7.1 (java windows)
Content-Length: 176
Content-Type: application/json; charset=utf-8
host: localhost:38982
accept: */*

Response DefaultHttpResponse(decodeResult: success, version: HTTP/1.1)
HTTP/1.1 200 OK
Content-Type: application/json; charset=utf-8
cache-control: no-cache
content-length: 4160

12:54:35.723 [AsyncHttpClient-1-2] DEBUG org.asynchttpclient.netty.channel.ChannelManager - Adding key: http://localhost:38982 for channel [id: 0x8d79f04c, L:/127.0.0.1:57339 - R:localhost/127.0.0.1:38982]
12:54:35.792 [Forwarding getCurrentUrl on session 2c71f9eb5064509c172e342f7b686634 to remote] DEBUG org.asynchttpclient.netty.request.NettyRequestSender - Using pooled Channel '[id: 0x8d79f04c, L:/127.0.0.1:57339 - R:localhost/127.0.0.1:38982]' for 'GET' to 'http://localhost:38982/session/2c71f9eb5064509c172e342f7b686634/url'
12:54:35.793 [Forwarding getCurrentUrl on session 2c71f9eb5064509c172e342f7b686634 to remote] DEBUG org.asynchttpclient.netty.request.NettyRequestSender - Using open Channel [id: 0x8d79f04c, L:/127.0.0.1:57339 - R:localhost/127.0.0.1:38982] for GET '/session/2c71f9eb5064509c172e342f7b686634/url'
12:54:35.798 [AsyncHttpClient-1-2] DEBUG org.asynchttpclient.netty.handler.HttpHandler - 

Request DefaultFullHttpRequest(decodeResult: success, version: HTTP/1.1, content: EmptyByteBufBE)
GET /session/2c71f9eb5064509c172e342f7b686634/url HTTP/1.1
User-Agent: selenium/4.7.1 (java windows)
Cache-Control: no-cache
Content-Type: application/json; charset=utf-8
host: localhost:38982
accept: */*

Response DefaultHttpResponse(decodeResult: success, version: HTTP/1.1)
HTTP/1.1 200 OK
Content-Type: application/json; charset=utf-8
cache-control: no-cache
content-length: 38

12:54:35.799 [AsyncHttpClient-1-2] DEBUG org.asynchttpclient.netty.channel.ChannelManager - Adding key: http://localhost:38982 for channel [id: 0x8d79f04c, L:/127.0.0.1:57339 - R:localhost/127.0.0.1:38982]
12:54:35.809 [Forwarding maximizeCurrentWindow on session 2c71f9eb5064509c172e342f7b686634 to remote] DEBUG org.asynchttpclient.netty.request.NettyRequestSender - Using pooled Channel '[id: 0x8d79f04c, L:/127.0.0.1:57339 - R:localhost/127.0.0.1:38982]' for 'POST' to 'http://localhost:38982/session/2c71f9eb5064509c172e342f7b686634/window/maximize'
12:54:35.809 [Forwarding maximizeCurrentWindow on session 2c71f9eb5064509c172e342f7b686634 to remote] DEBUG org.asynchttpclient.netty.request.NettyRequestSender - Using open Channel [id: 0x8d79f04c, L:/127.0.0.1:57339 - R:localhost/127.0.0.1:38982] for POST '/session/2c71f9eb5064509c172e342f7b686634/window/maximize'
12:54:35.813 [AsyncHttpClient-1-2] DEBUG org.asynchttpclient.netty.handler.HttpHandler - 

Request DefaultHttpRequest(decodeResult: success, version: HTTP/1.1)
POST /session/2c71f9eb5064509c172e342f7b686634/window/maximize HTTP/1.1
User-Agent: selenium/4.7.1 (java windows)
Content-Length: 3
Content-Type: application/json; charset=utf-8
host: localhost:38982
accept: */*

Response DefaultHttpResponse(decodeResult: success, version: HTTP/1.1)
HTTP/1.1 200 OK
Content-Type: application/json; charset=utf-8
cache-control: no-cache
content-length: 50

12:54:35.814 [AsyncHttpClient-1-2] DEBUG org.asynchttpclient.netty.channel.ChannelManager - Adding key: http://localhost:38982 for channel [id: 0x8d79f04c, L:/127.0.0.1:57339 - R:localhost/127.0.0.1:38982]
12:54:35.830 [Forwarding findElement on session 2c71f9eb5064509c172e342f7b686634 to remote] DEBUG org.asynchttpclient.netty.request.NettyRequestSender - Using pooled Channel '[id: 0x8d79f04c, L:/127.0.0.1:57339 - R:localhost/127.0.0.1:38982]' for 'POST' to 'http://localhost:38982/session/2c71f9eb5064509c172e342f7b686634/element'
12:54:35.831 [Forwarding findElement on session 2c71f9eb5064509c172e342f7b686634 to remote] DEBUG org.asynchttpclient.netty.request.NettyRequestSender - Using open Channel [id: 0x8d79f04c, L:/127.0.0.1:57339 - R:localhost/127.0.0.1:38982] for POST '/session/2c71f9eb5064509c172e342f7b686634/element'
12:54:35.841 [AsyncHttpClient-1-2] DEBUG org.asynchttpclient.netty.handler.HttpHandler - 

Request DefaultHttpRequest(decodeResult: success, version: HTTP/1.1)
POST /session/2c71f9eb5064509c172e342f7b686634/element HTTP/1.1
User-Agent: selenium/4.7.1 (java windows)
Content-Length: 56
Content-Type: application/json; charset=utf-8
host: localhost:38982
accept: */*

Response DefaultHttpResponse(decodeResult: success, version: HTTP/1.1)
HTTP/1.1 200 OK
Content-Type: application/json; charset=utf-8
cache-control: no-cache
content-length: 88

12:54:35.841 [AsyncHttpClient-1-2] DEBUG org.asynchttpclient.netty.channel.ChannelManager - Adding key: http://localhost:38982 for channel [id: 0x8d79f04c, L:/127.0.0.1:57339 - R:localhost/127.0.0.1:38982]
12:54:35.845 [Forwarding sendKeysToElement on session 2c71f9eb5064509c172e342f7b686634 to remote] DEBUG org.asynchttpclient.netty.request.NettyRequestSender - Using pooled Channel '[id: 0x8d79f04c, L:/127.0.0.1:57339 - R:localhost/127.0.0.1:38982]' for 'POST' to 'http://localhost:38982/session/2c71f9eb5064509c172e342f7b686634/element/a168d354-c71b-443b-ba4f-2f083d70a3c1/value'
12:54:35.845 [Forwarding sendKeysToElement on session 2c71f9eb5064509c172e342f7b686634 to remote] DEBUG org.asynchttpclient.netty.request.NettyRequestSender - Using open Channel [id: 0x8d79f04c, L:/127.0.0.1:57339 - R:localhost/127.0.0.1:38982] for POST '/session/2c71f9eb5064509c172e342f7b686634/element/a168d354-c71b-443b-ba4f-2f083d70a3c1/value'
12:54:35.902 [AsyncHttpClient-1-2] DEBUG org.asynchttpclient.netty.handler.HttpHandler - 

Request DefaultHttpRequest(decodeResult: success, version: HTTP/1.1)
POST /session/2c71f9eb5064509c172e342f7b686634/element/a168d354-c71b-443b-ba4f-2f083d70a3c1/value HTTP/1.1
User-Agent: selenium/4.7.1 (java windows)
Content-Length: 211
Content-Type: application/json; charset=utf-8
host: localhost:38982
accept: */*

Response DefaultHttpResponse(decodeResult: success, version: HTTP/1.1)
HTTP/1.1 200 OK
Content-Type: application/json; charset=utf-8
cache-control: no-cache
content-length: 14

12:54:35.903 [AsyncHttpClient-1-2] DEBUG org.asynchttpclient.netty.channel.ChannelManager - Adding key: http://localhost:38982 for channel [id: 0x8d79f04c, L:/127.0.0.1:57339 - R:localhost/127.0.0.1:38982]
  &amp#27;[32mThen &amp#27;[0m&amp#27;[32mI fill username &amp#27;[0m&amp#27;[32m&amp#27;[1m"standard_user"&amp#27;[0m       &amp#27;[90m# Class6BDD.steps.LoginSteps.iFillUsername(java.lang.String)&amp#27;[0m
12:54:35.910 [Forwarding getCurrentWindowHandle on session 2c71f9eb5064509c172e342f7b686634 to remote] DEBUG org.asynchttpclient.netty.request.NettyRequestSender - Using pooled Channel '[id: 0x8d79f04c, L:/127.0.0.1:57339 - R:localhost/127.0.0.1:38982]' for 'GET' to 'http://localhost:38982/session/2c71f9eb5064509c172e342f7b686634/window'
12:54:35.910 [Forwarding getCurrentWindowHandle on session 2c71f9eb5064509c172e342f7b686634 to remote] DEBUG org.asynchttpclient.netty.request.NettyRequestSender - Using open Channel [id: 0x8d79f04c, L:/127.0.0.1:57339 - R:localhost/127.0.0.1:38982] for GET '/session/2c71f9eb5064509c172e342f7b686634/window'
12:54:35.911 [AsyncHttpClient-1-2] DEBUG org.asynchttpclient.netty.handler.HttpHandler - 

Request DefaultFullHttpRequest(decodeResult: success, version: HTTP/1.1, content: EmptyByteBufBE)
GET /session/2c71f9eb5064509c172e342f7b686634/window HTTP/1.1
User-Agent: selenium/4.7.1 (java windows)
Cache-Control: no-cache
Content-Type: application/json; charset=utf-8
host: localhost:38982
accept: */*

Response DefaultHttpResponse(decodeResult: success, version: HTTP/1.1)
HTTP/1.1 200 OK
Content-Type: application/json; charset=utf-8
cache-control: no-cache
content-length: 53

12:54:35.911 [AsyncHttpClient-1-2] DEBUG org.asynchttpclient.netty.channel.ChannelManager - Adding key: http://localhost:38982 for channel [id: 0x8d79f04c, L:/127.0.0.1:57339 - R:localhost/127.0.0.1:38982]
12:54:35.912 [Forwarding getAlertText on session 2c71f9eb5064509c172e342f7b686634 to remote] DEBUG org.asynchttpclient.netty.request.NettyRequestSender - Using pooled Channel '[id: 0x8d79f04c, L:/127.0.0.1:57339 - R:localhost/127.0.0.1:38982]' for 'GET' to 'http://localhost:38982/session/2c71f9eb5064509c172e342f7b686634/alert/text'
12:54:35.912 [Forwarding getAlertText on session 2c71f9eb5064509c172e342f7b686634 to remote] DEBUG org.asynchttpclient.netty.request.NettyRequestSender - Using open Channel [id: 0x8d79f04c, L:/127.0.0.1:57339 - R:localhost/127.0.0.1:38982] for GET '/session/2c71f9eb5064509c172e342f7b686634/alert/text'
12:54:35.914 [AsyncHttpClient-1-2] DEBUG org.asynchttpclient.netty.handler.HttpHandler - 

Request DefaultFullHttpRequest(decodeResult: success, version: HTTP/1.1, content: EmptyByteBufBE)
GET /session/2c71f9eb5064509c172e342f7b686634/alert/text HTTP/1.1
User-Agent: selenium/4.7.1 (java windows)
Cache-Control: no-cache
Content-Type: application/json; charset=utf-8
host: localhost:38982
accept: */*

Response DefaultHttpResponse(decodeResult: success, version: HTTP/1.1)
HTTP/1.1 404 Not Found
Content-Type: application/json; charset=utf-8
cache-control: no-cache
content-length: 834

12:54:35.914 [AsyncHttpClient-1-2] DEBUG org.asynchttpclient.netty.channel.ChannelManager - Adding key: http://localhost:38982 for channel [id: 0x8d79f04c, L:/127.0.0.1:57339 - R:localhost/127.0.0.1:38982]
12:54:35.916 [Forwarding switchToWindow on session 2c71f9eb5064509c172e342f7b686634 to remote] DEBUG org.asynchttpclient.netty.request.NettyRequestSender - Using pooled Channel '[id: 0x8d79f04c, L:/127.0.0.1:57339 - R:localhost/127.0.0.1:38982]' for 'POST' to 'http://localhost:38982/session/2c71f9eb5064509c172e342f7b686634/window'
12:54:35.916 [Forwarding switchToWindow on session 2c71f9eb5064509c172e342f7b686634 to remote] DEBUG org.asynchttpclient.netty.request.NettyRequestSender - Using open Channel [id: 0x8d79f04c, L:/127.0.0.1:57339 - R:localhost/127.0.0.1:38982] for POST '/session/2c71f9eb5064509c172e342f7b686634/window'
12:54:35.918 [AsyncHttpClient-1-2] DEBUG org.asynchttpclient.netty.handler.HttpHandler - 

Request DefaultHttpRequest(decodeResult: success, version: HTTP/1.1)
POST /session/2c71f9eb5064509c172e342f7b686634/window HTTP/1.1
User-Agent: selenium/4.7.1 (java windows)
Content-Length: 59
Content-Type: application/json; charset=utf-8
host: localhost:38982
accept: */*

Response DefaultHttpResponse(decodeResult: success, version: HTTP/1.1)
HTTP/1.1 200 OK
Content-Type: application/json; charset=utf-8
cache-control: no-cache
content-length: 14

12:54:35.918 [AsyncHttpClient-1-2] DEBUG org.asynchttpclient.netty.channel.ChannelManager - Adding key: http://localhost:38982 for channel [id: 0x8d79f04c, L:/127.0.0.1:57339 - R:localhost/127.0.0.1:38982]
12:54:35.919 [Forwarding getCurrentUrl on session 2c71f9eb5064509c172e342f7b686634 to remote] DEBUG org.asynchttpclient.netty.request.NettyRequestSender - Using pooled Channel '[id: 0x8d79f04c, L:/127.0.0.1:57339 - R:localhost/127.0.0.1:38982]' for 'GET' to 'http://localhost:38982/session/2c71f9eb5064509c172e342f7b686634/url'
12:54:35.919 [Forwarding getCurrentUrl on session 2c71f9eb5064509c172e342f7b686634 to remote] DEBUG org.asynchttpclient.netty.request.NettyRequestSender - Using open Channel [id: 0x8d79f04c, L:/127.0.0.1:57339 - R:localhost/127.0.0.1:38982] for GET '/session/2c71f9eb5064509c172e342f7b686634/url'
12:54:35.923 [AsyncHttpClient-1-2] DEBUG org.asynchttpclient.netty.handler.HttpHandler - 

Request DefaultFullHttpRequest(decodeResult: success, version: HTTP/1.1, content: EmptyByteBufBE)
GET /session/2c71f9eb5064509c172e342f7b686634/url HTTP/1.1
User-Agent: selenium/4.7.1 (java windows)
Cache-Control: no-cache
Content-Type: application/json; charset=utf-8
host: localhost:38982
accept: */*

Response DefaultHttpResponse(decodeResult: success, version: HTTP/1.1)
HTTP/1.1 200 OK
Content-Type: application/json; charset=utf-8
cache-control: no-cache
content-length: 38

12:54:35.923 [AsyncHttpClient-1-2] DEBUG org.asynchttpclient.netty.channel.ChannelManager - Adding key: http://localhost:38982 for channel [id: 0x8d79f04c, L:/127.0.0.1:57339 - R:localhost/127.0.0.1:38982]
12:54:35.924 [Forwarding screenshot on session 2c71f9eb5064509c172e342f7b686634 to remote] DEBUG org.asynchttpclient.netty.request.NettyRequestSender - Using pooled Channel '[id: 0x8d79f04c, L:/127.0.0.1:57339 - R:localhost/127.0.0.1:38982]' for 'GET' to 'http://localhost:38982/session/2c71f9eb5064509c172e342f7b686634/screenshot'
12:54:35.924 [Forwarding screenshot on session 2c71f9eb5064509c172e342f7b686634 to remote] DEBUG org.asynchttpclient.netty.request.NettyRequestSender - Using open Channel [id: 0x8d79f04c, L:/127.0.0.1:57339 - R:localhost/127.0.0.1:38982] for GET '/session/2c71f9eb5064509c172e342f7b686634/screenshot'
12:54:36.064 [AsyncHttpClient-1-1] DEBUG org.asynchttpclient.netty.channel.DefaultChannelPool - Entry count for : http://localhost:57340 : 1
12:54:36.117 [AsyncHttpClient-1-2] DEBUG org.asynchttpclient.netty.handler.HttpHandler - 

Request DefaultFullHttpRequest(decodeResult: success, version: HTTP/1.1, content: EmptyByteBufBE)
GET /session/2c71f9eb5064509c172e342f7b686634/screenshot HTTP/1.1
User-Agent: selenium/4.7.1 (java windows)
Cache-Control: no-cache
Content-Type: application/json; charset=utf-8
host: localhost:38982
accept: */*

Response DefaultHttpResponse(decodeResult: success, version: HTTP/1.1)
HTTP/1.1 200 OK
Content-Type: application/json; charset=utf-8
cache-control: no-cache
content-length: 81524

12:54:36.118 [AsyncHttpClient-1-2] DEBUG org.asynchttpclient.netty.channel.ChannelManager - Adding key: http://localhost:38982 for channel [id: 0x8d79f04c, L:/127.0.0.1:57339 - R:localhost/127.0.0.1:38982]
12:54:36.123 [main] DEBUG net.serenitybdd.core.photography.Darkroom - Send negative for processing for target\site\serenity\4d348736925d136719aeae1b6214215cd9df14df0a0e9287ede36be35ff0d279.png
12:54:36.128 [Forwarding getPageSource on session 2c71f9eb5064509c172e342f7b686634 to remote] DEBUG org.asynchttpclient.netty.request.NettyRequestSender - Using pooled Channel '[id: 0x8d79f04c, L:/127.0.0.1:57339 - R:localhost/127.0.0.1:38982]' for 'POST' to 'http://localhost:38982/session/2c71f9eb5064509c172e342f7b686634/execute/sync'
12:54:36.128 [Forwarding getPageSource on session 2c71f9eb5064509c172e342f7b686634 to remote] DEBUG org.asynchttpclient.netty.request.NettyRequestSender - Using open Channel [id: 0x8d79f04c, L:/127.0.0.1:57339 - R:localhost/127.0.0.1:38982] for POST '/session/2c71f9eb5064509c172e342f7b686634/execute/sync'
12:54:36.132 [AsyncHttpClient-1-2] DEBUG org.asynchttpclient.netty.handler.HttpHandler - 

Request DefaultHttpRequest(decodeResult: success, version: HTTP/1.1)
POST /session/2c71f9eb5064509c172e342f7b686634/execute/sync HTTP/1.1
User-Agent: selenium/4.7.1 (java windows)
Content-Length: 176
Content-Type: application/json; charset=utf-8
host: localhost:38982
accept: */*

Response DefaultHttpResponse(decodeResult: success, version: HTTP/1.1)
HTTP/1.1 200 OK
Content-Type: application/json; charset=utf-8
cache-control: no-cache
content-length: 4173

12:54:36.132 [AsyncHttpClient-1-2] DEBUG org.asynchttpclient.netty.channel.ChannelManager - Adding key: http://localhost:38982 for channel [id: 0x8d79f04c, L:/127.0.0.1:57339 - R:localhost/127.0.0.1:38982]
12:54:36.135 [Forwarding getCurrentUrl on session 2c71f9eb5064509c172e342f7b686634 to remote] DEBUG org.asynchttpclient.netty.request.NettyRequestSender - Using pooled Channel '[id: 0x8d79f04c, L:/127.0.0.1:57339 - R:localhost/127.0.0.1:38982]' for 'GET' to 'http://localhost:38982/session/2c71f9eb5064509c172e342f7b686634/url'
12:54:36.135 [Forwarding getCurrentUrl on session 2c71f9eb5064509c172e342f7b686634 to remote] DEBUG org.asynchttpclient.netty.request.NettyRequestSender - Using open Channel [id: 0x8d79f04c, L:/127.0.0.1:57339 - R:localhost/127.0.0.1:38982] for GET '/session/2c71f9eb5064509c172e342f7b686634/url'
12:54:36.137 [AsyncHttpClient-1-2] DEBUG org.asynchttpclient.netty.handler.HttpHandler - 

Request DefaultFullHttpRequest(decodeResult: success, version: HTTP/1.1, content: EmptyByteBufBE)
GET /session/2c71f9eb5064509c172e342f7b686634/url HTTP/1.1
User-Agent: selenium/4.7.1 (java windows)
Cache-Control: no-cache
Content-Type: application/json; charset=utf-8
host: localhost:38982
accept: */*

Response DefaultHttpResponse(decodeResult: success, version: HTTP/1.1)
HTTP/1.1 200 OK
Content-Type: application/json; charset=utf-8
cache-control: no-cache
content-length: 38

12:54:36.138 [AsyncHttpClient-1-2] DEBUG org.asynchttpclient.netty.channel.ChannelManager - Adding key: http://localhost:38982 for channel [id: 0x8d79f04c, L:/127.0.0.1:57339 - R:localhost/127.0.0.1:38982]
12:54:36.142 [Forwarding findElement on session 2c71f9eb5064509c172e342f7b686634 to remote] DEBUG org.asynchttpclient.netty.request.NettyRequestSender - Using pooled Channel '[id: 0x8d79f04c, L:/127.0.0.1:57339 - R:localhost/127.0.0.1:38982]' for 'POST' to 'http://localhost:38982/session/2c71f9eb5064509c172e342f7b686634/element'
12:54:36.142 [Forwarding findElement on session 2c71f9eb5064509c172e342f7b686634 to remote] DEBUG org.asynchttpclient.netty.request.NettyRequestSender - Using open Channel [id: 0x8d79f04c, L:/127.0.0.1:57339 - R:localhost/127.0.0.1:38982] for POST '/session/2c71f9eb5064509c172e342f7b686634/element'
12:54:36.150 [AsyncHttpClient-1-2] DEBUG org.asynchttpclient.netty.handler.HttpHandler - 

Request DefaultHttpRequest(decodeResult: success, version: HTTP/1.1)
POST /session/2c71f9eb5064509c172e342f7b686634/element HTTP/1.1
User-Agent: selenium/4.7.1 (java windows)
Content-Length: 53
Content-Type: application/json; charset=utf-8
host: localhost:38982
accept: */*

Response DefaultHttpResponse(decodeResult: success, version: HTTP/1.1)
HTTP/1.1 200 OK
Content-Type: application/json; charset=utf-8
cache-control: no-cache
content-length: 88

12:54:36.150 [AsyncHttpClient-1-2] DEBUG org.asynchttpclient.netty.channel.ChannelManager - Adding key: http://localhost:38982 for channel [id: 0x8d79f04c, L:/127.0.0.1:57339 - R:localhost/127.0.0.1:38982]
12:54:36.152 [Forwarding sendKeysToElement on session 2c71f9eb5064509c172e342f7b686634 to remote] DEBUG org.asynchttpclient.netty.request.NettyRequestSender - Using pooled Channel '[id: 0x8d79f04c, L:/127.0.0.1:57339 - R:localhost/127.0.0.1:38982]' for 'POST' to 'http://localhost:38982/session/2c71f9eb5064509c172e342f7b686634/element/806a8ba6-e15b-457b-8974-e891383bb1ed/value'
12:54:36.152 [Forwarding sendKeysToElement on session 2c71f9eb5064509c172e342f7b686634 to remote] DEBUG org.asynchttpclient.netty.request.NettyRequestSender - Using open Channel [id: 0x8d79f04c, L:/127.0.0.1:57339 - R:localhost/127.0.0.1:38982] for POST '/session/2c71f9eb5064509c172e342f7b686634/element/806a8ba6-e15b-457b-8974-e891383bb1ed/value'
12:54:36.236 [AsyncHttpClient-1-2] DEBUG org.asynchttpclient.netty.handler.HttpHandler - 

Request DefaultHttpRequest(decodeResult: success, version: HTTP/1.1)
POST /session/2c71f9eb5064509c172e342f7b686634/element/806a8ba6-e15b-457b-8974-e891383bb1ed/value HTTP/1.1
User-Agent: selenium/4.7.1 (java windows)
Content-Length: 201
Content-Type: application/json; charset=utf-8
host: localhost:38982
accept: */*

Response DefaultHttpResponse(decodeResult: success, version: HTTP/1.1)
HTTP/1.1 200 OK
Content-Type: application/json; charset=utf-8
cache-control: no-cache
content-length: 14

12:54:36.236 [AsyncHttpClient-1-2] DEBUG org.asynchttpclient.netty.channel.ChannelManager - Adding key: http://localhost:38982 for channel [id: 0x8d79f04c, L:/127.0.0.1:57339 - R:localhost/127.0.0.1:38982]
  &amp#27;[32mThen &amp#27;[0m&amp#27;[32mI fill password &amp#27;[0m&amp#27;[32m&amp#27;[1m"secret_sauce"&amp#27;[0m        &amp#27;[90m# Class6BDD.steps.LoginSteps.iFillPassword(java.lang.String)&amp#27;[0m
12:54:36.244 [Forwarding getCurrentWindowHandle on session 2c71f9eb5064509c172e342f7b686634 to remote] DEBUG org.asynchttpclient.netty.request.NettyRequestSender - Using pooled Channel '[id: 0x8d79f04c, L:/127.0.0.1:57339 - R:localhost/127.0.0.1:38982]' for 'GET' to 'http://localhost:38982/session/2c71f9eb5064509c172e342f7b686634/window'
12:54:36.244 [Forwarding getCurrentWindowHandle on session 2c71f9eb5064509c172e342f7b686634 to remote] DEBUG org.asynchttpclient.netty.request.NettyRequestSender - Using open Channel [id: 0x8d79f04c, L:/127.0.0.1:57339 - R:localhost/127.0.0.1:38982] for GET '/session/2c71f9eb5064509c172e342f7b686634/window'
12:54:36.245 [AsyncHttpClient-1-2] DEBUG org.asynchttpclient.netty.handler.HttpHandler - 

Request DefaultFullHttpRequest(decodeResult: success, version: HTTP/1.1, content: EmptyByteBufBE)
GET /session/2c71f9eb5064509c172e342f7b686634/window HTTP/1.1
User-Agent: selenium/4.7.1 (java windows)
Cache-Control: no-cache
Content-Type: application/json; charset=utf-8
host: localhost:38982
accept: */*

Response DefaultHttpResponse(decodeResult: success, version: HTTP/1.1)
HTTP/1.1 200 OK
Content-Type: application/json; charset=utf-8
cache-control: no-cache
content-length: 53

12:54:36.245 [AsyncHttpClient-1-2] DEBUG org.asynchttpclient.netty.channel.ChannelManager - Adding key: http://localhost:38982 for channel [id: 0x8d79f04c, L:/127.0.0.1:57339 - R:localhost/127.0.0.1:38982]
12:54:36.247 [Forwarding getAlertText on session 2c71f9eb5064509c172e342f7b686634 to remote] DEBUG org.asynchttpclient.netty.request.NettyRequestSender - Using pooled Channel '[id: 0x8d79f04c, L:/127.0.0.1:57339 - R:localhost/127.0.0.1:38982]' for 'GET' to 'http://localhost:38982/session/2c71f9eb5064509c172e342f7b686634/alert/text'
12:54:36.247 [Forwarding getAlertText on session 2c71f9eb5064509c172e342f7b686634 to remote] DEBUG org.asynchttpclient.netty.request.NettyRequestSender - Using open Channel [id: 0x8d79f04c, L:/127.0.0.1:57339 - R:localhost/127.0.0.1:38982] for GET '/session/2c71f9eb5064509c172e342f7b686634/alert/text'
12:54:36.249 [AsyncHttpClient-1-2] DEBUG org.asynchttpclient.netty.handler.HttpHandler - 

Request DefaultFullHttpRequest(decodeResult: success, version: HTTP/1.1, content: EmptyByteBufBE)
GET /session/2c71f9eb5064509c172e342f7b686634/alert/text HTTP/1.1
User-Agent: selenium/4.7.1 (java windows)
Cache-Control: no-cache
Content-Type: application/json; charset=utf-8
host: localhost:38982
accept: */*

Response DefaultHttpResponse(decodeResult: success, version: HTTP/1.1)
HTTP/1.1 404 Not Found
Content-Type: application/json; charset=utf-8
cache-control: no-cache
content-length: 834

12:54:36.249 [AsyncHttpClient-1-2] DEBUG org.asynchttpclient.netty.channel.ChannelManager - Adding key: http://localhost:38982 for channel [id: 0x8d79f04c, L:/127.0.0.1:57339 - R:localhost/127.0.0.1:38982]
12:54:36.251 [Forwarding switchToWindow on session 2c71f9eb5064509c172e342f7b686634 to remote] DEBUG org.asynchttpclient.netty.request.NettyRequestSender - Using pooled Channel '[id: 0x8d79f04c, L:/127.0.0.1:57339 - R:localhost/127.0.0.1:38982]' for 'POST' to 'http://localhost:38982/session/2c71f9eb5064509c172e342f7b686634/window'
12:54:36.251 [Forwarding switchToWindow on session 2c71f9eb5064509c172e342f7b686634 to remote] DEBUG org.asynchttpclient.netty.request.NettyRequestSender - Using open Channel [id: 0x8d79f04c, L:/127.0.0.1:57339 - R:localhost/127.0.0.1:38982] for POST '/session/2c71f9eb5064509c172e342f7b686634/window'
12:54:36.253 [AsyncHttpClient-1-2] DEBUG org.asynchttpclient.netty.handler.HttpHandler - 

Request DefaultHttpRequest(decodeResult: success, version: HTTP/1.1)
POST /session/2c71f9eb5064509c172e342f7b686634/window HTTP/1.1
User-Agent: selenium/4.7.1 (java windows)
Content-Length: 59
Content-Type: application/json; charset=utf-8
host: localhost:38982
accept: */*

Response DefaultHttpResponse(decodeResult: success, version: HTTP/1.1)
HTTP/1.1 200 OK
Content-Type: application/json; charset=utf-8
cache-control: no-cache
content-length: 14

12:54:36.253 [AsyncHttpClient-1-2] DEBUG org.asynchttpclient.netty.channel.ChannelManager - Adding key: http://localhost:38982 for channel [id: 0x8d79f04c, L:/127.0.0.1:57339 - R:localhost/127.0.0.1:38982]
12:54:36.254 [Forwarding getCurrentUrl on session 2c71f9eb5064509c172e342f7b686634 to remote] DEBUG org.asynchttpclient.netty.request.NettyRequestSender - Using pooled Channel '[id: 0x8d79f04c, L:/127.0.0.1:57339 - R:localhost/127.0.0.1:38982]' for 'GET' to 'http://localhost:38982/session/2c71f9eb5064509c172e342f7b686634/url'
12:54:36.254 [Forwarding getCurrentUrl on session 2c71f9eb5064509c172e342f7b686634 to remote] DEBUG org.asynchttpclient.netty.request.NettyRequestSender - Using open Channel [id: 0x8d79f04c, L:/127.0.0.1:57339 - R:localhost/127.0.0.1:38982] for GET '/session/2c71f9eb5064509c172e342f7b686634/url'
12:54:36.257 [AsyncHttpClient-1-2] DEBUG org.asynchttpclient.netty.handler.HttpHandler - 

Request DefaultFullHttpRequest(decodeResult: success, version: HTTP/1.1, content: EmptyByteBufBE)
GET /session/2c71f9eb5064509c172e342f7b686634/url HTTP/1.1
User-Agent: selenium/4.7.1 (java windows)
Cache-Control: no-cache
Content-Type: application/json; charset=utf-8
host: localhost:38982
accept: */*

Response DefaultHttpResponse(decodeResult: success, version: HTTP/1.1)
HTTP/1.1 200 OK
Content-Type: application/json; charset=utf-8
cache-control: no-cache
content-length: 38

12:54:36.258 [AsyncHttpClient-1-2] DEBUG org.asynchttpclient.netty.channel.ChannelManager - Adding key: http://localhost:38982 for channel [id: 0x8d79f04c, L:/127.0.0.1:57339 - R:localhost/127.0.0.1:38982]
12:54:36.258 [Forwarding screenshot on session 2c71f9eb5064509c172e342f7b686634 to remote] DEBUG org.asynchttpclient.netty.request.NettyRequestSender - Using pooled Channel '[id: 0x8d79f04c, L:/127.0.0.1:57339 - R:localhost/127.0.0.1:38982]' for 'GET' to 'http://localhost:38982/session/2c71f9eb5064509c172e342f7b686634/screenshot'
12:54:36.258 [Forwarding screenshot on session 2c71f9eb5064509c172e342f7b686634 to remote] DEBUG org.asynchttpclient.netty.request.NettyRequestSender - Using open Channel [id: 0x8d79f04c, L:/127.0.0.1:57339 - R:localhost/127.0.0.1:38982] for GET '/session/2c71f9eb5064509c172e342f7b686634/screenshot'
12:54:36.424 [AsyncHttpClient-1-2] DEBUG org.asynchttpclient.netty.handler.HttpHandler - 

Request DefaultFullHttpRequest(decodeResult: success, version: HTTP/1.1, content: EmptyByteBufBE)
GET /session/2c71f9eb5064509c172e342f7b686634/screenshot HTTP/1.1
User-Agent: selenium/4.7.1 (java windows)
Cache-Control: no-cache
Content-Type: application/json; charset=utf-8
host: localhost:38982
accept: */*

Response DefaultHttpResponse(decodeResult: success, version: HTTP/1.1)
HTTP/1.1 200 OK
Content-Type: application/json; charset=utf-8
cache-control: no-cache
content-length: 79692

12:54:36.425 [AsyncHttpClient-1-2] DEBUG org.asynchttpclient.netty.channel.ChannelManager - Adding key: http://localhost:38982 for channel [id: 0x8d79f04c, L:/127.0.0.1:57339 - R:localhost/127.0.0.1:38982]
12:54:36.428 [main] DEBUG net.serenitybdd.core.photography.Darkroom - Send negative for processing for target\site\serenity\8c6f63fcb14352919fcdb8c076bcd1b21379ad33d10ce6571f23fa6472357aea.png
12:54:36.434 [Forwarding getPageSource on session 2c71f9eb5064509c172e342f7b686634 to remote] DEBUG org.asynchttpclient.netty.request.NettyRequestSender - Using pooled Channel '[id: 0x8d79f04c, L:/127.0.0.1:57339 - R:localhost/127.0.0.1:38982]' for 'POST' to 'http://localhost:38982/session/2c71f9eb5064509c172e342f7b686634/execute/sync'
12:54:36.434 [Forwarding getPageSource on session 2c71f9eb5064509c172e342f7b686634 to remote] DEBUG org.asynchttpclient.netty.request.NettyRequestSender - Using open Channel [id: 0x8d79f04c, L:/127.0.0.1:57339 - R:localhost/127.0.0.1:38982] for POST '/session/2c71f9eb5064509c172e342f7b686634/execute/sync'
12:54:36.441 [AsyncHttpClient-1-2] DEBUG org.asynchttpclient.netty.handler.HttpHandler - 

Request DefaultHttpRequest(decodeResult: success, version: HTTP/1.1)
POST /session/2c71f9eb5064509c172e342f7b686634/execute/sync HTTP/1.1
User-Agent: selenium/4.7.1 (java windows)
Content-Length: 176
Content-Type: application/json; charset=utf-8
host: localhost:38982
accept: */*

Response DefaultHttpResponse(decodeResult: success, version: HTTP/1.1)
HTTP/1.1 200 OK
Content-Type: application/json; charset=utf-8
cache-control: no-cache
content-length: 4185

12:54:36.441 [AsyncHttpClient-1-2] DEBUG org.asynchttpclient.netty.channel.ChannelManager - Adding key: http://localhost:38982 for channel [id: 0x8d79f04c, L:/127.0.0.1:57339 - R:localhost/127.0.0.1:38982]
12:54:36.445 [Forwarding getCurrentUrl on session 2c71f9eb5064509c172e342f7b686634 to remote] DEBUG org.asynchttpclient.netty.request.NettyRequestSender - Using pooled Channel '[id: 0x8d79f04c, L:/127.0.0.1:57339 - R:localhost/127.0.0.1:38982]' for 'GET' to 'http://localhost:38982/session/2c71f9eb5064509c172e342f7b686634/url'
12:54:36.445 [Forwarding getCurrentUrl on session 2c71f9eb5064509c172e342f7b686634 to remote] DEBUG org.asynchttpclient.netty.request.NettyRequestSender - Using open Channel [id: 0x8d79f04c, L:/127.0.0.1:57339 - R:localhost/127.0.0.1:38982] for GET '/session/2c71f9eb5064509c172e342f7b686634/url'
12:54:36.448 [AsyncHttpClient-1-2] DEBUG org.asynchttpclient.netty.handler.HttpHandler - 

Request DefaultFullHttpRequest(decodeResult: success, version: HTTP/1.1, content: EmptyByteBufBE)
GET /session/2c71f9eb5064509c172e342f7b686634/url HTTP/1.1
User-Agent: selenium/4.7.1 (java windows)
Cache-Control: no-cache
Content-Type: application/json; charset=utf-8
host: localhost:38982
accept: */*

Response DefaultHttpResponse(decodeResult: success, version: HTTP/1.1)
HTTP/1.1 200 OK
Content-Type: application/json; charset=utf-8
cache-control: no-cache
content-length: 38

12:54:36.449 [AsyncHttpClient-1-2] DEBUG org.asynchttpclient.netty.channel.ChannelManager - Adding key: http://localhost:38982 for channel [id: 0x8d79f04c, L:/127.0.0.1:57339 - R:localhost/127.0.0.1:38982]
12:54:36.454 [Forwarding findElement on session 2c71f9eb5064509c172e342f7b686634 to remote] DEBUG org.asynchttpclient.netty.request.NettyRequestSender - Using pooled Channel '[id: 0x8d79f04c, L:/127.0.0.1:57339 - R:localhost/127.0.0.1:38982]' for 'POST' to 'http://localhost:38982/session/2c71f9eb5064509c172e342f7b686634/element'
12:54:36.454 [Forwarding findElement on session 2c71f9eb5064509c172e342f7b686634 to remote] DEBUG org.asynchttpclient.netty.request.NettyRequestSender - Using open Channel [id: 0x8d79f04c, L:/127.0.0.1:57339 - R:localhost/127.0.0.1:38982] for POST '/session/2c71f9eb5064509c172e342f7b686634/element'
12:54:36.464 [AsyncHttpClient-1-2] DEBUG org.asynchttpclient.netty.handler.HttpHandler - 

Request DefaultHttpRequest(decodeResult: success, version: HTTP/1.1)
POST /session/2c71f9eb5064509c172e342f7b686634/element HTTP/1.1
User-Agent: selenium/4.7.1 (java windows)
Content-Length: 59
Content-Type: application/json; charset=utf-8
host: localhost:38982
accept: */*

Response DefaultHttpResponse(decodeResult: success, version: HTTP/1.1)
HTTP/1.1 200 OK
Content-Type: application/json; charset=utf-8
cache-control: no-cache
content-length: 88

12:54:36.465 [AsyncHttpClient-1-2] DEBUG org.asynchttpclient.netty.channel.ChannelManager - Adding key: http://localhost:38982 for channel [id: 0x8d79f04c, L:/127.0.0.1:57339 - R:localhost/127.0.0.1:38982]
12:54:36.467 [Forwarding clickElement on session 2c71f9eb5064509c172e342f7b686634 to remote] DEBUG org.asynchttpclient.netty.request.NettyRequestSender - Using pooled Channel '[id: 0x8d79f04c, L:/127.0.0.1:57339 - R:localhost/127.0.0.1:38982]' for 'POST' to 'http://localhost:38982/session/2c71f9eb5064509c172e342f7b686634/element/e8eab790-97e9-4581-8169-29fad637c6ec/click'
12:54:36.467 [Forwarding clickElement on session 2c71f9eb5064509c172e342f7b686634 to remote] DEBUG org.asynchttpclient.netty.request.NettyRequestSender - Using open Channel [id: 0x8d79f04c, L:/127.0.0.1:57339 - R:localhost/127.0.0.1:38982] for POST '/session/2c71f9eb5064509c172e342f7b686634/element/e8eab790-97e9-4581-8169-29fad637c6ec/click'
12:54:36.581 [AsyncHttpClient-1-2] DEBUG org.asynchttpclient.netty.handler.HttpHandler - 

Request DefaultHttpRequest(decodeResult: success, version: HTTP/1.1)
POST /session/2c71f9eb5064509c172e342f7b686634/element/e8eab790-97e9-4581-8169-29fad637c6ec/click HTTP/1.1
User-Agent: selenium/4.7.1 (java windows)
Content-Length: 50
Content-Type: application/json; charset=utf-8
host: localhost:38982
accept: */*

Response DefaultHttpResponse(decodeResult: success, version: HTTP/1.1)
HTTP/1.1 200 OK
Content-Type: application/json; charset=utf-8
cache-control: no-cache
content-length: 14

12:54:36.582 [AsyncHttpClient-1-2] DEBUG org.asynchttpclient.netty.channel.ChannelManager - Adding key: http://localhost:38982 for channel [id: 0x8d79f04c, L:/127.0.0.1:57339 - R:localhost/127.0.0.1:38982]
  &amp#27;[32mThen &amp#27;[0m&amp#27;[32mI click on Login&amp#27;[0m                      &amp#27;[90m# Class6BDD.steps.LoginSteps.IClickLoginButton()&amp#27;[0m
12:54:36.610 [Forwarding getCurrentWindowHandle on session 2c71f9eb5064509c172e342f7b686634 to remote] DEBUG org.asynchttpclient.netty.request.NettyRequestSender - Using pooled Channel '[id: 0x8d79f04c, L:/127.0.0.1:57339 - R:localhost/127.0.0.1:38982]' for 'GET' to 'http://localhost:38982/session/2c71f9eb5064509c172e342f7b686634/window'
12:54:36.611 [Forwarding getCurrentWindowHandle on session 2c71f9eb5064509c172e342f7b686634 to remote] DEBUG org.asynchttpclient.netty.request.NettyRequestSender - Using open Channel [id: 0x8d79f04c, L:/127.0.0.1:57339 - R:localhost/127.0.0.1:38982] for GET '/session/2c71f9eb5064509c172e342f7b686634/window'
12:54:36.612 [AsyncHttpClient-1-2] DEBUG org.asynchttpclient.netty.handler.HttpHandler - 

Request DefaultFullHttpRequest(decodeResult: success, version: HTTP/1.1, content: EmptyByteBufBE)
GET /session/2c71f9eb5064509c172e342f7b686634/window HTTP/1.1
User-Agent: selenium/4.7.1 (java windows)
Cache-Control: no-cache
Content-Type: application/json; charset=utf-8
host: localhost:38982
accept: */*

Response DefaultHttpResponse(decodeResult: success, version: HTTP/1.1)
HTTP/1.1 200 OK
Content-Type: application/json; charset=utf-8
cache-control: no-cache
content-length: 53

12:54:36.613 [AsyncHttpClient-1-2] DEBUG org.asynchttpclient.netty.channel.ChannelManager - Adding key: http://localhost:38982 for channel [id: 0x8d79f04c, L:/127.0.0.1:57339 - R:localhost/127.0.0.1:38982]
12:54:36.616 [Forwarding getAlertText on session 2c71f9eb5064509c172e342f7b686634 to remote] DEBUG org.asynchttpclient.netty.request.NettyRequestSender - Using pooled Channel '[id: 0x8d79f04c, L:/127.0.0.1:57339 - R:localhost/127.0.0.1:38982]' for 'GET' to 'http://localhost:38982/session/2c71f9eb5064509c172e342f7b686634/alert/text'
12:54:36.616 [Forwarding getAlertText on session 2c71f9eb5064509c172e342f7b686634 to remote] DEBUG org.asynchttpclient.netty.request.NettyRequestSender - Using open Channel [id: 0x8d79f04c, L:/127.0.0.1:57339 - R:localhost/127.0.0.1:38982] for GET '/session/2c71f9eb5064509c172e342f7b686634/alert/text'
12:54:36.618 [AsyncHttpClient-1-2] DEBUG org.asynchttpclient.netty.handler.HttpHandler - 

Request DefaultFullHttpRequest(decodeResult: success, version: HTTP/1.1, content: EmptyByteBufBE)
GET /session/2c71f9eb5064509c172e342f7b686634/alert/text HTTP/1.1
User-Agent: selenium/4.7.1 (java windows)
Cache-Control: no-cache
Content-Type: application/json; charset=utf-8
host: localhost:38982
accept: */*

Response DefaultHttpResponse(decodeResult: success, version: HTTP/1.1)
HTTP/1.1 404 Not Found
Content-Type: application/json; charset=utf-8
cache-control: no-cache
content-length: 834

12:54:36.618 [AsyncHttpClient-1-2] DEBUG org.asynchttpclient.netty.channel.ChannelManager - Adding key: http://localhost:38982 for channel [id: 0x8d79f04c, L:/127.0.0.1:57339 - R:localhost/127.0.0.1:38982]
12:54:36.622 [Forwarding switchToWindow on session 2c71f9eb5064509c172e342f7b686634 to remote] DEBUG org.asynchttpclient.netty.request.NettyRequestSender - Using pooled Channel '[id: 0x8d79f04c, L:/127.0.0.1:57339 - R:localhost/127.0.0.1:38982]' for 'POST' to 'http://localhost:38982/session/2c71f9eb5064509c172e342f7b686634/window'
12:54:36.622 [Forwarding switchToWindow on session 2c71f9eb5064509c172e342f7b686634 to remote] DEBUG org.asynchttpclient.netty.request.NettyRequestSender - Using open Channel [id: 0x8d79f04c, L:/127.0.0.1:57339 - R:localhost/127.0.0.1:38982] for POST '/session/2c71f9eb5064509c172e342f7b686634/window'
12:54:36.626 [AsyncHttpClient-1-2] DEBUG org.asynchttpclient.netty.handler.HttpHandler - 

Request DefaultHttpRequest(decodeResult: success, version: HTTP/1.1)
POST /session/2c71f9eb5064509c172e342f7b686634/window HTTP/1.1
User-Agent: selenium/4.7.1 (java windows)
Content-Length: 59
Content-Type: application/json; charset=utf-8
host: localhost:38982
accept: */*

Response DefaultHttpResponse(decodeResult: success, version: HTTP/1.1)
HTTP/1.1 200 OK
Content-Type: application/json; charset=utf-8
cache-control: no-cache
content-length: 14

12:54:36.626 [AsyncHttpClient-1-2] DEBUG org.asynchttpclient.netty.channel.ChannelManager - Adding key: http://localhost:38982 for channel [id: 0x8d79f04c, L:/127.0.0.1:57339 - R:localhost/127.0.0.1:38982]
12:54:36.627 [Forwarding getCurrentUrl on session 2c71f9eb5064509c172e342f7b686634 to remote] DEBUG org.asynchttpclient.netty.request.NettyRequestSender - Using pooled Channel '[id: 0x8d79f04c, L:/127.0.0.1:57339 - R:localhost/127.0.0.1:38982]' for 'GET' to 'http://localhost:38982/session/2c71f9eb5064509c172e342f7b686634/url'
12:54:36.627 [Forwarding getCurrentUrl on session 2c71f9eb5064509c172e342f7b686634 to remote] DEBUG org.asynchttpclient.netty.request.NettyRequestSender - Using open Channel [id: 0x8d79f04c, L:/127.0.0.1:57339 - R:localhost/127.0.0.1:38982] for GET '/session/2c71f9eb5064509c172e342f7b686634/url'
12:54:36.631 [AsyncHttpClient-1-2] DEBUG org.asynchttpclient.netty.handler.HttpHandler - 

Request DefaultFullHttpRequest(decodeResult: success, version: HTTP/1.1, content: EmptyByteBufBE)
GET /session/2c71f9eb5064509c172e342f7b686634/url HTTP/1.1
User-Agent: selenium/4.7.1 (java windows)
Cache-Control: no-cache
Content-Type: application/json; charset=utf-8
host: localhost:38982
accept: */*

Response DefaultHttpResponse(decodeResult: success, version: HTTP/1.1)
HTTP/1.1 200 OK
Content-Type: application/json; charset=utf-8
cache-control: no-cache
content-length: 52

12:54:36.632 [AsyncHttpClient-1-2] DEBUG org.asynchttpclient.netty.channel.ChannelManager - Adding key: http://localhost:38982 for channel [id: 0x8d79f04c, L:/127.0.0.1:57339 - R:localhost/127.0.0.1:38982]
12:54:36.632 [Forwarding screenshot on session 2c71f9eb5064509c172e342f7b686634 to remote] DEBUG org.asynchttpclient.netty.request.NettyRequestSender - Using pooled Channel '[id: 0x8d79f04c, L:/127.0.0.1:57339 - R:localhost/127.0.0.1:38982]' for 'GET' to 'http://localhost:38982/session/2c71f9eb5064509c172e342f7b686634/screenshot'
12:54:36.632 [Forwarding screenshot on session 2c71f9eb5064509c172e342f7b686634 to remote] DEBUG org.asynchttpclient.netty.request.NettyRequestSender - Using open Channel [id: 0x8d79f04c, L:/127.0.0.1:57339 - R:localhost/127.0.0.1:38982] for GET '/session/2c71f9eb5064509c172e342f7b686634/screenshot'
12:54:37.018 [AsyncHttpClient-1-2] DEBUG org.asynchttpclient.netty.handler.HttpHandler - 

Request DefaultFullHttpRequest(decodeResult: success, version: HTTP/1.1, content: EmptyByteBufBE)
GET /session/2c71f9eb5064509c172e342f7b686634/screenshot HTTP/1.1
User-Agent: selenium/4.7.1 (java windows)
Cache-Control: no-cache
Content-Type: application/json; charset=utf-8
host: localhost:38982
accept: */*

Response DefaultHttpResponse(decodeResult: success, version: HTTP/1.1)
HTTP/1.1 200 OK
Content-Type: application/json; charset=utf-8
cache-control: no-cache
content-length: 864432

12:54:37.022 [AsyncHttpClient-1-2] DEBUG org.asynchttpclient.netty.channel.ChannelManager - Adding key: http://localhost:38982 for channel [id: 0x8d79f04c, L:/127.0.0.1:57339 - R:localhost/127.0.0.1:38982]
12:54:37.041 [main] DEBUG net.serenitybdd.core.photography.Darkroom - Send negative for processing for target\site\serenity\6c97ac4a99088a602f07984e966d0ef82e4e8c88bd79fe2d507860854f688f2b.png
12:54:37.047 [Forwarding getPageSource on session 2c71f9eb5064509c172e342f7b686634 to remote] DEBUG org.asynchttpclient.netty.request.NettyRequestSender - Using pooled Channel '[id: 0x8d79f04c, L:/127.0.0.1:57339 - R:localhost/127.0.0.1:38982]' for 'POST' to 'http://localhost:38982/session/2c71f9eb5064509c172e342f7b686634/execute/sync'
12:54:37.047 [Forwarding getPageSource on session 2c71f9eb5064509c172e342f7b686634 to remote] DEBUG org.asynchttpclient.netty.request.NettyRequestSender - Using open Channel [id: 0x8d79f04c, L:/127.0.0.1:57339 - R:localhost/127.0.0.1:38982] for POST '/session/2c71f9eb5064509c172e342f7b686634/execute/sync'
12:54:37.051 [AsyncHttpClient-1-2] DEBUG org.asynchttpclient.netty.handler.HttpHandler - 

Request DefaultHttpRequest(decodeResult: success, version: HTTP/1.1)
POST /session/2c71f9eb5064509c172e342f7b686634/execute/sync HTTP/1.1
User-Agent: selenium/4.7.1 (java windows)
Content-Length: 176
Content-Type: application/json; charset=utf-8
host: localhost:38982
accept: */*

Response DefaultHttpResponse(decodeResult: success, version: HTTP/1.1)
HTTP/1.1 200 OK
Content-Type: application/json; charset=utf-8
cache-control: no-cache
content-length: 15254

12:54:37.051 [AsyncHttpClient-1-2] DEBUG org.asynchttpclient.netty.channel.ChannelManager - Adding key: http://localhost:38982 for channel [id: 0x8d79f04c, L:/127.0.0.1:57339 - R:localhost/127.0.0.1:38982]
12:54:37.058 [Forwarding getCurrentUrl on session 2c71f9eb5064509c172e342f7b686634 to remote] DEBUG org.asynchttpclient.netty.request.NettyRequestSender - Using pooled Channel '[id: 0x8d79f04c, L:/127.0.0.1:57339 - R:localhost/127.0.0.1:38982]' for 'GET' to 'http://localhost:38982/session/2c71f9eb5064509c172e342f7b686634/url'
12:54:37.058 [Forwarding getCurrentUrl on session 2c71f9eb5064509c172e342f7b686634 to remote] DEBUG org.asynchttpclient.netty.request.NettyRequestSender - Using open Channel [id: 0x8d79f04c, L:/127.0.0.1:57339 - R:localhost/127.0.0.1:38982] for GET '/session/2c71f9eb5064509c172e342f7b686634/url'
12:54:37.062 [AsyncHttpClient-1-2] DEBUG org.asynchttpclient.netty.handler.HttpHandler - 

Request DefaultFullHttpRequest(decodeResult: success, version: HTTP/1.1, content: EmptyByteBufBE)
GET /session/2c71f9eb5064509c172e342f7b686634/url HTTP/1.1
User-Agent: selenium/4.7.1 (java windows)
Cache-Control: no-cache
Content-Type: application/json; charset=utf-8
host: localhost:38982
accept: */*

Response DefaultHttpResponse(decodeResult: success, version: HTTP/1.1)
HTTP/1.1 200 OK
Content-Type: application/json; charset=utf-8
cache-control: no-cache
content-length: 52

12:54:37.062 [AsyncHttpClient-1-2] DEBUG org.asynchttpclient.netty.channel.ChannelManager - Adding key: http://localhost:38982 for channel [id: 0x8d79f04c, L:/127.0.0.1:57339 - R:localhost/127.0.0.1:38982]
12:54:37.164 [AsyncHttpClient-1-1] DEBUG org.asynchttpclient.netty.channel.DefaultChannelPool - Entry count for : http://localhost:38982 : 1
12:54:37.164 [AsyncHttpClient-1-1] DEBUG org.asynchttpclient.netty.channel.DefaultChannelPool - Entry count for : http://localhost:57340 : 1
12:54:38.260 [AsyncHttpClient-1-1] DEBUG org.asynchttpclient.netty.channel.DefaultChannelPool - Entry count for : http://localhost:38982 : 1
12:54:38.260 [AsyncHttpClient-1-1] DEBUG org.asynchttpclient.netty.channel.DefaultChannelPool - Entry count for : http://localhost:57340 : 1
12:54:39.361 [AsyncHttpClient-1-1] DEBUG org.asynchttpclient.netty.channel.DefaultChannelPool - Entry count for : http://localhost:38982 : 1
12:54:39.361 [AsyncHttpClient-1-1] DEBUG org.asynchttpclient.netty.channel.DefaultChannelPool - Entry count for : http://localhost:57340 : 1
12:54:40.466 [AsyncHttpClient-1-1] DEBUG org.asynchttpclient.netty.channel.DefaultChannelPool - Entry count for : http://localhost:38982 : 1
12:54:40.466 [AsyncHttpClient-1-1] DEBUG org.asynchttpclient.netty.channel.DefaultChannelPool - Entry count for : http://localhost:57340 : 1
12:54:41.561 [AsyncHttpClient-1-1] DEBUG org.asynchttpclient.netty.channel.DefaultChannelPool - Entry count for : http://localhost:38982 : 1
12:54:41.561 [AsyncHttpClient-1-1] DEBUG org.asynchttpclient.netty.channel.DefaultChannelPool - Entry count for : http://localhost:57340 : 1
  &amp#27;[32mThen &amp#27;[0m&amp#27;[32mJust wait &amp#27;[0m&amp#27;[32m&amp#27;[1m5000&amp#27;[0m                        &amp#27;[90m# Class6BDD.steps.CommonSteps.justWait(int)&amp#27;[0m
12:54:42.078 [Forwarding getCurrentWindowHandle on session 2c71f9eb5064509c172e342f7b686634 to remote] DEBUG org.asynchttpclient.netty.request.NettyRequestSender - Using pooled Channel '[id: 0x8d79f04c, L:/127.0.0.1:57339 - R:localhost/127.0.0.1:38982]' for 'GET' to 'http://localhost:38982/session/2c71f9eb5064509c172e342f7b686634/window'
12:54:42.078 [Forwarding getCurrentWindowHandle on session 2c71f9eb5064509c172e342f7b686634 to remote] DEBUG org.asynchttpclient.netty.request.NettyRequestSender - Using open Channel [id: 0x8d79f04c, L:/127.0.0.1:57339 - R:localhost/127.0.0.1:38982] for GET '/session/2c71f9eb5064509c172e342f7b686634/window'
12:54:42.080 [AsyncHttpClient-1-2] DEBUG org.asynchttpclient.netty.handler.HttpHandler - 

Request DefaultFullHttpRequest(decodeResult: success, version: HTTP/1.1, content: EmptyByteBufBE)
GET /session/2c71f9eb5064509c172e342f7b686634/window HTTP/1.1
User-Agent: selenium/4.7.1 (java windows)
Cache-Control: no-cache
Content-Type: application/json; charset=utf-8
host: localhost:38982
accept: */*

Response DefaultHttpResponse(decodeResult: success, version: HTTP/1.1)
HTTP/1.1 200 OK
Content-Type: application/json; charset=utf-8
cache-control: no-cache
content-length: 53

12:54:42.080 [AsyncHttpClient-1-2] DEBUG org.asynchttpclient.netty.channel.ChannelManager - Adding key: http://localhost:38982 for channel [id: 0x8d79f04c, L:/127.0.0.1:57339 - R:localhost/127.0.0.1:38982]
12:54:42.081 [Forwarding getAlertText on session 2c71f9eb5064509c172e342f7b686634 to remote] DEBUG org.asynchttpclient.netty.request.NettyRequestSender - Using pooled Channel '[id: 0x8d79f04c, L:/127.0.0.1:57339 - R:localhost/127.0.0.1:38982]' for 'GET' to 'http://localhost:38982/session/2c71f9eb5064509c172e342f7b686634/alert/text'
12:54:42.081 [Forwarding getAlertText on session 2c71f9eb5064509c172e342f7b686634 to remote] DEBUG org.asynchttpclient.netty.request.NettyRequestSender - Using open Channel [id: 0x8d79f04c, L:/127.0.0.1:57339 - R:localhost/127.0.0.1:38982] for GET '/session/2c71f9eb5064509c172e342f7b686634/alert/text'
12:54:42.083 [AsyncHttpClient-1-2] DEBUG org.asynchttpclient.netty.handler.HttpHandler - 

Request DefaultFullHttpRequest(decodeResult: success, version: HTTP/1.1, content: EmptyByteBufBE)
GET /session/2c71f9eb5064509c172e342f7b686634/alert/text HTTP/1.1
User-Agent: selenium/4.7.1 (java windows)
Cache-Control: no-cache
Content-Type: application/json; charset=utf-8
host: localhost:38982
accept: */*

Response DefaultHttpResponse(decodeResult: success, version: HTTP/1.1)
HTTP/1.1 404 Not Found
Content-Type: application/json; charset=utf-8
cache-control: no-cache
content-length: 834

12:54:42.083 [AsyncHttpClient-1-2] DEBUG org.asynchttpclient.netty.channel.ChannelManager - Adding key: http://localhost:38982 for channel [id: 0x8d79f04c, L:/127.0.0.1:57339 - R:localhost/127.0.0.1:38982]
12:54:42.086 [Forwarding switchToWindow on session 2c71f9eb5064509c172e342f7b686634 to remote] DEBUG org.asynchttpclient.netty.request.NettyRequestSender - Using pooled Channel '[id: 0x8d79f04c, L:/127.0.0.1:57339 - R:localhost/127.0.0.1:38982]' for 'POST' to 'http://localhost:38982/session/2c71f9eb5064509c172e342f7b686634/window'
12:54:42.086 [Forwarding switchToWindow on session 2c71f9eb5064509c172e342f7b686634 to remote] DEBUG org.asynchttpclient.netty.request.NettyRequestSender - Using open Channel [id: 0x8d79f04c, L:/127.0.0.1:57339 - R:localhost/127.0.0.1:38982] for POST '/session/2c71f9eb5064509c172e342f7b686634/window'
12:54:42.088 [AsyncHttpClient-1-2] DEBUG org.asynchttpclient.netty.handler.HttpHandler - 

Request DefaultHttpRequest(decodeResult: success, version: HTTP/1.1)
POST /session/2c71f9eb5064509c172e342f7b686634/window HTTP/1.1
User-Agent: selenium/4.7.1 (java windows)
Content-Length: 59
Content-Type: application/json; charset=utf-8
host: localhost:38982
accept: */*

Response DefaultHttpResponse(decodeResult: success, version: HTTP/1.1)
HTTP/1.1 200 OK
Content-Type: application/json; charset=utf-8
cache-control: no-cache
content-length: 14

12:54:42.089 [AsyncHttpClient-1-2] DEBUG org.asynchttpclient.netty.channel.ChannelManager - Adding key: http://localhost:38982 for channel [id: 0x8d79f04c, L:/127.0.0.1:57339 - R:localhost/127.0.0.1:38982]
12:54:42.089 [Forwarding getCurrentUrl on session 2c71f9eb5064509c172e342f7b686634 to remote] DEBUG org.asynchttpclient.netty.request.NettyRequestSender - Using pooled Channel '[id: 0x8d79f04c, L:/127.0.0.1:57339 - R:localhost/127.0.0.1:38982]' for 'GET' to 'http://localhost:38982/session/2c71f9eb5064509c172e342f7b686634/url'
12:54:42.089 [Forwarding getCurrentUrl on session 2c71f9eb5064509c172e342f7b686634 to remote] DEBUG org.asynchttpclient.netty.request.NettyRequestSender - Using open Channel [id: 0x8d79f04c, L:/127.0.0.1:57339 - R:localhost/127.0.0.1:38982] for GET '/session/2c71f9eb5064509c172e342f7b686634/url'
12:54:42.093 [AsyncHttpClient-1-2] DEBUG org.asynchttpclient.netty.handler.HttpHandler - 

Request DefaultFullHttpRequest(decodeResult: success, version: HTTP/1.1, content: EmptyByteBufBE)
GET /session/2c71f9eb5064509c172e342f7b686634/url HTTP/1.1
User-Agent: selenium/4.7.1 (java windows)
Cache-Control: no-cache
Content-Type: application/json; charset=utf-8
host: localhost:38982
accept: */*

Response DefaultHttpResponse(decodeResult: success, version: HTTP/1.1)
HTTP/1.1 200 OK
Content-Type: application/json; charset=utf-8
cache-control: no-cache
content-length: 52

12:54:42.093 [AsyncHttpClient-1-2] DEBUG org.asynchttpclient.netty.channel.ChannelManager - Adding key: http://localhost:38982 for channel [id: 0x8d79f04c, L:/127.0.0.1:57339 - R:localhost/127.0.0.1:38982]
12:54:42.094 [Forwarding screenshot on session 2c71f9eb5064509c172e342f7b686634 to remote] DEBUG org.asynchttpclient.netty.request.NettyRequestSender - Using pooled Channel '[id: 0x8d79f04c, L:/127.0.0.1:57339 - R:localhost/127.0.0.1:38982]' for 'GET' to 'http://localhost:38982/session/2c71f9eb5064509c172e342f7b686634/screenshot'
12:54:42.094 [Forwarding screenshot on session 2c71f9eb5064509c172e342f7b686634 to remote] DEBUG org.asynchttpclient.netty.request.NettyRequestSender - Using open Channel [id: 0x8d79f04c, L:/127.0.0.1:57339 - R:localhost/127.0.0.1:38982] for GET '/session/2c71f9eb5064509c172e342f7b686634/screenshot'
12:54:42.317 [AsyncHttpClient-1-2] DEBUG org.asynchttpclient.netty.handler.HttpHandler - 

Request DefaultFullHttpRequest(decodeResult: success, version: HTTP/1.1, content: EmptyByteBufBE)
GET /session/2c71f9eb5064509c172e342f7b686634/screenshot HTTP/1.1
User-Agent: selenium/4.7.1 (java windows)
Cache-Control: no-cache
Content-Type: application/json; charset=utf-8
host: localhost:38982
accept: */*

Response DefaultHttpResponse(decodeResult: success, version: HTTP/1.1)
HTTP/1.1 200 OK
Content-Type: application/json; charset=utf-8
cache-control: no-cache
content-length: 864432

12:54:42.320 [AsyncHttpClient-1-2] DEBUG org.asynchttpclient.netty.channel.ChannelManager - Adding key: http://localhost:38982 for channel [id: 0x8d79f04c, L:/127.0.0.1:57339 - R:localhost/127.0.0.1:38982]
12:54:42.341 [main] DEBUG net.serenitybdd.core.photography.Darkroom - Send negative for processing for target\site\serenity\6c97ac4a99088a602f07984e966d0ef82e4e8c88bd79fe2d507860854f688f2b.png
12:54:42.346 [main] INFO  - 
  _____   ___   ___   _____     ___     _     ___   ___   ___   ___  
 |_   _| | __| / __| |_   _|   | _ \   /_\   / __| / __| | __| |   \ 
   | |   | _|  \__ \   | |     |  _/  / _ \  \__ \ \__ \ | _|  | |) |
   |_|   |___| |___/   |_|     |_|   /_/ \_\ |___/ |___/ |___| |___/ 

Login with standard_user
----------------------------------------------------------------------
12:54:42.392 [Driver Command Executor] DEBUG org.asynchttpclient.netty.request.NettyRequestSender - Using pooled Channel '[id: 0x8d79f04c, L:/127.0.0.1:57339 - R:localhost/127.0.0.1:38982]' for 'DELETE' to 'http://localhost:38982/session/2c71f9eb5064509c172e342f7b686634'
12:54:42.392 [Driver Command Executor] DEBUG org.asynchttpclient.netty.request.NettyRequestSender - Using open Channel [id: 0x8d79f04c, L:/127.0.0.1:57339 - R:localhost/127.0.0.1:38982] for DELETE '/session/2c71f9eb5064509c172e342f7b686634'
12:54:42.393 [AsyncHttpClient-1-4] DEBUG org.asynchttpclient.netty.handler.WebSocketHandler - Unexpected I/O exception on channel [id: 0xd7d75fcd, L:/127.0.0.1:57347 - R:localhost/127.0.0.1:57340]
java.io.IOException: An established connection was aborted by the software in your host machine
	at java.base/sun.nio.ch.SocketDispatcher.read0(Native Method)
	at java.base/sun.nio.ch.SocketDispatcher.read(SocketDispatcher.java:46)
	at java.base/sun.nio.ch.IOUtil.readIntoNativeBuffer(IOUtil.java:339)
	at java.base/sun.nio.ch.IOUtil.read(IOUtil.java:293)
	at java.base/sun.nio.ch.IOUtil.read(IOUtil.java:268)
	at java.base/sun.nio.ch.SocketChannelImpl.read(SocketChannelImpl.java:425)
	at io.netty.buffer.PooledByteBuf.setBytes(PooledByteBuf.java:259)
	at io.netty.buffer.AbstractByteBuf.writeBytes(AbstractByteBuf.java:1132)
	at io.netty.channel.socket.nio.NioSocketChannel.doReadBytes(NioSocketChannel.java:357)
	at io.netty.channel.nio.AbstractNioByteChannel$NioByteUnsafe.read(AbstractNioByteChannel.java:151)
	at io.netty.channel.nio.NioEventLoop.processSelectedKey(NioEventLoop.java:788)
	at io.netty.channel.nio.NioEventLoop.processSelectedKeysOptimized(NioEventLoop.java:724)
	at io.netty.channel.nio.NioEventLoop.processSelectedKeys(NioEventLoop.java:650)
	at io.netty.channel.nio.NioEventLoop.run(NioEventLoop.java:562)
	at io.netty.util.concurrent.SingleThreadEventExecutor$4.run(SingleThreadEventExecutor.java:997)
	at io.netty.util.internal.ThreadExecutorMap$2.run(ThreadExecutorMap.java:74)
	at io.netty.util.concurrent.FastThreadLocalRunnable.run(FastThreadLocalRunnable.java:30)
	at java.base/java.lang.Thread.run(Thread.java:1589)
12:54:42.397 [AsyncHttpClient-1-4] DEBUG org.asynchttpclient.netty.handler.WebSocketHandler - Trying to recover from dead Channel: [id: 0xd7d75fcd, L:/127.0.0.1:57347 - R:localhost/127.0.0.1:57340]
12:54:42.398 [AsyncHttpClient-1-4] DEBUG org.asynchttpclient.netty.handler.WebSocketHandler - Channel Closed: [id: 0xd7d75fcd, L:/127.0.0.1:57347 ! R:localhost/127.0.0.1:57340] with attribute NettyResponseFuture{currentRetry=0,
	isDone=1,
	isCancelled=0,
	asyncHandler=org.asynchttpclient.ws.WebSocketUpgradeHandler@4a8035fd,
	nettyRequest=org.asynchttpclient.netty.request.NettyRequest@7c52a267,
	future=java.util.concurrent.CompletableFuture@75e63712[Completed normally],
	uri=ws://localhost:57340/devtools/browser/bc934a1c-2367-49c8-9536-5022681039d0,
	keepAlive=true,
	redirectCount=0,
	timeoutsHolder=null,
	inAuth=0,
	touch=1677185682397}
12:54:42.399 [AsyncHttpClient-1-4] DEBUG org.asynchttpclient.netty.channel.ChannelManager - Closing Channel [id: 0xd7d75fcd, L:/127.0.0.1:57347 ! R:localhost/127.0.0.1:57340] 
12:54:42.400 [AsyncHttpClient-1-3] DEBUG org.asynchttpclient.netty.handler.HttpHandler - Unexpected I/O exception on channel [id: 0x4a21d08e, L:/127.0.0.1:57346 - R:localhost/127.0.0.1:57340]
java.net.SocketException: Connection reset
	at java.base/sun.nio.ch.SocketChannelImpl.throwConnectionReset(SocketChannelImpl.java:401)
	at java.base/sun.nio.ch.SocketChannelImpl.read(SocketChannelImpl.java:434)
	at io.netty.buffer.PooledByteBuf.setBytes(PooledByteBuf.java:259)
	at io.netty.buffer.AbstractByteBuf.writeBytes(AbstractByteBuf.java:1132)
	at io.netty.channel.socket.nio.NioSocketChannel.doReadBytes(NioSocketChannel.java:357)
	at io.netty.channel.nio.AbstractNioByteChannel$NioByteUnsafe.read(AbstractNioByteChannel.java:151)
	at io.netty.channel.nio.NioEventLoop.processSelectedKey(NioEventLoop.java:788)
	at io.netty.channel.nio.NioEventLoop.processSelectedKeysOptimized(NioEventLoop.java:724)
	at io.netty.channel.nio.NioEventLoop.processSelectedKeys(NioEventLoop.java:650)
	at io.netty.channel.nio.NioEventLoop.run(NioEventLoop.java:562)
	at io.netty.util.concurrent.SingleThreadEventExecutor$4.run(SingleThreadEventExecutor.java:997)
	at io.netty.util.internal.ThreadExecutorMap$2.run(ThreadExecutorMap.java:74)
	at io.netty.util.concurrent.FastThreadLocalRunnable.run(FastThreadLocalRunnable.java:30)
	at java.base/java.lang.Thread.run(Thread.java:1589)
12:54:42.400 [AsyncHttpClient-1-3] DEBUG org.asynchttpclient.netty.channel.ChannelManager - Closing Channel [id: 0x4a21d08e, L:/127.0.0.1:57346 - R:localhost/127.0.0.1:57340] 
12:54:42.402 [AsyncHttpClient-1-3] DEBUG org.asynchttpclient.netty.handler.HttpHandler - Channel Closed: [id: 0x4a21d08e, L:/127.0.0.1:57346 ! R:localhost/127.0.0.1:57340] with attribute DISCARD
12:54:42.407 [AsyncHttpClient-1-2] DEBUG org.asynchttpclient.netty.handler.HttpHandler - 

Request DefaultFullHttpRequest(decodeResult: success, version: HTTP/1.1, content: EmptyByteBufBE)
DELETE /session/2c71f9eb5064509c172e342f7b686634 HTTP/1.1
User-Agent: selenium/4.7.1 (java windows)
Content-Type: application/json; charset=utf-8
host: localhost:38982
accept: */*

Response DefaultHttpResponse(decodeResult: success, version: HTTP/1.1)
HTTP/1.1 200 OK
Content-Type: application/json; charset=utf-8
cache-control: no-cache
content-length: 14

12:54:42.407 [AsyncHttpClient-1-2] DEBUG org.asynchttpclient.netty.channel.ChannelManager - Adding key: http://localhost:38982 for channel [id: 0x8d79f04c, L:/127.0.0.1:57339 - R:localhost/127.0.0.1:38982]
12:54:42.432 [AsyncHttpClient-1-2] DEBUG org.asynchttpclient.netty.handler.HttpHandler - Channel Closed: [id: 0x8d79f04c, L:/127.0.0.1:57339 ! R:localhost/127.0.0.1:38982] with attribute DISCARD
]]></system-out>
    <system-err><![CDATA[Starting ChromeDriver 110.0.5481.77 (65ed616c6e8ee3fe0ad64fe83796c020644d42af-refs/branch-heads/5481@{#839}) on port 38982
Only local connections are allowed.
Please see https://chromedriver.chromium.org/security-considerations for suggestions on keeping ChromeDriver safe.
ChromeDriver was started successfully.
[1677185668.421][WARNING]: virtual void DevToolsClientImpl::AddListener(DevToolsEventListener *) subscribing a listener to the already connected DevToolsClient. Connection notification will not arrive.
Feb 23, 2023 12:54:29 PM org.openqa.selenium.devtools.CdpVersionFinder findNearestMatch
WARNING: Unable to find an exact match for CDP version 110, so returning the closest version found: 108
]]></system-err>
  </testcase>
  <testcase name="Login with locked_out_user and verify locked out message" classname="SwagLabs Login tests" time="8.1">
    <system-out><![CDATA[
Scenario: Login with locked_out_user and verify locked out message &amp#27;[90m# src/test/resources/features/SwagLabs.feature:11&amp#27;[0m
12:54:42.473 [main] INFO io.cucumber.core.plugin.SerenityReporter - Running feature from file:///C:/Users/esaug/OneDrive%20-%20advancio.com/Documents/GitHub/SeleniumCourse/src/test/resources/features/SwagLabs.feature
12:54:42.475 [main] INFO  - 
  _____   ___   ___   _____     ___   _____     _     ___   _____   ___   ___  
 |_   _| | __| / __| |_   _|   / __| |_   _|   /_\   | _ \ |_   _| | __| |   \ 
   | |   | _|  \__ \   | |     \__ \   | |    / _ \  |   /   | |   | _|  | |) |
   |_|   |___| |___/   |_|     |___/   |_|   /_/ \_\ |_|_\   |_|   |___| |___/ 

Login with locked_out_user and verify locked out message(swaglabs-login-tests;login-with-locked-out-user-and-verify-locked-out-message)
--------------------------------------------------------------------------------
12:54:42.661 [AsyncHttpClient-1-1] DEBUG org.asynchttpclient.netty.channel.DefaultChannelPool - Entry count for : http://localhost:38982 : 1
12:54:42.661 [AsyncHttpClient-1-1] DEBUG org.asynchttpclient.netty.channel.DefaultChannelPool - Entry count for : http://localhost:57340 : 1
12:54:42.661 [AsyncHttpClient-1-1] DEBUG org.asynchttpclient.netty.channel.DefaultChannelPool - Adding Candidate expired Channel [id: 0x8d79f04c, L:/127.0.0.1:57339 ! R:localhost/127.0.0.1:38982] isIdleTimeoutExpired=false isRemotelyClosed=true isTtlExpired=false
12:54:42.661 [AsyncHttpClient-1-1] DEBUG org.asynchttpclient.netty.channel.DefaultChannelPool - Closing Idle Channel [id: 0x8d79f04c, L:/127.0.0.1:57339 ! R:localhost/127.0.0.1:38982]
12:54:42.663 [AsyncHttpClient-1-1] DEBUG org.asynchttpclient.netty.channel.DefaultChannelPool - Adding Candidate expired Channel [id: 0x4a21d08e, L:/127.0.0.1:57346 ! R:localhost/127.0.0.1:57340] isIdleTimeoutExpired=false isRemotelyClosed=true isTtlExpired=false
12:54:42.664 [AsyncHttpClient-1-1] DEBUG org.asynchttpclient.netty.channel.DefaultChannelPool - Closing Idle Channel [id: 0x4a21d08e, L:/127.0.0.1:57346 ! R:localhost/127.0.0.1:57340]
12:54:42.665 [AsyncHttpClient-1-1] DEBUG org.asynchttpclient.netty.channel.DefaultChannelPool - Closed 2 connections out of 2 in 4 ms
12:54:42.775 [main] INFO net.serenitybdd.core.webdriver.driverproviders.ChromeDriverProvider - Starting Chrome driver instance with capabilities:
12:54:42.775 [main] INFO net.serenitybdd.core.webdriver.driverproviders.ChromeDriverProvider - Capabilities {acceptInsecureCerts: false, browserName: chrome, goog:chromeOptions: {args: [--window-size=1920,1080, --headless], extensions: []}}
12:54:42.908 [AsyncHttpClient-1-5] DEBUG org.asynchttpclient.netty.channel.NettyConnectListener - Using new Channel '[id: 0x0935c864, L:/127.0.0.1:57355 - R:localhost/127.0.0.1:33209]' for 'POST' to '/session'
12:54:43.529 [AsyncHttpClient-1-5] DEBUG org.asynchttpclient.netty.handler.HttpHandler - 

Request DefaultHttpRequest(decodeResult: success, version: HTTP/1.1)
POST /session HTTP/1.1
User-Agent: selenium/4.7.1 (java windows)
Content-Length: 557
Content-Type: application/json; charset=utf-8
host: localhost:33209
accept: */*

Response DefaultHttpResponse(decodeResult: success, version: HTTP/1.1)
HTTP/1.1 200 OK
Content-Type: application/json; charset=utf-8
cache-control: no-cache
content-length: 789

12:54:43.530 [AsyncHttpClient-1-5] DEBUG org.asynchttpclient.netty.channel.ChannelManager - Adding key: http://localhost:33209 for channel [id: 0x0935c864, L:/127.0.0.1:57355 - R:localhost/127.0.0.1:33209]
12:54:43.535 [AsyncHttpClient-1-6] DEBUG org.asynchttpclient.netty.channel.NettyConnectListener - Using new Channel '[id: 0x046d88f9, L:/127.0.0.1:57361 - R:localhost/127.0.0.1:57356]' for 'GET' to '/json/version'
12:54:43.550 [AsyncHttpClient-1-6] DEBUG org.asynchttpclient.netty.handler.HttpHandler - 

Request DefaultFullHttpRequest(decodeResult: success, version: HTTP/1.1, content: EmptyByteBufBE)
GET /json/version HTTP/1.1
User-Agent: selenium/4.7.1 (java windows)
host: localhost:57356
accept: */*

Response DefaultHttpResponse(decodeResult: success, version: HTTP/1.1)
HTTP/1.1 200 OK
Content-Security-Policy: frame-ancestors 'none'
Content-Type: application/json; charset=UTF-8
content-length: 445

12:54:43.556 [AsyncHttpClient-1-6] DEBUG org.asynchttpclient.netty.channel.ChannelManager - Adding key: http://localhost:57356 for channel [id: 0x046d88f9, L:/127.0.0.1:57361 - R:localhost/127.0.0.1:57356]
12:54:43.564 [AsyncHttpClient-1-7] DEBUG org.asynchttpclient.netty.channel.NettyConnectListener - Using new Channel '[id: 0x14dd9a85, L:/127.0.0.1:57362 - R:localhost/127.0.0.1:57356]' for 'GET' to '/devtools/browser/de419493-0ec2-4460-924a-5ecc0e14f2cd'
12:54:43.569 [AsyncHttpClient-1-7] DEBUG org.asynchttpclient.netty.handler.WebSocketHandler - 

Request DefaultFullHttpRequest(decodeResult: success, version: HTTP/1.1, content: EmptyByteBufBE)
GET /devtools/browser/de419493-0ec2-4460-924a-5ecc0e14f2cd HTTP/1.1
upgrade: websocket
connection: upgrade
sec-websocket-key: xKzgYskkQdLPJC46KBbeRg==
sec-websocket-version: 13
origin: http://localhost:57356
host: localhost:57356
accept: */*
user-agent: AHC/2.1

Response DefaultHttpResponse(decodeResult: success, version: HTTP/1.1)
HTTP/1.1 101 WebSocket Protocol Handshake
Upgrade: WebSocket
Connection: Upgrade
Sec-WebSocket-Accept: dfViAJXmCvGGHu5YA+ggsX+n96M=

12:54:43.578 [Forwarding maximizeCurrentWindow on session b1eea7edc9ae30722f5e69a28e0e8855 to remote] DEBUG org.asynchttpclient.netty.request.NettyRequestSender - Using pooled Channel '[id: 0x0935c864, L:/127.0.0.1:57355 - R:localhost/127.0.0.1:33209]' for 'POST' to 'http://localhost:33209/session/b1eea7edc9ae30722f5e69a28e0e8855/window/maximize'
12:54:43.578 [Forwarding maximizeCurrentWindow on session b1eea7edc9ae30722f5e69a28e0e8855 to remote] DEBUG org.asynchttpclient.netty.request.NettyRequestSender - Using open Channel [id: 0x0935c864, L:/127.0.0.1:57355 - R:localhost/127.0.0.1:33209] for POST '/session/b1eea7edc9ae30722f5e69a28e0e8855/window/maximize'
12:54:43.693 [AsyncHttpClient-1-5] DEBUG org.asynchttpclient.netty.handler.HttpHandler - 

Request DefaultHttpRequest(decodeResult: success, version: HTTP/1.1)
POST /session/b1eea7edc9ae30722f5e69a28e0e8855/window/maximize HTTP/1.1
User-Agent: selenium/4.7.1 (java windows)
Content-Length: 3
Content-Type: application/json; charset=utf-8
host: localhost:33209
accept: */*

Response DefaultHttpResponse(decodeResult: success, version: HTTP/1.1)
HTTP/1.1 200 OK
Content-Type: application/json; charset=utf-8
cache-control: no-cache
content-length: 50

12:54:43.694 [AsyncHttpClient-1-5] DEBUG org.asynchttpclient.netty.channel.ChannelManager - Adding key: http://localhost:33209 for channel [id: 0x0935c864, L:/127.0.0.1:57355 - R:localhost/127.0.0.1:33209]
12:54:43.700 [Forwarding get on session b1eea7edc9ae30722f5e69a28e0e8855 to remote] DEBUG org.asynchttpclient.netty.request.NettyRequestSender - Using pooled Channel '[id: 0x0935c864, L:/127.0.0.1:57355 - R:localhost/127.0.0.1:33209]' for 'POST' to 'http://localhost:33209/session/b1eea7edc9ae30722f5e69a28e0e8855/url'
12:54:43.700 [Forwarding get on session b1eea7edc9ae30722f5e69a28e0e8855 to remote] DEBUG org.asynchttpclient.netty.request.NettyRequestSender - Using open Channel [id: 0x0935c864, L:/127.0.0.1:57355 - R:localhost/127.0.0.1:33209] for POST '/session/b1eea7edc9ae30722f5e69a28e0e8855/url'
12:54:43.767 [AsyncHttpClient-1-1] DEBUG org.asynchttpclient.netty.channel.DefaultChannelPool - Entry count for : http://localhost:57356 : 1
12:54:43.997 [AsyncHttpClient-1-5] DEBUG org.asynchttpclient.netty.handler.HttpHandler - 

Request DefaultHttpRequest(decodeResult: success, version: HTTP/1.1)
POST /session/b1eea7edc9ae30722f5e69a28e0e8855/url HTTP/1.1
User-Agent: selenium/4.7.1 (java windows)
Content-Length: 56
Content-Type: application/json; charset=utf-8
host: localhost:33209
accept: */*

Response DefaultHttpResponse(decodeResult: success, version: HTTP/1.1)
HTTP/1.1 200 OK
Content-Type: application/json; charset=utf-8
cache-control: no-cache
content-length: 14

12:54:43.998 [AsyncHttpClient-1-5] DEBUG org.asynchttpclient.netty.channel.ChannelManager - Adding key: http://localhost:33209 for channel [id: 0x0935c864, L:/127.0.0.1:57355 - R:localhost/127.0.0.1:33209]
12:54:43.999 [Forwarding setTimeout on session b1eea7edc9ae30722f5e69a28e0e8855 to remote] DEBUG org.asynchttpclient.netty.request.NettyRequestSender - Using pooled Channel '[id: 0x0935c864, L:/127.0.0.1:57355 - R:localhost/127.0.0.1:33209]' for 'POST' to 'http://localhost:33209/session/b1eea7edc9ae30722f5e69a28e0e8855/timeouts'
12:54:43.999 [Forwarding setTimeout on session b1eea7edc9ae30722f5e69a28e0e8855 to remote] DEBUG org.asynchttpclient.netty.request.NettyRequestSender - Using open Channel [id: 0x0935c864, L:/127.0.0.1:57355 - R:localhost/127.0.0.1:33209] for POST '/session/b1eea7edc9ae30722f5e69a28e0e8855/timeouts'
12:54:44.001 [AsyncHttpClient-1-5] DEBUG org.asynchttpclient.netty.handler.HttpHandler - 

Request DefaultHttpRequest(decodeResult: success, version: HTTP/1.1)
POST /session/b1eea7edc9ae30722f5e69a28e0e8855/timeouts HTTP/1.1
User-Agent: selenium/4.7.1 (java windows)
Content-Length: 22
Content-Type: application/json; charset=utf-8
host: localhost:33209
accept: */*

Response DefaultHttpResponse(decodeResult: success, version: HTTP/1.1)
HTTP/1.1 200 OK
Content-Type: application/json; charset=utf-8
cache-control: no-cache
content-length: 14

12:54:44.001 [AsyncHttpClient-1-5] DEBUG org.asynchttpclient.netty.channel.ChannelManager - Adding key: http://localhost:33209 for channel [id: 0x0935c864, L:/127.0.0.1:57355 - R:localhost/127.0.0.1:33209]
  &amp#27;[32mGiven &amp#27;[0m&amp#27;[32mI go to &amp#27;[0m&amp#27;[32m&amp#27;[1m"https://www.saucedemo.com/"&amp#27;[0m                       &amp#27;[90m# Class6BDD.steps.CommonSteps.fillCrossDockSection(java.lang.String)&amp#27;[0m
12:54:44.006 [Forwarding getCurrentWindowHandle on session b1eea7edc9ae30722f5e69a28e0e8855 to remote] DEBUG org.asynchttpclient.netty.request.NettyRequestSender - Using pooled Channel '[id: 0x0935c864, L:/127.0.0.1:57355 - R:localhost/127.0.0.1:33209]' for 'GET' to 'http://localhost:33209/session/b1eea7edc9ae30722f5e69a28e0e8855/window'
12:54:44.007 [Forwarding getCurrentWindowHandle on session b1eea7edc9ae30722f5e69a28e0e8855 to remote] DEBUG org.asynchttpclient.netty.request.NettyRequestSender - Using open Channel [id: 0x0935c864, L:/127.0.0.1:57355 - R:localhost/127.0.0.1:33209] for GET '/session/b1eea7edc9ae30722f5e69a28e0e8855/window'
12:54:44.012 [AsyncHttpClient-1-5] DEBUG org.asynchttpclient.netty.handler.HttpHandler - 

Request DefaultFullHttpRequest(decodeResult: success, version: HTTP/1.1, content: EmptyByteBufBE)
GET /session/b1eea7edc9ae30722f5e69a28e0e8855/window HTTP/1.1
User-Agent: selenium/4.7.1 (java windows)
Cache-Control: no-cache
Content-Type: application/json; charset=utf-8
host: localhost:33209
accept: */*

Response DefaultHttpResponse(decodeResult: success, version: HTTP/1.1)
HTTP/1.1 200 OK
Content-Type: application/json; charset=utf-8
cache-control: no-cache
content-length: 53

12:54:44.014 [AsyncHttpClient-1-5] DEBUG org.asynchttpclient.netty.channel.ChannelManager - Adding key: http://localhost:33209 for channel [id: 0x0935c864, L:/127.0.0.1:57355 - R:localhost/127.0.0.1:33209]
12:54:44.021 [Forwarding getAlertText on session b1eea7edc9ae30722f5e69a28e0e8855 to remote] DEBUG org.asynchttpclient.netty.request.NettyRequestSender - Using pooled Channel '[id: 0x0935c864, L:/127.0.0.1:57355 - R:localhost/127.0.0.1:33209]' for 'GET' to 'http://localhost:33209/session/b1eea7edc9ae30722f5e69a28e0e8855/alert/text'
12:54:44.023 [Forwarding getAlertText on session b1eea7edc9ae30722f5e69a28e0e8855 to remote] DEBUG org.asynchttpclient.netty.request.NettyRequestSender - Using open Channel [id: 0x0935c864, L:/127.0.0.1:57355 - R:localhost/127.0.0.1:33209] for GET '/session/b1eea7edc9ae30722f5e69a28e0e8855/alert/text'
12:54:44.033 [AsyncHttpClient-1-5] DEBUG org.asynchttpclient.netty.handler.HttpHandler - 

Request DefaultFullHttpRequest(decodeResult: success, version: HTTP/1.1, content: EmptyByteBufBE)
GET /session/b1eea7edc9ae30722f5e69a28e0e8855/alert/text HTTP/1.1
User-Agent: selenium/4.7.1 (java windows)
Cache-Control: no-cache
Content-Type: application/json; charset=utf-8
host: localhost:33209
accept: */*

Response DefaultHttpResponse(decodeResult: success, version: HTTP/1.1)
HTTP/1.1 404 Not Found
Content-Type: application/json; charset=utf-8
cache-control: no-cache
content-length: 834

12:54:44.035 [AsyncHttpClient-1-5] DEBUG org.asynchttpclient.netty.channel.ChannelManager - Adding key: http://localhost:33209 for channel [id: 0x0935c864, L:/127.0.0.1:57355 - R:localhost/127.0.0.1:33209]
12:54:44.039 [Forwarding switchToWindow on session b1eea7edc9ae30722f5e69a28e0e8855 to remote] DEBUG org.asynchttpclient.netty.request.NettyRequestSender - Using pooled Channel '[id: 0x0935c864, L:/127.0.0.1:57355 - R:localhost/127.0.0.1:33209]' for 'POST' to 'http://localhost:33209/session/b1eea7edc9ae30722f5e69a28e0e8855/window'
12:54:44.039 [Forwarding switchToWindow on session b1eea7edc9ae30722f5e69a28e0e8855 to remote] DEBUG org.asynchttpclient.netty.request.NettyRequestSender - Using open Channel [id: 0x0935c864, L:/127.0.0.1:57355 - R:localhost/127.0.0.1:33209] for POST '/session/b1eea7edc9ae30722f5e69a28e0e8855/window'
12:54:44.046 [AsyncHttpClient-1-5] DEBUG org.asynchttpclient.netty.handler.HttpHandler - 

Request DefaultHttpRequest(decodeResult: success, version: HTTP/1.1)
POST /session/b1eea7edc9ae30722f5e69a28e0e8855/window HTTP/1.1
User-Agent: selenium/4.7.1 (java windows)
Content-Length: 59
Content-Type: application/json; charset=utf-8
host: localhost:33209
accept: */*

Response DefaultHttpResponse(decodeResult: success, version: HTTP/1.1)
HTTP/1.1 200 OK
Content-Type: application/json; charset=utf-8
cache-control: no-cache
content-length: 14

12:54:44.047 [AsyncHttpClient-1-5] DEBUG org.asynchttpclient.netty.channel.ChannelManager - Adding key: http://localhost:33209 for channel [id: 0x0935c864, L:/127.0.0.1:57355 - R:localhost/127.0.0.1:33209]
12:54:44.049 [Forwarding getCurrentUrl on session b1eea7edc9ae30722f5e69a28e0e8855 to remote] DEBUG org.asynchttpclient.netty.request.NettyRequestSender - Using pooled Channel '[id: 0x0935c864, L:/127.0.0.1:57355 - R:localhost/127.0.0.1:33209]' for 'GET' to 'http://localhost:33209/session/b1eea7edc9ae30722f5e69a28e0e8855/url'
12:54:44.049 [Forwarding getCurrentUrl on session b1eea7edc9ae30722f5e69a28e0e8855 to remote] DEBUG org.asynchttpclient.netty.request.NettyRequestSender - Using open Channel [id: 0x0935c864, L:/127.0.0.1:57355 - R:localhost/127.0.0.1:33209] for GET '/session/b1eea7edc9ae30722f5e69a28e0e8855/url'
12:54:44.057 [AsyncHttpClient-1-5] DEBUG org.asynchttpclient.netty.handler.HttpHandler - 

Request DefaultFullHttpRequest(decodeResult: success, version: HTTP/1.1, content: EmptyByteBufBE)
GET /session/b1eea7edc9ae30722f5e69a28e0e8855/url HTTP/1.1
User-Agent: selenium/4.7.1 (java windows)
Cache-Control: no-cache
Content-Type: application/json; charset=utf-8
host: localhost:33209
accept: */*

Response DefaultHttpResponse(decodeResult: success, version: HTTP/1.1)
HTTP/1.1 200 OK
Content-Type: application/json; charset=utf-8
cache-control: no-cache
content-length: 38

12:54:44.057 [AsyncHttpClient-1-5] DEBUG org.asynchttpclient.netty.channel.ChannelManager - Adding key: http://localhost:33209 for channel [id: 0x0935c864, L:/127.0.0.1:57355 - R:localhost/127.0.0.1:33209]
12:54:44.059 [Forwarding screenshot on session b1eea7edc9ae30722f5e69a28e0e8855 to remote] DEBUG org.asynchttpclient.netty.request.NettyRequestSender - Using pooled Channel '[id: 0x0935c864, L:/127.0.0.1:57355 - R:localhost/127.0.0.1:33209]' for 'GET' to 'http://localhost:33209/session/b1eea7edc9ae30722f5e69a28e0e8855/screenshot'
12:54:44.059 [Forwarding screenshot on session b1eea7edc9ae30722f5e69a28e0e8855 to remote] DEBUG org.asynchttpclient.netty.request.NettyRequestSender - Using open Channel [id: 0x0935c864, L:/127.0.0.1:57355 - R:localhost/127.0.0.1:33209] for GET '/session/b1eea7edc9ae30722f5e69a28e0e8855/screenshot'
12:54:44.224 [AsyncHttpClient-1-5] DEBUG org.asynchttpclient.netty.handler.HttpHandler - 

Request DefaultFullHttpRequest(decodeResult: success, version: HTTP/1.1, content: EmptyByteBufBE)
GET /session/b1eea7edc9ae30722f5e69a28e0e8855/screenshot HTTP/1.1
User-Agent: selenium/4.7.1 (java windows)
Cache-Control: no-cache
Content-Type: application/json; charset=utf-8
host: localhost:33209
accept: */*

Response DefaultHttpResponse(decodeResult: success, version: HTTP/1.1)
HTTP/1.1 200 OK
Content-Type: application/json; charset=utf-8
cache-control: no-cache
content-length: 80692

12:54:44.225 [AsyncHttpClient-1-5] DEBUG org.asynchttpclient.netty.channel.ChannelManager - Adding key: http://localhost:33209 for channel [id: 0x0935c864, L:/127.0.0.1:57355 - R:localhost/127.0.0.1:33209]
12:54:44.228 [main] DEBUG net.serenitybdd.core.photography.Darkroom - Send negative for processing for target\site\serenity\15a7514d6fa104e3b1d014195f40b59ecdad25387af39f26ebf9f7e5154565c1.png
12:54:44.234 [Forwarding getPageSource on session b1eea7edc9ae30722f5e69a28e0e8855 to remote] DEBUG org.asynchttpclient.netty.request.NettyRequestSender - Using pooled Channel '[id: 0x0935c864, L:/127.0.0.1:57355 - R:localhost/127.0.0.1:33209]' for 'POST' to 'http://localhost:33209/session/b1eea7edc9ae30722f5e69a28e0e8855/execute/sync'
12:54:44.234 [Forwarding getPageSource on session b1eea7edc9ae30722f5e69a28e0e8855 to remote] DEBUG org.asynchttpclient.netty.request.NettyRequestSender - Using open Channel [id: 0x0935c864, L:/127.0.0.1:57355 - R:localhost/127.0.0.1:33209] for POST '/session/b1eea7edc9ae30722f5e69a28e0e8855/execute/sync'
12:54:44.240 [AsyncHttpClient-1-5] DEBUG org.asynchttpclient.netty.handler.HttpHandler - 

Request DefaultHttpRequest(decodeResult: success, version: HTTP/1.1)
POST /session/b1eea7edc9ae30722f5e69a28e0e8855/execute/sync HTTP/1.1
User-Agent: selenium/4.7.1 (java windows)
Content-Length: 176
Content-Type: application/json; charset=utf-8
host: localhost:33209
accept: */*

Response DefaultHttpResponse(decodeResult: success, version: HTTP/1.1)
HTTP/1.1 200 OK
Content-Type: application/json; charset=utf-8
cache-control: no-cache
content-length: 4160

12:54:44.240 [AsyncHttpClient-1-5] DEBUG org.asynchttpclient.netty.channel.ChannelManager - Adding key: http://localhost:33209 for channel [id: 0x0935c864, L:/127.0.0.1:57355 - R:localhost/127.0.0.1:33209]
12:54:44.242 [Forwarding getCurrentUrl on session b1eea7edc9ae30722f5e69a28e0e8855 to remote] DEBUG org.asynchttpclient.netty.request.NettyRequestSender - Using pooled Channel '[id: 0x0935c864, L:/127.0.0.1:57355 - R:localhost/127.0.0.1:33209]' for 'GET' to 'http://localhost:33209/session/b1eea7edc9ae30722f5e69a28e0e8855/url'
12:54:44.243 [Forwarding getCurrentUrl on session b1eea7edc9ae30722f5e69a28e0e8855 to remote] DEBUG org.asynchttpclient.netty.request.NettyRequestSender - Using open Channel [id: 0x0935c864, L:/127.0.0.1:57355 - R:localhost/127.0.0.1:33209] for GET '/session/b1eea7edc9ae30722f5e69a28e0e8855/url'
12:54:44.247 [AsyncHttpClient-1-5] DEBUG org.asynchttpclient.netty.handler.HttpHandler - 

Request DefaultFullHttpRequest(decodeResult: success, version: HTTP/1.1, content: EmptyByteBufBE)
GET /session/b1eea7edc9ae30722f5e69a28e0e8855/url HTTP/1.1
User-Agent: selenium/4.7.1 (java windows)
Cache-Control: no-cache
Content-Type: application/json; charset=utf-8
host: localhost:33209
accept: */*

Response DefaultHttpResponse(decodeResult: success, version: HTTP/1.1)
HTTP/1.1 200 OK
Content-Type: application/json; charset=utf-8
cache-control: no-cache
content-length: 38

12:54:44.248 [AsyncHttpClient-1-5] DEBUG org.asynchttpclient.netty.channel.ChannelManager - Adding key: http://localhost:33209 for channel [id: 0x0935c864, L:/127.0.0.1:57355 - R:localhost/127.0.0.1:33209]
12:54:44.251 [Forwarding maximizeCurrentWindow on session b1eea7edc9ae30722f5e69a28e0e8855 to remote] DEBUG org.asynchttpclient.netty.request.NettyRequestSender - Using pooled Channel '[id: 0x0935c864, L:/127.0.0.1:57355 - R:localhost/127.0.0.1:33209]' for 'POST' to 'http://localhost:33209/session/b1eea7edc9ae30722f5e69a28e0e8855/window/maximize'
12:54:44.251 [Forwarding maximizeCurrentWindow on session b1eea7edc9ae30722f5e69a28e0e8855 to remote] DEBUG org.asynchttpclient.netty.request.NettyRequestSender - Using open Channel [id: 0x0935c864, L:/127.0.0.1:57355 - R:localhost/127.0.0.1:33209] for POST '/session/b1eea7edc9ae30722f5e69a28e0e8855/window/maximize'
12:54:44.253 [AsyncHttpClient-1-5] DEBUG org.asynchttpclient.netty.handler.HttpHandler - 

Request DefaultHttpRequest(decodeResult: success, version: HTTP/1.1)
POST /session/b1eea7edc9ae30722f5e69a28e0e8855/window/maximize HTTP/1.1
User-Agent: selenium/4.7.1 (java windows)
Content-Length: 3
Content-Type: application/json; charset=utf-8
host: localhost:33209
accept: */*

Response DefaultHttpResponse(decodeResult: success, version: HTTP/1.1)
HTTP/1.1 200 OK
Content-Type: application/json; charset=utf-8
cache-control: no-cache
content-length: 50

12:54:44.253 [AsyncHttpClient-1-5] DEBUG org.asynchttpclient.netty.channel.ChannelManager - Adding key: http://localhost:33209 for channel [id: 0x0935c864, L:/127.0.0.1:57355 - R:localhost/127.0.0.1:33209]
12:54:44.257 [Forwarding findElement on session b1eea7edc9ae30722f5e69a28e0e8855 to remote] DEBUG org.asynchttpclient.netty.request.NettyRequestSender - Using pooled Channel '[id: 0x0935c864, L:/127.0.0.1:57355 - R:localhost/127.0.0.1:33209]' for 'POST' to 'http://localhost:33209/session/b1eea7edc9ae30722f5e69a28e0e8855/element'
12:54:44.257 [Forwarding findElement on session b1eea7edc9ae30722f5e69a28e0e8855 to remote] DEBUG org.asynchttpclient.netty.request.NettyRequestSender - Using open Channel [id: 0x0935c864, L:/127.0.0.1:57355 - R:localhost/127.0.0.1:33209] for POST '/session/b1eea7edc9ae30722f5e69a28e0e8855/element'
12:54:44.267 [AsyncHttpClient-1-5] DEBUG org.asynchttpclient.netty.handler.HttpHandler - 

Request DefaultHttpRequest(decodeResult: success, version: HTTP/1.1)
POST /session/b1eea7edc9ae30722f5e69a28e0e8855/element HTTP/1.1
User-Agent: selenium/4.7.1 (java windows)
Content-Length: 56
Content-Type: application/json; charset=utf-8
host: localhost:33209
accept: */*

Response DefaultHttpResponse(decodeResult: success, version: HTTP/1.1)
HTTP/1.1 200 OK
Content-Type: application/json; charset=utf-8
cache-control: no-cache
content-length: 88

12:54:44.267 [AsyncHttpClient-1-5] DEBUG org.asynchttpclient.netty.channel.ChannelManager - Adding key: http://localhost:33209 for channel [id: 0x0935c864, L:/127.0.0.1:57355 - R:localhost/127.0.0.1:33209]
12:54:44.268 [Forwarding sendKeysToElement on session b1eea7edc9ae30722f5e69a28e0e8855 to remote] DEBUG org.asynchttpclient.netty.request.NettyRequestSender - Using pooled Channel '[id: 0x0935c864, L:/127.0.0.1:57355 - R:localhost/127.0.0.1:33209]' for 'POST' to 'http://localhost:33209/session/b1eea7edc9ae30722f5e69a28e0e8855/element/d50cb7bf-b7d0-4347-ade0-0f9e88ee1e1e/value'
12:54:44.268 [Forwarding sendKeysToElement on session b1eea7edc9ae30722f5e69a28e0e8855 to remote] DEBUG org.asynchttpclient.netty.request.NettyRequestSender - Using open Channel [id: 0x0935c864, L:/127.0.0.1:57355 - R:localhost/127.0.0.1:33209] for POST '/session/b1eea7edc9ae30722f5e69a28e0e8855/element/d50cb7bf-b7d0-4347-ade0-0f9e88ee1e1e/value'
12:54:44.328 [AsyncHttpClient-1-5] DEBUG org.asynchttpclient.netty.handler.HttpHandler - 

Request DefaultHttpRequest(decodeResult: success, version: HTTP/1.1)
POST /session/b1eea7edc9ae30722f5e69a28e0e8855/element/d50cb7bf-b7d0-4347-ade0-0f9e88ee1e1e/value HTTP/1.1
User-Agent: selenium/4.7.1 (java windows)
Content-Length: 231
Content-Type: application/json; charset=utf-8
host: localhost:33209
accept: */*

Response DefaultHttpResponse(decodeResult: success, version: HTTP/1.1)
HTTP/1.1 200 OK
Content-Type: application/json; charset=utf-8
cache-control: no-cache
content-length: 14

12:54:44.328 [AsyncHttpClient-1-5] DEBUG org.asynchttpclient.netty.channel.ChannelManager - Adding key: http://localhost:33209 for channel [id: 0x0935c864, L:/127.0.0.1:57355 - R:localhost/127.0.0.1:33209]
  &amp#27;[32mThen &amp#27;[0m&amp#27;[32mI fill username &amp#27;[0m&amp#27;[32m&amp#27;[1m"locked_out_user"&amp#27;[0m                           &amp#27;[90m# Class6BDD.steps.LoginSteps.iFillUsername(java.lang.String)&amp#27;[0m
12:54:44.337 [Forwarding getCurrentWindowHandle on session b1eea7edc9ae30722f5e69a28e0e8855 to remote] DEBUG org.asynchttpclient.netty.request.NettyRequestSender - Using pooled Channel '[id: 0x0935c864, L:/127.0.0.1:57355 - R:localhost/127.0.0.1:33209]' for 'GET' to 'http://localhost:33209/session/b1eea7edc9ae30722f5e69a28e0e8855/window'
12:54:44.338 [Forwarding getCurrentWindowHandle on session b1eea7edc9ae30722f5e69a28e0e8855 to remote] DEBUG org.asynchttpclient.netty.request.NettyRequestSender - Using open Channel [id: 0x0935c864, L:/127.0.0.1:57355 - R:localhost/127.0.0.1:33209] for GET '/session/b1eea7edc9ae30722f5e69a28e0e8855/window'
12:54:44.338 [AsyncHttpClient-1-5] DEBUG org.asynchttpclient.netty.handler.HttpHandler - 

Request DefaultFullHttpRequest(decodeResult: success, version: HTTP/1.1, content: EmptyByteBufBE)
GET /session/b1eea7edc9ae30722f5e69a28e0e8855/window HTTP/1.1
User-Agent: selenium/4.7.1 (java windows)
Cache-Control: no-cache
Content-Type: application/json; charset=utf-8
host: localhost:33209
accept: */*

Response DefaultHttpResponse(decodeResult: success, version: HTTP/1.1)
HTTP/1.1 200 OK
Content-Type: application/json; charset=utf-8
cache-control: no-cache
content-length: 53

12:54:44.338 [AsyncHttpClient-1-5] DEBUG org.asynchttpclient.netty.channel.ChannelManager - Adding key: http://localhost:33209 for channel [id: 0x0935c864, L:/127.0.0.1:57355 - R:localhost/127.0.0.1:33209]
12:54:44.339 [Forwarding getAlertText on session b1eea7edc9ae30722f5e69a28e0e8855 to remote] DEBUG org.asynchttpclient.netty.request.NettyRequestSender - Using pooled Channel '[id: 0x0935c864, L:/127.0.0.1:57355 - R:localhost/127.0.0.1:33209]' for 'GET' to 'http://localhost:33209/session/b1eea7edc9ae30722f5e69a28e0e8855/alert/text'
12:54:44.339 [Forwarding getAlertText on session b1eea7edc9ae30722f5e69a28e0e8855 to remote] DEBUG org.asynchttpclient.netty.request.NettyRequestSender - Using open Channel [id: 0x0935c864, L:/127.0.0.1:57355 - R:localhost/127.0.0.1:33209] for GET '/session/b1eea7edc9ae30722f5e69a28e0e8855/alert/text'
12:54:44.340 [AsyncHttpClient-1-5] DEBUG org.asynchttpclient.netty.handler.HttpHandler - 

Request DefaultFullHttpRequest(decodeResult: success, version: HTTP/1.1, content: EmptyByteBufBE)
GET /session/b1eea7edc9ae30722f5e69a28e0e8855/alert/text HTTP/1.1
User-Agent: selenium/4.7.1 (java windows)
Cache-Control: no-cache
Content-Type: application/json; charset=utf-8
host: localhost:33209
accept: */*

Response DefaultHttpResponse(decodeResult: success, version: HTTP/1.1)
HTTP/1.1 404 Not Found
Content-Type: application/json; charset=utf-8
cache-control: no-cache
content-length: 834

12:54:44.340 [AsyncHttpClient-1-5] DEBUG org.asynchttpclient.netty.channel.ChannelManager - Adding key: http://localhost:33209 for channel [id: 0x0935c864, L:/127.0.0.1:57355 - R:localhost/127.0.0.1:33209]
12:54:44.343 [Forwarding switchToWindow on session b1eea7edc9ae30722f5e69a28e0e8855 to remote] DEBUG org.asynchttpclient.netty.request.NettyRequestSender - Using pooled Channel '[id: 0x0935c864, L:/127.0.0.1:57355 - R:localhost/127.0.0.1:33209]' for 'POST' to 'http://localhost:33209/session/b1eea7edc9ae30722f5e69a28e0e8855/window'
12:54:44.343 [Forwarding switchToWindow on session b1eea7edc9ae30722f5e69a28e0e8855 to remote] DEBUG org.asynchttpclient.netty.request.NettyRequestSender - Using open Channel [id: 0x0935c864, L:/127.0.0.1:57355 - R:localhost/127.0.0.1:33209] for POST '/session/b1eea7edc9ae30722f5e69a28e0e8855/window'
12:54:44.344 [AsyncHttpClient-1-5] DEBUG org.asynchttpclient.netty.handler.HttpHandler - 

Request DefaultHttpRequest(decodeResult: success, version: HTTP/1.1)
POST /session/b1eea7edc9ae30722f5e69a28e0e8855/window HTTP/1.1
User-Agent: selenium/4.7.1 (java windows)
Content-Length: 59
Content-Type: application/json; charset=utf-8
host: localhost:33209
accept: */*

Response DefaultHttpResponse(decodeResult: success, version: HTTP/1.1)
HTTP/1.1 200 OK
Content-Type: application/json; charset=utf-8
cache-control: no-cache
content-length: 14

12:54:44.344 [AsyncHttpClient-1-5] DEBUG org.asynchttpclient.netty.channel.ChannelManager - Adding key: http://localhost:33209 for channel [id: 0x0935c864, L:/127.0.0.1:57355 - R:localhost/127.0.0.1:33209]
12:54:44.345 [Forwarding getCurrentUrl on session b1eea7edc9ae30722f5e69a28e0e8855 to remote] DEBUG org.asynchttpclient.netty.request.NettyRequestSender - Using pooled Channel '[id: 0x0935c864, L:/127.0.0.1:57355 - R:localhost/127.0.0.1:33209]' for 'GET' to 'http://localhost:33209/session/b1eea7edc9ae30722f5e69a28e0e8855/url'
12:54:44.345 [Forwarding getCurrentUrl on session b1eea7edc9ae30722f5e69a28e0e8855 to remote] DEBUG org.asynchttpclient.netty.request.NettyRequestSender - Using open Channel [id: 0x0935c864, L:/127.0.0.1:57355 - R:localhost/127.0.0.1:33209] for GET '/session/b1eea7edc9ae30722f5e69a28e0e8855/url'
12:54:44.348 [AsyncHttpClient-1-5] DEBUG org.asynchttpclient.netty.handler.HttpHandler - 

Request DefaultFullHttpRequest(decodeResult: success, version: HTTP/1.1, content: EmptyByteBufBE)
GET /session/b1eea7edc9ae30722f5e69a28e0e8855/url HTTP/1.1
User-Agent: selenium/4.7.1 (java windows)
Cache-Control: no-cache
Content-Type: application/json; charset=utf-8
host: localhost:33209
accept: */*

Response DefaultHttpResponse(decodeResult: success, version: HTTP/1.1)
HTTP/1.1 200 OK
Content-Type: application/json; charset=utf-8
cache-control: no-cache
content-length: 38

12:54:44.349 [AsyncHttpClient-1-5] DEBUG org.asynchttpclient.netty.channel.ChannelManager - Adding key: http://localhost:33209 for channel [id: 0x0935c864, L:/127.0.0.1:57355 - R:localhost/127.0.0.1:33209]
12:54:44.349 [Forwarding screenshot on session b1eea7edc9ae30722f5e69a28e0e8855 to remote] DEBUG org.asynchttpclient.netty.request.NettyRequestSender - Using pooled Channel '[id: 0x0935c864, L:/127.0.0.1:57355 - R:localhost/127.0.0.1:33209]' for 'GET' to 'http://localhost:33209/session/b1eea7edc9ae30722f5e69a28e0e8855/screenshot'
12:54:44.349 [Forwarding screenshot on session b1eea7edc9ae30722f5e69a28e0e8855 to remote] DEBUG org.asynchttpclient.netty.request.NettyRequestSender - Using open Channel [id: 0x0935c864, L:/127.0.0.1:57355 - R:localhost/127.0.0.1:33209] for GET '/session/b1eea7edc9ae30722f5e69a28e0e8855/screenshot'
12:54:44.500 [AsyncHttpClient-1-5] DEBUG org.asynchttpclient.netty.handler.HttpHandler - 

Request DefaultFullHttpRequest(decodeResult: success, version: HTTP/1.1, content: EmptyByteBufBE)
GET /session/b1eea7edc9ae30722f5e69a28e0e8855/screenshot HTTP/1.1
User-Agent: selenium/4.7.1 (java windows)
Cache-Control: no-cache
Content-Type: application/json; charset=utf-8
host: localhost:33209
accept: */*

Response DefaultHttpResponse(decodeResult: success, version: HTTP/1.1)
HTTP/1.1 200 OK
Content-Type: application/json; charset=utf-8
cache-control: no-cache
content-length: 82224

12:54:44.501 [AsyncHttpClient-1-5] DEBUG org.asynchttpclient.netty.channel.ChannelManager - Adding key: http://localhost:33209 for channel [id: 0x0935c864, L:/127.0.0.1:57355 - R:localhost/127.0.0.1:33209]
12:54:44.503 [main] DEBUG net.serenitybdd.core.photography.Darkroom - Send negative for processing for target\site\serenity\db3307ac2f6b2973c695d103ff49f3b2b7260f078c0701aad55ffbb6f29ec532.png
12:54:44.508 [Forwarding getPageSource on session b1eea7edc9ae30722f5e69a28e0e8855 to remote] DEBUG org.asynchttpclient.netty.request.NettyRequestSender - Using pooled Channel '[id: 0x0935c864, L:/127.0.0.1:57355 - R:localhost/127.0.0.1:33209]' for 'POST' to 'http://localhost:33209/session/b1eea7edc9ae30722f5e69a28e0e8855/execute/sync'
12:54:44.508 [Forwarding getPageSource on session b1eea7edc9ae30722f5e69a28e0e8855 to remote] DEBUG org.asynchttpclient.netty.request.NettyRequestSender - Using open Channel [id: 0x0935c864, L:/127.0.0.1:57355 - R:localhost/127.0.0.1:33209] for POST '/session/b1eea7edc9ae30722f5e69a28e0e8855/execute/sync'
12:54:44.511 [AsyncHttpClient-1-5] DEBUG org.asynchttpclient.netty.handler.HttpHandler - 

Request DefaultHttpRequest(decodeResult: success, version: HTTP/1.1)
POST /session/b1eea7edc9ae30722f5e69a28e0e8855/execute/sync HTTP/1.1
User-Agent: selenium/4.7.1 (java windows)
Content-Length: 176
Content-Type: application/json; charset=utf-8
host: localhost:33209
accept: */*

Response DefaultHttpResponse(decodeResult: success, version: HTTP/1.1)
HTTP/1.1 200 OK
Content-Type: application/json; charset=utf-8
cache-control: no-cache
content-length: 4175

12:54:44.511 [AsyncHttpClient-1-5] DEBUG org.asynchttpclient.netty.channel.ChannelManager - Adding key: http://localhost:33209 for channel [id: 0x0935c864, L:/127.0.0.1:57355 - R:localhost/127.0.0.1:33209]
12:54:44.514 [Forwarding getCurrentUrl on session b1eea7edc9ae30722f5e69a28e0e8855 to remote] DEBUG org.asynchttpclient.netty.request.NettyRequestSender - Using pooled Channel '[id: 0x0935c864, L:/127.0.0.1:57355 - R:localhost/127.0.0.1:33209]' for 'GET' to 'http://localhost:33209/session/b1eea7edc9ae30722f5e69a28e0e8855/url'
12:54:44.514 [Forwarding getCurrentUrl on session b1eea7edc9ae30722f5e69a28e0e8855 to remote] DEBUG org.asynchttpclient.netty.request.NettyRequestSender - Using open Channel [id: 0x0935c864, L:/127.0.0.1:57355 - R:localhost/127.0.0.1:33209] for GET '/session/b1eea7edc9ae30722f5e69a28e0e8855/url'
12:54:44.518 [AsyncHttpClient-1-5] DEBUG org.asynchttpclient.netty.handler.HttpHandler - 

Request DefaultFullHttpRequest(decodeResult: success, version: HTTP/1.1, content: EmptyByteBufBE)
GET /session/b1eea7edc9ae30722f5e69a28e0e8855/url HTTP/1.1
User-Agent: selenium/4.7.1 (java windows)
Cache-Control: no-cache
Content-Type: application/json; charset=utf-8
host: localhost:33209
accept: */*

Response DefaultHttpResponse(decodeResult: success, version: HTTP/1.1)
HTTP/1.1 200 OK
Content-Type: application/json; charset=utf-8
cache-control: no-cache
content-length: 38

12:54:44.518 [AsyncHttpClient-1-5] DEBUG org.asynchttpclient.netty.channel.ChannelManager - Adding key: http://localhost:33209 for channel [id: 0x0935c864, L:/127.0.0.1:57355 - R:localhost/127.0.0.1:33209]
12:54:44.521 [Forwarding findElement on session b1eea7edc9ae30722f5e69a28e0e8855 to remote] DEBUG org.asynchttpclient.netty.request.NettyRequestSender - Using pooled Channel '[id: 0x0935c864, L:/127.0.0.1:57355 - R:localhost/127.0.0.1:33209]' for 'POST' to 'http://localhost:33209/session/b1eea7edc9ae30722f5e69a28e0e8855/element'
12:54:44.522 [Forwarding findElement on session b1eea7edc9ae30722f5e69a28e0e8855 to remote] DEBUG org.asynchttpclient.netty.request.NettyRequestSender - Using open Channel [id: 0x0935c864, L:/127.0.0.1:57355 - R:localhost/127.0.0.1:33209] for POST '/session/b1eea7edc9ae30722f5e69a28e0e8855/element'
12:54:44.531 [AsyncHttpClient-1-5] DEBUG org.asynchttpclient.netty.handler.HttpHandler - 

Request DefaultHttpRequest(decodeResult: success, version: HTTP/1.1)
POST /session/b1eea7edc9ae30722f5e69a28e0e8855/element HTTP/1.1
User-Agent: selenium/4.7.1 (java windows)
Content-Length: 53
Content-Type: application/json; charset=utf-8
host: localhost:33209
accept: */*

Response DefaultHttpResponse(decodeResult: success, version: HTTP/1.1)
HTTP/1.1 200 OK
Content-Type: application/json; charset=utf-8
cache-control: no-cache
content-length: 88

12:54:44.531 [AsyncHttpClient-1-5] DEBUG org.asynchttpclient.netty.channel.ChannelManager - Adding key: http://localhost:33209 for channel [id: 0x0935c864, L:/127.0.0.1:57355 - R:localhost/127.0.0.1:33209]
12:54:44.532 [Forwarding sendKeysToElement on session b1eea7edc9ae30722f5e69a28e0e8855 to remote] DEBUG org.asynchttpclient.netty.request.NettyRequestSender - Using pooled Channel '[id: 0x0935c864, L:/127.0.0.1:57355 - R:localhost/127.0.0.1:33209]' for 'POST' to 'http://localhost:33209/session/b1eea7edc9ae30722f5e69a28e0e8855/element/6b7d0461-5c73-4f4a-b8f6-d3f64161daea/value'
12:54:44.532 [Forwarding sendKeysToElement on session b1eea7edc9ae30722f5e69a28e0e8855 to remote] DEBUG org.asynchttpclient.netty.request.NettyRequestSender - Using open Channel [id: 0x0935c864, L:/127.0.0.1:57355 - R:localhost/127.0.0.1:33209] for POST '/session/b1eea7edc9ae30722f5e69a28e0e8855/element/6b7d0461-5c73-4f4a-b8f6-d3f64161daea/value'
12:54:44.580 [AsyncHttpClient-1-5] DEBUG org.asynchttpclient.netty.handler.HttpHandler - 

Request DefaultHttpRequest(decodeResult: success, version: HTTP/1.1)
POST /session/b1eea7edc9ae30722f5e69a28e0e8855/element/6b7d0461-5c73-4f4a-b8f6-d3f64161daea/value HTTP/1.1
User-Agent: selenium/4.7.1 (java windows)
Content-Length: 201
Content-Type: application/json; charset=utf-8
host: localhost:33209
accept: */*

Response DefaultHttpResponse(decodeResult: success, version: HTTP/1.1)
HTTP/1.1 200 OK
Content-Type: application/json; charset=utf-8
cache-control: no-cache
content-length: 14

12:54:44.580 [AsyncHttpClient-1-5] DEBUG org.asynchttpclient.netty.channel.ChannelManager - Adding key: http://localhost:33209 for channel [id: 0x0935c864, L:/127.0.0.1:57355 - R:localhost/127.0.0.1:33209]
  &amp#27;[32mThen &amp#27;[0m&amp#27;[32mI fill password &amp#27;[0m&amp#27;[32m&amp#27;[1m"secret_sauce"&amp#27;[0m                              &amp#27;[90m# Class6BDD.steps.LoginSteps.iFillPassword(java.lang.String)&amp#27;[0m
12:54:44.585 [Forwarding getCurrentWindowHandle on session b1eea7edc9ae30722f5e69a28e0e8855 to remote] DEBUG org.asynchttpclient.netty.request.NettyRequestSender - Using pooled Channel '[id: 0x0935c864, L:/127.0.0.1:57355 - R:localhost/127.0.0.1:33209]' for 'GET' to 'http://localhost:33209/session/b1eea7edc9ae30722f5e69a28e0e8855/window'
12:54:44.585 [Forwarding getCurrentWindowHandle on session b1eea7edc9ae30722f5e69a28e0e8855 to remote] DEBUG org.asynchttpclient.netty.request.NettyRequestSender - Using open Channel [id: 0x0935c864, L:/127.0.0.1:57355 - R:localhost/127.0.0.1:33209] for GET '/session/b1eea7edc9ae30722f5e69a28e0e8855/window'
12:54:44.586 [AsyncHttpClient-1-5] DEBUG org.asynchttpclient.netty.handler.HttpHandler - 

Request DefaultFullHttpRequest(decodeResult: success, version: HTTP/1.1, content: EmptyByteBufBE)
GET /session/b1eea7edc9ae30722f5e69a28e0e8855/window HTTP/1.1
User-Agent: selenium/4.7.1 (java windows)
Cache-Control: no-cache
Content-Type: application/json; charset=utf-8
host: localhost:33209
accept: */*

Response DefaultHttpResponse(decodeResult: success, version: HTTP/1.1)
HTTP/1.1 200 OK
Content-Type: application/json; charset=utf-8
cache-control: no-cache
content-length: 53

12:54:44.586 [AsyncHttpClient-1-5] DEBUG org.asynchttpclient.netty.channel.ChannelManager - Adding key: http://localhost:33209 for channel [id: 0x0935c864, L:/127.0.0.1:57355 - R:localhost/127.0.0.1:33209]
12:54:44.587 [Forwarding getAlertText on session b1eea7edc9ae30722f5e69a28e0e8855 to remote] DEBUG org.asynchttpclient.netty.request.NettyRequestSender - Using pooled Channel '[id: 0x0935c864, L:/127.0.0.1:57355 - R:localhost/127.0.0.1:33209]' for 'GET' to 'http://localhost:33209/session/b1eea7edc9ae30722f5e69a28e0e8855/alert/text'
12:54:44.587 [Forwarding getAlertText on session b1eea7edc9ae30722f5e69a28e0e8855 to remote] DEBUG org.asynchttpclient.netty.request.NettyRequestSender - Using open Channel [id: 0x0935c864, L:/127.0.0.1:57355 - R:localhost/127.0.0.1:33209] for GET '/session/b1eea7edc9ae30722f5e69a28e0e8855/alert/text'
12:54:44.588 [AsyncHttpClient-1-5] DEBUG org.asynchttpclient.netty.handler.HttpHandler - 

Request DefaultFullHttpRequest(decodeResult: success, version: HTTP/1.1, content: EmptyByteBufBE)
GET /session/b1eea7edc9ae30722f5e69a28e0e8855/alert/text HTTP/1.1
User-Agent: selenium/4.7.1 (java windows)
Cache-Control: no-cache
Content-Type: application/json; charset=utf-8
host: localhost:33209
accept: */*

Response DefaultHttpResponse(decodeResult: success, version: HTTP/1.1)
HTTP/1.1 404 Not Found
Content-Type: application/json; charset=utf-8
cache-control: no-cache
content-length: 834

12:54:44.588 [AsyncHttpClient-1-5] DEBUG org.asynchttpclient.netty.channel.ChannelManager - Adding key: http://localhost:33209 for channel [id: 0x0935c864, L:/127.0.0.1:57355 - R:localhost/127.0.0.1:33209]
12:54:44.589 [Forwarding switchToWindow on session b1eea7edc9ae30722f5e69a28e0e8855 to remote] DEBUG org.asynchttpclient.netty.request.NettyRequestSender - Using pooled Channel '[id: 0x0935c864, L:/127.0.0.1:57355 - R:localhost/127.0.0.1:33209]' for 'POST' to 'http://localhost:33209/session/b1eea7edc9ae30722f5e69a28e0e8855/window'
12:54:44.589 [Forwarding switchToWindow on session b1eea7edc9ae30722f5e69a28e0e8855 to remote] DEBUG org.asynchttpclient.netty.request.NettyRequestSender - Using open Channel [id: 0x0935c864, L:/127.0.0.1:57355 - R:localhost/127.0.0.1:33209] for POST '/session/b1eea7edc9ae30722f5e69a28e0e8855/window'
12:54:44.590 [AsyncHttpClient-1-5] DEBUG org.asynchttpclient.netty.handler.HttpHandler - 

Request DefaultHttpRequest(decodeResult: success, version: HTTP/1.1)
POST /session/b1eea7edc9ae30722f5e69a28e0e8855/window HTTP/1.1
User-Agent: selenium/4.7.1 (java windows)
Content-Length: 59
Content-Type: application/json; charset=utf-8
host: localhost:33209
accept: */*

Response DefaultHttpResponse(decodeResult: success, version: HTTP/1.1)
HTTP/1.1 200 OK
Content-Type: application/json; charset=utf-8
cache-control: no-cache
content-length: 14

12:54:44.591 [AsyncHttpClient-1-5] DEBUG org.asynchttpclient.netty.channel.ChannelManager - Adding key: http://localhost:33209 for channel [id: 0x0935c864, L:/127.0.0.1:57355 - R:localhost/127.0.0.1:33209]
12:54:44.591 [Forwarding getCurrentUrl on session b1eea7edc9ae30722f5e69a28e0e8855 to remote] DEBUG org.asynchttpclient.netty.request.NettyRequestSender - Using pooled Channel '[id: 0x0935c864, L:/127.0.0.1:57355 - R:localhost/127.0.0.1:33209]' for 'GET' to 'http://localhost:33209/session/b1eea7edc9ae30722f5e69a28e0e8855/url'
12:54:44.591 [Forwarding getCurrentUrl on session b1eea7edc9ae30722f5e69a28e0e8855 to remote] DEBUG org.asynchttpclient.netty.request.NettyRequestSender - Using open Channel [id: 0x0935c864, L:/127.0.0.1:57355 - R:localhost/127.0.0.1:33209] for GET '/session/b1eea7edc9ae30722f5e69a28e0e8855/url'
12:54:44.594 [AsyncHttpClient-1-5] DEBUG org.asynchttpclient.netty.handler.HttpHandler - 

Request DefaultFullHttpRequest(decodeResult: success, version: HTTP/1.1, content: EmptyByteBufBE)
GET /session/b1eea7edc9ae30722f5e69a28e0e8855/url HTTP/1.1
User-Agent: selenium/4.7.1 (java windows)
Cache-Control: no-cache
Content-Type: application/json; charset=utf-8
host: localhost:33209
accept: */*

Response DefaultHttpResponse(decodeResult: success, version: HTTP/1.1)
HTTP/1.1 200 OK
Content-Type: application/json; charset=utf-8
cache-control: no-cache
content-length: 38

12:54:44.594 [AsyncHttpClient-1-5] DEBUG org.asynchttpclient.netty.channel.ChannelManager - Adding key: http://localhost:33209 for channel [id: 0x0935c864, L:/127.0.0.1:57355 - R:localhost/127.0.0.1:33209]
12:54:44.594 [Forwarding screenshot on session b1eea7edc9ae30722f5e69a28e0e8855 to remote] DEBUG org.asynchttpclient.netty.request.NettyRequestSender - Using pooled Channel '[id: 0x0935c864, L:/127.0.0.1:57355 - R:localhost/127.0.0.1:33209]' for 'GET' to 'http://localhost:33209/session/b1eea7edc9ae30722f5e69a28e0e8855/screenshot'
12:54:44.594 [Forwarding screenshot on session b1eea7edc9ae30722f5e69a28e0e8855 to remote] DEBUG org.asynchttpclient.netty.request.NettyRequestSender - Using open Channel [id: 0x0935c864, L:/127.0.0.1:57355 - R:localhost/127.0.0.1:33209] for GET '/session/b1eea7edc9ae30722f5e69a28e0e8855/screenshot'
12:54:44.790 [AsyncHttpClient-1-5] DEBUG org.asynchttpclient.netty.handler.HttpHandler - 

Request DefaultFullHttpRequest(decodeResult: success, version: HTTP/1.1, content: EmptyByteBufBE)
GET /session/b1eea7edc9ae30722f5e69a28e0e8855/screenshot HTTP/1.1
User-Agent: selenium/4.7.1 (java windows)
Cache-Control: no-cache
Content-Type: application/json; charset=utf-8
host: localhost:33209
accept: */*

Response DefaultHttpResponse(decodeResult: success, version: HTTP/1.1)
HTTP/1.1 200 OK
Content-Type: application/json; charset=utf-8
cache-control: no-cache
content-length: 80300

12:54:44.791 [AsyncHttpClient-1-5] DEBUG org.asynchttpclient.netty.channel.ChannelManager - Adding key: http://localhost:33209 for channel [id: 0x0935c864, L:/127.0.0.1:57355 - R:localhost/127.0.0.1:33209]
12:54:44.793 [main] DEBUG net.serenitybdd.core.photography.Darkroom - Send negative for processing for target\site\serenity\a406c996e58380dbbb30bef6decd692342da1582da1b8b7da93010f1e69cfec6.png
12:54:44.797 [Forwarding getPageSource on session b1eea7edc9ae30722f5e69a28e0e8855 to remote] DEBUG org.asynchttpclient.netty.request.NettyRequestSender - Using pooled Channel '[id: 0x0935c864, L:/127.0.0.1:57355 - R:localhost/127.0.0.1:33209]' for 'POST' to 'http://localhost:33209/session/b1eea7edc9ae30722f5e69a28e0e8855/execute/sync'
12:54:44.797 [Forwarding getPageSource on session b1eea7edc9ae30722f5e69a28e0e8855 to remote] DEBUG org.asynchttpclient.netty.request.NettyRequestSender - Using open Channel [id: 0x0935c864, L:/127.0.0.1:57355 - R:localhost/127.0.0.1:33209] for POST '/session/b1eea7edc9ae30722f5e69a28e0e8855/execute/sync'
12:54:44.799 [AsyncHttpClient-1-5] DEBUG org.asynchttpclient.netty.handler.HttpHandler - 

Request DefaultHttpRequest(decodeResult: success, version: HTTP/1.1)
POST /session/b1eea7edc9ae30722f5e69a28e0e8855/execute/sync HTTP/1.1
User-Agent: selenium/4.7.1 (java windows)
Content-Length: 176
Content-Type: application/json; charset=utf-8
host: localhost:33209
accept: */*

Response DefaultHttpResponse(decodeResult: success, version: HTTP/1.1)
HTTP/1.1 200 OK
Content-Type: application/json; charset=utf-8
cache-control: no-cache
content-length: 4187

12:54:44.800 [AsyncHttpClient-1-5] DEBUG org.asynchttpclient.netty.channel.ChannelManager - Adding key: http://localhost:33209 for channel [id: 0x0935c864, L:/127.0.0.1:57355 - R:localhost/127.0.0.1:33209]
12:54:44.801 [Forwarding getCurrentUrl on session b1eea7edc9ae30722f5e69a28e0e8855 to remote] DEBUG org.asynchttpclient.netty.request.NettyRequestSender - Using pooled Channel '[id: 0x0935c864, L:/127.0.0.1:57355 - R:localhost/127.0.0.1:33209]' for 'GET' to 'http://localhost:33209/session/b1eea7edc9ae30722f5e69a28e0e8855/url'
12:54:44.801 [Forwarding getCurrentUrl on session b1eea7edc9ae30722f5e69a28e0e8855 to remote] DEBUG org.asynchttpclient.netty.request.NettyRequestSender - Using open Channel [id: 0x0935c864, L:/127.0.0.1:57355 - R:localhost/127.0.0.1:33209] for GET '/session/b1eea7edc9ae30722f5e69a28e0e8855/url'
12:54:44.804 [AsyncHttpClient-1-5] DEBUG org.asynchttpclient.netty.handler.HttpHandler - 

Request DefaultFullHttpRequest(decodeResult: success, version: HTTP/1.1, content: EmptyByteBufBE)
GET /session/b1eea7edc9ae30722f5e69a28e0e8855/url HTTP/1.1
User-Agent: selenium/4.7.1 (java windows)
Cache-Control: no-cache
Content-Type: application/json; charset=utf-8
host: localhost:33209
accept: */*

Response DefaultHttpResponse(decodeResult: success, version: HTTP/1.1)
HTTP/1.1 200 OK
Content-Type: application/json; charset=utf-8
cache-control: no-cache
content-length: 38

12:54:44.804 [AsyncHttpClient-1-5] DEBUG org.asynchttpclient.netty.channel.ChannelManager - Adding key: http://localhost:33209 for channel [id: 0x0935c864, L:/127.0.0.1:57355 - R:localhost/127.0.0.1:33209]
12:54:44.807 [Forwarding findElement on session b1eea7edc9ae30722f5e69a28e0e8855 to remote] DEBUG org.asynchttpclient.netty.request.NettyRequestSender - Using pooled Channel '[id: 0x0935c864, L:/127.0.0.1:57355 - R:localhost/127.0.0.1:33209]' for 'POST' to 'http://localhost:33209/session/b1eea7edc9ae30722f5e69a28e0e8855/element'
12:54:44.807 [Forwarding findElement on session b1eea7edc9ae30722f5e69a28e0e8855 to remote] DEBUG org.asynchttpclient.netty.request.NettyRequestSender - Using open Channel [id: 0x0935c864, L:/127.0.0.1:57355 - R:localhost/127.0.0.1:33209] for POST '/session/b1eea7edc9ae30722f5e69a28e0e8855/element'
12:54:44.830 [AsyncHttpClient-1-5] DEBUG org.asynchttpclient.netty.handler.HttpHandler - 

Request DefaultHttpRequest(decodeResult: success, version: HTTP/1.1)
POST /session/b1eea7edc9ae30722f5e69a28e0e8855/element HTTP/1.1
User-Agent: selenium/4.7.1 (java windows)
Content-Length: 59
Content-Type: application/json; charset=utf-8
host: localhost:33209
accept: */*

Response DefaultHttpResponse(decodeResult: success, version: HTTP/1.1)
HTTP/1.1 200 OK
Content-Type: application/json; charset=utf-8
cache-control: no-cache
content-length: 88

12:54:44.830 [AsyncHttpClient-1-5] DEBUG org.asynchttpclient.netty.channel.ChannelManager - Adding key: http://localhost:33209 for channel [id: 0x0935c864, L:/127.0.0.1:57355 - R:localhost/127.0.0.1:33209]
12:54:44.833 [Forwarding clickElement on session b1eea7edc9ae30722f5e69a28e0e8855 to remote] DEBUG org.asynchttpclient.netty.request.NettyRequestSender - Using pooled Channel '[id: 0x0935c864, L:/127.0.0.1:57355 - R:localhost/127.0.0.1:33209]' for 'POST' to 'http://localhost:33209/session/b1eea7edc9ae30722f5e69a28e0e8855/element/411592c5-2cf8-4853-8f84-ab455d07149e/click'
12:54:44.833 [Forwarding clickElement on session b1eea7edc9ae30722f5e69a28e0e8855 to remote] DEBUG org.asynchttpclient.netty.request.NettyRequestSender - Using open Channel [id: 0x0935c864, L:/127.0.0.1:57355 - R:localhost/127.0.0.1:33209] for POST '/session/b1eea7edc9ae30722f5e69a28e0e8855/element/411592c5-2cf8-4853-8f84-ab455d07149e/click'
12:54:44.862 [AsyncHttpClient-1-1] DEBUG org.asynchttpclient.netty.channel.DefaultChannelPool - Entry count for : http://localhost:57356 : 1
12:54:44.908 [AsyncHttpClient-1-5] DEBUG org.asynchttpclient.netty.handler.HttpHandler - 

Request DefaultHttpRequest(decodeResult: success, version: HTTP/1.1)
POST /session/b1eea7edc9ae30722f5e69a28e0e8855/element/411592c5-2cf8-4853-8f84-ab455d07149e/click HTTP/1.1
User-Agent: selenium/4.7.1 (java windows)
Content-Length: 50
Content-Type: application/json; charset=utf-8
host: localhost:33209
accept: */*

Response DefaultHttpResponse(decodeResult: success, version: HTTP/1.1)
HTTP/1.1 200 OK
Content-Type: application/json; charset=utf-8
cache-control: no-cache
content-length: 14

12:54:44.908 [AsyncHttpClient-1-5] DEBUG org.asynchttpclient.netty.channel.ChannelManager - Adding key: http://localhost:33209 for channel [id: 0x0935c864, L:/127.0.0.1:57355 - R:localhost/127.0.0.1:33209]
  &amp#27;[32mThen &amp#27;[0m&amp#27;[32mI click on Login&amp#27;[0m                                            &amp#27;[90m# Class6BDD.steps.LoginSteps.IClickLoginButton()&amp#27;[0m
12:54:44.913 [Forwarding getCurrentWindowHandle on session b1eea7edc9ae30722f5e69a28e0e8855 to remote] DEBUG org.asynchttpclient.netty.request.NettyRequestSender - Using pooled Channel '[id: 0x0935c864, L:/127.0.0.1:57355 - R:localhost/127.0.0.1:33209]' for 'GET' to 'http://localhost:33209/session/b1eea7edc9ae30722f5e69a28e0e8855/window'
12:54:44.913 [Forwarding getCurrentWindowHandle on session b1eea7edc9ae30722f5e69a28e0e8855 to remote] DEBUG org.asynchttpclient.netty.request.NettyRequestSender - Using open Channel [id: 0x0935c864, L:/127.0.0.1:57355 - R:localhost/127.0.0.1:33209] for GET '/session/b1eea7edc9ae30722f5e69a28e0e8855/window'
12:54:44.914 [AsyncHttpClient-1-5] DEBUG org.asynchttpclient.netty.handler.HttpHandler - 

Request DefaultFullHttpRequest(decodeResult: success, version: HTTP/1.1, content: EmptyByteBufBE)
GET /session/b1eea7edc9ae30722f5e69a28e0e8855/window HTTP/1.1
User-Agent: selenium/4.7.1 (java windows)
Cache-Control: no-cache
Content-Type: application/json; charset=utf-8
host: localhost:33209
accept: */*

Response DefaultHttpResponse(decodeResult: success, version: HTTP/1.1)
HTTP/1.1 200 OK
Content-Type: application/json; charset=utf-8
cache-control: no-cache
content-length: 53

12:54:44.914 [AsyncHttpClient-1-5] DEBUG org.asynchttpclient.netty.channel.ChannelManager - Adding key: http://localhost:33209 for channel [id: 0x0935c864, L:/127.0.0.1:57355 - R:localhost/127.0.0.1:33209]
12:54:44.915 [Forwarding getAlertText on session b1eea7edc9ae30722f5e69a28e0e8855 to remote] DEBUG org.asynchttpclient.netty.request.NettyRequestSender - Using pooled Channel '[id: 0x0935c864, L:/127.0.0.1:57355 - R:localhost/127.0.0.1:33209]' for 'GET' to 'http://localhost:33209/session/b1eea7edc9ae30722f5e69a28e0e8855/alert/text'
12:54:44.915 [Forwarding getAlertText on session b1eea7edc9ae30722f5e69a28e0e8855 to remote] DEBUG org.asynchttpclient.netty.request.NettyRequestSender - Using open Channel [id: 0x0935c864, L:/127.0.0.1:57355 - R:localhost/127.0.0.1:33209] for GET '/session/b1eea7edc9ae30722f5e69a28e0e8855/alert/text'
12:54:44.917 [AsyncHttpClient-1-5] DEBUG org.asynchttpclient.netty.handler.HttpHandler - 

Request DefaultFullHttpRequest(decodeResult: success, version: HTTP/1.1, content: EmptyByteBufBE)
GET /session/b1eea7edc9ae30722f5e69a28e0e8855/alert/text HTTP/1.1
User-Agent: selenium/4.7.1 (java windows)
Cache-Control: no-cache
Content-Type: application/json; charset=utf-8
host: localhost:33209
accept: */*

Response DefaultHttpResponse(decodeResult: success, version: HTTP/1.1)
HTTP/1.1 404 Not Found
Content-Type: application/json; charset=utf-8
cache-control: no-cache
content-length: 834

12:54:44.917 [AsyncHttpClient-1-5] DEBUG org.asynchttpclient.netty.channel.ChannelManager - Adding key: http://localhost:33209 for channel [id: 0x0935c864, L:/127.0.0.1:57355 - R:localhost/127.0.0.1:33209]
12:54:44.918 [Forwarding switchToWindow on session b1eea7edc9ae30722f5e69a28e0e8855 to remote] DEBUG org.asynchttpclient.netty.request.NettyRequestSender - Using pooled Channel '[id: 0x0935c864, L:/127.0.0.1:57355 - R:localhost/127.0.0.1:33209]' for 'POST' to 'http://localhost:33209/session/b1eea7edc9ae30722f5e69a28e0e8855/window'
12:54:44.919 [Forwarding switchToWindow on session b1eea7edc9ae30722f5e69a28e0e8855 to remote] DEBUG org.asynchttpclient.netty.request.NettyRequestSender - Using open Channel [id: 0x0935c864, L:/127.0.0.1:57355 - R:localhost/127.0.0.1:33209] for POST '/session/b1eea7edc9ae30722f5e69a28e0e8855/window'
12:54:44.921 [AsyncHttpClient-1-5] DEBUG org.asynchttpclient.netty.handler.HttpHandler - 

Request DefaultHttpRequest(decodeResult: success, version: HTTP/1.1)
POST /session/b1eea7edc9ae30722f5e69a28e0e8855/window HTTP/1.1
User-Agent: selenium/4.7.1 (java windows)
Content-Length: 59
Content-Type: application/json; charset=utf-8
host: localhost:33209
accept: */*

Response DefaultHttpResponse(decodeResult: success, version: HTTP/1.1)
HTTP/1.1 200 OK
Content-Type: application/json; charset=utf-8
cache-control: no-cache
content-length: 14

12:54:44.921 [AsyncHttpClient-1-5] DEBUG org.asynchttpclient.netty.channel.ChannelManager - Adding key: http://localhost:33209 for channel [id: 0x0935c864, L:/127.0.0.1:57355 - R:localhost/127.0.0.1:33209]
12:54:44.922 [Forwarding getCurrentUrl on session b1eea7edc9ae30722f5e69a28e0e8855 to remote] DEBUG org.asynchttpclient.netty.request.NettyRequestSender - Using pooled Channel '[id: 0x0935c864, L:/127.0.0.1:57355 - R:localhost/127.0.0.1:33209]' for 'GET' to 'http://localhost:33209/session/b1eea7edc9ae30722f5e69a28e0e8855/url'
12:54:44.922 [Forwarding getCurrentUrl on session b1eea7edc9ae30722f5e69a28e0e8855 to remote] DEBUG org.asynchttpclient.netty.request.NettyRequestSender - Using open Channel [id: 0x0935c864, L:/127.0.0.1:57355 - R:localhost/127.0.0.1:33209] for GET '/session/b1eea7edc9ae30722f5e69a28e0e8855/url'
12:54:44.926 [AsyncHttpClient-1-5] DEBUG org.asynchttpclient.netty.handler.HttpHandler - 

Request DefaultFullHttpRequest(decodeResult: success, version: HTTP/1.1, content: EmptyByteBufBE)
GET /session/b1eea7edc9ae30722f5e69a28e0e8855/url HTTP/1.1
User-Agent: selenium/4.7.1 (java windows)
Cache-Control: no-cache
Content-Type: application/json; charset=utf-8
host: localhost:33209
accept: */*

Response DefaultHttpResponse(decodeResult: success, version: HTTP/1.1)
HTTP/1.1 200 OK
Content-Type: application/json; charset=utf-8
cache-control: no-cache
content-length: 38

12:54:44.926 [AsyncHttpClient-1-5] DEBUG org.asynchttpclient.netty.channel.ChannelManager - Adding key: http://localhost:33209 for channel [id: 0x0935c864, L:/127.0.0.1:57355 - R:localhost/127.0.0.1:33209]
12:54:44.927 [Forwarding screenshot on session b1eea7edc9ae30722f5e69a28e0e8855 to remote] DEBUG org.asynchttpclient.netty.request.NettyRequestSender - Using pooled Channel '[id: 0x0935c864, L:/127.0.0.1:57355 - R:localhost/127.0.0.1:33209]' for 'GET' to 'http://localhost:33209/session/b1eea7edc9ae30722f5e69a28e0e8855/screenshot'
12:54:44.927 [Forwarding screenshot on session b1eea7edc9ae30722f5e69a28e0e8855 to remote] DEBUG org.asynchttpclient.netty.request.NettyRequestSender - Using open Channel [id: 0x0935c864, L:/127.0.0.1:57355 - R:localhost/127.0.0.1:33209] for GET '/session/b1eea7edc9ae30722f5e69a28e0e8855/screenshot'
12:54:45.054 [AsyncHttpClient-1-5] DEBUG org.asynchttpclient.netty.handler.HttpHandler - 

Request DefaultFullHttpRequest(decodeResult: success, version: HTTP/1.1, content: EmptyByteBufBE)
GET /session/b1eea7edc9ae30722f5e69a28e0e8855/screenshot HTTP/1.1
User-Agent: selenium/4.7.1 (java windows)
Cache-Control: no-cache
Content-Type: application/json; charset=utf-8
host: localhost:33209
accept: */*

Response DefaultHttpResponse(decodeResult: success, version: HTTP/1.1)
HTTP/1.1 200 OK
Content-Type: application/json; charset=utf-8
cache-control: no-cache
content-length: 88704

12:54:45.054 [AsyncHttpClient-1-5] DEBUG org.asynchttpclient.netty.channel.ChannelManager - Adding key: http://localhost:33209 for channel [id: 0x0935c864, L:/127.0.0.1:57355 - R:localhost/127.0.0.1:33209]
12:54:45.056 [main] DEBUG net.serenitybdd.core.photography.Darkroom - Send negative for processing for target\site\serenity\eadb56efb0d93fabfe0af4ccbc32b398622a37e55e9aae59394ac614df292cff.png
12:54:45.060 [Forwarding getPageSource on session b1eea7edc9ae30722f5e69a28e0e8855 to remote] DEBUG org.asynchttpclient.netty.request.NettyRequestSender - Using pooled Channel '[id: 0x0935c864, L:/127.0.0.1:57355 - R:localhost/127.0.0.1:33209]' for 'POST' to 'http://localhost:33209/session/b1eea7edc9ae30722f5e69a28e0e8855/execute/sync'
12:54:45.060 [Forwarding getPageSource on session b1eea7edc9ae30722f5e69a28e0e8855 to remote] DEBUG org.asynchttpclient.netty.request.NettyRequestSender - Using open Channel [id: 0x0935c864, L:/127.0.0.1:57355 - R:localhost/127.0.0.1:33209] for POST '/session/b1eea7edc9ae30722f5e69a28e0e8855/execute/sync'
12:54:45.065 [AsyncHttpClient-1-5] DEBUG org.asynchttpclient.netty.handler.HttpHandler - 

Request DefaultHttpRequest(decodeResult: success, version: HTTP/1.1)
POST /session/b1eea7edc9ae30722f5e69a28e0e8855/execute/sync HTTP/1.1
User-Agent: selenium/4.7.1 (java windows)
Content-Length: 176
Content-Type: application/json; charset=utf-8
host: localhost:33209
accept: */*

Response DefaultHttpResponse(decodeResult: success, version: HTTP/1.1)
HTTP/1.1 200 OK
Content-Type: application/json; charset=utf-8
cache-control: no-cache
content-length: 14674

12:54:45.065 [AsyncHttpClient-1-5] DEBUG org.asynchttpclient.netty.channel.ChannelManager - Adding key: http://localhost:33209 for channel [id: 0x0935c864, L:/127.0.0.1:57355 - R:localhost/127.0.0.1:33209]
12:54:45.068 [Forwarding getCurrentUrl on session b1eea7edc9ae30722f5e69a28e0e8855 to remote] DEBUG org.asynchttpclient.netty.request.NettyRequestSender - Using pooled Channel '[id: 0x0935c864, L:/127.0.0.1:57355 - R:localhost/127.0.0.1:33209]' for 'GET' to 'http://localhost:33209/session/b1eea7edc9ae30722f5e69a28e0e8855/url'
12:54:45.068 [Forwarding getCurrentUrl on session b1eea7edc9ae30722f5e69a28e0e8855 to remote] DEBUG org.asynchttpclient.netty.request.NettyRequestSender - Using open Channel [id: 0x0935c864, L:/127.0.0.1:57355 - R:localhost/127.0.0.1:33209] for GET '/session/b1eea7edc9ae30722f5e69a28e0e8855/url'
12:54:45.071 [AsyncHttpClient-1-5] DEBUG org.asynchttpclient.netty.handler.HttpHandler - 

Request DefaultFullHttpRequest(decodeResult: success, version: HTTP/1.1, content: EmptyByteBufBE)
GET /session/b1eea7edc9ae30722f5e69a28e0e8855/url HTTP/1.1
User-Agent: selenium/4.7.1 (java windows)
Cache-Control: no-cache
Content-Type: application/json; charset=utf-8
host: localhost:33209
accept: */*

Response DefaultHttpResponse(decodeResult: success, version: HTTP/1.1)
HTTP/1.1 200 OK
Content-Type: application/json; charset=utf-8
cache-control: no-cache
content-length: 38

12:54:45.071 [AsyncHttpClient-1-5] DEBUG org.asynchttpclient.netty.channel.ChannelManager - Adding key: http://localhost:33209 for channel [id: 0x0935c864, L:/127.0.0.1:57355 - R:localhost/127.0.0.1:33209]
12:54:45.074 [Forwarding findElement on session b1eea7edc9ae30722f5e69a28e0e8855 to remote] DEBUG org.asynchttpclient.netty.request.NettyRequestSender - Using pooled Channel '[id: 0x0935c864, L:/127.0.0.1:57355 - R:localhost/127.0.0.1:33209]' for 'POST' to 'http://localhost:33209/session/b1eea7edc9ae30722f5e69a28e0e8855/element'
12:54:45.074 [Forwarding findElement on session b1eea7edc9ae30722f5e69a28e0e8855 to remote] DEBUG org.asynchttpclient.netty.request.NettyRequestSender - Using open Channel [id: 0x0935c864, L:/127.0.0.1:57355 - R:localhost/127.0.0.1:33209] for POST '/session/b1eea7edc9ae30722f5e69a28e0e8855/element'
12:54:45.084 [AsyncHttpClient-1-5] DEBUG org.asynchttpclient.netty.handler.HttpHandler - 

Request DefaultHttpRequest(decodeResult: success, version: HTTP/1.1)
POST /session/b1eea7edc9ae30722f5e69a28e0e8855/element HTTP/1.1
User-Agent: selenium/4.7.1 (java windows)
Content-Length: 121
Content-Type: application/json; charset=utf-8
host: localhost:33209
accept: */*

Response DefaultHttpResponse(decodeResult: success, version: HTTP/1.1)
HTTP/1.1 200 OK
Content-Type: application/json; charset=utf-8
cache-control: no-cache
content-length: 88

12:54:45.084 [AsyncHttpClient-1-5] DEBUG org.asynchttpclient.netty.channel.ChannelManager - Adding key: http://localhost:33209 for channel [id: 0x0935c864, L:/127.0.0.1:57355 - R:localhost/127.0.0.1:33209]
12:54:45.085 [Forwarding getElementText on session b1eea7edc9ae30722f5e69a28e0e8855 to remote] DEBUG org.asynchttpclient.netty.request.NettyRequestSender - Using pooled Channel '[id: 0x0935c864, L:/127.0.0.1:57355 - R:localhost/127.0.0.1:33209]' for 'GET' to 'http://localhost:33209/session/b1eea7edc9ae30722f5e69a28e0e8855/element/99825156-25f2-4bcb-a229-4dd3f952a182/text'
12:54:45.085 [Forwarding getElementText on session b1eea7edc9ae30722f5e69a28e0e8855 to remote] DEBUG org.asynchttpclient.netty.request.NettyRequestSender - Using open Channel [id: 0x0935c864, L:/127.0.0.1:57355 - R:localhost/127.0.0.1:33209] for GET '/session/b1eea7edc9ae30722f5e69a28e0e8855/element/99825156-25f2-4bcb-a229-4dd3f952a182/text'
12:54:45.098 [AsyncHttpClient-1-5] DEBUG org.asynchttpclient.netty.handler.HttpHandler - 

Request DefaultFullHttpRequest(decodeResult: success, version: HTTP/1.1, content: EmptyByteBufBE)
GET /session/b1eea7edc9ae30722f5e69a28e0e8855/element/99825156-25f2-4bcb-a229-4dd3f952a182/text HTTP/1.1
User-Agent: selenium/4.7.1 (java windows)
Cache-Control: no-cache
Content-Type: application/json; charset=utf-8
host: localhost:33209
accept: */*

Response DefaultHttpResponse(decodeResult: success, version: HTTP/1.1)
HTTP/1.1 200 OK
Content-Type: application/json; charset=utf-8
cache-control: no-cache
content-length: 63

12:54:45.099 [AsyncHttpClient-1-5] DEBUG org.asynchttpclient.netty.channel.ChannelManager - Adding key: http://localhost:33209 for channel [id: 0x0935c864, L:/127.0.0.1:57355 - R:localhost/127.0.0.1:33209]
  &amp#27;[32mThen &amp#27;[0m&amp#27;[32mI verify error text&amp#27;[0m                                         &amp#27;[90m# Class6BDD.steps.LoginSteps.IVerifyErrorMessage()&amp#27;[0m
12:54:45.107 [Forwarding getCurrentWindowHandle on session b1eea7edc9ae30722f5e69a28e0e8855 to remote] DEBUG org.asynchttpclient.netty.request.NettyRequestSender - Using pooled Channel '[id: 0x0935c864, L:/127.0.0.1:57355 - R:localhost/127.0.0.1:33209]' for 'GET' to 'http://localhost:33209/session/b1eea7edc9ae30722f5e69a28e0e8855/window'
12:54:45.107 [Forwarding getCurrentWindowHandle on session b1eea7edc9ae30722f5e69a28e0e8855 to remote] DEBUG org.asynchttpclient.netty.request.NettyRequestSender - Using open Channel [id: 0x0935c864, L:/127.0.0.1:57355 - R:localhost/127.0.0.1:33209] for GET '/session/b1eea7edc9ae30722f5e69a28e0e8855/window'
12:54:45.107 [AsyncHttpClient-1-5] DEBUG org.asynchttpclient.netty.handler.HttpHandler - 

Request DefaultFullHttpRequest(decodeResult: success, version: HTTP/1.1, content: EmptyByteBufBE)
GET /session/b1eea7edc9ae30722f5e69a28e0e8855/window HTTP/1.1
User-Agent: selenium/4.7.1 (java windows)
Cache-Control: no-cache
Content-Type: application/json; charset=utf-8
host: localhost:33209
accept: */*

Response DefaultHttpResponse(decodeResult: success, version: HTTP/1.1)
HTTP/1.1 200 OK
Content-Type: application/json; charset=utf-8
cache-control: no-cache
content-length: 53

12:54:45.108 [AsyncHttpClient-1-5] DEBUG org.asynchttpclient.netty.channel.ChannelManager - Adding key: http://localhost:33209 for channel [id: 0x0935c864, L:/127.0.0.1:57355 - R:localhost/127.0.0.1:33209]
12:54:45.108 [Forwarding getAlertText on session b1eea7edc9ae30722f5e69a28e0e8855 to remote] DEBUG org.asynchttpclient.netty.request.NettyRequestSender - Using pooled Channel '[id: 0x0935c864, L:/127.0.0.1:57355 - R:localhost/127.0.0.1:33209]' for 'GET' to 'http://localhost:33209/session/b1eea7edc9ae30722f5e69a28e0e8855/alert/text'
12:54:45.109 [Forwarding getAlertText on session b1eea7edc9ae30722f5e69a28e0e8855 to remote] DEBUG org.asynchttpclient.netty.request.NettyRequestSender - Using open Channel [id: 0x0935c864, L:/127.0.0.1:57355 - R:localhost/127.0.0.1:33209] for GET '/session/b1eea7edc9ae30722f5e69a28e0e8855/alert/text'
12:54:45.110 [AsyncHttpClient-1-5] DEBUG org.asynchttpclient.netty.handler.HttpHandler - 

Request DefaultFullHttpRequest(decodeResult: success, version: HTTP/1.1, content: EmptyByteBufBE)
GET /session/b1eea7edc9ae30722f5e69a28e0e8855/alert/text HTTP/1.1
User-Agent: selenium/4.7.1 (java windows)
Cache-Control: no-cache
Content-Type: application/json; charset=utf-8
host: localhost:33209
accept: */*

Response DefaultHttpResponse(decodeResult: success, version: HTTP/1.1)
HTTP/1.1 404 Not Found
Content-Type: application/json; charset=utf-8
cache-control: no-cache
content-length: 834

12:54:45.111 [AsyncHttpClient-1-5] DEBUG org.asynchttpclient.netty.channel.ChannelManager - Adding key: http://localhost:33209 for channel [id: 0x0935c864, L:/127.0.0.1:57355 - R:localhost/127.0.0.1:33209]
12:54:45.114 [Forwarding switchToWindow on session b1eea7edc9ae30722f5e69a28e0e8855 to remote] DEBUG org.asynchttpclient.netty.request.NettyRequestSender - Using pooled Channel '[id: 0x0935c864, L:/127.0.0.1:57355 - R:localhost/127.0.0.1:33209]' for 'POST' to 'http://localhost:33209/session/b1eea7edc9ae30722f5e69a28e0e8855/window'
12:54:45.114 [Forwarding switchToWindow on session b1eea7edc9ae30722f5e69a28e0e8855 to remote] DEBUG org.asynchttpclient.netty.request.NettyRequestSender - Using open Channel [id: 0x0935c864, L:/127.0.0.1:57355 - R:localhost/127.0.0.1:33209] for POST '/session/b1eea7edc9ae30722f5e69a28e0e8855/window'
12:54:45.116 [AsyncHttpClient-1-5] DEBUG org.asynchttpclient.netty.handler.HttpHandler - 

Request DefaultHttpRequest(decodeResult: success, version: HTTP/1.1)
POST /session/b1eea7edc9ae30722f5e69a28e0e8855/window HTTP/1.1
User-Agent: selenium/4.7.1 (java windows)
Content-Length: 59
Content-Type: application/json; charset=utf-8
host: localhost:33209
accept: */*

Response DefaultHttpResponse(decodeResult: success, version: HTTP/1.1)
HTTP/1.1 200 OK
Content-Type: application/json; charset=utf-8
cache-control: no-cache
content-length: 14

12:54:45.116 [AsyncHttpClient-1-5] DEBUG org.asynchttpclient.netty.channel.ChannelManager - Adding key: http://localhost:33209 for channel [id: 0x0935c864, L:/127.0.0.1:57355 - R:localhost/127.0.0.1:33209]
12:54:45.117 [Forwarding getCurrentUrl on session b1eea7edc9ae30722f5e69a28e0e8855 to remote] DEBUG org.asynchttpclient.netty.request.NettyRequestSender - Using pooled Channel '[id: 0x0935c864, L:/127.0.0.1:57355 - R:localhost/127.0.0.1:33209]' for 'GET' to 'http://localhost:33209/session/b1eea7edc9ae30722f5e69a28e0e8855/url'
12:54:45.117 [Forwarding getCurrentUrl on session b1eea7edc9ae30722f5e69a28e0e8855 to remote] DEBUG org.asynchttpclient.netty.request.NettyRequestSender - Using open Channel [id: 0x0935c864, L:/127.0.0.1:57355 - R:localhost/127.0.0.1:33209] for GET '/session/b1eea7edc9ae30722f5e69a28e0e8855/url'
12:54:45.121 [AsyncHttpClient-1-5] DEBUG org.asynchttpclient.netty.handler.HttpHandler - 

Request DefaultFullHttpRequest(decodeResult: success, version: HTTP/1.1, content: EmptyByteBufBE)
GET /session/b1eea7edc9ae30722f5e69a28e0e8855/url HTTP/1.1
User-Agent: selenium/4.7.1 (java windows)
Cache-Control: no-cache
Content-Type: application/json; charset=utf-8
host: localhost:33209
accept: */*

Response DefaultHttpResponse(decodeResult: success, version: HTTP/1.1)
HTTP/1.1 200 OK
Content-Type: application/json; charset=utf-8
cache-control: no-cache
content-length: 38

12:54:45.121 [AsyncHttpClient-1-5] DEBUG org.asynchttpclient.netty.channel.ChannelManager - Adding key: http://localhost:33209 for channel [id: 0x0935c864, L:/127.0.0.1:57355 - R:localhost/127.0.0.1:33209]
12:54:45.123 [Forwarding screenshot on session b1eea7edc9ae30722f5e69a28e0e8855 to remote] DEBUG org.asynchttpclient.netty.request.NettyRequestSender - Using pooled Channel '[id: 0x0935c864, L:/127.0.0.1:57355 - R:localhost/127.0.0.1:33209]' for 'GET' to 'http://localhost:33209/session/b1eea7edc9ae30722f5e69a28e0e8855/screenshot'
12:54:45.123 [Forwarding screenshot on session b1eea7edc9ae30722f5e69a28e0e8855 to remote] DEBUG org.asynchttpclient.netty.request.NettyRequestSender - Using open Channel [id: 0x0935c864, L:/127.0.0.1:57355 - R:localhost/127.0.0.1:33209] for GET '/session/b1eea7edc9ae30722f5e69a28e0e8855/screenshot'
12:54:45.256 [AsyncHttpClient-1-5] DEBUG org.asynchttpclient.netty.handler.HttpHandler - 

Request DefaultFullHttpRequest(decodeResult: success, version: HTTP/1.1, content: EmptyByteBufBE)
GET /session/b1eea7edc9ae30722f5e69a28e0e8855/screenshot HTTP/1.1
User-Agent: selenium/4.7.1 (java windows)
Cache-Control: no-cache
Content-Type: application/json; charset=utf-8
host: localhost:33209
accept: */*

Response DefaultHttpResponse(decodeResult: success, version: HTTP/1.1)
HTTP/1.1 200 OK
Content-Type: application/json; charset=utf-8
cache-control: no-cache
content-length: 88704

12:54:45.256 [AsyncHttpClient-1-5] DEBUG org.asynchttpclient.netty.channel.ChannelManager - Adding key: http://localhost:33209 for channel [id: 0x0935c864, L:/127.0.0.1:57355 - R:localhost/127.0.0.1:33209]
12:54:45.258 [main] DEBUG net.serenitybdd.core.photography.Darkroom - Send negative for processing for target\site\serenity\eadb56efb0d93fabfe0af4ccbc32b398622a37e55e9aae59394ac614df292cff.png
12:54:45.264 [Forwarding getPageSource on session b1eea7edc9ae30722f5e69a28e0e8855 to remote] DEBUG org.asynchttpclient.netty.request.NettyRequestSender - Using pooled Channel '[id: 0x0935c864, L:/127.0.0.1:57355 - R:localhost/127.0.0.1:33209]' for 'POST' to 'http://localhost:33209/session/b1eea7edc9ae30722f5e69a28e0e8855/execute/sync'
12:54:45.264 [Forwarding getPageSource on session b1eea7edc9ae30722f5e69a28e0e8855 to remote] DEBUG org.asynchttpclient.netty.request.NettyRequestSender - Using open Channel [id: 0x0935c864, L:/127.0.0.1:57355 - R:localhost/127.0.0.1:33209] for POST '/session/b1eea7edc9ae30722f5e69a28e0e8855/execute/sync'
12:54:45.268 [AsyncHttpClient-1-5] DEBUG org.asynchttpclient.netty.handler.HttpHandler - 

Request DefaultHttpRequest(decodeResult: success, version: HTTP/1.1)
POST /session/b1eea7edc9ae30722f5e69a28e0e8855/execute/sync HTTP/1.1
User-Agent: selenium/4.7.1 (java windows)
Content-Length: 176
Content-Type: application/json; charset=utf-8
host: localhost:33209
accept: */*

Response DefaultHttpResponse(decodeResult: success, version: HTTP/1.1)
HTTP/1.1 200 OK
Content-Type: application/json; charset=utf-8
cache-control: no-cache
content-length: 14674

12:54:45.269 [AsyncHttpClient-1-5] DEBUG org.asynchttpclient.netty.channel.ChannelManager - Adding key: http://localhost:33209 for channel [id: 0x0935c864, L:/127.0.0.1:57355 - R:localhost/127.0.0.1:33209]
12:54:45.271 [Forwarding getCurrentUrl on session b1eea7edc9ae30722f5e69a28e0e8855 to remote] DEBUG org.asynchttpclient.netty.request.NettyRequestSender - Using pooled Channel '[id: 0x0935c864, L:/127.0.0.1:57355 - R:localhost/127.0.0.1:33209]' for 'GET' to 'http://localhost:33209/session/b1eea7edc9ae30722f5e69a28e0e8855/url'
12:54:45.272 [Forwarding getCurrentUrl on session b1eea7edc9ae30722f5e69a28e0e8855 to remote] DEBUG org.asynchttpclient.netty.request.NettyRequestSender - Using open Channel [id: 0x0935c864, L:/127.0.0.1:57355 - R:localhost/127.0.0.1:33209] for GET '/session/b1eea7edc9ae30722f5e69a28e0e8855/url'
12:54:45.276 [AsyncHttpClient-1-5] DEBUG org.asynchttpclient.netty.handler.HttpHandler - 

Request DefaultFullHttpRequest(decodeResult: success, version: HTTP/1.1, content: EmptyByteBufBE)
GET /session/b1eea7edc9ae30722f5e69a28e0e8855/url HTTP/1.1
User-Agent: selenium/4.7.1 (java windows)
Cache-Control: no-cache
Content-Type: application/json; charset=utf-8
host: localhost:33209
accept: */*

Response DefaultHttpResponse(decodeResult: success, version: HTTP/1.1)
HTTP/1.1 200 OK
Content-Type: application/json; charset=utf-8
cache-control: no-cache
content-length: 38

12:54:45.277 [AsyncHttpClient-1-5] DEBUG org.asynchttpclient.netty.channel.ChannelManager - Adding key: http://localhost:33209 for channel [id: 0x0935c864, L:/127.0.0.1:57355 - R:localhost/127.0.0.1:33209]
12:54:45.962 [AsyncHttpClient-1-1] DEBUG org.asynchttpclient.netty.channel.DefaultChannelPool - Entry count for : http://localhost:33209 : 1
12:54:45.962 [AsyncHttpClient-1-1] DEBUG org.asynchttpclient.netty.channel.DefaultChannelPool - Entry count for : http://localhost:57356 : 1
12:54:47.064 [AsyncHttpClient-1-1] DEBUG org.asynchttpclient.netty.channel.DefaultChannelPool - Entry count for : http://localhost:33209 : 1
12:54:47.064 [AsyncHttpClient-1-1] DEBUG org.asynchttpclient.netty.channel.DefaultChannelPool - Entry count for : http://localhost:57356 : 1
12:54:48.163 [AsyncHttpClient-1-1] DEBUG org.asynchttpclient.netty.channel.DefaultChannelPool - Entry count for : http://localhost:33209 : 1
12:54:48.163 [AsyncHttpClient-1-1] DEBUG org.asynchttpclient.netty.channel.DefaultChannelPool - Entry count for : http://localhost:57356 : 1
12:54:49.260 [AsyncHttpClient-1-1] DEBUG org.asynchttpclient.netty.channel.DefaultChannelPool - Entry count for : http://localhost:33209 : 1
12:54:49.260 [AsyncHttpClient-1-1] DEBUG org.asynchttpclient.netty.channel.DefaultChannelPool - Entry count for : http://localhost:57356 : 1
  &amp#27;[32mThen &amp#27;[0m&amp#27;[32mJust wait &amp#27;[0m&amp#27;[32m&amp#27;[1m5000&amp#27;[0m                                              &amp#27;[90m# Class6BDD.steps.CommonSteps.justWait(int)&amp#27;[0m
12:54:50.297 [Forwarding getCurrentWindowHandle on session b1eea7edc9ae30722f5e69a28e0e8855 to remote] DEBUG org.asynchttpclient.netty.request.NettyRequestSender - Using pooled Channel '[id: 0x0935c864, L:/127.0.0.1:57355 - R:localhost/127.0.0.1:33209]' for 'GET' to 'http://localhost:33209/session/b1eea7edc9ae30722f5e69a28e0e8855/window'
12:54:50.297 [Forwarding getCurrentWindowHandle on session b1eea7edc9ae30722f5e69a28e0e8855 to remote] DEBUG org.asynchttpclient.netty.request.NettyRequestSender - Using open Channel [id: 0x0935c864, L:/127.0.0.1:57355 - R:localhost/127.0.0.1:33209] for GET '/session/b1eea7edc9ae30722f5e69a28e0e8855/window'
12:54:50.298 [AsyncHttpClient-1-5] DEBUG org.asynchttpclient.netty.handler.HttpHandler - 

Request DefaultFullHttpRequest(decodeResult: success, version: HTTP/1.1, content: EmptyByteBufBE)
GET /session/b1eea7edc9ae30722f5e69a28e0e8855/window HTTP/1.1
User-Agent: selenium/4.7.1 (java windows)
Cache-Control: no-cache
Content-Type: application/json; charset=utf-8
host: localhost:33209
accept: */*

Response DefaultHttpResponse(decodeResult: success, version: HTTP/1.1)
HTTP/1.1 200 OK
Content-Type: application/json; charset=utf-8
cache-control: no-cache
content-length: 53

12:54:50.298 [AsyncHttpClient-1-5] DEBUG org.asynchttpclient.netty.channel.ChannelManager - Adding key: http://localhost:33209 for channel [id: 0x0935c864, L:/127.0.0.1:57355 - R:localhost/127.0.0.1:33209]
12:54:50.299 [Forwarding getAlertText on session b1eea7edc9ae30722f5e69a28e0e8855 to remote] DEBUG org.asynchttpclient.netty.request.NettyRequestSender - Using pooled Channel '[id: 0x0935c864, L:/127.0.0.1:57355 - R:localhost/127.0.0.1:33209]' for 'GET' to 'http://localhost:33209/session/b1eea7edc9ae30722f5e69a28e0e8855/alert/text'
12:54:50.300 [Forwarding getAlertText on session b1eea7edc9ae30722f5e69a28e0e8855 to remote] DEBUG org.asynchttpclient.netty.request.NettyRequestSender - Using open Channel [id: 0x0935c864, L:/127.0.0.1:57355 - R:localhost/127.0.0.1:33209] for GET '/session/b1eea7edc9ae30722f5e69a28e0e8855/alert/text'
12:54:50.302 [AsyncHttpClient-1-5] DEBUG org.asynchttpclient.netty.handler.HttpHandler - 

Request DefaultFullHttpRequest(decodeResult: success, version: HTTP/1.1, content: EmptyByteBufBE)
GET /session/b1eea7edc9ae30722f5e69a28e0e8855/alert/text HTTP/1.1
User-Agent: selenium/4.7.1 (java windows)
Cache-Control: no-cache
Content-Type: application/json; charset=utf-8
host: localhost:33209
accept: */*

Response DefaultHttpResponse(decodeResult: success, version: HTTP/1.1)
HTTP/1.1 404 Not Found
Content-Type: application/json; charset=utf-8
cache-control: no-cache
content-length: 834

12:54:50.302 [AsyncHttpClient-1-5] DEBUG org.asynchttpclient.netty.channel.ChannelManager - Adding key: http://localhost:33209 for channel [id: 0x0935c864, L:/127.0.0.1:57355 - R:localhost/127.0.0.1:33209]
12:54:50.305 [Forwarding switchToWindow on session b1eea7edc9ae30722f5e69a28e0e8855 to remote] DEBUG org.asynchttpclient.netty.request.NettyRequestSender - Using pooled Channel '[id: 0x0935c864, L:/127.0.0.1:57355 - R:localhost/127.0.0.1:33209]' for 'POST' to 'http://localhost:33209/session/b1eea7edc9ae30722f5e69a28e0e8855/window'
12:54:50.305 [Forwarding switchToWindow on session b1eea7edc9ae30722f5e69a28e0e8855 to remote] DEBUG org.asynchttpclient.netty.request.NettyRequestSender - Using open Channel [id: 0x0935c864, L:/127.0.0.1:57355 - R:localhost/127.0.0.1:33209] for POST '/session/b1eea7edc9ae30722f5e69a28e0e8855/window'
12:54:50.308 [AsyncHttpClient-1-5] DEBUG org.asynchttpclient.netty.handler.HttpHandler - 

Request DefaultHttpRequest(decodeResult: success, version: HTTP/1.1)
POST /session/b1eea7edc9ae30722f5e69a28e0e8855/window HTTP/1.1
User-Agent: selenium/4.7.1 (java windows)
Content-Length: 59
Content-Type: application/json; charset=utf-8
host: localhost:33209
accept: */*

Response DefaultHttpResponse(decodeResult: success, version: HTTP/1.1)
HTTP/1.1 200 OK
Content-Type: application/json; charset=utf-8
cache-control: no-cache
content-length: 14

12:54:50.308 [AsyncHttpClient-1-5] DEBUG org.asynchttpclient.netty.channel.ChannelManager - Adding key: http://localhost:33209 for channel [id: 0x0935c864, L:/127.0.0.1:57355 - R:localhost/127.0.0.1:33209]
12:54:50.309 [Forwarding getCurrentUrl on session b1eea7edc9ae30722f5e69a28e0e8855 to remote] DEBUG org.asynchttpclient.netty.request.NettyRequestSender - Using pooled Channel '[id: 0x0935c864, L:/127.0.0.1:57355 - R:localhost/127.0.0.1:33209]' for 'GET' to 'http://localhost:33209/session/b1eea7edc9ae30722f5e69a28e0e8855/url'
12:54:50.309 [Forwarding getCurrentUrl on session b1eea7edc9ae30722f5e69a28e0e8855 to remote] DEBUG org.asynchttpclient.netty.request.NettyRequestSender - Using open Channel [id: 0x0935c864, L:/127.0.0.1:57355 - R:localhost/127.0.0.1:33209] for GET '/session/b1eea7edc9ae30722f5e69a28e0e8855/url'
12:54:50.313 [AsyncHttpClient-1-5] DEBUG org.asynchttpclient.netty.handler.HttpHandler - 

Request DefaultFullHttpRequest(decodeResult: success, version: HTTP/1.1, content: EmptyByteBufBE)
GET /session/b1eea7edc9ae30722f5e69a28e0e8855/url HTTP/1.1
User-Agent: selenium/4.7.1 (java windows)
Cache-Control: no-cache
Content-Type: application/json; charset=utf-8
host: localhost:33209
accept: */*

Response DefaultHttpResponse(decodeResult: success, version: HTTP/1.1)
HTTP/1.1 200 OK
Content-Type: application/json; charset=utf-8
cache-control: no-cache
content-length: 38

12:54:50.313 [AsyncHttpClient-1-5] DEBUG org.asynchttpclient.netty.channel.ChannelManager - Adding key: http://localhost:33209 for channel [id: 0x0935c864, L:/127.0.0.1:57355 - R:localhost/127.0.0.1:33209]
12:54:50.314 [Forwarding screenshot on session b1eea7edc9ae30722f5e69a28e0e8855 to remote] DEBUG org.asynchttpclient.netty.request.NettyRequestSender - Using pooled Channel '[id: 0x0935c864, L:/127.0.0.1:57355 - R:localhost/127.0.0.1:33209]' for 'GET' to 'http://localhost:33209/session/b1eea7edc9ae30722f5e69a28e0e8855/screenshot'
12:54:50.314 [Forwarding screenshot on session b1eea7edc9ae30722f5e69a28e0e8855 to remote] DEBUG org.asynchttpclient.netty.request.NettyRequestSender - Using open Channel [id: 0x0935c864, L:/127.0.0.1:57355 - R:localhost/127.0.0.1:33209] for GET '/session/b1eea7edc9ae30722f5e69a28e0e8855/screenshot'
12:54:50.368 [AsyncHttpClient-1-1] DEBUG org.asynchttpclient.netty.channel.DefaultChannelPool - Entry count for : http://localhost:57356 : 1
12:54:50.444 [AsyncHttpClient-1-5] DEBUG org.asynchttpclient.netty.handler.HttpHandler - 

Request DefaultFullHttpRequest(decodeResult: success, version: HTTP/1.1, content: EmptyByteBufBE)
GET /session/b1eea7edc9ae30722f5e69a28e0e8855/screenshot HTTP/1.1
User-Agent: selenium/4.7.1 (java windows)
Cache-Control: no-cache
Content-Type: application/json; charset=utf-8
host: localhost:33209
accept: */*

Response DefaultHttpResponse(decodeResult: success, version: HTTP/1.1)
HTTP/1.1 200 OK
Content-Type: application/json; charset=utf-8
cache-control: no-cache
content-length: 88704

12:54:50.444 [AsyncHttpClient-1-5] DEBUG org.asynchttpclient.netty.channel.ChannelManager - Adding key: http://localhost:33209 for channel [id: 0x0935c864, L:/127.0.0.1:57355 - R:localhost/127.0.0.1:33209]
12:54:50.446 [main] DEBUG net.serenitybdd.core.photography.Darkroom - Send negative for processing for target\site\serenity\eadb56efb0d93fabfe0af4ccbc32b398622a37e55e9aae59394ac614df292cff.png
12:54:50.447 [main] INFO  - 
  _____   ___   ___   _____     ___     _     ___   ___   ___   ___  
 |_   _| | __| / __| |_   _|   | _ \   /_\   / __| / __| | __| |   \ 
   | |   | _|  \__ \   | |     |  _/  / _ \  \__ \ \__ \ | _|  | |) |
   |_|   |___| |___/   |_|     |_|   /_/ \_\ |___/ |___/ |___| |___/ 

Login with locked_out_user and verify locked out message
----------------------------------------------------------------------
12:54:50.448 [AsyncHttpClient-1-7] DEBUG org.asynchttpclient.netty.handler.WebSocketHandler - Channel Closed: [id: 0x14dd9a85, L:/127.0.0.1:57362 ! R:localhost/127.0.0.1:57356] with attribute NettyResponseFuture{currentRetry=0,
	isDone=1,
	isCancelled=0,
	asyncHandler=org.asynchttpclient.ws.WebSocketUpgradeHandler@62eaa918,
	nettyRequest=org.asynchttpclient.netty.request.NettyRequest@27e83b21,
	future=java.util.concurrent.CompletableFuture@5917ac36[Completed normally],
	uri=ws://localhost:57356/devtools/browser/de419493-0ec2-4460-924a-5ecc0e14f2cd,
	keepAlive=true,
	redirectCount=0,
	timeoutsHolder=null,
	inAuth=0,
	touch=1677185683570}
12:54:50.448 [Driver Command Executor] DEBUG org.asynchttpclient.netty.request.NettyRequestSender - Using pooled Channel '[id: 0x0935c864, L:/127.0.0.1:57355 - R:localhost/127.0.0.1:33209]' for 'DELETE' to 'http://localhost:33209/session/b1eea7edc9ae30722f5e69a28e0e8855'
12:54:50.448 [AsyncHttpClient-1-7] DEBUG org.asynchttpclient.netty.channel.ChannelManager - Closing Channel [id: 0x14dd9a85, L:/127.0.0.1:57362 ! R:localhost/127.0.0.1:57356] 
12:54:50.448 [Driver Command Executor] DEBUG org.asynchttpclient.netty.request.NettyRequestSender - Using open Channel [id: 0x0935c864, L:/127.0.0.1:57355 - R:localhost/127.0.0.1:33209] for DELETE '/session/b1eea7edc9ae30722f5e69a28e0e8855'
12:54:50.469 [AsyncHttpClient-1-6] DEBUG org.asynchttpclient.netty.handler.HttpHandler - Unexpected I/O exception on channel [id: 0x046d88f9, L:/127.0.0.1:57361 - R:localhost/127.0.0.1:57356]
java.net.SocketException: Connection reset
	at java.base/sun.nio.ch.SocketChannelImpl.throwConnectionReset(SocketChannelImpl.java:401)
	at java.base/sun.nio.ch.SocketChannelImpl.read(SocketChannelImpl.java:434)
	at io.netty.buffer.PooledByteBuf.setBytes(PooledByteBuf.java:259)
	at io.netty.buffer.AbstractByteBuf.writeBytes(AbstractByteBuf.java:1132)
	at io.netty.channel.socket.nio.NioSocketChannel.doReadBytes(NioSocketChannel.java:357)
	at io.netty.channel.nio.AbstractNioByteChannel$NioByteUnsafe.read(AbstractNioByteChannel.java:151)
	at io.netty.channel.nio.NioEventLoop.processSelectedKey(NioEventLoop.java:788)
	at io.netty.channel.nio.NioEventLoop.processSelectedKeysOptimized(NioEventLoop.java:724)
	at io.netty.channel.nio.NioEventLoop.processSelectedKeys(NioEventLoop.java:650)
	at io.netty.channel.nio.NioEventLoop.run(NioEventLoop.java:562)
	at io.netty.util.concurrent.SingleThreadEventExecutor$4.run(SingleThreadEventExecutor.java:997)
	at io.netty.util.internal.ThreadExecutorMap$2.run(ThreadExecutorMap.java:74)
	at io.netty.util.concurrent.FastThreadLocalRunnable.run(FastThreadLocalRunnable.java:30)
	at java.base/java.lang.Thread.run(Thread.java:1589)
12:54:50.469 [AsyncHttpClient-1-6] DEBUG org.asynchttpclient.netty.channel.ChannelManager - Closing Channel [id: 0x046d88f9, L:/127.0.0.1:57361 - R:localhost/127.0.0.1:57356] 
12:54:50.470 [AsyncHttpClient-1-6] DEBUG org.asynchttpclient.netty.handler.HttpHandler - Channel Closed: [id: 0x046d88f9, L:/127.0.0.1:57361 ! R:localhost/127.0.0.1:57356] with attribute DISCARD
12:54:50.480 [AsyncHttpClient-1-5] DEBUG org.asynchttpclient.netty.handler.HttpHandler - 

Request DefaultFullHttpRequest(decodeResult: success, version: HTTP/1.1, content: EmptyByteBufBE)
DELETE /session/b1eea7edc9ae30722f5e69a28e0e8855 HTTP/1.1
User-Agent: selenium/4.7.1 (java windows)
Content-Type: application/json; charset=utf-8
host: localhost:33209
accept: */*

Response DefaultHttpResponse(decodeResult: success, version: HTTP/1.1)
HTTP/1.1 200 OK
Content-Type: application/json; charset=utf-8
cache-control: no-cache
content-length: 14

12:54:50.480 [AsyncHttpClient-1-5] DEBUG org.asynchttpclient.netty.channel.ChannelManager - Adding key: http://localhost:33209 for channel [id: 0x0935c864, L:/127.0.0.1:57355 - R:localhost/127.0.0.1:33209]
12:54:50.505 [AsyncHttpClient-1-5] DEBUG org.asynchttpclient.netty.handler.HttpHandler - Channel Closed: [id: 0x0935c864, L:/127.0.0.1:57355 ! R:localhost/127.0.0.1:33209] with attribute DISCARD
]]></system-out>
    <system-err><![CDATA[Starting ChromeDriver 110.0.5481.77 (65ed616c6e8ee3fe0ad64fe83796c020644d42af-refs/branch-heads/5481@{#839}) on port 33209
Only local connections are allowed.
Please see https://chromedriver.chromium.org/security-considerations for suggestions on keeping ChromeDriver safe.
ChromeDriver was started successfully.
[1677185683.524][WARNING]: virtual void DevToolsClientImpl::AddListener(DevToolsEventListener *) subscribing a listener to the already connected DevToolsClient. Connection notification will not arrive.
Feb 23, 2023 12:54:43 PM org.openqa.selenium.devtools.CdpVersionFinder findNearestMatch
WARNING: Unable to find an exact match for CDP version 110, so returning the closest version found: 108
]]></system-err>
  </testcase>
  <testcase name="Cart Scenario" classname="SwagLabs Login tests" time="10.523">
    <system-out><![CDATA[
Scenario: Cart Scenario                               &amp#27;[90m# src/test/resources/features/SwagLabs.feature:20&amp#27;[0m
12:54:50.576 [main] INFO io.cucumber.core.plugin.SerenityReporter - Running feature from file:///C:/Users/esaug/OneDrive%20-%20advancio.com/Documents/GitHub/SeleniumCourse/src/test/resources/features/SwagLabs.feature
12:54:50.578 [main] INFO  - 
  _____   ___   ___   _____     ___   _____     _     ___   _____   ___   ___  
 |_   _| | __| / __| |_   _|   / __| |_   _|   /_\   | _ \ |_   _| | __| |   \ 
   | |   | _|  \__ \   | |     \__ \   | |    / _ \  |   /   | |   | _|  | |) |
   |_|   |___| |___/   |_|     |___/   |_|   /_/ \_\ |_|_\   |_|   |___| |___/ 

Cart Scenario(swaglabs-login-tests;cart-scenario)
--------------------------------------------------------------------------------
12:54:50.856 [main] INFO net.serenitybdd.core.webdriver.driverproviders.ChromeDriverProvider - Starting Chrome driver instance with capabilities:
12:54:50.857 [main] INFO net.serenitybdd.core.webdriver.driverproviders.ChromeDriverProvider - Capabilities {acceptInsecureCerts: false, browserName: chrome, goog:chromeOptions: {args: [--window-size=1920,1080, --headless], extensions: []}}
12:54:51.035 [AsyncHttpClient-1-8] DEBUG org.asynchttpclient.netty.channel.NettyConnectListener - Using new Channel '[id: 0xa0156e3b, L:/127.0.0.1:57371 - R:localhost/127.0.0.1:44111]' for 'POST' to '/session'
12:54:51.460 [AsyncHttpClient-1-1] DEBUG org.asynchttpclient.netty.channel.DefaultChannelPool - Entry count for : http://localhost:33209 : 1
12:54:51.460 [AsyncHttpClient-1-1] DEBUG org.asynchttpclient.netty.channel.DefaultChannelPool - Entry count for : http://localhost:57356 : 1
12:54:51.460 [AsyncHttpClient-1-1] DEBUG org.asynchttpclient.netty.channel.DefaultChannelPool - Adding Candidate expired Channel [id: 0x0935c864, L:/127.0.0.1:57355 ! R:localhost/127.0.0.1:33209] isIdleTimeoutExpired=false isRemotelyClosed=true isTtlExpired=false
12:54:51.460 [AsyncHttpClient-1-1] DEBUG org.asynchttpclient.netty.channel.DefaultChannelPool - Closing Idle Channel [id: 0x0935c864, L:/127.0.0.1:57355 ! R:localhost/127.0.0.1:33209]
12:54:51.460 [AsyncHttpClient-1-1] DEBUG org.asynchttpclient.netty.channel.DefaultChannelPool - Adding Candidate expired Channel [id: 0x046d88f9, L:/127.0.0.1:57361 ! R:localhost/127.0.0.1:57356] isIdleTimeoutExpired=false isRemotelyClosed=true isTtlExpired=false
12:54:51.460 [AsyncHttpClient-1-1] DEBUG org.asynchttpclient.netty.channel.DefaultChannelPool - Closing Idle Channel [id: 0x046d88f9, L:/127.0.0.1:57361 ! R:localhost/127.0.0.1:57356]
12:54:51.460 [AsyncHttpClient-1-1] DEBUG org.asynchttpclient.netty.channel.DefaultChannelPool - Closed 2 connections out of 2 in 0 ms
12:54:51.596 [AsyncHttpClient-1-8] DEBUG org.asynchttpclient.netty.handler.HttpHandler - 

Request DefaultHttpRequest(decodeResult: success, version: HTTP/1.1)
POST /session HTTP/1.1
User-Agent: selenium/4.7.1 (java windows)
Content-Length: 557
Content-Type: application/json; charset=utf-8
host: localhost:44111
accept: */*

Response DefaultHttpResponse(decodeResult: success, version: HTTP/1.1)
HTTP/1.1 200 OK
Content-Type: application/json; charset=utf-8
cache-control: no-cache
content-length: 790

12:54:51.596 [AsyncHttpClient-1-8] DEBUG org.asynchttpclient.netty.channel.ChannelManager - Adding key: http://localhost:44111 for channel [id: 0xa0156e3b, L:/127.0.0.1:57371 - R:localhost/127.0.0.1:44111]
12:54:51.601 [AsyncHttpClient-1-9] DEBUG org.asynchttpclient.netty.channel.NettyConnectListener - Using new Channel '[id: 0x6c6f3bd6, L:/127.0.0.1:57377 - R:localhost/127.0.0.1:57372]' for 'GET' to '/json/version'
12:54:51.602 [AsyncHttpClient-1-9] DEBUG org.asynchttpclient.netty.handler.HttpHandler - 

Request DefaultFullHttpRequest(decodeResult: success, version: HTTP/1.1, content: EmptyByteBufBE)
GET /json/version HTTP/1.1
User-Agent: selenium/4.7.1 (java windows)
host: localhost:57372
accept: */*

Response DefaultHttpResponse(decodeResult: success, version: HTTP/1.1)
HTTP/1.1 200 OK
Content-Security-Policy: frame-ancestors 'none'
Content-Type: application/json; charset=UTF-8
content-length: 445

12:54:51.603 [AsyncHttpClient-1-9] DEBUG org.asynchttpclient.netty.channel.ChannelManager - Adding key: http://localhost:57372 for channel [id: 0x6c6f3bd6, L:/127.0.0.1:57377 - R:localhost/127.0.0.1:57372]
12:54:51.605 [AsyncHttpClient-1-10] DEBUG org.asynchttpclient.netty.channel.NettyConnectListener - Using new Channel '[id: 0x5d7a1314, L:/127.0.0.1:57378 - R:localhost/127.0.0.1:57372]' for 'GET' to '/devtools/browser/62f998ea-044b-43c3-ba72-d11b19392cb4'
12:54:51.606 [AsyncHttpClient-1-10] DEBUG org.asynchttpclient.netty.handler.WebSocketHandler - 

Request DefaultFullHttpRequest(decodeResult: success, version: HTTP/1.1, content: EmptyByteBufBE)
GET /devtools/browser/62f998ea-044b-43c3-ba72-d11b19392cb4 HTTP/1.1
upgrade: websocket
connection: upgrade
sec-websocket-key: 6gBwfHyha6W2Cgld5vzp4A==
sec-websocket-version: 13
origin: http://localhost:57372
host: localhost:57372
accept: */*
user-agent: AHC/2.1

Response DefaultHttpResponse(decodeResult: success, version: HTTP/1.1)
HTTP/1.1 101 WebSocket Protocol Handshake
Upgrade: WebSocket
Connection: Upgrade
Sec-WebSocket-Accept: xj5xCD8SKKAAz94H4hHv/1cEFAM=

12:54:51.610 [Forwarding maximizeCurrentWindow on session 97ff30cfcdf25141abd39fdc9e0b75ec to remote] DEBUG org.asynchttpclient.netty.request.NettyRequestSender - Using pooled Channel '[id: 0xa0156e3b, L:/127.0.0.1:57371 - R:localhost/127.0.0.1:44111]' for 'POST' to 'http://localhost:44111/session/97ff30cfcdf25141abd39fdc9e0b75ec/window/maximize'
12:54:51.610 [Forwarding maximizeCurrentWindow on session 97ff30cfcdf25141abd39fdc9e0b75ec to remote] DEBUG org.asynchttpclient.netty.request.NettyRequestSender - Using open Channel [id: 0xa0156e3b, L:/127.0.0.1:57371 - R:localhost/127.0.0.1:44111] for POST '/session/97ff30cfcdf25141abd39fdc9e0b75ec/window/maximize'
12:54:51.718 [AsyncHttpClient-1-8] DEBUG org.asynchttpclient.netty.handler.HttpHandler - 

Request DefaultHttpRequest(decodeResult: success, version: HTTP/1.1)
POST /session/97ff30cfcdf25141abd39fdc9e0b75ec/window/maximize HTTP/1.1
User-Agent: selenium/4.7.1 (java windows)
Content-Length: 3
Content-Type: application/json; charset=utf-8
host: localhost:44111
accept: */*

Response DefaultHttpResponse(decodeResult: success, version: HTTP/1.1)
HTTP/1.1 200 OK
Content-Type: application/json; charset=utf-8
cache-control: no-cache
content-length: 50

12:54:51.720 [AsyncHttpClient-1-8] DEBUG org.asynchttpclient.netty.channel.ChannelManager - Adding key: http://localhost:44111 for channel [id: 0xa0156e3b, L:/127.0.0.1:57371 - R:localhost/127.0.0.1:44111]
12:54:51.727 [Forwarding get on session 97ff30cfcdf25141abd39fdc9e0b75ec to remote] DEBUG org.asynchttpclient.netty.request.NettyRequestSender - Using pooled Channel '[id: 0xa0156e3b, L:/127.0.0.1:57371 - R:localhost/127.0.0.1:44111]' for 'POST' to 'http://localhost:44111/session/97ff30cfcdf25141abd39fdc9e0b75ec/url'
12:54:51.727 [Forwarding get on session 97ff30cfcdf25141abd39fdc9e0b75ec to remote] DEBUG org.asynchttpclient.netty.request.NettyRequestSender - Using open Channel [id: 0xa0156e3b, L:/127.0.0.1:57371 - R:localhost/127.0.0.1:44111] for POST '/session/97ff30cfcdf25141abd39fdc9e0b75ec/url'
12:54:52.039 [AsyncHttpClient-1-8] DEBUG org.asynchttpclient.netty.handler.HttpHandler - 

Request DefaultHttpRequest(decodeResult: success, version: HTTP/1.1)
POST /session/97ff30cfcdf25141abd39fdc9e0b75ec/url HTTP/1.1
User-Agent: selenium/4.7.1 (java windows)
Content-Length: 56
Content-Type: application/json; charset=utf-8
host: localhost:44111
accept: */*

Response DefaultHttpResponse(decodeResult: success, version: HTTP/1.1)
HTTP/1.1 200 OK
Content-Type: application/json; charset=utf-8
cache-control: no-cache
content-length: 14

12:54:52.039 [AsyncHttpClient-1-8] DEBUG org.asynchttpclient.netty.channel.ChannelManager - Adding key: http://localhost:44111 for channel [id: 0xa0156e3b, L:/127.0.0.1:57371 - R:localhost/127.0.0.1:44111]
12:54:52.040 [Forwarding setTimeout on session 97ff30cfcdf25141abd39fdc9e0b75ec to remote] DEBUG org.asynchttpclient.netty.request.NettyRequestSender - Using pooled Channel '[id: 0xa0156e3b, L:/127.0.0.1:57371 - R:localhost/127.0.0.1:44111]' for 'POST' to 'http://localhost:44111/session/97ff30cfcdf25141abd39fdc9e0b75ec/timeouts'
12:54:52.040 [Forwarding setTimeout on session 97ff30cfcdf25141abd39fdc9e0b75ec to remote] DEBUG org.asynchttpclient.netty.request.NettyRequestSender - Using open Channel [id: 0xa0156e3b, L:/127.0.0.1:57371 - R:localhost/127.0.0.1:44111] for POST '/session/97ff30cfcdf25141abd39fdc9e0b75ec/timeouts'
12:54:52.041 [AsyncHttpClient-1-8] DEBUG org.asynchttpclient.netty.handler.HttpHandler - 

Request DefaultHttpRequest(decodeResult: success, version: HTTP/1.1)
POST /session/97ff30cfcdf25141abd39fdc9e0b75ec/timeouts HTTP/1.1
User-Agent: selenium/4.7.1 (java windows)
Content-Length: 22
Content-Type: application/json; charset=utf-8
host: localhost:44111
accept: */*

Response DefaultHttpResponse(decodeResult: success, version: HTTP/1.1)
HTTP/1.1 200 OK
Content-Type: application/json; charset=utf-8
cache-control: no-cache
content-length: 14

12:54:52.042 [AsyncHttpClient-1-8] DEBUG org.asynchttpclient.netty.channel.ChannelManager - Adding key: http://localhost:44111 for channel [id: 0xa0156e3b, L:/127.0.0.1:57371 - R:localhost/127.0.0.1:44111]
  &amp#27;[32mGiven &amp#27;[0m&amp#27;[32mI go to &amp#27;[0m&amp#27;[32m&amp#27;[1m"https://www.saucedemo.com/"&amp#27;[0m          &amp#27;[90m# Class6BDD.steps.CommonSteps.fillCrossDockSection(java.lang.String)&amp#27;[0m
12:54:52.048 [Forwarding getCurrentWindowHandle on session 97ff30cfcdf25141abd39fdc9e0b75ec to remote] DEBUG org.asynchttpclient.netty.request.NettyRequestSender - Using pooled Channel '[id: 0xa0156e3b, L:/127.0.0.1:57371 - R:localhost/127.0.0.1:44111]' for 'GET' to 'http://localhost:44111/session/97ff30cfcdf25141abd39fdc9e0b75ec/window'
12:54:52.048 [Forwarding getCurrentWindowHandle on session 97ff30cfcdf25141abd39fdc9e0b75ec to remote] DEBUG org.asynchttpclient.netty.request.NettyRequestSender - Using open Channel [id: 0xa0156e3b, L:/127.0.0.1:57371 - R:localhost/127.0.0.1:44111] for GET '/session/97ff30cfcdf25141abd39fdc9e0b75ec/window'
12:54:52.049 [AsyncHttpClient-1-8] DEBUG org.asynchttpclient.netty.handler.HttpHandler - 

Request DefaultFullHttpRequest(decodeResult: success, version: HTTP/1.1, content: EmptyByteBufBE)
GET /session/97ff30cfcdf25141abd39fdc9e0b75ec/window HTTP/1.1
User-Agent: selenium/4.7.1 (java windows)
Cache-Control: no-cache
Content-Type: application/json; charset=utf-8
host: localhost:44111
accept: */*

Response DefaultHttpResponse(decodeResult: success, version: HTTP/1.1)
HTTP/1.1 200 OK
Content-Type: application/json; charset=utf-8
cache-control: no-cache
content-length: 53

12:54:52.050 [AsyncHttpClient-1-8] DEBUG org.asynchttpclient.netty.channel.ChannelManager - Adding key: http://localhost:44111 for channel [id: 0xa0156e3b, L:/127.0.0.1:57371 - R:localhost/127.0.0.1:44111]
12:54:52.051 [Forwarding getAlertText on session 97ff30cfcdf25141abd39fdc9e0b75ec to remote] DEBUG org.asynchttpclient.netty.request.NettyRequestSender - Using pooled Channel '[id: 0xa0156e3b, L:/127.0.0.1:57371 - R:localhost/127.0.0.1:44111]' for 'GET' to 'http://localhost:44111/session/97ff30cfcdf25141abd39fdc9e0b75ec/alert/text'
12:54:52.051 [Forwarding getAlertText on session 97ff30cfcdf25141abd39fdc9e0b75ec to remote] DEBUG org.asynchttpclient.netty.request.NettyRequestSender - Using open Channel [id: 0xa0156e3b, L:/127.0.0.1:57371 - R:localhost/127.0.0.1:44111] for GET '/session/97ff30cfcdf25141abd39fdc9e0b75ec/alert/text'
12:54:52.052 [AsyncHttpClient-1-8] DEBUG org.asynchttpclient.netty.handler.HttpHandler - 

Request DefaultFullHttpRequest(decodeResult: success, version: HTTP/1.1, content: EmptyByteBufBE)
GET /session/97ff30cfcdf25141abd39fdc9e0b75ec/alert/text HTTP/1.1
User-Agent: selenium/4.7.1 (java windows)
Cache-Control: no-cache
Content-Type: application/json; charset=utf-8
host: localhost:44111
accept: */*

Response DefaultHttpResponse(decodeResult: success, version: HTTP/1.1)
HTTP/1.1 404 Not Found
Content-Type: application/json; charset=utf-8
cache-control: no-cache
content-length: 834

12:54:52.053 [AsyncHttpClient-1-8] DEBUG org.asynchttpclient.netty.channel.ChannelManager - Adding key: http://localhost:44111 for channel [id: 0xa0156e3b, L:/127.0.0.1:57371 - R:localhost/127.0.0.1:44111]
12:54:52.056 [Forwarding switchToWindow on session 97ff30cfcdf25141abd39fdc9e0b75ec to remote] DEBUG org.asynchttpclient.netty.request.NettyRequestSender - Using pooled Channel '[id: 0xa0156e3b, L:/127.0.0.1:57371 - R:localhost/127.0.0.1:44111]' for 'POST' to 'http://localhost:44111/session/97ff30cfcdf25141abd39fdc9e0b75ec/window'
12:54:52.056 [Forwarding switchToWindow on session 97ff30cfcdf25141abd39fdc9e0b75ec to remote] DEBUG org.asynchttpclient.netty.request.NettyRequestSender - Using open Channel [id: 0xa0156e3b, L:/127.0.0.1:57371 - R:localhost/127.0.0.1:44111] for POST '/session/97ff30cfcdf25141abd39fdc9e0b75ec/window'
12:54:52.058 [AsyncHttpClient-1-8] DEBUG org.asynchttpclient.netty.handler.HttpHandler - 

Request DefaultHttpRequest(decodeResult: success, version: HTTP/1.1)
POST /session/97ff30cfcdf25141abd39fdc9e0b75ec/window HTTP/1.1
User-Agent: selenium/4.7.1 (java windows)
Content-Length: 59
Content-Type: application/json; charset=utf-8
host: localhost:44111
accept: */*

Response DefaultHttpResponse(decodeResult: success, version: HTTP/1.1)
HTTP/1.1 200 OK
Content-Type: application/json; charset=utf-8
cache-control: no-cache
content-length: 14

12:54:52.058 [AsyncHttpClient-1-8] DEBUG org.asynchttpclient.netty.channel.ChannelManager - Adding key: http://localhost:44111 for channel [id: 0xa0156e3b, L:/127.0.0.1:57371 - R:localhost/127.0.0.1:44111]
12:54:52.059 [Forwarding getCurrentUrl on session 97ff30cfcdf25141abd39fdc9e0b75ec to remote] DEBUG org.asynchttpclient.netty.request.NettyRequestSender - Using pooled Channel '[id: 0xa0156e3b, L:/127.0.0.1:57371 - R:localhost/127.0.0.1:44111]' for 'GET' to 'http://localhost:44111/session/97ff30cfcdf25141abd39fdc9e0b75ec/url'
12:54:52.060 [Forwarding getCurrentUrl on session 97ff30cfcdf25141abd39fdc9e0b75ec to remote] DEBUG org.asynchttpclient.netty.request.NettyRequestSender - Using open Channel [id: 0xa0156e3b, L:/127.0.0.1:57371 - R:localhost/127.0.0.1:44111] for GET '/session/97ff30cfcdf25141abd39fdc9e0b75ec/url'
12:54:52.065 [AsyncHttpClient-1-8] DEBUG org.asynchttpclient.netty.handler.HttpHandler - 

Request DefaultFullHttpRequest(decodeResult: success, version: HTTP/1.1, content: EmptyByteBufBE)
GET /session/97ff30cfcdf25141abd39fdc9e0b75ec/url HTTP/1.1
User-Agent: selenium/4.7.1 (java windows)
Cache-Control: no-cache
Content-Type: application/json; charset=utf-8
host: localhost:44111
accept: */*

Response DefaultHttpResponse(decodeResult: success, version: HTTP/1.1)
HTTP/1.1 200 OK
Content-Type: application/json; charset=utf-8
cache-control: no-cache
content-length: 38

12:54:52.065 [AsyncHttpClient-1-8] DEBUG org.asynchttpclient.netty.channel.ChannelManager - Adding key: http://localhost:44111 for channel [id: 0xa0156e3b, L:/127.0.0.1:57371 - R:localhost/127.0.0.1:44111]
12:54:52.066 [Forwarding screenshot on session 97ff30cfcdf25141abd39fdc9e0b75ec to remote] DEBUG org.asynchttpclient.netty.request.NettyRequestSender - Using pooled Channel '[id: 0xa0156e3b, L:/127.0.0.1:57371 - R:localhost/127.0.0.1:44111]' for 'GET' to 'http://localhost:44111/session/97ff30cfcdf25141abd39fdc9e0b75ec/screenshot'
12:54:52.066 [Forwarding screenshot on session 97ff30cfcdf25141abd39fdc9e0b75ec to remote] DEBUG org.asynchttpclient.netty.request.NettyRequestSender - Using open Channel [id: 0xa0156e3b, L:/127.0.0.1:57371 - R:localhost/127.0.0.1:44111] for GET '/session/97ff30cfcdf25141abd39fdc9e0b75ec/screenshot'
12:54:52.204 [AsyncHttpClient-1-8] DEBUG org.asynchttpclient.netty.handler.HttpHandler - 

Request DefaultFullHttpRequest(decodeResult: success, version: HTTP/1.1, content: EmptyByteBufBE)
GET /session/97ff30cfcdf25141abd39fdc9e0b75ec/screenshot HTTP/1.1
User-Agent: selenium/4.7.1 (java windows)
Cache-Control: no-cache
Content-Type: application/json; charset=utf-8
host: localhost:44111
accept: */*

Response DefaultHttpResponse(decodeResult: success, version: HTTP/1.1)
HTTP/1.1 200 OK
Content-Type: application/json; charset=utf-8
cache-control: no-cache
content-length: 80692

12:54:52.205 [AsyncHttpClient-1-8] DEBUG org.asynchttpclient.netty.channel.ChannelManager - Adding key: http://localhost:44111 for channel [id: 0xa0156e3b, L:/127.0.0.1:57371 - R:localhost/127.0.0.1:44111]
12:54:52.207 [main] DEBUG net.serenitybdd.core.photography.Darkroom - Send negative for processing for target\site\serenity\15a7514d6fa104e3b1d014195f40b59ecdad25387af39f26ebf9f7e5154565c1.png
12:54:52.212 [Forwarding getPageSource on session 97ff30cfcdf25141abd39fdc9e0b75ec to remote] DEBUG org.asynchttpclient.netty.request.NettyRequestSender - Using pooled Channel '[id: 0xa0156e3b, L:/127.0.0.1:57371 - R:localhost/127.0.0.1:44111]' for 'POST' to 'http://localhost:44111/session/97ff30cfcdf25141abd39fdc9e0b75ec/execute/sync'
12:54:52.212 [Forwarding getPageSource on session 97ff30cfcdf25141abd39fdc9e0b75ec to remote] DEBUG org.asynchttpclient.netty.request.NettyRequestSender - Using open Channel [id: 0xa0156e3b, L:/127.0.0.1:57371 - R:localhost/127.0.0.1:44111] for POST '/session/97ff30cfcdf25141abd39fdc9e0b75ec/execute/sync'
12:54:52.217 [AsyncHttpClient-1-8] DEBUG org.asynchttpclient.netty.handler.HttpHandler - 

Request DefaultHttpRequest(decodeResult: success, version: HTTP/1.1)
POST /session/97ff30cfcdf25141abd39fdc9e0b75ec/execute/sync HTTP/1.1
User-Agent: selenium/4.7.1 (java windows)
Content-Length: 176
Content-Type: application/json; charset=utf-8
host: localhost:44111
accept: */*

Response DefaultHttpResponse(decodeResult: success, version: HTTP/1.1)
HTTP/1.1 200 OK
Content-Type: application/json; charset=utf-8
cache-control: no-cache
content-length: 4160

12:54:52.217 [AsyncHttpClient-1-8] DEBUG org.asynchttpclient.netty.channel.ChannelManager - Adding key: http://localhost:44111 for channel [id: 0xa0156e3b, L:/127.0.0.1:57371 - R:localhost/127.0.0.1:44111]
12:54:52.219 [Forwarding getCurrentUrl on session 97ff30cfcdf25141abd39fdc9e0b75ec to remote] DEBUG org.asynchttpclient.netty.request.NettyRequestSender - Using pooled Channel '[id: 0xa0156e3b, L:/127.0.0.1:57371 - R:localhost/127.0.0.1:44111]' for 'GET' to 'http://localhost:44111/session/97ff30cfcdf25141abd39fdc9e0b75ec/url'
12:54:52.219 [Forwarding getCurrentUrl on session 97ff30cfcdf25141abd39fdc9e0b75ec to remote] DEBUG org.asynchttpclient.netty.request.NettyRequestSender - Using open Channel [id: 0xa0156e3b, L:/127.0.0.1:57371 - R:localhost/127.0.0.1:44111] for GET '/session/97ff30cfcdf25141abd39fdc9e0b75ec/url'
12:54:52.224 [AsyncHttpClient-1-8] DEBUG org.asynchttpclient.netty.handler.HttpHandler - 

Request DefaultFullHttpRequest(decodeResult: success, version: HTTP/1.1, content: EmptyByteBufBE)
GET /session/97ff30cfcdf25141abd39fdc9e0b75ec/url HTTP/1.1
User-Agent: selenium/4.7.1 (java windows)
Cache-Control: no-cache
Content-Type: application/json; charset=utf-8
host: localhost:44111
accept: */*

Response DefaultHttpResponse(decodeResult: success, version: HTTP/1.1)
HTTP/1.1 200 OK
Content-Type: application/json; charset=utf-8
cache-control: no-cache
content-length: 38

12:54:52.224 [AsyncHttpClient-1-8] DEBUG org.asynchttpclient.netty.channel.ChannelManager - Adding key: http://localhost:44111 for channel [id: 0xa0156e3b, L:/127.0.0.1:57371 - R:localhost/127.0.0.1:44111]
12:54:52.228 [Forwarding maximizeCurrentWindow on session 97ff30cfcdf25141abd39fdc9e0b75ec to remote] DEBUG org.asynchttpclient.netty.request.NettyRequestSender - Using pooled Channel '[id: 0xa0156e3b, L:/127.0.0.1:57371 - R:localhost/127.0.0.1:44111]' for 'POST' to 'http://localhost:44111/session/97ff30cfcdf25141abd39fdc9e0b75ec/window/maximize'
12:54:52.228 [Forwarding maximizeCurrentWindow on session 97ff30cfcdf25141abd39fdc9e0b75ec to remote] DEBUG org.asynchttpclient.netty.request.NettyRequestSender - Using open Channel [id: 0xa0156e3b, L:/127.0.0.1:57371 - R:localhost/127.0.0.1:44111] for POST '/session/97ff30cfcdf25141abd39fdc9e0b75ec/window/maximize'
12:54:52.231 [AsyncHttpClient-1-8] DEBUG org.asynchttpclient.netty.handler.HttpHandler - 

Request DefaultHttpRequest(decodeResult: success, version: HTTP/1.1)
POST /session/97ff30cfcdf25141abd39fdc9e0b75ec/window/maximize HTTP/1.1
User-Agent: selenium/4.7.1 (java windows)
Content-Length: 3
Content-Type: application/json; charset=utf-8
host: localhost:44111
accept: */*

Response DefaultHttpResponse(decodeResult: success, version: HTTP/1.1)
HTTP/1.1 200 OK
Content-Type: application/json; charset=utf-8
cache-control: no-cache
content-length: 50

12:54:52.231 [AsyncHttpClient-1-8] DEBUG org.asynchttpclient.netty.channel.ChannelManager - Adding key: http://localhost:44111 for channel [id: 0xa0156e3b, L:/127.0.0.1:57371 - R:localhost/127.0.0.1:44111]
12:54:52.235 [Forwarding findElement on session 97ff30cfcdf25141abd39fdc9e0b75ec to remote] DEBUG org.asynchttpclient.netty.request.NettyRequestSender - Using pooled Channel '[id: 0xa0156e3b, L:/127.0.0.1:57371 - R:localhost/127.0.0.1:44111]' for 'POST' to 'http://localhost:44111/session/97ff30cfcdf25141abd39fdc9e0b75ec/element'
12:54:52.235 [Forwarding findElement on session 97ff30cfcdf25141abd39fdc9e0b75ec to remote] DEBUG org.asynchttpclient.netty.request.NettyRequestSender - Using open Channel [id: 0xa0156e3b, L:/127.0.0.1:57371 - R:localhost/127.0.0.1:44111] for POST '/session/97ff30cfcdf25141abd39fdc9e0b75ec/element'
12:54:52.247 [AsyncHttpClient-1-8] DEBUG org.asynchttpclient.netty.handler.HttpHandler - 

Request DefaultHttpRequest(decodeResult: success, version: HTTP/1.1)
POST /session/97ff30cfcdf25141abd39fdc9e0b75ec/element HTTP/1.1
User-Agent: selenium/4.7.1 (java windows)
Content-Length: 56
Content-Type: application/json; charset=utf-8
host: localhost:44111
accept: */*

Response DefaultHttpResponse(decodeResult: success, version: HTTP/1.1)
HTTP/1.1 200 OK
Content-Type: application/json; charset=utf-8
cache-control: no-cache
content-length: 88

12:54:52.248 [AsyncHttpClient-1-8] DEBUG org.asynchttpclient.netty.channel.ChannelManager - Adding key: http://localhost:44111 for channel [id: 0xa0156e3b, L:/127.0.0.1:57371 - R:localhost/127.0.0.1:44111]
12:54:52.258 [Forwarding sendKeysToElement on session 97ff30cfcdf25141abd39fdc9e0b75ec to remote] DEBUG org.asynchttpclient.netty.request.NettyRequestSender - Using pooled Channel '[id: 0xa0156e3b, L:/127.0.0.1:57371 - R:localhost/127.0.0.1:44111]' for 'POST' to 'http://localhost:44111/session/97ff30cfcdf25141abd39fdc9e0b75ec/element/1802f963-b0b9-41b2-985b-18b9c279a6bc/value'
12:54:52.258 [Forwarding sendKeysToElement on session 97ff30cfcdf25141abd39fdc9e0b75ec to remote] DEBUG org.asynchttpclient.netty.request.NettyRequestSender - Using open Channel [id: 0xa0156e3b, L:/127.0.0.1:57371 - R:localhost/127.0.0.1:44111] for POST '/session/97ff30cfcdf25141abd39fdc9e0b75ec/element/1802f963-b0b9-41b2-985b-18b9c279a6bc/value'
12:54:52.338 [AsyncHttpClient-1-8] DEBUG org.asynchttpclient.netty.handler.HttpHandler - 

Request DefaultHttpRequest(decodeResult: success, version: HTTP/1.1)
POST /session/97ff30cfcdf25141abd39fdc9e0b75ec/element/1802f963-b0b9-41b2-985b-18b9c279a6bc/value HTTP/1.1
User-Agent: selenium/4.7.1 (java windows)
Content-Length: 211
Content-Type: application/json; charset=utf-8
host: localhost:44111
accept: */*

Response DefaultHttpResponse(decodeResult: success, version: HTTP/1.1)
HTTP/1.1 200 OK
Content-Type: application/json; charset=utf-8
cache-control: no-cache
content-length: 14

12:54:52.339 [AsyncHttpClient-1-8] DEBUG org.asynchttpclient.netty.channel.ChannelManager - Adding key: http://localhost:44111 for channel [id: 0xa0156e3b, L:/127.0.0.1:57371 - R:localhost/127.0.0.1:44111]
  &amp#27;[32mThen &amp#27;[0m&amp#27;[32mI fill username &amp#27;[0m&amp#27;[32m&amp#27;[1m"standard_user"&amp#27;[0m                &amp#27;[90m# Class6BDD.steps.LoginSteps.iFillUsername(java.lang.String)&amp#27;[0m
12:54:52.345 [Forwarding getCurrentWindowHandle on session 97ff30cfcdf25141abd39fdc9e0b75ec to remote] DEBUG org.asynchttpclient.netty.request.NettyRequestSender - Using pooled Channel '[id: 0xa0156e3b, L:/127.0.0.1:57371 - R:localhost/127.0.0.1:44111]' for 'GET' to 'http://localhost:44111/session/97ff30cfcdf25141abd39fdc9e0b75ec/window'
12:54:52.346 [Forwarding getCurrentWindowHandle on session 97ff30cfcdf25141abd39fdc9e0b75ec to remote] DEBUG org.asynchttpclient.netty.request.NettyRequestSender - Using open Channel [id: 0xa0156e3b, L:/127.0.0.1:57371 - R:localhost/127.0.0.1:44111] for GET '/session/97ff30cfcdf25141abd39fdc9e0b75ec/window'
12:54:52.347 [AsyncHttpClient-1-8] DEBUG org.asynchttpclient.netty.handler.HttpHandler - 

Request DefaultFullHttpRequest(decodeResult: success, version: HTTP/1.1, content: EmptyByteBufBE)
GET /session/97ff30cfcdf25141abd39fdc9e0b75ec/window HTTP/1.1
User-Agent: selenium/4.7.1 (java windows)
Cache-Control: no-cache
Content-Type: application/json; charset=utf-8
host: localhost:44111
accept: */*

Response DefaultHttpResponse(decodeResult: success, version: HTTP/1.1)
HTTP/1.1 200 OK
Content-Type: application/json; charset=utf-8
cache-control: no-cache
content-length: 53

12:54:52.347 [AsyncHttpClient-1-8] DEBUG org.asynchttpclient.netty.channel.ChannelManager - Adding key: http://localhost:44111 for channel [id: 0xa0156e3b, L:/127.0.0.1:57371 - R:localhost/127.0.0.1:44111]
12:54:52.348 [Forwarding getAlertText on session 97ff30cfcdf25141abd39fdc9e0b75ec to remote] DEBUG org.asynchttpclient.netty.request.NettyRequestSender - Using pooled Channel '[id: 0xa0156e3b, L:/127.0.0.1:57371 - R:localhost/127.0.0.1:44111]' for 'GET' to 'http://localhost:44111/session/97ff30cfcdf25141abd39fdc9e0b75ec/alert/text'
12:54:52.348 [Forwarding getAlertText on session 97ff30cfcdf25141abd39fdc9e0b75ec to remote] DEBUG org.asynchttpclient.netty.request.NettyRequestSender - Using open Channel [id: 0xa0156e3b, L:/127.0.0.1:57371 - R:localhost/127.0.0.1:44111] for GET '/session/97ff30cfcdf25141abd39fdc9e0b75ec/alert/text'
12:54:52.349 [AsyncHttpClient-1-8] DEBUG org.asynchttpclient.netty.handler.HttpHandler - 

Request DefaultFullHttpRequest(decodeResult: success, version: HTTP/1.1, content: EmptyByteBufBE)
GET /session/97ff30cfcdf25141abd39fdc9e0b75ec/alert/text HTTP/1.1
User-Agent: selenium/4.7.1 (java windows)
Cache-Control: no-cache
Content-Type: application/json; charset=utf-8
host: localhost:44111
accept: */*

Response DefaultHttpResponse(decodeResult: success, version: HTTP/1.1)
HTTP/1.1 404 Not Found
Content-Type: application/json; charset=utf-8
cache-control: no-cache
content-length: 834

12:54:52.350 [AsyncHttpClient-1-8] DEBUG org.asynchttpclient.netty.channel.ChannelManager - Adding key: http://localhost:44111 for channel [id: 0xa0156e3b, L:/127.0.0.1:57371 - R:localhost/127.0.0.1:44111]
12:54:52.351 [Forwarding switchToWindow on session 97ff30cfcdf25141abd39fdc9e0b75ec to remote] DEBUG org.asynchttpclient.netty.request.NettyRequestSender - Using pooled Channel '[id: 0xa0156e3b, L:/127.0.0.1:57371 - R:localhost/127.0.0.1:44111]' for 'POST' to 'http://localhost:44111/session/97ff30cfcdf25141abd39fdc9e0b75ec/window'
12:54:52.351 [Forwarding switchToWindow on session 97ff30cfcdf25141abd39fdc9e0b75ec to remote] DEBUG org.asynchttpclient.netty.request.NettyRequestSender - Using open Channel [id: 0xa0156e3b, L:/127.0.0.1:57371 - R:localhost/127.0.0.1:44111] for POST '/session/97ff30cfcdf25141abd39fdc9e0b75ec/window'
12:54:52.353 [AsyncHttpClient-1-8] DEBUG org.asynchttpclient.netty.handler.HttpHandler - 

Request DefaultHttpRequest(decodeResult: success, version: HTTP/1.1)
POST /session/97ff30cfcdf25141abd39fdc9e0b75ec/window HTTP/1.1
User-Agent: selenium/4.7.1 (java windows)
Content-Length: 59
Content-Type: application/json; charset=utf-8
host: localhost:44111
accept: */*

Response DefaultHttpResponse(decodeResult: success, version: HTTP/1.1)
HTTP/1.1 200 OK
Content-Type: application/json; charset=utf-8
cache-control: no-cache
content-length: 14

12:54:52.354 [AsyncHttpClient-1-8] DEBUG org.asynchttpclient.netty.channel.ChannelManager - Adding key: http://localhost:44111 for channel [id: 0xa0156e3b, L:/127.0.0.1:57371 - R:localhost/127.0.0.1:44111]
12:54:52.354 [Forwarding getCurrentUrl on session 97ff30cfcdf25141abd39fdc9e0b75ec to remote] DEBUG org.asynchttpclient.netty.request.NettyRequestSender - Using pooled Channel '[id: 0xa0156e3b, L:/127.0.0.1:57371 - R:localhost/127.0.0.1:44111]' for 'GET' to 'http://localhost:44111/session/97ff30cfcdf25141abd39fdc9e0b75ec/url'
12:54:52.354 [Forwarding getCurrentUrl on session 97ff30cfcdf25141abd39fdc9e0b75ec to remote] DEBUG org.asynchttpclient.netty.request.NettyRequestSender - Using open Channel [id: 0xa0156e3b, L:/127.0.0.1:57371 - R:localhost/127.0.0.1:44111] for GET '/session/97ff30cfcdf25141abd39fdc9e0b75ec/url'
12:54:52.358 [AsyncHttpClient-1-8] DEBUG org.asynchttpclient.netty.handler.HttpHandler - 

Request DefaultFullHttpRequest(decodeResult: success, version: HTTP/1.1, content: EmptyByteBufBE)
GET /session/97ff30cfcdf25141abd39fdc9e0b75ec/url HTTP/1.1
User-Agent: selenium/4.7.1 (java windows)
Cache-Control: no-cache
Content-Type: application/json; charset=utf-8
host: localhost:44111
accept: */*

Response DefaultHttpResponse(decodeResult: success, version: HTTP/1.1)
HTTP/1.1 200 OK
Content-Type: application/json; charset=utf-8
cache-control: no-cache
content-length: 38

12:54:52.358 [AsyncHttpClient-1-8] DEBUG org.asynchttpclient.netty.channel.ChannelManager - Adding key: http://localhost:44111 for channel [id: 0xa0156e3b, L:/127.0.0.1:57371 - R:localhost/127.0.0.1:44111]
12:54:52.359 [Forwarding screenshot on session 97ff30cfcdf25141abd39fdc9e0b75ec to remote] DEBUG org.asynchttpclient.netty.request.NettyRequestSender - Using pooled Channel '[id: 0xa0156e3b, L:/127.0.0.1:57371 - R:localhost/127.0.0.1:44111]' for 'GET' to 'http://localhost:44111/session/97ff30cfcdf25141abd39fdc9e0b75ec/screenshot'
12:54:52.359 [Forwarding screenshot on session 97ff30cfcdf25141abd39fdc9e0b75ec to remote] DEBUG org.asynchttpclient.netty.request.NettyRequestSender - Using open Channel [id: 0xa0156e3b, L:/127.0.0.1:57371 - R:localhost/127.0.0.1:44111] for GET '/session/97ff30cfcdf25141abd39fdc9e0b75ec/screenshot'
12:54:52.481 [AsyncHttpClient-1-8] DEBUG org.asynchttpclient.netty.handler.HttpHandler - 

Request DefaultFullHttpRequest(decodeResult: success, version: HTTP/1.1, content: EmptyByteBufBE)
GET /session/97ff30cfcdf25141abd39fdc9e0b75ec/screenshot HTTP/1.1
User-Agent: selenium/4.7.1 (java windows)
Cache-Control: no-cache
Content-Type: application/json; charset=utf-8
host: localhost:44111
accept: */*

Response DefaultHttpResponse(decodeResult: success, version: HTTP/1.1)
HTTP/1.1 200 OK
Content-Type: application/json; charset=utf-8
cache-control: no-cache
content-length: 81524

12:54:52.481 [AsyncHttpClient-1-8] DEBUG org.asynchttpclient.netty.channel.ChannelManager - Adding key: http://localhost:44111 for channel [id: 0xa0156e3b, L:/127.0.0.1:57371 - R:localhost/127.0.0.1:44111]
12:54:52.483 [main] DEBUG net.serenitybdd.core.photography.Darkroom - Send negative for processing for target\site\serenity\4d348736925d136719aeae1b6214215cd9df14df0a0e9287ede36be35ff0d279.png
12:54:52.487 [Forwarding getPageSource on session 97ff30cfcdf25141abd39fdc9e0b75ec to remote] DEBUG org.asynchttpclient.netty.request.NettyRequestSender - Using pooled Channel '[id: 0xa0156e3b, L:/127.0.0.1:57371 - R:localhost/127.0.0.1:44111]' for 'POST' to 'http://localhost:44111/session/97ff30cfcdf25141abd39fdc9e0b75ec/execute/sync'
12:54:52.487 [Forwarding getPageSource on session 97ff30cfcdf25141abd39fdc9e0b75ec to remote] DEBUG org.asynchttpclient.netty.request.NettyRequestSender - Using open Channel [id: 0xa0156e3b, L:/127.0.0.1:57371 - R:localhost/127.0.0.1:44111] for POST '/session/97ff30cfcdf25141abd39fdc9e0b75ec/execute/sync'
12:54:52.490 [AsyncHttpClient-1-8] DEBUG org.asynchttpclient.netty.handler.HttpHandler - 

Request DefaultHttpRequest(decodeResult: success, version: HTTP/1.1)
POST /session/97ff30cfcdf25141abd39fdc9e0b75ec/execute/sync HTTP/1.1
User-Agent: selenium/4.7.1 (java windows)
Content-Length: 176
Content-Type: application/json; charset=utf-8
host: localhost:44111
accept: */*

Response DefaultHttpResponse(decodeResult: success, version: HTTP/1.1)
HTTP/1.1 200 OK
Content-Type: application/json; charset=utf-8
cache-control: no-cache
content-length: 4173

12:54:52.490 [AsyncHttpClient-1-8] DEBUG org.asynchttpclient.netty.channel.ChannelManager - Adding key: http://localhost:44111 for channel [id: 0xa0156e3b, L:/127.0.0.1:57371 - R:localhost/127.0.0.1:44111]
12:54:52.492 [Forwarding getCurrentUrl on session 97ff30cfcdf25141abd39fdc9e0b75ec to remote] DEBUG org.asynchttpclient.netty.request.NettyRequestSender - Using pooled Channel '[id: 0xa0156e3b, L:/127.0.0.1:57371 - R:localhost/127.0.0.1:44111]' for 'GET' to 'http://localhost:44111/session/97ff30cfcdf25141abd39fdc9e0b75ec/url'
12:54:52.492 [Forwarding getCurrentUrl on session 97ff30cfcdf25141abd39fdc9e0b75ec to remote] DEBUG org.asynchttpclient.netty.request.NettyRequestSender - Using open Channel [id: 0xa0156e3b, L:/127.0.0.1:57371 - R:localhost/127.0.0.1:44111] for GET '/session/97ff30cfcdf25141abd39fdc9e0b75ec/url'
12:54:52.495 [AsyncHttpClient-1-8] DEBUG org.asynchttpclient.netty.handler.HttpHandler - 

Request DefaultFullHttpRequest(decodeResult: success, version: HTTP/1.1, content: EmptyByteBufBE)
GET /session/97ff30cfcdf25141abd39fdc9e0b75ec/url HTTP/1.1
User-Agent: selenium/4.7.1 (java windows)
Cache-Control: no-cache
Content-Type: application/json; charset=utf-8
host: localhost:44111
accept: */*

Response DefaultHttpResponse(decodeResult: success, version: HTTP/1.1)
HTTP/1.1 200 OK
Content-Type: application/json; charset=utf-8
cache-control: no-cache
content-length: 38

12:54:52.495 [AsyncHttpClient-1-8] DEBUG org.asynchttpclient.netty.channel.ChannelManager - Adding key: http://localhost:44111 for channel [id: 0xa0156e3b, L:/127.0.0.1:57371 - R:localhost/127.0.0.1:44111]
12:54:52.499 [Forwarding findElement on session 97ff30cfcdf25141abd39fdc9e0b75ec to remote] DEBUG org.asynchttpclient.netty.request.NettyRequestSender - Using pooled Channel '[id: 0xa0156e3b, L:/127.0.0.1:57371 - R:localhost/127.0.0.1:44111]' for 'POST' to 'http://localhost:44111/session/97ff30cfcdf25141abd39fdc9e0b75ec/element'
12:54:52.499 [Forwarding findElement on session 97ff30cfcdf25141abd39fdc9e0b75ec to remote] DEBUG org.asynchttpclient.netty.request.NettyRequestSender - Using open Channel [id: 0xa0156e3b, L:/127.0.0.1:57371 - R:localhost/127.0.0.1:44111] for POST '/session/97ff30cfcdf25141abd39fdc9e0b75ec/element'
12:54:52.507 [AsyncHttpClient-1-8] DEBUG org.asynchttpclient.netty.handler.HttpHandler - 

Request DefaultHttpRequest(decodeResult: success, version: HTTP/1.1)
POST /session/97ff30cfcdf25141abd39fdc9e0b75ec/element HTTP/1.1
User-Agent: selenium/4.7.1 (java windows)
Content-Length: 53
Content-Type: application/json; charset=utf-8
host: localhost:44111
accept: */*

Response DefaultHttpResponse(decodeResult: success, version: HTTP/1.1)
HTTP/1.1 200 OK
Content-Type: application/json; charset=utf-8
cache-control: no-cache
content-length: 88

12:54:52.507 [AsyncHttpClient-1-8] DEBUG org.asynchttpclient.netty.channel.ChannelManager - Adding key: http://localhost:44111 for channel [id: 0xa0156e3b, L:/127.0.0.1:57371 - R:localhost/127.0.0.1:44111]
12:54:52.508 [Forwarding sendKeysToElement on session 97ff30cfcdf25141abd39fdc9e0b75ec to remote] DEBUG org.asynchttpclient.netty.request.NettyRequestSender - Using pooled Channel '[id: 0xa0156e3b, L:/127.0.0.1:57371 - R:localhost/127.0.0.1:44111]' for 'POST' to 'http://localhost:44111/session/97ff30cfcdf25141abd39fdc9e0b75ec/element/04726d57-a8a1-49a9-8d9f-b2b299a39d99/value'
12:54:52.508 [Forwarding sendKeysToElement on session 97ff30cfcdf25141abd39fdc9e0b75ec to remote] DEBUG org.asynchttpclient.netty.request.NettyRequestSender - Using open Channel [id: 0xa0156e3b, L:/127.0.0.1:57371 - R:localhost/127.0.0.1:44111] for POST '/session/97ff30cfcdf25141abd39fdc9e0b75ec/element/04726d57-a8a1-49a9-8d9f-b2b299a39d99/value'
12:54:52.570 [AsyncHttpClient-1-8] DEBUG org.asynchttpclient.netty.handler.HttpHandler - 

Request DefaultHttpRequest(decodeResult: success, version: HTTP/1.1)
POST /session/97ff30cfcdf25141abd39fdc9e0b75ec/element/04726d57-a8a1-49a9-8d9f-b2b299a39d99/value HTTP/1.1
User-Agent: selenium/4.7.1 (java windows)
Content-Length: 201
Content-Type: application/json; charset=utf-8
host: localhost:44111
accept: */*

Response DefaultHttpResponse(decodeResult: success, version: HTTP/1.1)
HTTP/1.1 200 OK
Content-Type: application/json; charset=utf-8
cache-control: no-cache
content-length: 14

12:54:52.570 [AsyncHttpClient-1-8] DEBUG org.asynchttpclient.netty.channel.ChannelManager - Adding key: http://localhost:44111 for channel [id: 0xa0156e3b, L:/127.0.0.1:57371 - R:localhost/127.0.0.1:44111]
  &amp#27;[32mThen &amp#27;[0m&amp#27;[32mI fill password &amp#27;[0m&amp#27;[32m&amp#27;[1m"secret_sauce"&amp#27;[0m                 &amp#27;[90m# Class6BDD.steps.LoginSteps.iFillPassword(java.lang.String)&amp#27;[0m
12:54:52.574 [AsyncHttpClient-1-1] DEBUG org.asynchttpclient.netty.channel.DefaultChannelPool - Entry count for : http://localhost:57372 : 1
12:54:52.574 [AsyncHttpClient-1-1] DEBUG org.asynchttpclient.netty.channel.DefaultChannelPool - Entry count for : http://localhost:44111 : 1
12:54:52.575 [Forwarding getCurrentWindowHandle on session 97ff30cfcdf25141abd39fdc9e0b75ec to remote] DEBUG org.asynchttpclient.netty.request.NettyRequestSender - Using pooled Channel '[id: 0xa0156e3b, L:/127.0.0.1:57371 - R:localhost/127.0.0.1:44111]' for 'GET' to 'http://localhost:44111/session/97ff30cfcdf25141abd39fdc9e0b75ec/window'
12:54:52.575 [Forwarding getCurrentWindowHandle on session 97ff30cfcdf25141abd39fdc9e0b75ec to remote] DEBUG org.asynchttpclient.netty.request.NettyRequestSender - Using open Channel [id: 0xa0156e3b, L:/127.0.0.1:57371 - R:localhost/127.0.0.1:44111] for GET '/session/97ff30cfcdf25141abd39fdc9e0b75ec/window'
12:54:52.576 [AsyncHttpClient-1-8] DEBUG org.asynchttpclient.netty.handler.HttpHandler - 

Request DefaultFullHttpRequest(decodeResult: success, version: HTTP/1.1, content: EmptyByteBufBE)
GET /session/97ff30cfcdf25141abd39fdc9e0b75ec/window HTTP/1.1
User-Agent: selenium/4.7.1 (java windows)
Cache-Control: no-cache
Content-Type: application/json; charset=utf-8
host: localhost:44111
accept: */*

Response DefaultHttpResponse(decodeResult: success, version: HTTP/1.1)
HTTP/1.1 200 OK
Content-Type: application/json; charset=utf-8
cache-control: no-cache
content-length: 53

12:54:52.576 [AsyncHttpClient-1-8] DEBUG org.asynchttpclient.netty.channel.ChannelManager - Adding key: http://localhost:44111 for channel [id: 0xa0156e3b, L:/127.0.0.1:57371 - R:localhost/127.0.0.1:44111]
12:54:52.577 [Forwarding getAlertText on session 97ff30cfcdf25141abd39fdc9e0b75ec to remote] DEBUG org.asynchttpclient.netty.request.NettyRequestSender - Using pooled Channel '[id: 0xa0156e3b, L:/127.0.0.1:57371 - R:localhost/127.0.0.1:44111]' for 'GET' to 'http://localhost:44111/session/97ff30cfcdf25141abd39fdc9e0b75ec/alert/text'
12:54:52.577 [Forwarding getAlertText on session 97ff30cfcdf25141abd39fdc9e0b75ec to remote] DEBUG org.asynchttpclient.netty.request.NettyRequestSender - Using open Channel [id: 0xa0156e3b, L:/127.0.0.1:57371 - R:localhost/127.0.0.1:44111] for GET '/session/97ff30cfcdf25141abd39fdc9e0b75ec/alert/text'
12:54:52.579 [AsyncHttpClient-1-8] DEBUG org.asynchttpclient.netty.handler.HttpHandler - 

Request DefaultFullHttpRequest(decodeResult: success, version: HTTP/1.1, content: EmptyByteBufBE)
GET /session/97ff30cfcdf25141abd39fdc9e0b75ec/alert/text HTTP/1.1
User-Agent: selenium/4.7.1 (java windows)
Cache-Control: no-cache
Content-Type: application/json; charset=utf-8
host: localhost:44111
accept: */*

Response DefaultHttpResponse(decodeResult: success, version: HTTP/1.1)
HTTP/1.1 404 Not Found
Content-Type: application/json; charset=utf-8
cache-control: no-cache
content-length: 834

12:54:52.579 [AsyncHttpClient-1-8] DEBUG org.asynchttpclient.netty.channel.ChannelManager - Adding key: http://localhost:44111 for channel [id: 0xa0156e3b, L:/127.0.0.1:57371 - R:localhost/127.0.0.1:44111]
12:54:52.583 [Forwarding switchToWindow on session 97ff30cfcdf25141abd39fdc9e0b75ec to remote] DEBUG org.asynchttpclient.netty.request.NettyRequestSender - Using pooled Channel '[id: 0xa0156e3b, L:/127.0.0.1:57371 - R:localhost/127.0.0.1:44111]' for 'POST' to 'http://localhost:44111/session/97ff30cfcdf25141abd39fdc9e0b75ec/window'
12:54:52.583 [Forwarding switchToWindow on session 97ff30cfcdf25141abd39fdc9e0b75ec to remote] DEBUG org.asynchttpclient.netty.request.NettyRequestSender - Using open Channel [id: 0xa0156e3b, L:/127.0.0.1:57371 - R:localhost/127.0.0.1:44111] for POST '/session/97ff30cfcdf25141abd39fdc9e0b75ec/window'
12:54:52.586 [AsyncHttpClient-1-8] DEBUG org.asynchttpclient.netty.handler.HttpHandler - 

Request DefaultHttpRequest(decodeResult: success, version: HTTP/1.1)
POST /session/97ff30cfcdf25141abd39fdc9e0b75ec/window HTTP/1.1
User-Agent: selenium/4.7.1 (java windows)
Content-Length: 59
Content-Type: application/json; charset=utf-8
host: localhost:44111
accept: */*

Response DefaultHttpResponse(decodeResult: success, version: HTTP/1.1)
HTTP/1.1 200 OK
Content-Type: application/json; charset=utf-8
cache-control: no-cache
content-length: 14

12:54:52.587 [AsyncHttpClient-1-8] DEBUG org.asynchttpclient.netty.channel.ChannelManager - Adding key: http://localhost:44111 for channel [id: 0xa0156e3b, L:/127.0.0.1:57371 - R:localhost/127.0.0.1:44111]
12:54:52.589 [Forwarding getCurrentUrl on session 97ff30cfcdf25141abd39fdc9e0b75ec to remote] DEBUG org.asynchttpclient.netty.request.NettyRequestSender - Using pooled Channel '[id: 0xa0156e3b, L:/127.0.0.1:57371 - R:localhost/127.0.0.1:44111]' for 'GET' to 'http://localhost:44111/session/97ff30cfcdf25141abd39fdc9e0b75ec/url'
12:54:52.589 [Forwarding getCurrentUrl on session 97ff30cfcdf25141abd39fdc9e0b75ec to remote] DEBUG org.asynchttpclient.netty.request.NettyRequestSender - Using open Channel [id: 0xa0156e3b, L:/127.0.0.1:57371 - R:localhost/127.0.0.1:44111] for GET '/session/97ff30cfcdf25141abd39fdc9e0b75ec/url'
12:54:52.600 [AsyncHttpClient-1-8] DEBUG org.asynchttpclient.netty.handler.HttpHandler - 

Request DefaultFullHttpRequest(decodeResult: success, version: HTTP/1.1, content: EmptyByteBufBE)
GET /session/97ff30cfcdf25141abd39fdc9e0b75ec/url HTTP/1.1
User-Agent: selenium/4.7.1 (java windows)
Cache-Control: no-cache
Content-Type: application/json; charset=utf-8
host: localhost:44111
accept: */*

Response DefaultHttpResponse(decodeResult: success, version: HTTP/1.1)
HTTP/1.1 200 OK
Content-Type: application/json; charset=utf-8
cache-control: no-cache
content-length: 38

12:54:52.601 [AsyncHttpClient-1-8] DEBUG org.asynchttpclient.netty.channel.ChannelManager - Adding key: http://localhost:44111 for channel [id: 0xa0156e3b, L:/127.0.0.1:57371 - R:localhost/127.0.0.1:44111]
12:54:52.608 [Forwarding screenshot on session 97ff30cfcdf25141abd39fdc9e0b75ec to remote] DEBUG org.asynchttpclient.netty.request.NettyRequestSender - Using pooled Channel '[id: 0xa0156e3b, L:/127.0.0.1:57371 - R:localhost/127.0.0.1:44111]' for 'GET' to 'http://localhost:44111/session/97ff30cfcdf25141abd39fdc9e0b75ec/screenshot'
12:54:52.608 [Forwarding screenshot on session 97ff30cfcdf25141abd39fdc9e0b75ec to remote] DEBUG org.asynchttpclient.netty.request.NettyRequestSender - Using open Channel [id: 0xa0156e3b, L:/127.0.0.1:57371 - R:localhost/127.0.0.1:44111] for GET '/session/97ff30cfcdf25141abd39fdc9e0b75ec/screenshot'
12:54:52.763 [AsyncHttpClient-1-8] DEBUG org.asynchttpclient.netty.handler.HttpHandler - 

Request DefaultFullHttpRequest(decodeResult: success, version: HTTP/1.1, content: EmptyByteBufBE)
GET /session/97ff30cfcdf25141abd39fdc9e0b75ec/screenshot HTTP/1.1
User-Agent: selenium/4.7.1 (java windows)
Cache-Control: no-cache
Content-Type: application/json; charset=utf-8
host: localhost:44111
accept: */*

Response DefaultHttpResponse(decodeResult: success, version: HTTP/1.1)
HTTP/1.1 200 OK
Content-Type: application/json; charset=utf-8
cache-control: no-cache
content-length: 79692

12:54:52.764 [AsyncHttpClient-1-8] DEBUG org.asynchttpclient.netty.channel.ChannelManager - Adding key: http://localhost:44111 for channel [id: 0xa0156e3b, L:/127.0.0.1:57371 - R:localhost/127.0.0.1:44111]
12:54:52.766 [main] DEBUG net.serenitybdd.core.photography.Darkroom - Send negative for processing for target\site\serenity\8c6f63fcb14352919fcdb8c076bcd1b21379ad33d10ce6571f23fa6472357aea.png
12:54:52.771 [Forwarding getPageSource on session 97ff30cfcdf25141abd39fdc9e0b75ec to remote] DEBUG org.asynchttpclient.netty.request.NettyRequestSender - Using pooled Channel '[id: 0xa0156e3b, L:/127.0.0.1:57371 - R:localhost/127.0.0.1:44111]' for 'POST' to 'http://localhost:44111/session/97ff30cfcdf25141abd39fdc9e0b75ec/execute/sync'
12:54:52.771 [Forwarding getPageSource on session 97ff30cfcdf25141abd39fdc9e0b75ec to remote] DEBUG org.asynchttpclient.netty.request.NettyRequestSender - Using open Channel [id: 0xa0156e3b, L:/127.0.0.1:57371 - R:localhost/127.0.0.1:44111] for POST '/session/97ff30cfcdf25141abd39fdc9e0b75ec/execute/sync'
12:54:52.774 [AsyncHttpClient-1-8] DEBUG org.asynchttpclient.netty.handler.HttpHandler - 

Request DefaultHttpRequest(decodeResult: success, version: HTTP/1.1)
POST /session/97ff30cfcdf25141abd39fdc9e0b75ec/execute/sync HTTP/1.1
User-Agent: selenium/4.7.1 (java windows)
Content-Length: 176
Content-Type: application/json; charset=utf-8
host: localhost:44111
accept: */*

Response DefaultHttpResponse(decodeResult: success, version: HTTP/1.1)
HTTP/1.1 200 OK
Content-Type: application/json; charset=utf-8
cache-control: no-cache
content-length: 4185

12:54:52.774 [AsyncHttpClient-1-8] DEBUG org.asynchttpclient.netty.channel.ChannelManager - Adding key: http://localhost:44111 for channel [id: 0xa0156e3b, L:/127.0.0.1:57371 - R:localhost/127.0.0.1:44111]
12:54:52.776 [Forwarding getCurrentUrl on session 97ff30cfcdf25141abd39fdc9e0b75ec to remote] DEBUG org.asynchttpclient.netty.request.NettyRequestSender - Using pooled Channel '[id: 0xa0156e3b, L:/127.0.0.1:57371 - R:localhost/127.0.0.1:44111]' for 'GET' to 'http://localhost:44111/session/97ff30cfcdf25141abd39fdc9e0b75ec/url'
12:54:52.776 [Forwarding getCurrentUrl on session 97ff30cfcdf25141abd39fdc9e0b75ec to remote] DEBUG org.asynchttpclient.netty.request.NettyRequestSender - Using open Channel [id: 0xa0156e3b, L:/127.0.0.1:57371 - R:localhost/127.0.0.1:44111] for GET '/session/97ff30cfcdf25141abd39fdc9e0b75ec/url'
12:54:52.778 [AsyncHttpClient-1-8] DEBUG org.asynchttpclient.netty.handler.HttpHandler - 

Request DefaultFullHttpRequest(decodeResult: success, version: HTTP/1.1, content: EmptyByteBufBE)
GET /session/97ff30cfcdf25141abd39fdc9e0b75ec/url HTTP/1.1
User-Agent: selenium/4.7.1 (java windows)
Cache-Control: no-cache
Content-Type: application/json; charset=utf-8
host: localhost:44111
accept: */*

Response DefaultHttpResponse(decodeResult: success, version: HTTP/1.1)
HTTP/1.1 200 OK
Content-Type: application/json; charset=utf-8
cache-control: no-cache
content-length: 38

12:54:52.778 [AsyncHttpClient-1-8] DEBUG org.asynchttpclient.netty.channel.ChannelManager - Adding key: http://localhost:44111 for channel [id: 0xa0156e3b, L:/127.0.0.1:57371 - R:localhost/127.0.0.1:44111]
12:54:52.782 [Forwarding findElement on session 97ff30cfcdf25141abd39fdc9e0b75ec to remote] DEBUG org.asynchttpclient.netty.request.NettyRequestSender - Using pooled Channel '[id: 0xa0156e3b, L:/127.0.0.1:57371 - R:localhost/127.0.0.1:44111]' for 'POST' to 'http://localhost:44111/session/97ff30cfcdf25141abd39fdc9e0b75ec/element'
12:54:52.782 [Forwarding findElement on session 97ff30cfcdf25141abd39fdc9e0b75ec to remote] DEBUG org.asynchttpclient.netty.request.NettyRequestSender - Using open Channel [id: 0xa0156e3b, L:/127.0.0.1:57371 - R:localhost/127.0.0.1:44111] for POST '/session/97ff30cfcdf25141abd39fdc9e0b75ec/element'
12:54:52.790 [AsyncHttpClient-1-8] DEBUG org.asynchttpclient.netty.handler.HttpHandler - 

Request DefaultHttpRequest(decodeResult: success, version: HTTP/1.1)
POST /session/97ff30cfcdf25141abd39fdc9e0b75ec/element HTTP/1.1
User-Agent: selenium/4.7.1 (java windows)
Content-Length: 59
Content-Type: application/json; charset=utf-8
host: localhost:44111
accept: */*

Response DefaultHttpResponse(decodeResult: success, version: HTTP/1.1)
HTTP/1.1 200 OK
Content-Type: application/json; charset=utf-8
cache-control: no-cache
content-length: 88

12:54:52.790 [AsyncHttpClient-1-8] DEBUG org.asynchttpclient.netty.channel.ChannelManager - Adding key: http://localhost:44111 for channel [id: 0xa0156e3b, L:/127.0.0.1:57371 - R:localhost/127.0.0.1:44111]
12:54:52.791 [Forwarding clickElement on session 97ff30cfcdf25141abd39fdc9e0b75ec to remote] DEBUG org.asynchttpclient.netty.request.NettyRequestSender - Using pooled Channel '[id: 0xa0156e3b, L:/127.0.0.1:57371 - R:localhost/127.0.0.1:44111]' for 'POST' to 'http://localhost:44111/session/97ff30cfcdf25141abd39fdc9e0b75ec/element/75dc1baf-ed21-49c1-bff2-2a288f4dc2a3/click'
12:54:52.791 [Forwarding clickElement on session 97ff30cfcdf25141abd39fdc9e0b75ec to remote] DEBUG org.asynchttpclient.netty.request.NettyRequestSender - Using open Channel [id: 0xa0156e3b, L:/127.0.0.1:57371 - R:localhost/127.0.0.1:44111] for POST '/session/97ff30cfcdf25141abd39fdc9e0b75ec/element/75dc1baf-ed21-49c1-bff2-2a288f4dc2a3/click'
12:54:52.885 [AsyncHttpClient-1-8] DEBUG org.asynchttpclient.netty.handler.HttpHandler - 

Request DefaultHttpRequest(decodeResult: success, version: HTTP/1.1)
POST /session/97ff30cfcdf25141abd39fdc9e0b75ec/element/75dc1baf-ed21-49c1-bff2-2a288f4dc2a3/click HTTP/1.1
User-Agent: selenium/4.7.1 (java windows)
Content-Length: 50
Content-Type: application/json; charset=utf-8
host: localhost:44111
accept: */*

Response DefaultHttpResponse(decodeResult: success, version: HTTP/1.1)
HTTP/1.1 200 OK
Content-Type: application/json; charset=utf-8
cache-control: no-cache
content-length: 14

12:54:52.885 [AsyncHttpClient-1-8] DEBUG org.asynchttpclient.netty.channel.ChannelManager - Adding key: http://localhost:44111 for channel [id: 0xa0156e3b, L:/127.0.0.1:57371 - R:localhost/127.0.0.1:44111]
  &amp#27;[32mThen &amp#27;[0m&amp#27;[32mI click on Login&amp#27;[0m                               &amp#27;[90m# Class6BDD.steps.LoginSteps.IClickLoginButton()&amp#27;[0m
12:54:52.889 [Forwarding getCurrentWindowHandle on session 97ff30cfcdf25141abd39fdc9e0b75ec to remote] DEBUG org.asynchttpclient.netty.request.NettyRequestSender - Using pooled Channel '[id: 0xa0156e3b, L:/127.0.0.1:57371 - R:localhost/127.0.0.1:44111]' for 'GET' to 'http://localhost:44111/session/97ff30cfcdf25141abd39fdc9e0b75ec/window'
12:54:52.890 [Forwarding getCurrentWindowHandle on session 97ff30cfcdf25141abd39fdc9e0b75ec to remote] DEBUG org.asynchttpclient.netty.request.NettyRequestSender - Using open Channel [id: 0xa0156e3b, L:/127.0.0.1:57371 - R:localhost/127.0.0.1:44111] for GET '/session/97ff30cfcdf25141abd39fdc9e0b75ec/window'
12:54:52.890 [AsyncHttpClient-1-8] DEBUG org.asynchttpclient.netty.handler.HttpHandler - 

Request DefaultFullHttpRequest(decodeResult: success, version: HTTP/1.1, content: EmptyByteBufBE)
GET /session/97ff30cfcdf25141abd39fdc9e0b75ec/window HTTP/1.1
User-Agent: selenium/4.7.1 (java windows)
Cache-Control: no-cache
Content-Type: application/json; charset=utf-8
host: localhost:44111
accept: */*

Response DefaultHttpResponse(decodeResult: success, version: HTTP/1.1)
HTTP/1.1 200 OK
Content-Type: application/json; charset=utf-8
cache-control: no-cache
content-length: 53

12:54:52.891 [AsyncHttpClient-1-8] DEBUG org.asynchttpclient.netty.channel.ChannelManager - Adding key: http://localhost:44111 for channel [id: 0xa0156e3b, L:/127.0.0.1:57371 - R:localhost/127.0.0.1:44111]
12:54:52.892 [Forwarding getAlertText on session 97ff30cfcdf25141abd39fdc9e0b75ec to remote] DEBUG org.asynchttpclient.netty.request.NettyRequestSender - Using pooled Channel '[id: 0xa0156e3b, L:/127.0.0.1:57371 - R:localhost/127.0.0.1:44111]' for 'GET' to 'http://localhost:44111/session/97ff30cfcdf25141abd39fdc9e0b75ec/alert/text'
12:54:52.892 [Forwarding getAlertText on session 97ff30cfcdf25141abd39fdc9e0b75ec to remote] DEBUG org.asynchttpclient.netty.request.NettyRequestSender - Using open Channel [id: 0xa0156e3b, L:/127.0.0.1:57371 - R:localhost/127.0.0.1:44111] for GET '/session/97ff30cfcdf25141abd39fdc9e0b75ec/alert/text'
12:54:52.894 [AsyncHttpClient-1-8] DEBUG org.asynchttpclient.netty.handler.HttpHandler - 

Request DefaultFullHttpRequest(decodeResult: success, version: HTTP/1.1, content: EmptyByteBufBE)
GET /session/97ff30cfcdf25141abd39fdc9e0b75ec/alert/text HTTP/1.1
User-Agent: selenium/4.7.1 (java windows)
Cache-Control: no-cache
Content-Type: application/json; charset=utf-8
host: localhost:44111
accept: */*

Response DefaultHttpResponse(decodeResult: success, version: HTTP/1.1)
HTTP/1.1 404 Not Found
Content-Type: application/json; charset=utf-8
cache-control: no-cache
content-length: 834

12:54:52.895 [AsyncHttpClient-1-8] DEBUG org.asynchttpclient.netty.channel.ChannelManager - Adding key: http://localhost:44111 for channel [id: 0xa0156e3b, L:/127.0.0.1:57371 - R:localhost/127.0.0.1:44111]
12:54:52.896 [Forwarding switchToWindow on session 97ff30cfcdf25141abd39fdc9e0b75ec to remote] DEBUG org.asynchttpclient.netty.request.NettyRequestSender - Using pooled Channel '[id: 0xa0156e3b, L:/127.0.0.1:57371 - R:localhost/127.0.0.1:44111]' for 'POST' to 'http://localhost:44111/session/97ff30cfcdf25141abd39fdc9e0b75ec/window'
12:54:52.896 [Forwarding switchToWindow on session 97ff30cfcdf25141abd39fdc9e0b75ec to remote] DEBUG org.asynchttpclient.netty.request.NettyRequestSender - Using open Channel [id: 0xa0156e3b, L:/127.0.0.1:57371 - R:localhost/127.0.0.1:44111] for POST '/session/97ff30cfcdf25141abd39fdc9e0b75ec/window'
12:54:52.898 [AsyncHttpClient-1-8] DEBUG org.asynchttpclient.netty.handler.HttpHandler - 

Request DefaultHttpRequest(decodeResult: success, version: HTTP/1.1)
POST /session/97ff30cfcdf25141abd39fdc9e0b75ec/window HTTP/1.1
User-Agent: selenium/4.7.1 (java windows)
Content-Length: 59
Content-Type: application/json; charset=utf-8
host: localhost:44111
accept: */*

Response DefaultHttpResponse(decodeResult: success, version: HTTP/1.1)
HTTP/1.1 200 OK
Content-Type: application/json; charset=utf-8
cache-control: no-cache
content-length: 14

12:54:52.898 [AsyncHttpClient-1-8] DEBUG org.asynchttpclient.netty.channel.ChannelManager - Adding key: http://localhost:44111 for channel [id: 0xa0156e3b, L:/127.0.0.1:57371 - R:localhost/127.0.0.1:44111]
12:54:52.898 [Forwarding getCurrentUrl on session 97ff30cfcdf25141abd39fdc9e0b75ec to remote] DEBUG org.asynchttpclient.netty.request.NettyRequestSender - Using pooled Channel '[id: 0xa0156e3b, L:/127.0.0.1:57371 - R:localhost/127.0.0.1:44111]' for 'GET' to 'http://localhost:44111/session/97ff30cfcdf25141abd39fdc9e0b75ec/url'
12:54:52.898 [Forwarding getCurrentUrl on session 97ff30cfcdf25141abd39fdc9e0b75ec to remote] DEBUG org.asynchttpclient.netty.request.NettyRequestSender - Using open Channel [id: 0xa0156e3b, L:/127.0.0.1:57371 - R:localhost/127.0.0.1:44111] for GET '/session/97ff30cfcdf25141abd39fdc9e0b75ec/url'
12:54:52.900 [AsyncHttpClient-1-8] DEBUG org.asynchttpclient.netty.handler.HttpHandler - 

Request DefaultFullHttpRequest(decodeResult: success, version: HTTP/1.1, content: EmptyByteBufBE)
GET /session/97ff30cfcdf25141abd39fdc9e0b75ec/url HTTP/1.1
User-Agent: selenium/4.7.1 (java windows)
Cache-Control: no-cache
Content-Type: application/json; charset=utf-8
host: localhost:44111
accept: */*

Response DefaultHttpResponse(decodeResult: success, version: HTTP/1.1)
HTTP/1.1 200 OK
Content-Type: application/json; charset=utf-8
cache-control: no-cache
content-length: 52

12:54:52.900 [AsyncHttpClient-1-8] DEBUG org.asynchttpclient.netty.channel.ChannelManager - Adding key: http://localhost:44111 for channel [id: 0xa0156e3b, L:/127.0.0.1:57371 - R:localhost/127.0.0.1:44111]
12:54:52.901 [Forwarding screenshot on session 97ff30cfcdf25141abd39fdc9e0b75ec to remote] DEBUG org.asynchttpclient.netty.request.NettyRequestSender - Using pooled Channel '[id: 0xa0156e3b, L:/127.0.0.1:57371 - R:localhost/127.0.0.1:44111]' for 'GET' to 'http://localhost:44111/session/97ff30cfcdf25141abd39fdc9e0b75ec/screenshot'
12:54:52.901 [Forwarding screenshot on session 97ff30cfcdf25141abd39fdc9e0b75ec to remote] DEBUG org.asynchttpclient.netty.request.NettyRequestSender - Using open Channel [id: 0xa0156e3b, L:/127.0.0.1:57371 - R:localhost/127.0.0.1:44111] for GET '/session/97ff30cfcdf25141abd39fdc9e0b75ec/screenshot'
12:54:53.297 [AsyncHttpClient-1-8] DEBUG org.asynchttpclient.netty.handler.HttpHandler - 

Request DefaultFullHttpRequest(decodeResult: success, version: HTTP/1.1, content: EmptyByteBufBE)
GET /session/97ff30cfcdf25141abd39fdc9e0b75ec/screenshot HTTP/1.1
User-Agent: selenium/4.7.1 (java windows)
Cache-Control: no-cache
Content-Type: application/json; charset=utf-8
host: localhost:44111
accept: */*

Response DefaultHttpResponse(decodeResult: success, version: HTTP/1.1)
HTTP/1.1 200 OK
Content-Type: application/json; charset=utf-8
cache-control: no-cache
content-length: 864432

12:54:53.298 [AsyncHttpClient-1-8] DEBUG org.asynchttpclient.netty.channel.ChannelManager - Adding key: http://localhost:44111 for channel [id: 0xa0156e3b, L:/127.0.0.1:57371 - R:localhost/127.0.0.1:44111]
12:54:53.314 [main] DEBUG net.serenitybdd.core.photography.Darkroom - Send negative for processing for target\site\serenity\6c97ac4a99088a602f07984e966d0ef82e4e8c88bd79fe2d507860854f688f2b.png
12:54:53.318 [Forwarding getPageSource on session 97ff30cfcdf25141abd39fdc9e0b75ec to remote] DEBUG org.asynchttpclient.netty.request.NettyRequestSender - Using pooled Channel '[id: 0xa0156e3b, L:/127.0.0.1:57371 - R:localhost/127.0.0.1:44111]' for 'POST' to 'http://localhost:44111/session/97ff30cfcdf25141abd39fdc9e0b75ec/execute/sync'
12:54:53.318 [Forwarding getPageSource on session 97ff30cfcdf25141abd39fdc9e0b75ec to remote] DEBUG org.asynchttpclient.netty.request.NettyRequestSender - Using open Channel [id: 0xa0156e3b, L:/127.0.0.1:57371 - R:localhost/127.0.0.1:44111] for POST '/session/97ff30cfcdf25141abd39fdc9e0b75ec/execute/sync'
12:54:53.325 [AsyncHttpClient-1-8] DEBUG org.asynchttpclient.netty.handler.HttpHandler - 

Request DefaultHttpRequest(decodeResult: success, version: HTTP/1.1)
POST /session/97ff30cfcdf25141abd39fdc9e0b75ec/execute/sync HTTP/1.1
User-Agent: selenium/4.7.1 (java windows)
Content-Length: 176
Content-Type: application/json; charset=utf-8
host: localhost:44111
accept: */*

Response DefaultHttpResponse(decodeResult: success, version: HTTP/1.1)
HTTP/1.1 200 OK
Content-Type: application/json; charset=utf-8
cache-control: no-cache
content-length: 15254

12:54:53.325 [AsyncHttpClient-1-8] DEBUG org.asynchttpclient.netty.channel.ChannelManager - Adding key: http://localhost:44111 for channel [id: 0xa0156e3b, L:/127.0.0.1:57371 - R:localhost/127.0.0.1:44111]
12:54:53.330 [Forwarding getCurrentUrl on session 97ff30cfcdf25141abd39fdc9e0b75ec to remote] DEBUG org.asynchttpclient.netty.request.NettyRequestSender - Using pooled Channel '[id: 0xa0156e3b, L:/127.0.0.1:57371 - R:localhost/127.0.0.1:44111]' for 'GET' to 'http://localhost:44111/session/97ff30cfcdf25141abd39fdc9e0b75ec/url'
12:54:53.330 [Forwarding getCurrentUrl on session 97ff30cfcdf25141abd39fdc9e0b75ec to remote] DEBUG org.asynchttpclient.netty.request.NettyRequestSender - Using open Channel [id: 0xa0156e3b, L:/127.0.0.1:57371 - R:localhost/127.0.0.1:44111] for GET '/session/97ff30cfcdf25141abd39fdc9e0b75ec/url'
12:54:53.334 [AsyncHttpClient-1-8] DEBUG org.asynchttpclient.netty.handler.HttpHandler - 

Request DefaultFullHttpRequest(decodeResult: success, version: HTTP/1.1, content: EmptyByteBufBE)
GET /session/97ff30cfcdf25141abd39fdc9e0b75ec/url HTTP/1.1
User-Agent: selenium/4.7.1 (java windows)
Cache-Control: no-cache
Content-Type: application/json; charset=utf-8
host: localhost:44111
accept: */*

Response DefaultHttpResponse(decodeResult: success, version: HTTP/1.1)
HTTP/1.1 200 OK
Content-Type: application/json; charset=utf-8
cache-control: no-cache
content-length: 52

12:54:53.334 [AsyncHttpClient-1-8] DEBUG org.asynchttpclient.netty.channel.ChannelManager - Adding key: http://localhost:44111 for channel [id: 0xa0156e3b, L:/127.0.0.1:57371 - R:localhost/127.0.0.1:44111]
12:54:53.337 [Forwarding maximizeCurrentWindow on session 97ff30cfcdf25141abd39fdc9e0b75ec to remote] DEBUG org.asynchttpclient.netty.request.NettyRequestSender - Using pooled Channel '[id: 0xa0156e3b, L:/127.0.0.1:57371 - R:localhost/127.0.0.1:44111]' for 'POST' to 'http://localhost:44111/session/97ff30cfcdf25141abd39fdc9e0b75ec/window/maximize'
12:54:53.337 [Forwarding maximizeCurrentWindow on session 97ff30cfcdf25141abd39fdc9e0b75ec to remote] DEBUG org.asynchttpclient.netty.request.NettyRequestSender - Using open Channel [id: 0xa0156e3b, L:/127.0.0.1:57371 - R:localhost/127.0.0.1:44111] for POST '/session/97ff30cfcdf25141abd39fdc9e0b75ec/window/maximize'
12:54:53.341 [AsyncHttpClient-1-8] DEBUG org.asynchttpclient.netty.handler.HttpHandler - 

Request DefaultHttpRequest(decodeResult: success, version: HTTP/1.1)
POST /session/97ff30cfcdf25141abd39fdc9e0b75ec/window/maximize HTTP/1.1
User-Agent: selenium/4.7.1 (java windows)
Content-Length: 3
Content-Type: application/json; charset=utf-8
host: localhost:44111
accept: */*

Response DefaultHttpResponse(decodeResult: success, version: HTTP/1.1)
HTTP/1.1 200 OK
Content-Type: application/json; charset=utf-8
cache-control: no-cache
content-length: 50

12:54:53.341 [AsyncHttpClient-1-8] DEBUG org.asynchttpclient.netty.channel.ChannelManager - Adding key: http://localhost:44111 for channel [id: 0xa0156e3b, L:/127.0.0.1:57371 - R:localhost/127.0.0.1:44111]
12:54:53.348 [Forwarding findElement on session 97ff30cfcdf25141abd39fdc9e0b75ec to remote] DEBUG org.asynchttpclient.netty.request.NettyRequestSender - Using pooled Channel '[id: 0xa0156e3b, L:/127.0.0.1:57371 - R:localhost/127.0.0.1:44111]' for 'POST' to 'http://localhost:44111/session/97ff30cfcdf25141abd39fdc9e0b75ec/element'
12:54:53.349 [Forwarding findElement on session 97ff30cfcdf25141abd39fdc9e0b75ec to remote] DEBUG org.asynchttpclient.netty.request.NettyRequestSender - Using open Channel [id: 0xa0156e3b, L:/127.0.0.1:57371 - R:localhost/127.0.0.1:44111] for POST '/session/97ff30cfcdf25141abd39fdc9e0b75ec/element'
12:54:53.359 [AsyncHttpClient-1-8] DEBUG org.asynchttpclient.netty.handler.HttpHandler - 

Request DefaultHttpRequest(decodeResult: success, version: HTTP/1.1)
POST /session/97ff30cfcdf25141abd39fdc9e0b75ec/element HTTP/1.1
User-Agent: selenium/4.7.1 (java windows)
Content-Length: 91
Content-Type: application/json; charset=utf-8
host: localhost:44111
accept: */*

Response DefaultHttpResponse(decodeResult: success, version: HTTP/1.1)
HTTP/1.1 200 OK
Content-Type: application/json; charset=utf-8
cache-control: no-cache
content-length: 88

12:54:53.359 [AsyncHttpClient-1-8] DEBUG org.asynchttpclient.netty.channel.ChannelManager - Adding key: http://localhost:44111 for channel [id: 0xa0156e3b, L:/127.0.0.1:57371 - R:localhost/127.0.0.1:44111]
12:54:53.364 [Forwarding isElementDisplayed on session 97ff30cfcdf25141abd39fdc9e0b75ec to remote] DEBUG org.asynchttpclient.netty.request.NettyRequestSender - Using pooled Channel '[id: 0xa0156e3b, L:/127.0.0.1:57371 - R:localhost/127.0.0.1:44111]' for 'POST' to 'http://localhost:44111/session/97ff30cfcdf25141abd39fdc9e0b75ec/execute/sync'
12:54:53.364 [Forwarding isElementDisplayed on session 97ff30cfcdf25141abd39fdc9e0b75ec to remote] DEBUG org.asynchttpclient.netty.request.NettyRequestSender - Using open Channel [id: 0xa0156e3b, L:/127.0.0.1:57371 - R:localhost/127.0.0.1:44111] for POST '/session/97ff30cfcdf25141abd39fdc9e0b75ec/execute/sync'
12:54:53.378 [AsyncHttpClient-1-8] DEBUG org.asynchttpclient.netty.handler.HttpHandler - 

Request DefaultHttpRequest(decodeResult: success, version: HTTP/1.1)
POST /session/97ff30cfcdf25141abd39fdc9e0b75ec/execute/sync HTTP/1.1
User-Agent: selenium/4.7.1 (java windows)
Content-Length: 48780
Content-Type: application/json; charset=utf-8
host: localhost:44111
accept: */*

Response DefaultHttpResponse(decodeResult: success, version: HTTP/1.1)
HTTP/1.1 200 OK
Content-Type: application/json; charset=utf-8
cache-control: no-cache
content-length: 14

12:54:53.378 [AsyncHttpClient-1-8] DEBUG org.asynchttpclient.netty.channel.ChannelManager - Adding key: http://localhost:44111 for channel [id: 0xa0156e3b, L:/127.0.0.1:57371 - R:localhost/127.0.0.1:44111]
12:54:53.379 [Forwarding findElement on session 97ff30cfcdf25141abd39fdc9e0b75ec to remote] DEBUG org.asynchttpclient.netty.request.NettyRequestSender - Using pooled Channel '[id: 0xa0156e3b, L:/127.0.0.1:57371 - R:localhost/127.0.0.1:44111]' for 'POST' to 'http://localhost:44111/session/97ff30cfcdf25141abd39fdc9e0b75ec/element'
12:54:53.380 [Forwarding findElement on session 97ff30cfcdf25141abd39fdc9e0b75ec to remote] DEBUG org.asynchttpclient.netty.request.NettyRequestSender - Using open Channel [id: 0xa0156e3b, L:/127.0.0.1:57371 - R:localhost/127.0.0.1:44111] for POST '/session/97ff30cfcdf25141abd39fdc9e0b75ec/element'
12:54:53.386 [AsyncHttpClient-1-8] DEBUG org.asynchttpclient.netty.handler.HttpHandler - 

Request DefaultHttpRequest(decodeResult: success, version: HTTP/1.1)
POST /session/97ff30cfcdf25141abd39fdc9e0b75ec/element HTTP/1.1
User-Agent: selenium/4.7.1 (java windows)
Content-Length: 91
Content-Type: application/json; charset=utf-8
host: localhost:44111
accept: */*

Response DefaultHttpResponse(decodeResult: success, version: HTTP/1.1)
HTTP/1.1 200 OK
Content-Type: application/json; charset=utf-8
cache-control: no-cache
content-length: 88

12:54:53.386 [AsyncHttpClient-1-8] DEBUG org.asynchttpclient.netty.channel.ChannelManager - Adding key: http://localhost:44111 for channel [id: 0xa0156e3b, L:/127.0.0.1:57371 - R:localhost/127.0.0.1:44111]
12:54:53.387 [Forwarding isElementEnabled on session 97ff30cfcdf25141abd39fdc9e0b75ec to remote] DEBUG org.asynchttpclient.netty.request.NettyRequestSender - Using pooled Channel '[id: 0xa0156e3b, L:/127.0.0.1:57371 - R:localhost/127.0.0.1:44111]' for 'GET' to 'http://localhost:44111/session/97ff30cfcdf25141abd39fdc9e0b75ec/element/dc212a35-1c48-4a7b-8c5b-c868ffc7fa80/enabled'
12:54:53.387 [Forwarding isElementEnabled on session 97ff30cfcdf25141abd39fdc9e0b75ec to remote] DEBUG org.asynchttpclient.netty.request.NettyRequestSender - Using open Channel [id: 0xa0156e3b, L:/127.0.0.1:57371 - R:localhost/127.0.0.1:44111] for GET '/session/97ff30cfcdf25141abd39fdc9e0b75ec/element/dc212a35-1c48-4a7b-8c5b-c868ffc7fa80/enabled'
12:54:53.395 [AsyncHttpClient-1-8] DEBUG org.asynchttpclient.netty.handler.HttpHandler - 

Request DefaultFullHttpRequest(decodeResult: success, version: HTTP/1.1, content: EmptyByteBufBE)
GET /session/97ff30cfcdf25141abd39fdc9e0b75ec/element/dc212a35-1c48-4a7b-8c5b-c868ffc7fa80/enabled HTTP/1.1
User-Agent: selenium/4.7.1 (java windows)
Cache-Control: no-cache
Content-Type: application/json; charset=utf-8
host: localhost:44111
accept: */*

Response DefaultHttpResponse(decodeResult: success, version: HTTP/1.1)
HTTP/1.1 200 OK
Content-Type: application/json; charset=utf-8
cache-control: no-cache
content-length: 14

12:54:53.395 [AsyncHttpClient-1-8] DEBUG org.asynchttpclient.netty.channel.ChannelManager - Adding key: http://localhost:44111 for channel [id: 0xa0156e3b, L:/127.0.0.1:57371 - R:localhost/127.0.0.1:44111]
12:54:53.396 [Forwarding findElement on session 97ff30cfcdf25141abd39fdc9e0b75ec to remote] DEBUG org.asynchttpclient.netty.request.NettyRequestSender - Using pooled Channel '[id: 0xa0156e3b, L:/127.0.0.1:57371 - R:localhost/127.0.0.1:44111]' for 'POST' to 'http://localhost:44111/session/97ff30cfcdf25141abd39fdc9e0b75ec/element'
12:54:53.396 [Forwarding findElement on session 97ff30cfcdf25141abd39fdc9e0b75ec to remote] DEBUG org.asynchttpclient.netty.request.NettyRequestSender - Using open Channel [id: 0xa0156e3b, L:/127.0.0.1:57371 - R:localhost/127.0.0.1:44111] for POST '/session/97ff30cfcdf25141abd39fdc9e0b75ec/element'
12:54:53.401 [AsyncHttpClient-1-8] DEBUG org.asynchttpclient.netty.handler.HttpHandler - 

Request DefaultHttpRequest(decodeResult: success, version: HTTP/1.1)
POST /session/97ff30cfcdf25141abd39fdc9e0b75ec/element HTTP/1.1
User-Agent: selenium/4.7.1 (java windows)
Content-Length: 91
Content-Type: application/json; charset=utf-8
host: localhost:44111
accept: */*

Response DefaultHttpResponse(decodeResult: success, version: HTTP/1.1)
HTTP/1.1 200 OK
Content-Type: application/json; charset=utf-8
cache-control: no-cache
content-length: 88

12:54:53.401 [AsyncHttpClient-1-8] DEBUG org.asynchttpclient.netty.channel.ChannelManager - Adding key: http://localhost:44111 for channel [id: 0xa0156e3b, L:/127.0.0.1:57371 - R:localhost/127.0.0.1:44111]
12:54:53.402 [Forwarding clickElement on session 97ff30cfcdf25141abd39fdc9e0b75ec to remote] DEBUG org.asynchttpclient.netty.request.NettyRequestSender - Using pooled Channel '[id: 0xa0156e3b, L:/127.0.0.1:57371 - R:localhost/127.0.0.1:44111]' for 'POST' to 'http://localhost:44111/session/97ff30cfcdf25141abd39fdc9e0b75ec/element/dc212a35-1c48-4a7b-8c5b-c868ffc7fa80/click'
12:54:53.402 [Forwarding clickElement on session 97ff30cfcdf25141abd39fdc9e0b75ec to remote] DEBUG org.asynchttpclient.netty.request.NettyRequestSender - Using open Channel [id: 0xa0156e3b, L:/127.0.0.1:57371 - R:localhost/127.0.0.1:44111] for POST '/session/97ff30cfcdf25141abd39fdc9e0b75ec/element/dc212a35-1c48-4a7b-8c5b-c868ffc7fa80/click'
12:54:53.457 [AsyncHttpClient-1-8] DEBUG org.asynchttpclient.netty.handler.HttpHandler - 

Request DefaultHttpRequest(decodeResult: success, version: HTTP/1.1)
POST /session/97ff30cfcdf25141abd39fdc9e0b75ec/element/dc212a35-1c48-4a7b-8c5b-c868ffc7fa80/click HTTP/1.1
User-Agent: selenium/4.7.1 (java windows)
Content-Length: 50
Content-Type: application/json; charset=utf-8
host: localhost:44111
accept: */*

Response DefaultHttpResponse(decodeResult: success, version: HTTP/1.1)
HTTP/1.1 200 OK
Content-Type: application/json; charset=utf-8
cache-control: no-cache
content-length: 14

12:54:53.457 [AsyncHttpClient-1-8] DEBUG org.asynchttpclient.netty.channel.ChannelManager - Adding key: http://localhost:44111 for channel [id: 0xa0156e3b, L:/127.0.0.1:57371 - R:localhost/127.0.0.1:44111]
  &amp#27;[32mThen &amp#27;[0m&amp#27;[32mI click on Sauce Labs Backpack&amp#27;[0m                 &amp#27;[90m# Class6BDD.steps.ProductSteps.iClickOnSauceLabsBackpack()&amp#27;[0m
12:54:53.470 [Forwarding getCurrentWindowHandle on session 97ff30cfcdf25141abd39fdc9e0b75ec to remote] DEBUG org.asynchttpclient.netty.request.NettyRequestSender - Using pooled Channel '[id: 0xa0156e3b, L:/127.0.0.1:57371 - R:localhost/127.0.0.1:44111]' for 'GET' to 'http://localhost:44111/session/97ff30cfcdf25141abd39fdc9e0b75ec/window'
12:54:53.470 [Forwarding getCurrentWindowHandle on session 97ff30cfcdf25141abd39fdc9e0b75ec to remote] DEBUG org.asynchttpclient.netty.request.NettyRequestSender - Using open Channel [id: 0xa0156e3b, L:/127.0.0.1:57371 - R:localhost/127.0.0.1:44111] for GET '/session/97ff30cfcdf25141abd39fdc9e0b75ec/window'
12:54:53.472 [AsyncHttpClient-1-8] DEBUG org.asynchttpclient.netty.handler.HttpHandler - 

Request DefaultFullHttpRequest(decodeResult: success, version: HTTP/1.1, content: EmptyByteBufBE)
GET /session/97ff30cfcdf25141abd39fdc9e0b75ec/window HTTP/1.1
User-Agent: selenium/4.7.1 (java windows)
Cache-Control: no-cache
Content-Type: application/json; charset=utf-8
host: localhost:44111
accept: */*

Response DefaultHttpResponse(decodeResult: success, version: HTTP/1.1)
HTTP/1.1 200 OK
Content-Type: application/json; charset=utf-8
cache-control: no-cache
content-length: 53

12:54:53.472 [AsyncHttpClient-1-8] DEBUG org.asynchttpclient.netty.channel.ChannelManager - Adding key: http://localhost:44111 for channel [id: 0xa0156e3b, L:/127.0.0.1:57371 - R:localhost/127.0.0.1:44111]
12:54:53.474 [Forwarding getAlertText on session 97ff30cfcdf25141abd39fdc9e0b75ec to remote] DEBUG org.asynchttpclient.netty.request.NettyRequestSender - Using pooled Channel '[id: 0xa0156e3b, L:/127.0.0.1:57371 - R:localhost/127.0.0.1:44111]' for 'GET' to 'http://localhost:44111/session/97ff30cfcdf25141abd39fdc9e0b75ec/alert/text'
12:54:53.474 [Forwarding getAlertText on session 97ff30cfcdf25141abd39fdc9e0b75ec to remote] DEBUG org.asynchttpclient.netty.request.NettyRequestSender - Using open Channel [id: 0xa0156e3b, L:/127.0.0.1:57371 - R:localhost/127.0.0.1:44111] for GET '/session/97ff30cfcdf25141abd39fdc9e0b75ec/alert/text'
12:54:53.475 [AsyncHttpClient-1-8] DEBUG org.asynchttpclient.netty.handler.HttpHandler - 

Request DefaultFullHttpRequest(decodeResult: success, version: HTTP/1.1, content: EmptyByteBufBE)
GET /session/97ff30cfcdf25141abd39fdc9e0b75ec/alert/text HTTP/1.1
User-Agent: selenium/4.7.1 (java windows)
Cache-Control: no-cache
Content-Type: application/json; charset=utf-8
host: localhost:44111
accept: */*

Response DefaultHttpResponse(decodeResult: success, version: HTTP/1.1)
HTTP/1.1 404 Not Found
Content-Type: application/json; charset=utf-8
cache-control: no-cache
content-length: 834

12:54:53.475 [AsyncHttpClient-1-8] DEBUG org.asynchttpclient.netty.channel.ChannelManager - Adding key: http://localhost:44111 for channel [id: 0xa0156e3b, L:/127.0.0.1:57371 - R:localhost/127.0.0.1:44111]
12:54:53.479 [Forwarding switchToWindow on session 97ff30cfcdf25141abd39fdc9e0b75ec to remote] DEBUG org.asynchttpclient.netty.request.NettyRequestSender - Using pooled Channel '[id: 0xa0156e3b, L:/127.0.0.1:57371 - R:localhost/127.0.0.1:44111]' for 'POST' to 'http://localhost:44111/session/97ff30cfcdf25141abd39fdc9e0b75ec/window'
12:54:53.479 [Forwarding switchToWindow on session 97ff30cfcdf25141abd39fdc9e0b75ec to remote] DEBUG org.asynchttpclient.netty.request.NettyRequestSender - Using open Channel [id: 0xa0156e3b, L:/127.0.0.1:57371 - R:localhost/127.0.0.1:44111] for POST '/session/97ff30cfcdf25141abd39fdc9e0b75ec/window'
12:54:53.481 [AsyncHttpClient-1-8] DEBUG org.asynchttpclient.netty.handler.HttpHandler - 

Request DefaultHttpRequest(decodeResult: success, version: HTTP/1.1)
POST /session/97ff30cfcdf25141abd39fdc9e0b75ec/window HTTP/1.1
User-Agent: selenium/4.7.1 (java windows)
Content-Length: 59
Content-Type: application/json; charset=utf-8
host: localhost:44111
accept: */*

Response DefaultHttpResponse(decodeResult: success, version: HTTP/1.1)
HTTP/1.1 200 OK
Content-Type: application/json; charset=utf-8
cache-control: no-cache
content-length: 14

12:54:53.481 [AsyncHttpClient-1-8] DEBUG org.asynchttpclient.netty.channel.ChannelManager - Adding key: http://localhost:44111 for channel [id: 0xa0156e3b, L:/127.0.0.1:57371 - R:localhost/127.0.0.1:44111]
12:54:53.483 [Forwarding getCurrentUrl on session 97ff30cfcdf25141abd39fdc9e0b75ec to remote] DEBUG org.asynchttpclient.netty.request.NettyRequestSender - Using pooled Channel '[id: 0xa0156e3b, L:/127.0.0.1:57371 - R:localhost/127.0.0.1:44111]' for 'GET' to 'http://localhost:44111/session/97ff30cfcdf25141abd39fdc9e0b75ec/url'
12:54:53.483 [Forwarding getCurrentUrl on session 97ff30cfcdf25141abd39fdc9e0b75ec to remote] DEBUG org.asynchttpclient.netty.request.NettyRequestSender - Using open Channel [id: 0xa0156e3b, L:/127.0.0.1:57371 - R:localhost/127.0.0.1:44111] for GET '/session/97ff30cfcdf25141abd39fdc9e0b75ec/url'
12:54:53.488 [AsyncHttpClient-1-8] DEBUG org.asynchttpclient.netty.handler.HttpHandler - 

Request DefaultFullHttpRequest(decodeResult: success, version: HTTP/1.1, content: EmptyByteBufBE)
GET /session/97ff30cfcdf25141abd39fdc9e0b75ec/url HTTP/1.1
User-Agent: selenium/4.7.1 (java windows)
Cache-Control: no-cache
Content-Type: application/json; charset=utf-8
host: localhost:44111
accept: */*

Response DefaultHttpResponse(decodeResult: success, version: HTTP/1.1)
HTTP/1.1 200 OK
Content-Type: application/json; charset=utf-8
cache-control: no-cache
content-length: 52

12:54:53.488 [AsyncHttpClient-1-8] DEBUG org.asynchttpclient.netty.channel.ChannelManager - Adding key: http://localhost:44111 for channel [id: 0xa0156e3b, L:/127.0.0.1:57371 - R:localhost/127.0.0.1:44111]
12:54:53.489 [Forwarding screenshot on session 97ff30cfcdf25141abd39fdc9e0b75ec to remote] DEBUG org.asynchttpclient.netty.request.NettyRequestSender - Using pooled Channel '[id: 0xa0156e3b, L:/127.0.0.1:57371 - R:localhost/127.0.0.1:44111]' for 'GET' to 'http://localhost:44111/session/97ff30cfcdf25141abd39fdc9e0b75ec/screenshot'
12:54:53.489 [Forwarding screenshot on session 97ff30cfcdf25141abd39fdc9e0b75ec to remote] DEBUG org.asynchttpclient.netty.request.NettyRequestSender - Using open Channel [id: 0xa0156e3b, L:/127.0.0.1:57371 - R:localhost/127.0.0.1:44111] for GET '/session/97ff30cfcdf25141abd39fdc9e0b75ec/screenshot'
12:54:53.661 [AsyncHttpClient-1-1] DEBUG org.asynchttpclient.netty.channel.DefaultChannelPool - Entry count for : http://localhost:57372 : 1
12:54:53.770 [AsyncHttpClient-1-8] DEBUG org.asynchttpclient.netty.handler.HttpHandler - 

Request DefaultFullHttpRequest(decodeResult: success, version: HTTP/1.1, content: EmptyByteBufBE)
GET /session/97ff30cfcdf25141abd39fdc9e0b75ec/screenshot HTTP/1.1
User-Agent: selenium/4.7.1 (java windows)
Cache-Control: no-cache
Content-Type: application/json; charset=utf-8
host: localhost:44111
accept: */*

Response DefaultHttpResponse(decodeResult: success, version: HTTP/1.1)
HTTP/1.1 200 OK
Content-Type: application/json; charset=utf-8
cache-control: no-cache
content-length: 865624

12:54:53.773 [AsyncHttpClient-1-8] DEBUG org.asynchttpclient.netty.channel.ChannelManager - Adding key: http://localhost:44111 for channel [id: 0xa0156e3b, L:/127.0.0.1:57371 - R:localhost/127.0.0.1:44111]
12:54:53.799 [main] DEBUG net.serenitybdd.core.photography.Darkroom - Send negative for processing for target\site\serenity\96559d48b71841caaa38346ae72b0feb03f88cb231a399a3ee8aa7d642e2434a.png
12:54:53.805 [Forwarding getPageSource on session 97ff30cfcdf25141abd39fdc9e0b75ec to remote] DEBUG org.asynchttpclient.netty.request.NettyRequestSender - Using pooled Channel '[id: 0xa0156e3b, L:/127.0.0.1:57371 - R:localhost/127.0.0.1:44111]' for 'POST' to 'http://localhost:44111/session/97ff30cfcdf25141abd39fdc9e0b75ec/execute/sync'
12:54:53.805 [Forwarding getPageSource on session 97ff30cfcdf25141abd39fdc9e0b75ec to remote] DEBUG org.asynchttpclient.netty.request.NettyRequestSender - Using open Channel [id: 0xa0156e3b, L:/127.0.0.1:57371 - R:localhost/127.0.0.1:44111] for POST '/session/97ff30cfcdf25141abd39fdc9e0b75ec/execute/sync'
12:54:53.811 [AsyncHttpClient-1-8] DEBUG org.asynchttpclient.netty.handler.HttpHandler - 

Request DefaultHttpRequest(decodeResult: success, version: HTTP/1.1)
POST /session/97ff30cfcdf25141abd39fdc9e0b75ec/execute/sync HTTP/1.1
User-Agent: selenium/4.7.1 (java windows)
Content-Length: 176
Content-Type: application/json; charset=utf-8
host: localhost:44111
accept: */*

Response DefaultHttpResponse(decodeResult: success, version: HTTP/1.1)
HTTP/1.1 200 OK
Content-Type: application/json; charset=utf-8
cache-control: no-cache
content-length: 15306

12:54:53.811 [AsyncHttpClient-1-8] DEBUG org.asynchttpclient.netty.channel.ChannelManager - Adding key: http://localhost:44111 for channel [id: 0xa0156e3b, L:/127.0.0.1:57371 - R:localhost/127.0.0.1:44111]
12:54:53.814 [Forwarding getCurrentUrl on session 97ff30cfcdf25141abd39fdc9e0b75ec to remote] DEBUG org.asynchttpclient.netty.request.NettyRequestSender - Using pooled Channel '[id: 0xa0156e3b, L:/127.0.0.1:57371 - R:localhost/127.0.0.1:44111]' for 'GET' to 'http://localhost:44111/session/97ff30cfcdf25141abd39fdc9e0b75ec/url'
12:54:53.814 [Forwarding getCurrentUrl on session 97ff30cfcdf25141abd39fdc9e0b75ec to remote] DEBUG org.asynchttpclient.netty.request.NettyRequestSender - Using open Channel [id: 0xa0156e3b, L:/127.0.0.1:57371 - R:localhost/127.0.0.1:44111] for GET '/session/97ff30cfcdf25141abd39fdc9e0b75ec/url'
12:54:53.823 [AsyncHttpClient-1-8] DEBUG org.asynchttpclient.netty.handler.HttpHandler - 

Request DefaultFullHttpRequest(decodeResult: success, version: HTTP/1.1, content: EmptyByteBufBE)
GET /session/97ff30cfcdf25141abd39fdc9e0b75ec/url HTTP/1.1
User-Agent: selenium/4.7.1 (java windows)
Cache-Control: no-cache
Content-Type: application/json; charset=utf-8
host: localhost:44111
accept: */*

Response DefaultHttpResponse(decodeResult: success, version: HTTP/1.1)
HTTP/1.1 200 OK
Content-Type: application/json; charset=utf-8
cache-control: no-cache
content-length: 52

12:54:53.824 [AsyncHttpClient-1-8] DEBUG org.asynchttpclient.netty.channel.ChannelManager - Adding key: http://localhost:44111 for channel [id: 0xa0156e3b, L:/127.0.0.1:57371 - R:localhost/127.0.0.1:44111]
12:54:53.827 [Forwarding findElement on session 97ff30cfcdf25141abd39fdc9e0b75ec to remote] DEBUG org.asynchttpclient.netty.request.NettyRequestSender - Using pooled Channel '[id: 0xa0156e3b, L:/127.0.0.1:57371 - R:localhost/127.0.0.1:44111]' for 'POST' to 'http://localhost:44111/session/97ff30cfcdf25141abd39fdc9e0b75ec/element'
12:54:53.827 [Forwarding findElement on session 97ff30cfcdf25141abd39fdc9e0b75ec to remote] DEBUG org.asynchttpclient.netty.request.NettyRequestSender - Using open Channel [id: 0xa0156e3b, L:/127.0.0.1:57371 - R:localhost/127.0.0.1:44111] for POST '/session/97ff30cfcdf25141abd39fdc9e0b75ec/element'
12:54:53.837 [AsyncHttpClient-1-8] DEBUG org.asynchttpclient.netty.handler.HttpHandler - 

Request DefaultHttpRequest(decodeResult: success, version: HTTP/1.1)
POST /session/97ff30cfcdf25141abd39fdc9e0b75ec/element HTTP/1.1
User-Agent: selenium/4.7.1 (java windows)
Content-Length: 86
Content-Type: application/json; charset=utf-8
host: localhost:44111
accept: */*

Response DefaultHttpResponse(decodeResult: success, version: HTTP/1.1)
HTTP/1.1 200 OK
Content-Type: application/json; charset=utf-8
cache-control: no-cache
content-length: 88

12:54:53.837 [AsyncHttpClient-1-8] DEBUG org.asynchttpclient.netty.channel.ChannelManager - Adding key: http://localhost:44111 for channel [id: 0xa0156e3b, L:/127.0.0.1:57371 - R:localhost/127.0.0.1:44111]
12:54:53.838 [Forwarding getElementText on session 97ff30cfcdf25141abd39fdc9e0b75ec to remote] DEBUG org.asynchttpclient.netty.request.NettyRequestSender - Using pooled Channel '[id: 0xa0156e3b, L:/127.0.0.1:57371 - R:localhost/127.0.0.1:44111]' for 'GET' to 'http://localhost:44111/session/97ff30cfcdf25141abd39fdc9e0b75ec/element/b4228c23-1d04-431b-82e4-b8b2308081a8/text'
12:54:53.838 [Forwarding getElementText on session 97ff30cfcdf25141abd39fdc9e0b75ec to remote] DEBUG org.asynchttpclient.netty.request.NettyRequestSender - Using open Channel [id: 0xa0156e3b, L:/127.0.0.1:57371 - R:localhost/127.0.0.1:44111] for GET '/session/97ff30cfcdf25141abd39fdc9e0b75ec/element/b4228c23-1d04-431b-82e4-b8b2308081a8/text'
12:54:53.849 [AsyncHttpClient-1-8] DEBUG org.asynchttpclient.netty.handler.HttpHandler - 

Request DefaultFullHttpRequest(decodeResult: success, version: HTTP/1.1, content: EmptyByteBufBE)
GET /session/97ff30cfcdf25141abd39fdc9e0b75ec/element/b4228c23-1d04-431b-82e4-b8b2308081a8/text HTTP/1.1
User-Agent: selenium/4.7.1 (java windows)
Cache-Control: no-cache
Content-Type: application/json; charset=utf-8
host: localhost:44111
accept: */*

Response DefaultHttpResponse(decodeResult: success, version: HTTP/1.1)
HTTP/1.1 200 OK
Content-Type: application/json; charset=utf-8
cache-control: no-cache
content-length: 18

12:54:53.849 [AsyncHttpClient-1-8] DEBUG org.asynchttpclient.netty.channel.ChannelManager - Adding key: http://localhost:44111 for channel [id: 0xa0156e3b, L:/127.0.0.1:57371 - R:localhost/127.0.0.1:44111]
  &amp#27;[32mThen &amp#27;[0m&amp#27;[32mI check Sauce Labs Backpack change to &amp#27;[0m&amp#27;[32m&amp#27;[1m"REMOVE"&amp#27;[0m &amp#27;[90m# Class6BDD.steps.ProductSteps.iCheckSauceLabsBackpackChangeTo(java.lang.String)&amp#27;[0m
12:54:53.854 [Forwarding getCurrentWindowHandle on session 97ff30cfcdf25141abd39fdc9e0b75ec to remote] DEBUG org.asynchttpclient.netty.request.NettyRequestSender - Using pooled Channel '[id: 0xa0156e3b, L:/127.0.0.1:57371 - R:localhost/127.0.0.1:44111]' for 'GET' to 'http://localhost:44111/session/97ff30cfcdf25141abd39fdc9e0b75ec/window'
12:54:53.854 [Forwarding getCurrentWindowHandle on session 97ff30cfcdf25141abd39fdc9e0b75ec to remote] DEBUG org.asynchttpclient.netty.request.NettyRequestSender - Using open Channel [id: 0xa0156e3b, L:/127.0.0.1:57371 - R:localhost/127.0.0.1:44111] for GET '/session/97ff30cfcdf25141abd39fdc9e0b75ec/window'
12:54:53.855 [AsyncHttpClient-1-8] DEBUG org.asynchttpclient.netty.handler.HttpHandler - 

Request DefaultFullHttpRequest(decodeResult: success, version: HTTP/1.1, content: EmptyByteBufBE)
GET /session/97ff30cfcdf25141abd39fdc9e0b75ec/window HTTP/1.1
User-Agent: selenium/4.7.1 (java windows)
Cache-Control: no-cache
Content-Type: application/json; charset=utf-8
host: localhost:44111
accept: */*

Response DefaultHttpResponse(decodeResult: success, version: HTTP/1.1)
HTTP/1.1 200 OK
Content-Type: application/json; charset=utf-8
cache-control: no-cache
content-length: 53

12:54:53.855 [AsyncHttpClient-1-8] DEBUG org.asynchttpclient.netty.channel.ChannelManager - Adding key: http://localhost:44111 for channel [id: 0xa0156e3b, L:/127.0.0.1:57371 - R:localhost/127.0.0.1:44111]
12:54:53.856 [Forwarding getAlertText on session 97ff30cfcdf25141abd39fdc9e0b75ec to remote] DEBUG org.asynchttpclient.netty.request.NettyRequestSender - Using pooled Channel '[id: 0xa0156e3b, L:/127.0.0.1:57371 - R:localhost/127.0.0.1:44111]' for 'GET' to 'http://localhost:44111/session/97ff30cfcdf25141abd39fdc9e0b75ec/alert/text'
12:54:53.856 [Forwarding getAlertText on session 97ff30cfcdf25141abd39fdc9e0b75ec to remote] DEBUG org.asynchttpclient.netty.request.NettyRequestSender - Using open Channel [id: 0xa0156e3b, L:/127.0.0.1:57371 - R:localhost/127.0.0.1:44111] for GET '/session/97ff30cfcdf25141abd39fdc9e0b75ec/alert/text'
12:54:53.858 [AsyncHttpClient-1-8] DEBUG org.asynchttpclient.netty.handler.HttpHandler - 

Request DefaultFullHttpRequest(decodeResult: success, version: HTTP/1.1, content: EmptyByteBufBE)
GET /session/97ff30cfcdf25141abd39fdc9e0b75ec/alert/text HTTP/1.1
User-Agent: selenium/4.7.1 (java windows)
Cache-Control: no-cache
Content-Type: application/json; charset=utf-8
host: localhost:44111
accept: */*

Response DefaultHttpResponse(decodeResult: success, version: HTTP/1.1)
HTTP/1.1 404 Not Found
Content-Type: application/json; charset=utf-8
cache-control: no-cache
content-length: 834

12:54:53.859 [AsyncHttpClient-1-8] DEBUG org.asynchttpclient.netty.channel.ChannelManager - Adding key: http://localhost:44111 for channel [id: 0xa0156e3b, L:/127.0.0.1:57371 - R:localhost/127.0.0.1:44111]
12:54:53.860 [Forwarding switchToWindow on session 97ff30cfcdf25141abd39fdc9e0b75ec to remote] DEBUG org.asynchttpclient.netty.request.NettyRequestSender - Using pooled Channel '[id: 0xa0156e3b, L:/127.0.0.1:57371 - R:localhost/127.0.0.1:44111]' for 'POST' to 'http://localhost:44111/session/97ff30cfcdf25141abd39fdc9e0b75ec/window'
12:54:53.860 [Forwarding switchToWindow on session 97ff30cfcdf25141abd39fdc9e0b75ec to remote] DEBUG org.asynchttpclient.netty.request.NettyRequestSender - Using open Channel [id: 0xa0156e3b, L:/127.0.0.1:57371 - R:localhost/127.0.0.1:44111] for POST '/session/97ff30cfcdf25141abd39fdc9e0b75ec/window'
12:54:53.862 [AsyncHttpClient-1-8] DEBUG org.asynchttpclient.netty.handler.HttpHandler - 

Request DefaultHttpRequest(decodeResult: success, version: HTTP/1.1)
POST /session/97ff30cfcdf25141abd39fdc9e0b75ec/window HTTP/1.1
User-Agent: selenium/4.7.1 (java windows)
Content-Length: 59
Content-Type: application/json; charset=utf-8
host: localhost:44111
accept: */*

Response DefaultHttpResponse(decodeResult: success, version: HTTP/1.1)
HTTP/1.1 200 OK
Content-Type: application/json; charset=utf-8
cache-control: no-cache
content-length: 14

12:54:53.862 [AsyncHttpClient-1-8] DEBUG org.asynchttpclient.netty.channel.ChannelManager - Adding key: http://localhost:44111 for channel [id: 0xa0156e3b, L:/127.0.0.1:57371 - R:localhost/127.0.0.1:44111]
12:54:53.863 [Forwarding getCurrentUrl on session 97ff30cfcdf25141abd39fdc9e0b75ec to remote] DEBUG org.asynchttpclient.netty.request.NettyRequestSender - Using pooled Channel '[id: 0xa0156e3b, L:/127.0.0.1:57371 - R:localhost/127.0.0.1:44111]' for 'GET' to 'http://localhost:44111/session/97ff30cfcdf25141abd39fdc9e0b75ec/url'
12:54:53.863 [Forwarding getCurrentUrl on session 97ff30cfcdf25141abd39fdc9e0b75ec to remote] DEBUG org.asynchttpclient.netty.request.NettyRequestSender - Using open Channel [id: 0xa0156e3b, L:/127.0.0.1:57371 - R:localhost/127.0.0.1:44111] for GET '/session/97ff30cfcdf25141abd39fdc9e0b75ec/url'
12:54:53.867 [AsyncHttpClient-1-8] DEBUG org.asynchttpclient.netty.handler.HttpHandler - 

Request DefaultFullHttpRequest(decodeResult: success, version: HTTP/1.1, content: EmptyByteBufBE)
GET /session/97ff30cfcdf25141abd39fdc9e0b75ec/url HTTP/1.1
User-Agent: selenium/4.7.1 (java windows)
Cache-Control: no-cache
Content-Type: application/json; charset=utf-8
host: localhost:44111
accept: */*

Response DefaultHttpResponse(decodeResult: success, version: HTTP/1.1)
HTTP/1.1 200 OK
Content-Type: application/json; charset=utf-8
cache-control: no-cache
content-length: 52

12:54:53.867 [AsyncHttpClient-1-8] DEBUG org.asynchttpclient.netty.channel.ChannelManager - Adding key: http://localhost:44111 for channel [id: 0xa0156e3b, L:/127.0.0.1:57371 - R:localhost/127.0.0.1:44111]
12:54:53.867 [Forwarding screenshot on session 97ff30cfcdf25141abd39fdc9e0b75ec to remote] DEBUG org.asynchttpclient.netty.request.NettyRequestSender - Using pooled Channel '[id: 0xa0156e3b, L:/127.0.0.1:57371 - R:localhost/127.0.0.1:44111]' for 'GET' to 'http://localhost:44111/session/97ff30cfcdf25141abd39fdc9e0b75ec/screenshot'
12:54:53.867 [Forwarding screenshot on session 97ff30cfcdf25141abd39fdc9e0b75ec to remote] DEBUG org.asynchttpclient.netty.request.NettyRequestSender - Using open Channel [id: 0xa0156e3b, L:/127.0.0.1:57371 - R:localhost/127.0.0.1:44111] for GET '/session/97ff30cfcdf25141abd39fdc9e0b75ec/screenshot'
12:54:54.141 [AsyncHttpClient-1-8] DEBUG org.asynchttpclient.netty.handler.HttpHandler - 

Request DefaultFullHttpRequest(decodeResult: success, version: HTTP/1.1, content: EmptyByteBufBE)
GET /session/97ff30cfcdf25141abd39fdc9e0b75ec/screenshot HTTP/1.1
User-Agent: selenium/4.7.1 (java windows)
Cache-Control: no-cache
Content-Type: application/json; charset=utf-8
host: localhost:44111
accept: */*

Response DefaultHttpResponse(decodeResult: success, version: HTTP/1.1)
HTTP/1.1 200 OK
Content-Type: application/json; charset=utf-8
cache-control: no-cache
content-length: 865624

12:54:54.144 [AsyncHttpClient-1-8] DEBUG org.asynchttpclient.netty.channel.ChannelManager - Adding key: http://localhost:44111 for channel [id: 0xa0156e3b, L:/127.0.0.1:57371 - R:localhost/127.0.0.1:44111]
12:54:54.159 [main] DEBUG net.serenitybdd.core.photography.Darkroom - Send negative for processing for target\site\serenity\96559d48b71841caaa38346ae72b0feb03f88cb231a399a3ee8aa7d642e2434a.png
12:54:54.163 [Forwarding getPageSource on session 97ff30cfcdf25141abd39fdc9e0b75ec to remote] DEBUG org.asynchttpclient.netty.request.NettyRequestSender - Using pooled Channel '[id: 0xa0156e3b, L:/127.0.0.1:57371 - R:localhost/127.0.0.1:44111]' for 'POST' to 'http://localhost:44111/session/97ff30cfcdf25141abd39fdc9e0b75ec/execute/sync'
12:54:54.164 [Forwarding getPageSource on session 97ff30cfcdf25141abd39fdc9e0b75ec to remote] DEBUG org.asynchttpclient.netty.request.NettyRequestSender - Using open Channel [id: 0xa0156e3b, L:/127.0.0.1:57371 - R:localhost/127.0.0.1:44111] for POST '/session/97ff30cfcdf25141abd39fdc9e0b75ec/execute/sync'
12:54:54.169 [AsyncHttpClient-1-8] DEBUG org.asynchttpclient.netty.handler.HttpHandler - 

Request DefaultHttpRequest(decodeResult: success, version: HTTP/1.1)
POST /session/97ff30cfcdf25141abd39fdc9e0b75ec/execute/sync HTTP/1.1
User-Agent: selenium/4.7.1 (java windows)
Content-Length: 176
Content-Type: application/json; charset=utf-8
host: localhost:44111
accept: */*

Response DefaultHttpResponse(decodeResult: success, version: HTTP/1.1)
HTTP/1.1 200 OK
Content-Type: application/json; charset=utf-8
cache-control: no-cache
content-length: 15306

12:54:54.169 [AsyncHttpClient-1-8] DEBUG org.asynchttpclient.netty.channel.ChannelManager - Adding key: http://localhost:44111 for channel [id: 0xa0156e3b, L:/127.0.0.1:57371 - R:localhost/127.0.0.1:44111]
12:54:54.172 [Forwarding getCurrentUrl on session 97ff30cfcdf25141abd39fdc9e0b75ec to remote] DEBUG org.asynchttpclient.netty.request.NettyRequestSender - Using pooled Channel '[id: 0xa0156e3b, L:/127.0.0.1:57371 - R:localhost/127.0.0.1:44111]' for 'GET' to 'http://localhost:44111/session/97ff30cfcdf25141abd39fdc9e0b75ec/url'
12:54:54.172 [Forwarding getCurrentUrl on session 97ff30cfcdf25141abd39fdc9e0b75ec to remote] DEBUG org.asynchttpclient.netty.request.NettyRequestSender - Using open Channel [id: 0xa0156e3b, L:/127.0.0.1:57371 - R:localhost/127.0.0.1:44111] for GET '/session/97ff30cfcdf25141abd39fdc9e0b75ec/url'
12:54:54.175 [AsyncHttpClient-1-8] DEBUG org.asynchttpclient.netty.handler.HttpHandler - 

Request DefaultFullHttpRequest(decodeResult: success, version: HTTP/1.1, content: EmptyByteBufBE)
GET /session/97ff30cfcdf25141abd39fdc9e0b75ec/url HTTP/1.1
User-Agent: selenium/4.7.1 (java windows)
Cache-Control: no-cache
Content-Type: application/json; charset=utf-8
host: localhost:44111
accept: */*

Response DefaultHttpResponse(decodeResult: success, version: HTTP/1.1)
HTTP/1.1 200 OK
Content-Type: application/json; charset=utf-8
cache-control: no-cache
content-length: 52

12:54:54.175 [AsyncHttpClient-1-8] DEBUG org.asynchttpclient.netty.channel.ChannelManager - Adding key: http://localhost:44111 for channel [id: 0xa0156e3b, L:/127.0.0.1:57371 - R:localhost/127.0.0.1:44111]
12:54:54.180 [Forwarding findElement on session 97ff30cfcdf25141abd39fdc9e0b75ec to remote] DEBUG org.asynchttpclient.netty.request.NettyRequestSender - Using pooled Channel '[id: 0xa0156e3b, L:/127.0.0.1:57371 - R:localhost/127.0.0.1:44111]' for 'POST' to 'http://localhost:44111/session/97ff30cfcdf25141abd39fdc9e0b75ec/element'
12:54:54.180 [Forwarding findElement on session 97ff30cfcdf25141abd39fdc9e0b75ec to remote] DEBUG org.asynchttpclient.netty.request.NettyRequestSender - Using open Channel [id: 0xa0156e3b, L:/127.0.0.1:57371 - R:localhost/127.0.0.1:44111] for POST '/session/97ff30cfcdf25141abd39fdc9e0b75ec/element'
12:54:54.191 [AsyncHttpClient-1-8] DEBUG org.asynchttpclient.netty.handler.HttpHandler - 

Request DefaultHttpRequest(decodeResult: success, version: HTTP/1.1)
POST /session/97ff30cfcdf25141abd39fdc9e0b75ec/element HTTP/1.1
User-Agent: selenium/4.7.1 (java windows)
Content-Length: 90
Content-Type: application/json; charset=utf-8
host: localhost:44111
accept: */*

Response DefaultHttpResponse(decodeResult: success, version: HTTP/1.1)
HTTP/1.1 200 OK
Content-Type: application/json; charset=utf-8
cache-control: no-cache
content-length: 88

12:54:54.191 [AsyncHttpClient-1-8] DEBUG org.asynchttpclient.netty.channel.ChannelManager - Adding key: http://localhost:44111 for channel [id: 0xa0156e3b, L:/127.0.0.1:57371 - R:localhost/127.0.0.1:44111]
12:54:54.194 [Forwarding isElementDisplayed on session 97ff30cfcdf25141abd39fdc9e0b75ec to remote] DEBUG org.asynchttpclient.netty.request.NettyRequestSender - Using pooled Channel '[id: 0xa0156e3b, L:/127.0.0.1:57371 - R:localhost/127.0.0.1:44111]' for 'POST' to 'http://localhost:44111/session/97ff30cfcdf25141abd39fdc9e0b75ec/execute/sync'
12:54:54.194 [Forwarding isElementDisplayed on session 97ff30cfcdf25141abd39fdc9e0b75ec to remote] DEBUG org.asynchttpclient.netty.request.NettyRequestSender - Using open Channel [id: 0xa0156e3b, L:/127.0.0.1:57371 - R:localhost/127.0.0.1:44111] for POST '/session/97ff30cfcdf25141abd39fdc9e0b75ec/execute/sync'
12:54:54.208 [AsyncHttpClient-1-8] DEBUG org.asynchttpclient.netty.handler.HttpHandler - 

Request DefaultHttpRequest(decodeResult: success, version: HTTP/1.1)
POST /session/97ff30cfcdf25141abd39fdc9e0b75ec/execute/sync HTTP/1.1
User-Agent: selenium/4.7.1 (java windows)
Content-Length: 48780
Content-Type: application/json; charset=utf-8
host: localhost:44111
accept: */*

Response DefaultHttpResponse(decodeResult: success, version: HTTP/1.1)
HTTP/1.1 200 OK
Content-Type: application/json; charset=utf-8
cache-control: no-cache
content-length: 14

12:54:54.208 [AsyncHttpClient-1-8] DEBUG org.asynchttpclient.netty.channel.ChannelManager - Adding key: http://localhost:44111 for channel [id: 0xa0156e3b, L:/127.0.0.1:57371 - R:localhost/127.0.0.1:44111]
12:54:54.209 [Forwarding findElement on session 97ff30cfcdf25141abd39fdc9e0b75ec to remote] DEBUG org.asynchttpclient.netty.request.NettyRequestSender - Using pooled Channel '[id: 0xa0156e3b, L:/127.0.0.1:57371 - R:localhost/127.0.0.1:44111]' for 'POST' to 'http://localhost:44111/session/97ff30cfcdf25141abd39fdc9e0b75ec/element'
12:54:54.209 [Forwarding findElement on session 97ff30cfcdf25141abd39fdc9e0b75ec to remote] DEBUG org.asynchttpclient.netty.request.NettyRequestSender - Using open Channel [id: 0xa0156e3b, L:/127.0.0.1:57371 - R:localhost/127.0.0.1:44111] for POST '/session/97ff30cfcdf25141abd39fdc9e0b75ec/element'
12:54:54.216 [AsyncHttpClient-1-8] DEBUG org.asynchttpclient.netty.handler.HttpHandler - 

Request DefaultHttpRequest(decodeResult: success, version: HTTP/1.1)
POST /session/97ff30cfcdf25141abd39fdc9e0b75ec/element HTTP/1.1
User-Agent: selenium/4.7.1 (java windows)
Content-Length: 90
Content-Type: application/json; charset=utf-8
host: localhost:44111
accept: */*

Response DefaultHttpResponse(decodeResult: success, version: HTTP/1.1)
HTTP/1.1 200 OK
Content-Type: application/json; charset=utf-8
cache-control: no-cache
content-length: 88

12:54:54.216 [AsyncHttpClient-1-8] DEBUG org.asynchttpclient.netty.channel.ChannelManager - Adding key: http://localhost:44111 for channel [id: 0xa0156e3b, L:/127.0.0.1:57371 - R:localhost/127.0.0.1:44111]
12:54:54.217 [Forwarding isElementEnabled on session 97ff30cfcdf25141abd39fdc9e0b75ec to remote] DEBUG org.asynchttpclient.netty.request.NettyRequestSender - Using pooled Channel '[id: 0xa0156e3b, L:/127.0.0.1:57371 - R:localhost/127.0.0.1:44111]' for 'GET' to 'http://localhost:44111/session/97ff30cfcdf25141abd39fdc9e0b75ec/element/44688c6d-5527-4631-92c4-d66aab1c53b8/enabled'
12:54:54.217 [Forwarding isElementEnabled on session 97ff30cfcdf25141abd39fdc9e0b75ec to remote] DEBUG org.asynchttpclient.netty.request.NettyRequestSender - Using open Channel [id: 0xa0156e3b, L:/127.0.0.1:57371 - R:localhost/127.0.0.1:44111] for GET '/session/97ff30cfcdf25141abd39fdc9e0b75ec/element/44688c6d-5527-4631-92c4-d66aab1c53b8/enabled'
12:54:54.226 [AsyncHttpClient-1-8] DEBUG org.asynchttpclient.netty.handler.HttpHandler - 

Request DefaultFullHttpRequest(decodeResult: success, version: HTTP/1.1, content: EmptyByteBufBE)
GET /session/97ff30cfcdf25141abd39fdc9e0b75ec/element/44688c6d-5527-4631-92c4-d66aab1c53b8/enabled HTTP/1.1
User-Agent: selenium/4.7.1 (java windows)
Cache-Control: no-cache
Content-Type: application/json; charset=utf-8
host: localhost:44111
accept: */*

Response DefaultHttpResponse(decodeResult: success, version: HTTP/1.1)
HTTP/1.1 200 OK
Content-Type: application/json; charset=utf-8
cache-control: no-cache
content-length: 14

12:54:54.226 [AsyncHttpClient-1-8] DEBUG org.asynchttpclient.netty.channel.ChannelManager - Adding key: http://localhost:44111 for channel [id: 0xa0156e3b, L:/127.0.0.1:57371 - R:localhost/127.0.0.1:44111]
12:54:54.227 [Forwarding findElement on session 97ff30cfcdf25141abd39fdc9e0b75ec to remote] DEBUG org.asynchttpclient.netty.request.NettyRequestSender - Using pooled Channel '[id: 0xa0156e3b, L:/127.0.0.1:57371 - R:localhost/127.0.0.1:44111]' for 'POST' to 'http://localhost:44111/session/97ff30cfcdf25141abd39fdc9e0b75ec/element'
12:54:54.227 [Forwarding findElement on session 97ff30cfcdf25141abd39fdc9e0b75ec to remote] DEBUG org.asynchttpclient.netty.request.NettyRequestSender - Using open Channel [id: 0xa0156e3b, L:/127.0.0.1:57371 - R:localhost/127.0.0.1:44111] for POST '/session/97ff30cfcdf25141abd39fdc9e0b75ec/element'
12:54:54.233 [AsyncHttpClient-1-8] DEBUG org.asynchttpclient.netty.handler.HttpHandler - 

Request DefaultHttpRequest(decodeResult: success, version: HTTP/1.1)
POST /session/97ff30cfcdf25141abd39fdc9e0b75ec/element HTTP/1.1
User-Agent: selenium/4.7.1 (java windows)
Content-Length: 90
Content-Type: application/json; charset=utf-8
host: localhost:44111
accept: */*

Response DefaultHttpResponse(decodeResult: success, version: HTTP/1.1)
HTTP/1.1 200 OK
Content-Type: application/json; charset=utf-8
cache-control: no-cache
content-length: 88

12:54:54.233 [AsyncHttpClient-1-8] DEBUG org.asynchttpclient.netty.channel.ChannelManager - Adding key: http://localhost:44111 for channel [id: 0xa0156e3b, L:/127.0.0.1:57371 - R:localhost/127.0.0.1:44111]
12:54:54.234 [Forwarding clickElement on session 97ff30cfcdf25141abd39fdc9e0b75ec to remote] DEBUG org.asynchttpclient.netty.request.NettyRequestSender - Using pooled Channel '[id: 0xa0156e3b, L:/127.0.0.1:57371 - R:localhost/127.0.0.1:44111]' for 'POST' to 'http://localhost:44111/session/97ff30cfcdf25141abd39fdc9e0b75ec/element/44688c6d-5527-4631-92c4-d66aab1c53b8/click'
12:54:54.234 [Forwarding clickElement on session 97ff30cfcdf25141abd39fdc9e0b75ec to remote] DEBUG org.asynchttpclient.netty.request.NettyRequestSender - Using open Channel [id: 0xa0156e3b, L:/127.0.0.1:57371 - R:localhost/127.0.0.1:44111] for POST '/session/97ff30cfcdf25141abd39fdc9e0b75ec/element/44688c6d-5527-4631-92c4-d66aab1c53b8/click'
12:54:54.274 [AsyncHttpClient-1-8] DEBUG org.asynchttpclient.netty.handler.HttpHandler - 

Request DefaultHttpRequest(decodeResult: success, version: HTTP/1.1)
POST /session/97ff30cfcdf25141abd39fdc9e0b75ec/element/44688c6d-5527-4631-92c4-d66aab1c53b8/click HTTP/1.1
User-Agent: selenium/4.7.1 (java windows)
Content-Length: 50
Content-Type: application/json; charset=utf-8
host: localhost:44111
accept: */*

Response DefaultHttpResponse(decodeResult: success, version: HTTP/1.1)
HTTP/1.1 200 OK
Content-Type: application/json; charset=utf-8
cache-control: no-cache
content-length: 14

12:54:54.276 [AsyncHttpClient-1-8] DEBUG org.asynchttpclient.netty.channel.ChannelManager - Adding key: http://localhost:44111 for channel [id: 0xa0156e3b, L:/127.0.0.1:57371 - R:localhost/127.0.0.1:44111]
  &amp#27;[32mThen &amp#27;[0m&amp#27;[32mI click on Cart button&amp#27;[0m                         &amp#27;[90m# Class6BDD.steps.ProductSteps.iClickOnCartButton()&amp#27;[0m
12:54:54.281 [Forwarding getCurrentWindowHandle on session 97ff30cfcdf25141abd39fdc9e0b75ec to remote] DEBUG org.asynchttpclient.netty.request.NettyRequestSender - Using pooled Channel '[id: 0xa0156e3b, L:/127.0.0.1:57371 - R:localhost/127.0.0.1:44111]' for 'GET' to 'http://localhost:44111/session/97ff30cfcdf25141abd39fdc9e0b75ec/window'
12:54:54.281 [Forwarding getCurrentWindowHandle on session 97ff30cfcdf25141abd39fdc9e0b75ec to remote] DEBUG org.asynchttpclient.netty.request.NettyRequestSender - Using open Channel [id: 0xa0156e3b, L:/127.0.0.1:57371 - R:localhost/127.0.0.1:44111] for GET '/session/97ff30cfcdf25141abd39fdc9e0b75ec/window'
12:54:54.281 [AsyncHttpClient-1-8] DEBUG org.asynchttpclient.netty.handler.HttpHandler - 

Request DefaultFullHttpRequest(decodeResult: success, version: HTTP/1.1, content: EmptyByteBufBE)
GET /session/97ff30cfcdf25141abd39fdc9e0b75ec/window HTTP/1.1
User-Agent: selenium/4.7.1 (java windows)
Cache-Control: no-cache
Content-Type: application/json; charset=utf-8
host: localhost:44111
accept: */*

Response DefaultHttpResponse(decodeResult: success, version: HTTP/1.1)
HTTP/1.1 200 OK
Content-Type: application/json; charset=utf-8
cache-control: no-cache
content-length: 53

12:54:54.282 [AsyncHttpClient-1-8] DEBUG org.asynchttpclient.netty.channel.ChannelManager - Adding key: http://localhost:44111 for channel [id: 0xa0156e3b, L:/127.0.0.1:57371 - R:localhost/127.0.0.1:44111]
12:54:54.283 [Forwarding getAlertText on session 97ff30cfcdf25141abd39fdc9e0b75ec to remote] DEBUG org.asynchttpclient.netty.request.NettyRequestSender - Using pooled Channel '[id: 0xa0156e3b, L:/127.0.0.1:57371 - R:localhost/127.0.0.1:44111]' for 'GET' to 'http://localhost:44111/session/97ff30cfcdf25141abd39fdc9e0b75ec/alert/text'
12:54:54.283 [Forwarding getAlertText on session 97ff30cfcdf25141abd39fdc9e0b75ec to remote] DEBUG org.asynchttpclient.netty.request.NettyRequestSender - Using open Channel [id: 0xa0156e3b, L:/127.0.0.1:57371 - R:localhost/127.0.0.1:44111] for GET '/session/97ff30cfcdf25141abd39fdc9e0b75ec/alert/text'
12:54:54.284 [AsyncHttpClient-1-8] DEBUG org.asynchttpclient.netty.handler.HttpHandler - 

Request DefaultFullHttpRequest(decodeResult: success, version: HTTP/1.1, content: EmptyByteBufBE)
GET /session/97ff30cfcdf25141abd39fdc9e0b75ec/alert/text HTTP/1.1
User-Agent: selenium/4.7.1 (java windows)
Cache-Control: no-cache
Content-Type: application/json; charset=utf-8
host: localhost:44111
accept: */*

Response DefaultHttpResponse(decodeResult: success, version: HTTP/1.1)
HTTP/1.1 404 Not Found
Content-Type: application/json; charset=utf-8
cache-control: no-cache
content-length: 834

12:54:54.284 [AsyncHttpClient-1-8] DEBUG org.asynchttpclient.netty.channel.ChannelManager - Adding key: http://localhost:44111 for channel [id: 0xa0156e3b, L:/127.0.0.1:57371 - R:localhost/127.0.0.1:44111]
12:54:54.286 [Forwarding switchToWindow on session 97ff30cfcdf25141abd39fdc9e0b75ec to remote] DEBUG org.asynchttpclient.netty.request.NettyRequestSender - Using pooled Channel '[id: 0xa0156e3b, L:/127.0.0.1:57371 - R:localhost/127.0.0.1:44111]' for 'POST' to 'http://localhost:44111/session/97ff30cfcdf25141abd39fdc9e0b75ec/window'
12:54:54.286 [Forwarding switchToWindow on session 97ff30cfcdf25141abd39fdc9e0b75ec to remote] DEBUG org.asynchttpclient.netty.request.NettyRequestSender - Using open Channel [id: 0xa0156e3b, L:/127.0.0.1:57371 - R:localhost/127.0.0.1:44111] for POST '/session/97ff30cfcdf25141abd39fdc9e0b75ec/window'
12:54:54.287 [AsyncHttpClient-1-8] DEBUG org.asynchttpclient.netty.handler.HttpHandler - 

Request DefaultHttpRequest(decodeResult: success, version: HTTP/1.1)
POST /session/97ff30cfcdf25141abd39fdc9e0b75ec/window HTTP/1.1
User-Agent: selenium/4.7.1 (java windows)
Content-Length: 59
Content-Type: application/json; charset=utf-8
host: localhost:44111
accept: */*

Response DefaultHttpResponse(decodeResult: success, version: HTTP/1.1)
HTTP/1.1 200 OK
Content-Type: application/json; charset=utf-8
cache-control: no-cache
content-length: 14

12:54:54.287 [AsyncHttpClient-1-8] DEBUG org.asynchttpclient.netty.channel.ChannelManager - Adding key: http://localhost:44111 for channel [id: 0xa0156e3b, L:/127.0.0.1:57371 - R:localhost/127.0.0.1:44111]
12:54:54.288 [Forwarding getCurrentUrl on session 97ff30cfcdf25141abd39fdc9e0b75ec to remote] DEBUG org.asynchttpclient.netty.request.NettyRequestSender - Using pooled Channel '[id: 0xa0156e3b, L:/127.0.0.1:57371 - R:localhost/127.0.0.1:44111]' for 'GET' to 'http://localhost:44111/session/97ff30cfcdf25141abd39fdc9e0b75ec/url'
12:54:54.288 [Forwarding getCurrentUrl on session 97ff30cfcdf25141abd39fdc9e0b75ec to remote] DEBUG org.asynchttpclient.netty.request.NettyRequestSender - Using open Channel [id: 0xa0156e3b, L:/127.0.0.1:57371 - R:localhost/127.0.0.1:44111] for GET '/session/97ff30cfcdf25141abd39fdc9e0b75ec/url'
12:54:54.292 [AsyncHttpClient-1-8] DEBUG org.asynchttpclient.netty.handler.HttpHandler - 

Request DefaultFullHttpRequest(decodeResult: success, version: HTTP/1.1, content: EmptyByteBufBE)
GET /session/97ff30cfcdf25141abd39fdc9e0b75ec/url HTTP/1.1
User-Agent: selenium/4.7.1 (java windows)
Cache-Control: no-cache
Content-Type: application/json; charset=utf-8
host: localhost:44111
accept: */*

Response DefaultHttpResponse(decodeResult: success, version: HTTP/1.1)
HTTP/1.1 200 OK
Content-Type: application/json; charset=utf-8
cache-control: no-cache
content-length: 47

12:54:54.292 [AsyncHttpClient-1-8] DEBUG org.asynchttpclient.netty.channel.ChannelManager - Adding key: http://localhost:44111 for channel [id: 0xa0156e3b, L:/127.0.0.1:57371 - R:localhost/127.0.0.1:44111]
12:54:54.293 [Forwarding screenshot on session 97ff30cfcdf25141abd39fdc9e0b75ec to remote] DEBUG org.asynchttpclient.netty.request.NettyRequestSender - Using pooled Channel '[id: 0xa0156e3b, L:/127.0.0.1:57371 - R:localhost/127.0.0.1:44111]' for 'GET' to 'http://localhost:44111/session/97ff30cfcdf25141abd39fdc9e0b75ec/screenshot'
12:54:54.293 [Forwarding screenshot on session 97ff30cfcdf25141abd39fdc9e0b75ec to remote] DEBUG org.asynchttpclient.netty.request.NettyRequestSender - Using open Channel [id: 0xa0156e3b, L:/127.0.0.1:57371 - R:localhost/127.0.0.1:44111] for GET '/session/97ff30cfcdf25141abd39fdc9e0b75ec/screenshot'
12:54:54.521 [AsyncHttpClient-1-8] DEBUG org.asynchttpclient.netty.handler.HttpHandler - 

Request DefaultFullHttpRequest(decodeResult: success, version: HTTP/1.1, content: EmptyByteBufBE)
GET /session/97ff30cfcdf25141abd39fdc9e0b75ec/screenshot HTTP/1.1
User-Agent: selenium/4.7.1 (java windows)
Cache-Control: no-cache
Content-Type: application/json; charset=utf-8
host: localhost:44111
accept: */*

Response DefaultHttpResponse(decodeResult: success, version: HTTP/1.1)
HTTP/1.1 200 OK
Content-Type: application/json; charset=utf-8
cache-control: no-cache
content-length: 121792

12:54:54.522 [AsyncHttpClient-1-8] DEBUG org.asynchttpclient.netty.channel.ChannelManager - Adding key: http://localhost:44111 for channel [id: 0xa0156e3b, L:/127.0.0.1:57371 - R:localhost/127.0.0.1:44111]
12:54:54.528 [main] DEBUG net.serenitybdd.core.photography.Darkroom - Send negative for processing for target\site\serenity\a0a234126478c172259d6dd85c4fd604aee9323dec203af1583792e73d9ccba9.png
12:54:54.531 [Forwarding getPageSource on session 97ff30cfcdf25141abd39fdc9e0b75ec to remote] DEBUG org.asynchttpclient.netty.request.NettyRequestSender - Using pooled Channel '[id: 0xa0156e3b, L:/127.0.0.1:57371 - R:localhost/127.0.0.1:44111]' for 'POST' to 'http://localhost:44111/session/97ff30cfcdf25141abd39fdc9e0b75ec/execute/sync'
12:54:54.531 [Forwarding getPageSource on session 97ff30cfcdf25141abd39fdc9e0b75ec to remote] DEBUG org.asynchttpclient.netty.request.NettyRequestSender - Using open Channel [id: 0xa0156e3b, L:/127.0.0.1:57371 - R:localhost/127.0.0.1:44111] for POST '/session/97ff30cfcdf25141abd39fdc9e0b75ec/execute/sync'
12:54:54.535 [AsyncHttpClient-1-8] DEBUG org.asynchttpclient.netty.handler.HttpHandler - 

Request DefaultHttpRequest(decodeResult: success, version: HTTP/1.1)
POST /session/97ff30cfcdf25141abd39fdc9e0b75ec/execute/sync HTTP/1.1
User-Agent: selenium/4.7.1 (java windows)
Content-Length: 176
Content-Type: application/json; charset=utf-8
host: localhost:44111
accept: */*

Response DefaultHttpResponse(decodeResult: success, version: HTTP/1.1)
HTTP/1.1 200 OK
Content-Type: application/json; charset=utf-8
cache-control: no-cache
content-length: 10121

12:54:54.535 [AsyncHttpClient-1-8] DEBUG org.asynchttpclient.netty.channel.ChannelManager - Adding key: http://localhost:44111 for channel [id: 0xa0156e3b, L:/127.0.0.1:57371 - R:localhost/127.0.0.1:44111]
12:54:54.537 [Forwarding getCurrentUrl on session 97ff30cfcdf25141abd39fdc9e0b75ec to remote] DEBUG org.asynchttpclient.netty.request.NettyRequestSender - Using pooled Channel '[id: 0xa0156e3b, L:/127.0.0.1:57371 - R:localhost/127.0.0.1:44111]' for 'GET' to 'http://localhost:44111/session/97ff30cfcdf25141abd39fdc9e0b75ec/url'
12:54:54.537 [Forwarding getCurrentUrl on session 97ff30cfcdf25141abd39fdc9e0b75ec to remote] DEBUG org.asynchttpclient.netty.request.NettyRequestSender - Using open Channel [id: 0xa0156e3b, L:/127.0.0.1:57371 - R:localhost/127.0.0.1:44111] for GET '/session/97ff30cfcdf25141abd39fdc9e0b75ec/url'
12:54:54.539 [AsyncHttpClient-1-8] DEBUG org.asynchttpclient.netty.handler.HttpHandler - 

Request DefaultFullHttpRequest(decodeResult: success, version: HTTP/1.1, content: EmptyByteBufBE)
GET /session/97ff30cfcdf25141abd39fdc9e0b75ec/url HTTP/1.1
User-Agent: selenium/4.7.1 (java windows)
Cache-Control: no-cache
Content-Type: application/json; charset=utf-8
host: localhost:44111
accept: */*

Response DefaultHttpResponse(decodeResult: success, version: HTTP/1.1)
HTTP/1.1 200 OK
Content-Type: application/json; charset=utf-8
cache-control: no-cache
content-length: 47

12:54:54.539 [AsyncHttpClient-1-8] DEBUG org.asynchttpclient.netty.channel.ChannelManager - Adding key: http://localhost:44111 for channel [id: 0xa0156e3b, L:/127.0.0.1:57371 - R:localhost/127.0.0.1:44111]
12:54:54.543 [Forwarding maximizeCurrentWindow on session 97ff30cfcdf25141abd39fdc9e0b75ec to remote] DEBUG org.asynchttpclient.netty.request.NettyRequestSender - Using pooled Channel '[id: 0xa0156e3b, L:/127.0.0.1:57371 - R:localhost/127.0.0.1:44111]' for 'POST' to 'http://localhost:44111/session/97ff30cfcdf25141abd39fdc9e0b75ec/window/maximize'
12:54:54.543 [Forwarding maximizeCurrentWindow on session 97ff30cfcdf25141abd39fdc9e0b75ec to remote] DEBUG org.asynchttpclient.netty.request.NettyRequestSender - Using open Channel [id: 0xa0156e3b, L:/127.0.0.1:57371 - R:localhost/127.0.0.1:44111] for POST '/session/97ff30cfcdf25141abd39fdc9e0b75ec/window/maximize'
12:54:54.546 [AsyncHttpClient-1-8] DEBUG org.asynchttpclient.netty.handler.HttpHandler - 

Request DefaultHttpRequest(decodeResult: success, version: HTTP/1.1)
POST /session/97ff30cfcdf25141abd39fdc9e0b75ec/window/maximize HTTP/1.1
User-Agent: selenium/4.7.1 (java windows)
Content-Length: 3
Content-Type: application/json; charset=utf-8
host: localhost:44111
accept: */*

Response DefaultHttpResponse(decodeResult: success, version: HTTP/1.1)
HTTP/1.1 200 OK
Content-Type: application/json; charset=utf-8
cache-control: no-cache
content-length: 50

12:54:54.546 [AsyncHttpClient-1-8] DEBUG org.asynchttpclient.netty.channel.ChannelManager - Adding key: http://localhost:44111 for channel [id: 0xa0156e3b, L:/127.0.0.1:57371 - R:localhost/127.0.0.1:44111]
12:54:54.549 [Forwarding findElement on session 97ff30cfcdf25141abd39fdc9e0b75ec to remote] DEBUG org.asynchttpclient.netty.request.NettyRequestSender - Using pooled Channel '[id: 0xa0156e3b, L:/127.0.0.1:57371 - R:localhost/127.0.0.1:44111]' for 'POST' to 'http://localhost:44111/session/97ff30cfcdf25141abd39fdc9e0b75ec/element'
12:54:54.549 [Forwarding findElement on session 97ff30cfcdf25141abd39fdc9e0b75ec to remote] DEBUG org.asynchttpclient.netty.request.NettyRequestSender - Using open Channel [id: 0xa0156e3b, L:/127.0.0.1:57371 - R:localhost/127.0.0.1:44111] for POST '/session/97ff30cfcdf25141abd39fdc9e0b75ec/element'
12:54:54.558 [AsyncHttpClient-1-8] DEBUG org.asynchttpclient.netty.handler.HttpHandler - 

Request DefaultHttpRequest(decodeResult: success, version: HTTP/1.1)
POST /session/97ff30cfcdf25141abd39fdc9e0b75ec/element HTTP/1.1
User-Agent: selenium/4.7.1 (java windows)
Content-Length: 86
Content-Type: application/json; charset=utf-8
host: localhost:44111
accept: */*

Response DefaultHttpResponse(decodeResult: success, version: HTTP/1.1)
HTTP/1.1 200 OK
Content-Type: application/json; charset=utf-8
cache-control: no-cache
content-length: 88

12:54:54.558 [AsyncHttpClient-1-8] DEBUG org.asynchttpclient.netty.channel.ChannelManager - Adding key: http://localhost:44111 for channel [id: 0xa0156e3b, L:/127.0.0.1:57371 - R:localhost/127.0.0.1:44111]
12:54:54.559 [Forwarding getElementText on session 97ff30cfcdf25141abd39fdc9e0b75ec to remote] DEBUG org.asynchttpclient.netty.request.NettyRequestSender - Using pooled Channel '[id: 0xa0156e3b, L:/127.0.0.1:57371 - R:localhost/127.0.0.1:44111]' for 'GET' to 'http://localhost:44111/session/97ff30cfcdf25141abd39fdc9e0b75ec/element/45c15017-086a-46a7-a02c-bb32616a7331/text'
12:54:54.559 [Forwarding getElementText on session 97ff30cfcdf25141abd39fdc9e0b75ec to remote] DEBUG org.asynchttpclient.netty.request.NettyRequestSender - Using open Channel [id: 0xa0156e3b, L:/127.0.0.1:57371 - R:localhost/127.0.0.1:44111] for GET '/session/97ff30cfcdf25141abd39fdc9e0b75ec/element/45c15017-086a-46a7-a02c-bb32616a7331/text'
12:54:54.584 [AsyncHttpClient-1-8] DEBUG org.asynchttpclient.netty.handler.HttpHandler - 

Request DefaultFullHttpRequest(decodeResult: success, version: HTTP/1.1, content: EmptyByteBufBE)
GET /session/97ff30cfcdf25141abd39fdc9e0b75ec/element/45c15017-086a-46a7-a02c-bb32616a7331/text HTTP/1.1
User-Agent: selenium/4.7.1 (java windows)
Cache-Control: no-cache
Content-Type: application/json; charset=utf-8
host: localhost:44111
accept: */*

Response DefaultHttpResponse(decodeResult: success, version: HTTP/1.1)
HTTP/1.1 200 OK
Content-Type: application/json; charset=utf-8
cache-control: no-cache
content-length: 31

12:54:54.584 [AsyncHttpClient-1-8] DEBUG org.asynchttpclient.netty.channel.ChannelManager - Adding key: http://localhost:44111 for channel [id: 0xa0156e3b, L:/127.0.0.1:57371 - R:localhost/127.0.0.1:44111]
  &amp#27;[32mThen &amp#27;[0m&amp#27;[32mI check on cart &amp#27;[0m&amp#27;[32m&amp#27;[1m"Sauce Labs Backpack"&amp#27;[0m          &amp#27;[90m# Class6BDD.steps.CartSteps.iCheckOnCart(java.lang.String)&amp#27;[0m
12:54:54.596 [Forwarding getCurrentWindowHandle on session 97ff30cfcdf25141abd39fdc9e0b75ec to remote] DEBUG org.asynchttpclient.netty.request.NettyRequestSender - Using pooled Channel '[id: 0xa0156e3b, L:/127.0.0.1:57371 - R:localhost/127.0.0.1:44111]' for 'GET' to 'http://localhost:44111/session/97ff30cfcdf25141abd39fdc9e0b75ec/window'
12:54:54.597 [Forwarding getCurrentWindowHandle on session 97ff30cfcdf25141abd39fdc9e0b75ec to remote] DEBUG org.asynchttpclient.netty.request.NettyRequestSender - Using open Channel [id: 0xa0156e3b, L:/127.0.0.1:57371 - R:localhost/127.0.0.1:44111] for GET '/session/97ff30cfcdf25141abd39fdc9e0b75ec/window'
12:54:54.600 [AsyncHttpClient-1-8] DEBUG org.asynchttpclient.netty.handler.HttpHandler - 

Request DefaultFullHttpRequest(decodeResult: success, version: HTTP/1.1, content: EmptyByteBufBE)
GET /session/97ff30cfcdf25141abd39fdc9e0b75ec/window HTTP/1.1
User-Agent: selenium/4.7.1 (java windows)
Cache-Control: no-cache
Content-Type: application/json; charset=utf-8
host: localhost:44111
accept: */*

Response DefaultHttpResponse(decodeResult: success, version: HTTP/1.1)
HTTP/1.1 200 OK
Content-Type: application/json; charset=utf-8
cache-control: no-cache
content-length: 53

12:54:54.600 [AsyncHttpClient-1-8] DEBUG org.asynchttpclient.netty.channel.ChannelManager - Adding key: http://localhost:44111 for channel [id: 0xa0156e3b, L:/127.0.0.1:57371 - R:localhost/127.0.0.1:44111]
12:54:54.603 [Forwarding getAlertText on session 97ff30cfcdf25141abd39fdc9e0b75ec to remote] DEBUG org.asynchttpclient.netty.request.NettyRequestSender - Using pooled Channel '[id: 0xa0156e3b, L:/127.0.0.1:57371 - R:localhost/127.0.0.1:44111]' for 'GET' to 'http://localhost:44111/session/97ff30cfcdf25141abd39fdc9e0b75ec/alert/text'
12:54:54.603 [Forwarding getAlertText on session 97ff30cfcdf25141abd39fdc9e0b75ec to remote] DEBUG org.asynchttpclient.netty.request.NettyRequestSender - Using open Channel [id: 0xa0156e3b, L:/127.0.0.1:57371 - R:localhost/127.0.0.1:44111] for GET '/session/97ff30cfcdf25141abd39fdc9e0b75ec/alert/text'
12:54:54.605 [AsyncHttpClient-1-8] DEBUG org.asynchttpclient.netty.handler.HttpHandler - 

Request DefaultFullHttpRequest(decodeResult: success, version: HTTP/1.1, content: EmptyByteBufBE)
GET /session/97ff30cfcdf25141abd39fdc9e0b75ec/alert/text HTTP/1.1
User-Agent: selenium/4.7.1 (java windows)
Cache-Control: no-cache
Content-Type: application/json; charset=utf-8
host: localhost:44111
accept: */*

Response DefaultHttpResponse(decodeResult: success, version: HTTP/1.1)
HTTP/1.1 404 Not Found
Content-Type: application/json; charset=utf-8
cache-control: no-cache
content-length: 834

12:54:54.605 [AsyncHttpClient-1-8] DEBUG org.asynchttpclient.netty.channel.ChannelManager - Adding key: http://localhost:44111 for channel [id: 0xa0156e3b, L:/127.0.0.1:57371 - R:localhost/127.0.0.1:44111]
12:54:54.607 [Forwarding switchToWindow on session 97ff30cfcdf25141abd39fdc9e0b75ec to remote] DEBUG org.asynchttpclient.netty.request.NettyRequestSender - Using pooled Channel '[id: 0xa0156e3b, L:/127.0.0.1:57371 - R:localhost/127.0.0.1:44111]' for 'POST' to 'http://localhost:44111/session/97ff30cfcdf25141abd39fdc9e0b75ec/window'
12:54:54.607 [Forwarding switchToWindow on session 97ff30cfcdf25141abd39fdc9e0b75ec to remote] DEBUG org.asynchttpclient.netty.request.NettyRequestSender - Using open Channel [id: 0xa0156e3b, L:/127.0.0.1:57371 - R:localhost/127.0.0.1:44111] for POST '/session/97ff30cfcdf25141abd39fdc9e0b75ec/window'
12:54:54.610 [AsyncHttpClient-1-8] DEBUG org.asynchttpclient.netty.handler.HttpHandler - 

Request DefaultHttpRequest(decodeResult: success, version: HTTP/1.1)
POST /session/97ff30cfcdf25141abd39fdc9e0b75ec/window HTTP/1.1
User-Agent: selenium/4.7.1 (java windows)
Content-Length: 59
Content-Type: application/json; charset=utf-8
host: localhost:44111
accept: */*

Response DefaultHttpResponse(decodeResult: success, version: HTTP/1.1)
HTTP/1.1 200 OK
Content-Type: application/json; charset=utf-8
cache-control: no-cache
content-length: 14

12:54:54.610 [AsyncHttpClient-1-8] DEBUG org.asynchttpclient.netty.channel.ChannelManager - Adding key: http://localhost:44111 for channel [id: 0xa0156e3b, L:/127.0.0.1:57371 - R:localhost/127.0.0.1:44111]
12:54:54.612 [Forwarding getCurrentUrl on session 97ff30cfcdf25141abd39fdc9e0b75ec to remote] DEBUG org.asynchttpclient.netty.request.NettyRequestSender - Using pooled Channel '[id: 0xa0156e3b, L:/127.0.0.1:57371 - R:localhost/127.0.0.1:44111]' for 'GET' to 'http://localhost:44111/session/97ff30cfcdf25141abd39fdc9e0b75ec/url'
12:54:54.612 [Forwarding getCurrentUrl on session 97ff30cfcdf25141abd39fdc9e0b75ec to remote] DEBUG org.asynchttpclient.netty.request.NettyRequestSender - Using open Channel [id: 0xa0156e3b, L:/127.0.0.1:57371 - R:localhost/127.0.0.1:44111] for GET '/session/97ff30cfcdf25141abd39fdc9e0b75ec/url'
12:54:54.616 [AsyncHttpClient-1-8] DEBUG org.asynchttpclient.netty.handler.HttpHandler - 

Request DefaultFullHttpRequest(decodeResult: success, version: HTTP/1.1, content: EmptyByteBufBE)
GET /session/97ff30cfcdf25141abd39fdc9e0b75ec/url HTTP/1.1
User-Agent: selenium/4.7.1 (java windows)
Cache-Control: no-cache
Content-Type: application/json; charset=utf-8
host: localhost:44111
accept: */*

Response DefaultHttpResponse(decodeResult: success, version: HTTP/1.1)
HTTP/1.1 200 OK
Content-Type: application/json; charset=utf-8
cache-control: no-cache
content-length: 47

12:54:54.616 [AsyncHttpClient-1-8] DEBUG org.asynchttpclient.netty.channel.ChannelManager - Adding key: http://localhost:44111 for channel [id: 0xa0156e3b, L:/127.0.0.1:57371 - R:localhost/127.0.0.1:44111]
12:54:54.617 [Forwarding screenshot on session 97ff30cfcdf25141abd39fdc9e0b75ec to remote] DEBUG org.asynchttpclient.netty.request.NettyRequestSender - Using pooled Channel '[id: 0xa0156e3b, L:/127.0.0.1:57371 - R:localhost/127.0.0.1:44111]' for 'GET' to 'http://localhost:44111/session/97ff30cfcdf25141abd39fdc9e0b75ec/screenshot'
12:54:54.617 [Forwarding screenshot on session 97ff30cfcdf25141abd39fdc9e0b75ec to remote] DEBUG org.asynchttpclient.netty.request.NettyRequestSender - Using open Channel [id: 0xa0156e3b, L:/127.0.0.1:57371 - R:localhost/127.0.0.1:44111] for GET '/session/97ff30cfcdf25141abd39fdc9e0b75ec/screenshot'
12:54:54.743 [AsyncHttpClient-1-8] DEBUG org.asynchttpclient.netty.handler.HttpHandler - 

Request DefaultFullHttpRequest(decodeResult: success, version: HTTP/1.1, content: EmptyByteBufBE)
GET /session/97ff30cfcdf25141abd39fdc9e0b75ec/screenshot HTTP/1.1
User-Agent: selenium/4.7.1 (java windows)
Cache-Control: no-cache
Content-Type: application/json; charset=utf-8
host: localhost:44111
accept: */*

Response DefaultHttpResponse(decodeResult: success, version: HTTP/1.1)
HTTP/1.1 200 OK
Content-Type: application/json; charset=utf-8
cache-control: no-cache
content-length: 121792

12:54:54.744 [AsyncHttpClient-1-8] DEBUG org.asynchttpclient.netty.channel.ChannelManager - Adding key: http://localhost:44111 for channel [id: 0xa0156e3b, L:/127.0.0.1:57371 - R:localhost/127.0.0.1:44111]
12:54:54.747 [main] DEBUG net.serenitybdd.core.photography.Darkroom - Send negative for processing for target\site\serenity\a0a234126478c172259d6dd85c4fd604aee9323dec203af1583792e73d9ccba9.png
12:54:54.750 [Forwarding getPageSource on session 97ff30cfcdf25141abd39fdc9e0b75ec to remote] DEBUG org.asynchttpclient.netty.request.NettyRequestSender - Using pooled Channel '[id: 0xa0156e3b, L:/127.0.0.1:57371 - R:localhost/127.0.0.1:44111]' for 'POST' to 'http://localhost:44111/session/97ff30cfcdf25141abd39fdc9e0b75ec/execute/sync'
12:54:54.750 [Forwarding getPageSource on session 97ff30cfcdf25141abd39fdc9e0b75ec to remote] DEBUG org.asynchttpclient.netty.request.NettyRequestSender - Using open Channel [id: 0xa0156e3b, L:/127.0.0.1:57371 - R:localhost/127.0.0.1:44111] for POST '/session/97ff30cfcdf25141abd39fdc9e0b75ec/execute/sync'
12:54:54.755 [AsyncHttpClient-1-8] DEBUG org.asynchttpclient.netty.handler.HttpHandler - 

Request DefaultHttpRequest(decodeResult: success, version: HTTP/1.1)
POST /session/97ff30cfcdf25141abd39fdc9e0b75ec/execute/sync HTTP/1.1
User-Agent: selenium/4.7.1 (java windows)
Content-Length: 176
Content-Type: application/json; charset=utf-8
host: localhost:44111
accept: */*

Response DefaultHttpResponse(decodeResult: success, version: HTTP/1.1)
HTTP/1.1 200 OK
Content-Type: application/json; charset=utf-8
cache-control: no-cache
content-length: 10121

12:54:54.755 [AsyncHttpClient-1-8] DEBUG org.asynchttpclient.netty.channel.ChannelManager - Adding key: http://localhost:44111 for channel [id: 0xa0156e3b, L:/127.0.0.1:57371 - R:localhost/127.0.0.1:44111]
12:54:54.757 [Forwarding getCurrentUrl on session 97ff30cfcdf25141abd39fdc9e0b75ec to remote] DEBUG org.asynchttpclient.netty.request.NettyRequestSender - Using pooled Channel '[id: 0xa0156e3b, L:/127.0.0.1:57371 - R:localhost/127.0.0.1:44111]' for 'GET' to 'http://localhost:44111/session/97ff30cfcdf25141abd39fdc9e0b75ec/url'
12:54:54.757 [Forwarding getCurrentUrl on session 97ff30cfcdf25141abd39fdc9e0b75ec to remote] DEBUG org.asynchttpclient.netty.request.NettyRequestSender - Using open Channel [id: 0xa0156e3b, L:/127.0.0.1:57371 - R:localhost/127.0.0.1:44111] for GET '/session/97ff30cfcdf25141abd39fdc9e0b75ec/url'
12:54:54.761 [AsyncHttpClient-1-8] DEBUG org.asynchttpclient.netty.handler.HttpHandler - 

Request DefaultFullHttpRequest(decodeResult: success, version: HTTP/1.1, content: EmptyByteBufBE)
GET /session/97ff30cfcdf25141abd39fdc9e0b75ec/url HTTP/1.1
User-Agent: selenium/4.7.1 (java windows)
Cache-Control: no-cache
Content-Type: application/json; charset=utf-8
host: localhost:44111
accept: */*

Response DefaultHttpResponse(decodeResult: success, version: HTTP/1.1)
HTTP/1.1 200 OK
Content-Type: application/json; charset=utf-8
cache-control: no-cache
content-length: 47

12:54:54.761 [AsyncHttpClient-1-8] DEBUG org.asynchttpclient.netty.channel.ChannelManager - Adding key: http://localhost:44111 for channel [id: 0xa0156e3b, L:/127.0.0.1:57371 - R:localhost/127.0.0.1:44111]
12:54:54.765 [Forwarding findElement on session 97ff30cfcdf25141abd39fdc9e0b75ec to remote] DEBUG org.asynchttpclient.netty.request.NettyRequestSender - Using pooled Channel '[id: 0xa0156e3b, L:/127.0.0.1:57371 - R:localhost/127.0.0.1:44111]' for 'POST' to 'http://localhost:44111/session/97ff30cfcdf25141abd39fdc9e0b75ec/element'
12:54:54.766 [Forwarding findElement on session 97ff30cfcdf25141abd39fdc9e0b75ec to remote] DEBUG org.asynchttpclient.netty.request.NettyRequestSender - Using open Channel [id: 0xa0156e3b, L:/127.0.0.1:57371 - R:localhost/127.0.0.1:44111] for POST '/session/97ff30cfcdf25141abd39fdc9e0b75ec/element'
12:54:54.770 [AsyncHttpClient-1-1] DEBUG org.asynchttpclient.netty.channel.DefaultChannelPool - Entry count for : http://localhost:57372 : 1
12:54:54.776 [AsyncHttpClient-1-8] DEBUG org.asynchttpclient.netty.handler.HttpHandler - 

Request DefaultHttpRequest(decodeResult: success, version: HTTP/1.1)
POST /session/97ff30cfcdf25141abd39fdc9e0b75ec/element HTTP/1.1
User-Agent: selenium/4.7.1 (java windows)
Content-Length: 77
Content-Type: application/json; charset=utf-8
host: localhost:44111
accept: */*

Response DefaultHttpResponse(decodeResult: success, version: HTTP/1.1)
HTTP/1.1 200 OK
Content-Type: application/json; charset=utf-8
cache-control: no-cache
content-length: 88

12:54:54.776 [AsyncHttpClient-1-8] DEBUG org.asynchttpclient.netty.channel.ChannelManager - Adding key: http://localhost:44111 for channel [id: 0xa0156e3b, L:/127.0.0.1:57371 - R:localhost/127.0.0.1:44111]
12:54:54.779 [Forwarding isElementDisplayed on session 97ff30cfcdf25141abd39fdc9e0b75ec to remote] DEBUG org.asynchttpclient.netty.request.NettyRequestSender - Using pooled Channel '[id: 0xa0156e3b, L:/127.0.0.1:57371 - R:localhost/127.0.0.1:44111]' for 'POST' to 'http://localhost:44111/session/97ff30cfcdf25141abd39fdc9e0b75ec/execute/sync'
12:54:54.779 [Forwarding isElementDisplayed on session 97ff30cfcdf25141abd39fdc9e0b75ec to remote] DEBUG org.asynchttpclient.netty.request.NettyRequestSender - Using open Channel [id: 0xa0156e3b, L:/127.0.0.1:57371 - R:localhost/127.0.0.1:44111] for POST '/session/97ff30cfcdf25141abd39fdc9e0b75ec/execute/sync'
12:54:54.788 [AsyncHttpClient-1-8] DEBUG org.asynchttpclient.netty.handler.HttpHandler - 

Request DefaultHttpRequest(decodeResult: success, version: HTTP/1.1)
POST /session/97ff30cfcdf25141abd39fdc9e0b75ec/execute/sync HTTP/1.1
User-Agent: selenium/4.7.1 (java windows)
Content-Length: 48780
Content-Type: application/json; charset=utf-8
host: localhost:44111
accept: */*

Response DefaultHttpResponse(decodeResult: success, version: HTTP/1.1)
HTTP/1.1 200 OK
Content-Type: application/json; charset=utf-8
cache-control: no-cache
content-length: 14

12:54:54.788 [AsyncHttpClient-1-8] DEBUG org.asynchttpclient.netty.channel.ChannelManager - Adding key: http://localhost:44111 for channel [id: 0xa0156e3b, L:/127.0.0.1:57371 - R:localhost/127.0.0.1:44111]
12:54:54.790 [Forwarding findElement on session 97ff30cfcdf25141abd39fdc9e0b75ec to remote] DEBUG org.asynchttpclient.netty.request.NettyRequestSender - Using pooled Channel '[id: 0xa0156e3b, L:/127.0.0.1:57371 - R:localhost/127.0.0.1:44111]' for 'POST' to 'http://localhost:44111/session/97ff30cfcdf25141abd39fdc9e0b75ec/element'
12:54:54.790 [Forwarding findElement on session 97ff30cfcdf25141abd39fdc9e0b75ec to remote] DEBUG org.asynchttpclient.netty.request.NettyRequestSender - Using open Channel [id: 0xa0156e3b, L:/127.0.0.1:57371 - R:localhost/127.0.0.1:44111] for POST '/session/97ff30cfcdf25141abd39fdc9e0b75ec/element'
12:54:54.797 [AsyncHttpClient-1-8] DEBUG org.asynchttpclient.netty.handler.HttpHandler - 

Request DefaultHttpRequest(decodeResult: success, version: HTTP/1.1)
POST /session/97ff30cfcdf25141abd39fdc9e0b75ec/element HTTP/1.1
User-Agent: selenium/4.7.1 (java windows)
Content-Length: 77
Content-Type: application/json; charset=utf-8
host: localhost:44111
accept: */*

Response DefaultHttpResponse(decodeResult: success, version: HTTP/1.1)
HTTP/1.1 200 OK
Content-Type: application/json; charset=utf-8
cache-control: no-cache
content-length: 88

12:54:54.797 [AsyncHttpClient-1-8] DEBUG org.asynchttpclient.netty.channel.ChannelManager - Adding key: http://localhost:44111 for channel [id: 0xa0156e3b, L:/127.0.0.1:57371 - R:localhost/127.0.0.1:44111]
12:54:54.798 [Forwarding isElementEnabled on session 97ff30cfcdf25141abd39fdc9e0b75ec to remote] DEBUG org.asynchttpclient.netty.request.NettyRequestSender - Using pooled Channel '[id: 0xa0156e3b, L:/127.0.0.1:57371 - R:localhost/127.0.0.1:44111]' for 'GET' to 'http://localhost:44111/session/97ff30cfcdf25141abd39fdc9e0b75ec/element/cfd61f1b-44cc-43be-a0c2-d0ba1b2dd928/enabled'
12:54:54.798 [Forwarding isElementEnabled on session 97ff30cfcdf25141abd39fdc9e0b75ec to remote] DEBUG org.asynchttpclient.netty.request.NettyRequestSender - Using open Channel [id: 0xa0156e3b, L:/127.0.0.1:57371 - R:localhost/127.0.0.1:44111] for GET '/session/97ff30cfcdf25141abd39fdc9e0b75ec/element/cfd61f1b-44cc-43be-a0c2-d0ba1b2dd928/enabled'
12:54:54.806 [AsyncHttpClient-1-8] DEBUG org.asynchttpclient.netty.handler.HttpHandler - 

Request DefaultFullHttpRequest(decodeResult: success, version: HTTP/1.1, content: EmptyByteBufBE)
GET /session/97ff30cfcdf25141abd39fdc9e0b75ec/element/cfd61f1b-44cc-43be-a0c2-d0ba1b2dd928/enabled HTTP/1.1
User-Agent: selenium/4.7.1 (java windows)
Cache-Control: no-cache
Content-Type: application/json; charset=utf-8
host: localhost:44111
accept: */*

Response DefaultHttpResponse(decodeResult: success, version: HTTP/1.1)
HTTP/1.1 200 OK
Content-Type: application/json; charset=utf-8
cache-control: no-cache
content-length: 14

12:54:54.806 [AsyncHttpClient-1-8] DEBUG org.asynchttpclient.netty.channel.ChannelManager - Adding key: http://localhost:44111 for channel [id: 0xa0156e3b, L:/127.0.0.1:57371 - R:localhost/127.0.0.1:44111]
12:54:54.808 [Forwarding findElement on session 97ff30cfcdf25141abd39fdc9e0b75ec to remote] DEBUG org.asynchttpclient.netty.request.NettyRequestSender - Using pooled Channel '[id: 0xa0156e3b, L:/127.0.0.1:57371 - R:localhost/127.0.0.1:44111]' for 'POST' to 'http://localhost:44111/session/97ff30cfcdf25141abd39fdc9e0b75ec/element'
12:54:54.808 [Forwarding findElement on session 97ff30cfcdf25141abd39fdc9e0b75ec to remote] DEBUG org.asynchttpclient.netty.request.NettyRequestSender - Using open Channel [id: 0xa0156e3b, L:/127.0.0.1:57371 - R:localhost/127.0.0.1:44111] for POST '/session/97ff30cfcdf25141abd39fdc9e0b75ec/element'
12:54:54.813 [AsyncHttpClient-1-8] DEBUG org.asynchttpclient.netty.handler.HttpHandler - 

Request DefaultHttpRequest(decodeResult: success, version: HTTP/1.1)
POST /session/97ff30cfcdf25141abd39fdc9e0b75ec/element HTTP/1.1
User-Agent: selenium/4.7.1 (java windows)
Content-Length: 77
Content-Type: application/json; charset=utf-8
host: localhost:44111
accept: */*

Response DefaultHttpResponse(decodeResult: success, version: HTTP/1.1)
HTTP/1.1 200 OK
Content-Type: application/json; charset=utf-8
cache-control: no-cache
content-length: 88

12:54:54.813 [AsyncHttpClient-1-8] DEBUG org.asynchttpclient.netty.channel.ChannelManager - Adding key: http://localhost:44111 for channel [id: 0xa0156e3b, L:/127.0.0.1:57371 - R:localhost/127.0.0.1:44111]
12:54:54.814 [Forwarding clickElement on session 97ff30cfcdf25141abd39fdc9e0b75ec to remote] DEBUG org.asynchttpclient.netty.request.NettyRequestSender - Using pooled Channel '[id: 0xa0156e3b, L:/127.0.0.1:57371 - R:localhost/127.0.0.1:44111]' for 'POST' to 'http://localhost:44111/session/97ff30cfcdf25141abd39fdc9e0b75ec/element/cfd61f1b-44cc-43be-a0c2-d0ba1b2dd928/click'
12:54:54.814 [Forwarding clickElement on session 97ff30cfcdf25141abd39fdc9e0b75ec to remote] DEBUG org.asynchttpclient.netty.request.NettyRequestSender - Using open Channel [id: 0xa0156e3b, L:/127.0.0.1:57371 - R:localhost/127.0.0.1:44111] for POST '/session/97ff30cfcdf25141abd39fdc9e0b75ec/element/cfd61f1b-44cc-43be-a0c2-d0ba1b2dd928/click'
12:54:54.906 [AsyncHttpClient-1-8] DEBUG org.asynchttpclient.netty.handler.HttpHandler - 

Request DefaultHttpRequest(decodeResult: success, version: HTTP/1.1)
POST /session/97ff30cfcdf25141abd39fdc9e0b75ec/element/cfd61f1b-44cc-43be-a0c2-d0ba1b2dd928/click HTTP/1.1
User-Agent: selenium/4.7.1 (java windows)
Content-Length: 50
Content-Type: application/json; charset=utf-8
host: localhost:44111
accept: */*

Response DefaultHttpResponse(decodeResult: success, version: HTTP/1.1)
HTTP/1.1 200 OK
Content-Type: application/json; charset=utf-8
cache-control: no-cache
content-length: 14

12:54:54.906 [AsyncHttpClient-1-8] DEBUG org.asynchttpclient.netty.channel.ChannelManager - Adding key: http://localhost:44111 for channel [id: 0xa0156e3b, L:/127.0.0.1:57371 - R:localhost/127.0.0.1:44111]
  &amp#27;[32mThen &amp#27;[0m&amp#27;[32mI click on Continue Shopping&amp#27;[0m                   &amp#27;[90m# Class6BDD.steps.CartSteps.iClickOnContinueShopping()&amp#27;[0m
12:54:54.914 [Forwarding getCurrentWindowHandle on session 97ff30cfcdf25141abd39fdc9e0b75ec to remote] DEBUG org.asynchttpclient.netty.request.NettyRequestSender - Using pooled Channel '[id: 0xa0156e3b, L:/127.0.0.1:57371 - R:localhost/127.0.0.1:44111]' for 'GET' to 'http://localhost:44111/session/97ff30cfcdf25141abd39fdc9e0b75ec/window'
12:54:54.914 [Forwarding getCurrentWindowHandle on session 97ff30cfcdf25141abd39fdc9e0b75ec to remote] DEBUG org.asynchttpclient.netty.request.NettyRequestSender - Using open Channel [id: 0xa0156e3b, L:/127.0.0.1:57371 - R:localhost/127.0.0.1:44111] for GET '/session/97ff30cfcdf25141abd39fdc9e0b75ec/window'
12:54:54.915 [AsyncHttpClient-1-8] DEBUG org.asynchttpclient.netty.handler.HttpHandler - 

Request DefaultFullHttpRequest(decodeResult: success, version: HTTP/1.1, content: EmptyByteBufBE)
GET /session/97ff30cfcdf25141abd39fdc9e0b75ec/window HTTP/1.1
User-Agent: selenium/4.7.1 (java windows)
Cache-Control: no-cache
Content-Type: application/json; charset=utf-8
host: localhost:44111
accept: */*

Response DefaultHttpResponse(decodeResult: success, version: HTTP/1.1)
HTTP/1.1 200 OK
Content-Type: application/json; charset=utf-8
cache-control: no-cache
content-length: 53

12:54:54.916 [AsyncHttpClient-1-8] DEBUG org.asynchttpclient.netty.channel.ChannelManager - Adding key: http://localhost:44111 for channel [id: 0xa0156e3b, L:/127.0.0.1:57371 - R:localhost/127.0.0.1:44111]
12:54:54.917 [Forwarding getAlertText on session 97ff30cfcdf25141abd39fdc9e0b75ec to remote] DEBUG org.asynchttpclient.netty.request.NettyRequestSender - Using pooled Channel '[id: 0xa0156e3b, L:/127.0.0.1:57371 - R:localhost/127.0.0.1:44111]' for 'GET' to 'http://localhost:44111/session/97ff30cfcdf25141abd39fdc9e0b75ec/alert/text'
12:54:54.917 [Forwarding getAlertText on session 97ff30cfcdf25141abd39fdc9e0b75ec to remote] DEBUG org.asynchttpclient.netty.request.NettyRequestSender - Using open Channel [id: 0xa0156e3b, L:/127.0.0.1:57371 - R:localhost/127.0.0.1:44111] for GET '/session/97ff30cfcdf25141abd39fdc9e0b75ec/alert/text'
12:54:54.919 [AsyncHttpClient-1-8] DEBUG org.asynchttpclient.netty.handler.HttpHandler - 

Request DefaultFullHttpRequest(decodeResult: success, version: HTTP/1.1, content: EmptyByteBufBE)
GET /session/97ff30cfcdf25141abd39fdc9e0b75ec/alert/text HTTP/1.1
User-Agent: selenium/4.7.1 (java windows)
Cache-Control: no-cache
Content-Type: application/json; charset=utf-8
host: localhost:44111
accept: */*

Response DefaultHttpResponse(decodeResult: success, version: HTTP/1.1)
HTTP/1.1 404 Not Found
Content-Type: application/json; charset=utf-8
cache-control: no-cache
content-length: 834

12:54:54.920 [AsyncHttpClient-1-8] DEBUG org.asynchttpclient.netty.channel.ChannelManager - Adding key: http://localhost:44111 for channel [id: 0xa0156e3b, L:/127.0.0.1:57371 - R:localhost/127.0.0.1:44111]
12:54:54.922 [Forwarding switchToWindow on session 97ff30cfcdf25141abd39fdc9e0b75ec to remote] DEBUG org.asynchttpclient.netty.request.NettyRequestSender - Using pooled Channel '[id: 0xa0156e3b, L:/127.0.0.1:57371 - R:localhost/127.0.0.1:44111]' for 'POST' to 'http://localhost:44111/session/97ff30cfcdf25141abd39fdc9e0b75ec/window'
12:54:54.923 [Forwarding switchToWindow on session 97ff30cfcdf25141abd39fdc9e0b75ec to remote] DEBUG org.asynchttpclient.netty.request.NettyRequestSender - Using open Channel [id: 0xa0156e3b, L:/127.0.0.1:57371 - R:localhost/127.0.0.1:44111] for POST '/session/97ff30cfcdf25141abd39fdc9e0b75ec/window'
12:54:54.926 [AsyncHttpClient-1-8] DEBUG org.asynchttpclient.netty.handler.HttpHandler - 

Request DefaultHttpRequest(decodeResult: success, version: HTTP/1.1)
POST /session/97ff30cfcdf25141abd39fdc9e0b75ec/window HTTP/1.1
User-Agent: selenium/4.7.1 (java windows)
Content-Length: 59
Content-Type: application/json; charset=utf-8
host: localhost:44111
accept: */*

Response DefaultHttpResponse(decodeResult: success, version: HTTP/1.1)
HTTP/1.1 200 OK
Content-Type: application/json; charset=utf-8
cache-control: no-cache
content-length: 14

12:54:54.927 [AsyncHttpClient-1-8] DEBUG org.asynchttpclient.netty.channel.ChannelManager - Adding key: http://localhost:44111 for channel [id: 0xa0156e3b, L:/127.0.0.1:57371 - R:localhost/127.0.0.1:44111]
12:54:54.928 [Forwarding getCurrentUrl on session 97ff30cfcdf25141abd39fdc9e0b75ec to remote] DEBUG org.asynchttpclient.netty.request.NettyRequestSender - Using pooled Channel '[id: 0xa0156e3b, L:/127.0.0.1:57371 - R:localhost/127.0.0.1:44111]' for 'GET' to 'http://localhost:44111/session/97ff30cfcdf25141abd39fdc9e0b75ec/url'
12:54:54.928 [Forwarding getCurrentUrl on session 97ff30cfcdf25141abd39fdc9e0b75ec to remote] DEBUG org.asynchttpclient.netty.request.NettyRequestSender - Using open Channel [id: 0xa0156e3b, L:/127.0.0.1:57371 - R:localhost/127.0.0.1:44111] for GET '/session/97ff30cfcdf25141abd39fdc9e0b75ec/url'
12:54:54.931 [AsyncHttpClient-1-8] DEBUG org.asynchttpclient.netty.handler.HttpHandler - 

Request DefaultFullHttpRequest(decodeResult: success, version: HTTP/1.1, content: EmptyByteBufBE)
GET /session/97ff30cfcdf25141abd39fdc9e0b75ec/url HTTP/1.1
User-Agent: selenium/4.7.1 (java windows)
Cache-Control: no-cache
Content-Type: application/json; charset=utf-8
host: localhost:44111
accept: */*

Response DefaultHttpResponse(decodeResult: success, version: HTTP/1.1)
HTTP/1.1 200 OK
Content-Type: application/json; charset=utf-8
cache-control: no-cache
content-length: 52

12:54:54.931 [AsyncHttpClient-1-8] DEBUG org.asynchttpclient.netty.channel.ChannelManager - Adding key: http://localhost:44111 for channel [id: 0xa0156e3b, L:/127.0.0.1:57371 - R:localhost/127.0.0.1:44111]
12:54:54.932 [Forwarding screenshot on session 97ff30cfcdf25141abd39fdc9e0b75ec to remote] DEBUG org.asynchttpclient.netty.request.NettyRequestSender - Using pooled Channel '[id: 0xa0156e3b, L:/127.0.0.1:57371 - R:localhost/127.0.0.1:44111]' for 'GET' to 'http://localhost:44111/session/97ff30cfcdf25141abd39fdc9e0b75ec/screenshot'
12:54:54.932 [Forwarding screenshot on session 97ff30cfcdf25141abd39fdc9e0b75ec to remote] DEBUG org.asynchttpclient.netty.request.NettyRequestSender - Using open Channel [id: 0xa0156e3b, L:/127.0.0.1:57371 - R:localhost/127.0.0.1:44111] for GET '/session/97ff30cfcdf25141abd39fdc9e0b75ec/screenshot'
12:54:55.302 [AsyncHttpClient-1-8] DEBUG org.asynchttpclient.netty.handler.HttpHandler - 

Request DefaultFullHttpRequest(decodeResult: success, version: HTTP/1.1, content: EmptyByteBufBE)
GET /session/97ff30cfcdf25141abd39fdc9e0b75ec/screenshot HTTP/1.1
User-Agent: selenium/4.7.1 (java windows)
Cache-Control: no-cache
Content-Type: application/json; charset=utf-8
host: localhost:44111
accept: */*

Response DefaultHttpResponse(decodeResult: success, version: HTTP/1.1)
HTTP/1.1 200 OK
Content-Type: application/json; charset=utf-8
cache-control: no-cache
content-length: 865624

12:54:55.305 [AsyncHttpClient-1-8] DEBUG org.asynchttpclient.netty.channel.ChannelManager - Adding key: http://localhost:44111 for channel [id: 0xa0156e3b, L:/127.0.0.1:57371 - R:localhost/127.0.0.1:44111]
12:54:55.318 [main] DEBUG net.serenitybdd.core.photography.Darkroom - Send negative for processing for target\site\serenity\96559d48b71841caaa38346ae72b0feb03f88cb231a399a3ee8aa7d642e2434a.png
12:54:55.321 [Forwarding getPageSource on session 97ff30cfcdf25141abd39fdc9e0b75ec to remote] DEBUG org.asynchttpclient.netty.request.NettyRequestSender - Using pooled Channel '[id: 0xa0156e3b, L:/127.0.0.1:57371 - R:localhost/127.0.0.1:44111]' for 'POST' to 'http://localhost:44111/session/97ff30cfcdf25141abd39fdc9e0b75ec/execute/sync'
12:54:55.321 [Forwarding getPageSource on session 97ff30cfcdf25141abd39fdc9e0b75ec to remote] DEBUG org.asynchttpclient.netty.request.NettyRequestSender - Using open Channel [id: 0xa0156e3b, L:/127.0.0.1:57371 - R:localhost/127.0.0.1:44111] for POST '/session/97ff30cfcdf25141abd39fdc9e0b75ec/execute/sync'
12:54:55.327 [AsyncHttpClient-1-8] DEBUG org.asynchttpclient.netty.handler.HttpHandler - 

Request DefaultHttpRequest(decodeResult: success, version: HTTP/1.1)
POST /session/97ff30cfcdf25141abd39fdc9e0b75ec/execute/sync HTTP/1.1
User-Agent: selenium/4.7.1 (java windows)
Content-Length: 176
Content-Type: application/json; charset=utf-8
host: localhost:44111
accept: */*

Response DefaultHttpResponse(decodeResult: success, version: HTTP/1.1)
HTTP/1.1 200 OK
Content-Type: application/json; charset=utf-8
cache-control: no-cache
content-length: 15306

12:54:55.327 [AsyncHttpClient-1-8] DEBUG org.asynchttpclient.netty.channel.ChannelManager - Adding key: http://localhost:44111 for channel [id: 0xa0156e3b, L:/127.0.0.1:57371 - R:localhost/127.0.0.1:44111]
12:54:55.329 [Forwarding getCurrentUrl on session 97ff30cfcdf25141abd39fdc9e0b75ec to remote] DEBUG org.asynchttpclient.netty.request.NettyRequestSender - Using pooled Channel '[id: 0xa0156e3b, L:/127.0.0.1:57371 - R:localhost/127.0.0.1:44111]' for 'GET' to 'http://localhost:44111/session/97ff30cfcdf25141abd39fdc9e0b75ec/url'
12:54:55.329 [Forwarding getCurrentUrl on session 97ff30cfcdf25141abd39fdc9e0b75ec to remote] DEBUG org.asynchttpclient.netty.request.NettyRequestSender - Using open Channel [id: 0xa0156e3b, L:/127.0.0.1:57371 - R:localhost/127.0.0.1:44111] for GET '/session/97ff30cfcdf25141abd39fdc9e0b75ec/url'
12:54:55.331 [AsyncHttpClient-1-8] DEBUG org.asynchttpclient.netty.handler.HttpHandler - 

Request DefaultFullHttpRequest(decodeResult: success, version: HTTP/1.1, content: EmptyByteBufBE)
GET /session/97ff30cfcdf25141abd39fdc9e0b75ec/url HTTP/1.1
User-Agent: selenium/4.7.1 (java windows)
Cache-Control: no-cache
Content-Type: application/json; charset=utf-8
host: localhost:44111
accept: */*

Response DefaultHttpResponse(decodeResult: success, version: HTTP/1.1)
HTTP/1.1 200 OK
Content-Type: application/json; charset=utf-8
cache-control: no-cache
content-length: 52

12:54:55.331 [AsyncHttpClient-1-8] DEBUG org.asynchttpclient.netty.channel.ChannelManager - Adding key: http://localhost:44111 for channel [id: 0xa0156e3b, L:/127.0.0.1:57371 - R:localhost/127.0.0.1:44111]
12:54:55.334 [Forwarding findElement on session 97ff30cfcdf25141abd39fdc9e0b75ec to remote] DEBUG org.asynchttpclient.netty.request.NettyRequestSender - Using pooled Channel '[id: 0xa0156e3b, L:/127.0.0.1:57371 - R:localhost/127.0.0.1:44111]' for 'POST' to 'http://localhost:44111/session/97ff30cfcdf25141abd39fdc9e0b75ec/element'
12:54:55.334 [Forwarding findElement on session 97ff30cfcdf25141abd39fdc9e0b75ec to remote] DEBUG org.asynchttpclient.netty.request.NettyRequestSender - Using open Channel [id: 0xa0156e3b, L:/127.0.0.1:57371 - R:localhost/127.0.0.1:44111] for POST '/session/97ff30cfcdf25141abd39fdc9e0b75ec/element'
12:54:55.340 [AsyncHttpClient-1-8] DEBUG org.asynchttpclient.netty.handler.HttpHandler - 

Request DefaultHttpRequest(decodeResult: success, version: HTTP/1.1)
POST /session/97ff30cfcdf25141abd39fdc9e0b75ec/element HTTP/1.1
User-Agent: selenium/4.7.1 (java windows)
Content-Length: 90
Content-Type: application/json; charset=utf-8
host: localhost:44111
accept: */*

Response DefaultHttpResponse(decodeResult: success, version: HTTP/1.1)
HTTP/1.1 200 OK
Content-Type: application/json; charset=utf-8
cache-control: no-cache
content-length: 88

12:54:55.340 [AsyncHttpClient-1-8] DEBUG org.asynchttpclient.netty.channel.ChannelManager - Adding key: http://localhost:44111 for channel [id: 0xa0156e3b, L:/127.0.0.1:57371 - R:localhost/127.0.0.1:44111]
12:54:55.342 [Forwarding isElementDisplayed on session 97ff30cfcdf25141abd39fdc9e0b75ec to remote] DEBUG org.asynchttpclient.netty.request.NettyRequestSender - Using pooled Channel '[id: 0xa0156e3b, L:/127.0.0.1:57371 - R:localhost/127.0.0.1:44111]' for 'POST' to 'http://localhost:44111/session/97ff30cfcdf25141abd39fdc9e0b75ec/execute/sync'
12:54:55.342 [Forwarding isElementDisplayed on session 97ff30cfcdf25141abd39fdc9e0b75ec to remote] DEBUG org.asynchttpclient.netty.request.NettyRequestSender - Using open Channel [id: 0xa0156e3b, L:/127.0.0.1:57371 - R:localhost/127.0.0.1:44111] for POST '/session/97ff30cfcdf25141abd39fdc9e0b75ec/execute/sync'
12:54:55.349 [AsyncHttpClient-1-8] DEBUG org.asynchttpclient.netty.handler.HttpHandler - 

Request DefaultHttpRequest(decodeResult: success, version: HTTP/1.1)
POST /session/97ff30cfcdf25141abd39fdc9e0b75ec/execute/sync HTTP/1.1
User-Agent: selenium/4.7.1 (java windows)
Content-Length: 48780
Content-Type: application/json; charset=utf-8
host: localhost:44111
accept: */*

Response DefaultHttpResponse(decodeResult: success, version: HTTP/1.1)
HTTP/1.1 200 OK
Content-Type: application/json; charset=utf-8
cache-control: no-cache
content-length: 14

12:54:55.350 [AsyncHttpClient-1-8] DEBUG org.asynchttpclient.netty.channel.ChannelManager - Adding key: http://localhost:44111 for channel [id: 0xa0156e3b, L:/127.0.0.1:57371 - R:localhost/127.0.0.1:44111]
12:54:55.350 [Forwarding findElement on session 97ff30cfcdf25141abd39fdc9e0b75ec to remote] DEBUG org.asynchttpclient.netty.request.NettyRequestSender - Using pooled Channel '[id: 0xa0156e3b, L:/127.0.0.1:57371 - R:localhost/127.0.0.1:44111]' for 'POST' to 'http://localhost:44111/session/97ff30cfcdf25141abd39fdc9e0b75ec/element'
12:54:55.350 [Forwarding findElement on session 97ff30cfcdf25141abd39fdc9e0b75ec to remote] DEBUG org.asynchttpclient.netty.request.NettyRequestSender - Using open Channel [id: 0xa0156e3b, L:/127.0.0.1:57371 - R:localhost/127.0.0.1:44111] for POST '/session/97ff30cfcdf25141abd39fdc9e0b75ec/element'
12:54:55.357 [AsyncHttpClient-1-8] DEBUG org.asynchttpclient.netty.handler.HttpHandler - 

Request DefaultHttpRequest(decodeResult: success, version: HTTP/1.1)
POST /session/97ff30cfcdf25141abd39fdc9e0b75ec/element HTTP/1.1
User-Agent: selenium/4.7.1 (java windows)
Content-Length: 90
Content-Type: application/json; charset=utf-8
host: localhost:44111
accept: */*

Response DefaultHttpResponse(decodeResult: success, version: HTTP/1.1)
HTTP/1.1 200 OK
Content-Type: application/json; charset=utf-8
cache-control: no-cache
content-length: 88

12:54:55.357 [AsyncHttpClient-1-8] DEBUG org.asynchttpclient.netty.channel.ChannelManager - Adding key: http://localhost:44111 for channel [id: 0xa0156e3b, L:/127.0.0.1:57371 - R:localhost/127.0.0.1:44111]
12:54:55.357 [Forwarding isElementEnabled on session 97ff30cfcdf25141abd39fdc9e0b75ec to remote] DEBUG org.asynchttpclient.netty.request.NettyRequestSender - Using pooled Channel '[id: 0xa0156e3b, L:/127.0.0.1:57371 - R:localhost/127.0.0.1:44111]' for 'GET' to 'http://localhost:44111/session/97ff30cfcdf25141abd39fdc9e0b75ec/element/846367aa-148e-47f2-ab53-8f5157aa2435/enabled'
12:54:55.358 [Forwarding isElementEnabled on session 97ff30cfcdf25141abd39fdc9e0b75ec to remote] DEBUG org.asynchttpclient.netty.request.NettyRequestSender - Using open Channel [id: 0xa0156e3b, L:/127.0.0.1:57371 - R:localhost/127.0.0.1:44111] for GET '/session/97ff30cfcdf25141abd39fdc9e0b75ec/element/846367aa-148e-47f2-ab53-8f5157aa2435/enabled'
12:54:55.365 [AsyncHttpClient-1-8] DEBUG org.asynchttpclient.netty.handler.HttpHandler - 

Request DefaultFullHttpRequest(decodeResult: success, version: HTTP/1.1, content: EmptyByteBufBE)
GET /session/97ff30cfcdf25141abd39fdc9e0b75ec/element/846367aa-148e-47f2-ab53-8f5157aa2435/enabled HTTP/1.1
User-Agent: selenium/4.7.1 (java windows)
Cache-Control: no-cache
Content-Type: application/json; charset=utf-8
host: localhost:44111
accept: */*

Response DefaultHttpResponse(decodeResult: success, version: HTTP/1.1)
HTTP/1.1 200 OK
Content-Type: application/json; charset=utf-8
cache-control: no-cache
content-length: 14

12:54:55.365 [AsyncHttpClient-1-8] DEBUG org.asynchttpclient.netty.channel.ChannelManager - Adding key: http://localhost:44111 for channel [id: 0xa0156e3b, L:/127.0.0.1:57371 - R:localhost/127.0.0.1:44111]
12:54:55.366 [Forwarding findElement on session 97ff30cfcdf25141abd39fdc9e0b75ec to remote] DEBUG org.asynchttpclient.netty.request.NettyRequestSender - Using pooled Channel '[id: 0xa0156e3b, L:/127.0.0.1:57371 - R:localhost/127.0.0.1:44111]' for 'POST' to 'http://localhost:44111/session/97ff30cfcdf25141abd39fdc9e0b75ec/element'
12:54:55.366 [Forwarding findElement on session 97ff30cfcdf25141abd39fdc9e0b75ec to remote] DEBUG org.asynchttpclient.netty.request.NettyRequestSender - Using open Channel [id: 0xa0156e3b, L:/127.0.0.1:57371 - R:localhost/127.0.0.1:44111] for POST '/session/97ff30cfcdf25141abd39fdc9e0b75ec/element'
12:54:55.371 [AsyncHttpClient-1-8] DEBUG org.asynchttpclient.netty.handler.HttpHandler - 

Request DefaultHttpRequest(decodeResult: success, version: HTTP/1.1)
POST /session/97ff30cfcdf25141abd39fdc9e0b75ec/element HTTP/1.1
User-Agent: selenium/4.7.1 (java windows)
Content-Length: 90
Content-Type: application/json; charset=utf-8
host: localhost:44111
accept: */*

Response DefaultHttpResponse(decodeResult: success, version: HTTP/1.1)
HTTP/1.1 200 OK
Content-Type: application/json; charset=utf-8
cache-control: no-cache
content-length: 88

12:54:55.371 [AsyncHttpClient-1-8] DEBUG org.asynchttpclient.netty.channel.ChannelManager - Adding key: http://localhost:44111 for channel [id: 0xa0156e3b, L:/127.0.0.1:57371 - R:localhost/127.0.0.1:44111]
12:54:55.372 [Forwarding clickElement on session 97ff30cfcdf25141abd39fdc9e0b75ec to remote] DEBUG org.asynchttpclient.netty.request.NettyRequestSender - Using pooled Channel '[id: 0xa0156e3b, L:/127.0.0.1:57371 - R:localhost/127.0.0.1:44111]' for 'POST' to 'http://localhost:44111/session/97ff30cfcdf25141abd39fdc9e0b75ec/element/846367aa-148e-47f2-ab53-8f5157aa2435/click'
12:54:55.372 [Forwarding clickElement on session 97ff30cfcdf25141abd39fdc9e0b75ec to remote] DEBUG org.asynchttpclient.netty.request.NettyRequestSender - Using open Channel [id: 0xa0156e3b, L:/127.0.0.1:57371 - R:localhost/127.0.0.1:44111] for POST '/session/97ff30cfcdf25141abd39fdc9e0b75ec/element/846367aa-148e-47f2-ab53-8f5157aa2435/click'
12:54:55.400 [AsyncHttpClient-1-8] DEBUG org.asynchttpclient.netty.handler.HttpHandler - 

Request DefaultHttpRequest(decodeResult: success, version: HTTP/1.1)
POST /session/97ff30cfcdf25141abd39fdc9e0b75ec/element/846367aa-148e-47f2-ab53-8f5157aa2435/click HTTP/1.1
User-Agent: selenium/4.7.1 (java windows)
Content-Length: 50
Content-Type: application/json; charset=utf-8
host: localhost:44111
accept: */*

Response DefaultHttpResponse(decodeResult: success, version: HTTP/1.1)
HTTP/1.1 200 OK
Content-Type: application/json; charset=utf-8
cache-control: no-cache
content-length: 14

12:54:55.400 [AsyncHttpClient-1-8] DEBUG org.asynchttpclient.netty.channel.ChannelManager - Adding key: http://localhost:44111 for channel [id: 0xa0156e3b, L:/127.0.0.1:57371 - R:localhost/127.0.0.1:44111]
  &amp#27;[32mThen &amp#27;[0m&amp#27;[32mI click on Cart button&amp#27;[0m                         &amp#27;[90m# Class6BDD.steps.ProductSteps.iClickOnCartButton()&amp#27;[0m
12:54:55.407 [Forwarding getCurrentWindowHandle on session 97ff30cfcdf25141abd39fdc9e0b75ec to remote] DEBUG org.asynchttpclient.netty.request.NettyRequestSender - Using pooled Channel '[id: 0xa0156e3b, L:/127.0.0.1:57371 - R:localhost/127.0.0.1:44111]' for 'GET' to 'http://localhost:44111/session/97ff30cfcdf25141abd39fdc9e0b75ec/window'
12:54:55.407 [Forwarding getCurrentWindowHandle on session 97ff30cfcdf25141abd39fdc9e0b75ec to remote] DEBUG org.asynchttpclient.netty.request.NettyRequestSender - Using open Channel [id: 0xa0156e3b, L:/127.0.0.1:57371 - R:localhost/127.0.0.1:44111] for GET '/session/97ff30cfcdf25141abd39fdc9e0b75ec/window'
12:54:55.407 [AsyncHttpClient-1-8] DEBUG org.asynchttpclient.netty.handler.HttpHandler - 

Request DefaultFullHttpRequest(decodeResult: success, version: HTTP/1.1, content: EmptyByteBufBE)
GET /session/97ff30cfcdf25141abd39fdc9e0b75ec/window HTTP/1.1
User-Agent: selenium/4.7.1 (java windows)
Cache-Control: no-cache
Content-Type: application/json; charset=utf-8
host: localhost:44111
accept: */*

Response DefaultHttpResponse(decodeResult: success, version: HTTP/1.1)
HTTP/1.1 200 OK
Content-Type: application/json; charset=utf-8
cache-control: no-cache
content-length: 53

12:54:55.408 [AsyncHttpClient-1-8] DEBUG org.asynchttpclient.netty.channel.ChannelManager - Adding key: http://localhost:44111 for channel [id: 0xa0156e3b, L:/127.0.0.1:57371 - R:localhost/127.0.0.1:44111]
12:54:55.410 [Forwarding getAlertText on session 97ff30cfcdf25141abd39fdc9e0b75ec to remote] DEBUG org.asynchttpclient.netty.request.NettyRequestSender - Using pooled Channel '[id: 0xa0156e3b, L:/127.0.0.1:57371 - R:localhost/127.0.0.1:44111]' for 'GET' to 'http://localhost:44111/session/97ff30cfcdf25141abd39fdc9e0b75ec/alert/text'
12:54:55.410 [Forwarding getAlertText on session 97ff30cfcdf25141abd39fdc9e0b75ec to remote] DEBUG org.asynchttpclient.netty.request.NettyRequestSender - Using open Channel [id: 0xa0156e3b, L:/127.0.0.1:57371 - R:localhost/127.0.0.1:44111] for GET '/session/97ff30cfcdf25141abd39fdc9e0b75ec/alert/text'
12:54:55.411 [AsyncHttpClient-1-8] DEBUG org.asynchttpclient.netty.handler.HttpHandler - 

Request DefaultFullHttpRequest(decodeResult: success, version: HTTP/1.1, content: EmptyByteBufBE)
GET /session/97ff30cfcdf25141abd39fdc9e0b75ec/alert/text HTTP/1.1
User-Agent: selenium/4.7.1 (java windows)
Cache-Control: no-cache
Content-Type: application/json; charset=utf-8
host: localhost:44111
accept: */*

Response DefaultHttpResponse(decodeResult: success, version: HTTP/1.1)
HTTP/1.1 404 Not Found
Content-Type: application/json; charset=utf-8
cache-control: no-cache
content-length: 834

12:54:55.411 [AsyncHttpClient-1-8] DEBUG org.asynchttpclient.netty.channel.ChannelManager - Adding key: http://localhost:44111 for channel [id: 0xa0156e3b, L:/127.0.0.1:57371 - R:localhost/127.0.0.1:44111]
12:54:55.413 [Forwarding switchToWindow on session 97ff30cfcdf25141abd39fdc9e0b75ec to remote] DEBUG org.asynchttpclient.netty.request.NettyRequestSender - Using pooled Channel '[id: 0xa0156e3b, L:/127.0.0.1:57371 - R:localhost/127.0.0.1:44111]' for 'POST' to 'http://localhost:44111/session/97ff30cfcdf25141abd39fdc9e0b75ec/window'
12:54:55.413 [Forwarding switchToWindow on session 97ff30cfcdf25141abd39fdc9e0b75ec to remote] DEBUG org.asynchttpclient.netty.request.NettyRequestSender - Using open Channel [id: 0xa0156e3b, L:/127.0.0.1:57371 - R:localhost/127.0.0.1:44111] for POST '/session/97ff30cfcdf25141abd39fdc9e0b75ec/window'
12:54:55.414 [AsyncHttpClient-1-8] DEBUG org.asynchttpclient.netty.handler.HttpHandler - 

Request DefaultHttpRequest(decodeResult: success, version: HTTP/1.1)
POST /session/97ff30cfcdf25141abd39fdc9e0b75ec/window HTTP/1.1
User-Agent: selenium/4.7.1 (java windows)
Content-Length: 59
Content-Type: application/json; charset=utf-8
host: localhost:44111
accept: */*

Response DefaultHttpResponse(decodeResult: success, version: HTTP/1.1)
HTTP/1.1 200 OK
Content-Type: application/json; charset=utf-8
cache-control: no-cache
content-length: 14

12:54:55.414 [AsyncHttpClient-1-8] DEBUG org.asynchttpclient.netty.channel.ChannelManager - Adding key: http://localhost:44111 for channel [id: 0xa0156e3b, L:/127.0.0.1:57371 - R:localhost/127.0.0.1:44111]
12:54:55.414 [Forwarding getCurrentUrl on session 97ff30cfcdf25141abd39fdc9e0b75ec to remote] DEBUG org.asynchttpclient.netty.request.NettyRequestSender - Using pooled Channel '[id: 0xa0156e3b, L:/127.0.0.1:57371 - R:localhost/127.0.0.1:44111]' for 'GET' to 'http://localhost:44111/session/97ff30cfcdf25141abd39fdc9e0b75ec/url'
12:54:55.414 [Forwarding getCurrentUrl on session 97ff30cfcdf25141abd39fdc9e0b75ec to remote] DEBUG org.asynchttpclient.netty.request.NettyRequestSender - Using open Channel [id: 0xa0156e3b, L:/127.0.0.1:57371 - R:localhost/127.0.0.1:44111] for GET '/session/97ff30cfcdf25141abd39fdc9e0b75ec/url'
12:54:55.417 [AsyncHttpClient-1-8] DEBUG org.asynchttpclient.netty.handler.HttpHandler - 

Request DefaultFullHttpRequest(decodeResult: success, version: HTTP/1.1, content: EmptyByteBufBE)
GET /session/97ff30cfcdf25141abd39fdc9e0b75ec/url HTTP/1.1
User-Agent: selenium/4.7.1 (java windows)
Cache-Control: no-cache
Content-Type: application/json; charset=utf-8
host: localhost:44111
accept: */*

Response DefaultHttpResponse(decodeResult: success, version: HTTP/1.1)
HTTP/1.1 200 OK
Content-Type: application/json; charset=utf-8
cache-control: no-cache
content-length: 47

12:54:55.417 [AsyncHttpClient-1-8] DEBUG org.asynchttpclient.netty.channel.ChannelManager - Adding key: http://localhost:44111 for channel [id: 0xa0156e3b, L:/127.0.0.1:57371 - R:localhost/127.0.0.1:44111]
12:54:55.418 [Forwarding screenshot on session 97ff30cfcdf25141abd39fdc9e0b75ec to remote] DEBUG org.asynchttpclient.netty.request.NettyRequestSender - Using pooled Channel '[id: 0xa0156e3b, L:/127.0.0.1:57371 - R:localhost/127.0.0.1:44111]' for 'GET' to 'http://localhost:44111/session/97ff30cfcdf25141abd39fdc9e0b75ec/screenshot'
12:54:55.418 [Forwarding screenshot on session 97ff30cfcdf25141abd39fdc9e0b75ec to remote] DEBUG org.asynchttpclient.netty.request.NettyRequestSender - Using open Channel [id: 0xa0156e3b, L:/127.0.0.1:57371 - R:localhost/127.0.0.1:44111] for GET '/session/97ff30cfcdf25141abd39fdc9e0b75ec/screenshot'
12:54:55.577 [AsyncHttpClient-1-8] DEBUG org.asynchttpclient.netty.handler.HttpHandler - 

Request DefaultFullHttpRequest(decodeResult: success, version: HTTP/1.1, content: EmptyByteBufBE)
GET /session/97ff30cfcdf25141abd39fdc9e0b75ec/screenshot HTTP/1.1
User-Agent: selenium/4.7.1 (java windows)
Cache-Control: no-cache
Content-Type: application/json; charset=utf-8
host: localhost:44111
accept: */*

Response DefaultHttpResponse(decodeResult: success, version: HTTP/1.1)
HTTP/1.1 200 OK
Content-Type: application/json; charset=utf-8
cache-control: no-cache
content-length: 121792

12:54:55.578 [AsyncHttpClient-1-8] DEBUG org.asynchttpclient.netty.channel.ChannelManager - Adding key: http://localhost:44111 for channel [id: 0xa0156e3b, L:/127.0.0.1:57371 - R:localhost/127.0.0.1:44111]
12:54:55.581 [main] DEBUG net.serenitybdd.core.photography.Darkroom - Send negative for processing for target\site\serenity\a0a234126478c172259d6dd85c4fd604aee9323dec203af1583792e73d9ccba9.png
12:54:55.586 [Forwarding getPageSource on session 97ff30cfcdf25141abd39fdc9e0b75ec to remote] DEBUG org.asynchttpclient.netty.request.NettyRequestSender - Using pooled Channel '[id: 0xa0156e3b, L:/127.0.0.1:57371 - R:localhost/127.0.0.1:44111]' for 'POST' to 'http://localhost:44111/session/97ff30cfcdf25141abd39fdc9e0b75ec/execute/sync'
12:54:55.586 [Forwarding getPageSource on session 97ff30cfcdf25141abd39fdc9e0b75ec to remote] DEBUG org.asynchttpclient.netty.request.NettyRequestSender - Using open Channel [id: 0xa0156e3b, L:/127.0.0.1:57371 - R:localhost/127.0.0.1:44111] for POST '/session/97ff30cfcdf25141abd39fdc9e0b75ec/execute/sync'
12:54:55.610 [AsyncHttpClient-1-8] DEBUG org.asynchttpclient.netty.handler.HttpHandler - 

Request DefaultHttpRequest(decodeResult: success, version: HTTP/1.1)
POST /session/97ff30cfcdf25141abd39fdc9e0b75ec/execute/sync HTTP/1.1
User-Agent: selenium/4.7.1 (java windows)
Content-Length: 176
Content-Type: application/json; charset=utf-8
host: localhost:44111
accept: */*

Response DefaultHttpResponse(decodeResult: success, version: HTTP/1.1)
HTTP/1.1 200 OK
Content-Type: application/json; charset=utf-8
cache-control: no-cache
content-length: 10121

12:54:55.610 [AsyncHttpClient-1-8] DEBUG org.asynchttpclient.netty.channel.ChannelManager - Adding key: http://localhost:44111 for channel [id: 0xa0156e3b, L:/127.0.0.1:57371 - R:localhost/127.0.0.1:44111]
12:54:55.614 [Forwarding getCurrentUrl on session 97ff30cfcdf25141abd39fdc9e0b75ec to remote] DEBUG org.asynchttpclient.netty.request.NettyRequestSender - Using pooled Channel '[id: 0xa0156e3b, L:/127.0.0.1:57371 - R:localhost/127.0.0.1:44111]' for 'GET' to 'http://localhost:44111/session/97ff30cfcdf25141abd39fdc9e0b75ec/url'
12:54:55.614 [Forwarding getCurrentUrl on session 97ff30cfcdf25141abd39fdc9e0b75ec to remote] DEBUG org.asynchttpclient.netty.request.NettyRequestSender - Using open Channel [id: 0xa0156e3b, L:/127.0.0.1:57371 - R:localhost/127.0.0.1:44111] for GET '/session/97ff30cfcdf25141abd39fdc9e0b75ec/url'
12:54:55.620 [AsyncHttpClient-1-8] DEBUG org.asynchttpclient.netty.handler.HttpHandler - 

Request DefaultFullHttpRequest(decodeResult: success, version: HTTP/1.1, content: EmptyByteBufBE)
GET /session/97ff30cfcdf25141abd39fdc9e0b75ec/url HTTP/1.1
User-Agent: selenium/4.7.1 (java windows)
Cache-Control: no-cache
Content-Type: application/json; charset=utf-8
host: localhost:44111
accept: */*

Response DefaultHttpResponse(decodeResult: success, version: HTTP/1.1)
HTTP/1.1 200 OK
Content-Type: application/json; charset=utf-8
cache-control: no-cache
content-length: 47

12:54:55.620 [AsyncHttpClient-1-8] DEBUG org.asynchttpclient.netty.channel.ChannelManager - Adding key: http://localhost:44111 for channel [id: 0xa0156e3b, L:/127.0.0.1:57371 - R:localhost/127.0.0.1:44111]
12:54:55.632 [Forwarding findElement on session 97ff30cfcdf25141abd39fdc9e0b75ec to remote] DEBUG org.asynchttpclient.netty.request.NettyRequestSender - Using pooled Channel '[id: 0xa0156e3b, L:/127.0.0.1:57371 - R:localhost/127.0.0.1:44111]' for 'POST' to 'http://localhost:44111/session/97ff30cfcdf25141abd39fdc9e0b75ec/element'
12:54:55.632 [Forwarding findElement on session 97ff30cfcdf25141abd39fdc9e0b75ec to remote] DEBUG org.asynchttpclient.netty.request.NettyRequestSender - Using open Channel [id: 0xa0156e3b, L:/127.0.0.1:57371 - R:localhost/127.0.0.1:44111] for POST '/session/97ff30cfcdf25141abd39fdc9e0b75ec/element'
12:54:55.640 [AsyncHttpClient-1-8] DEBUG org.asynchttpclient.netty.handler.HttpHandler - 

Request DefaultHttpRequest(decodeResult: success, version: HTTP/1.1)
POST /session/97ff30cfcdf25141abd39fdc9e0b75ec/element HTTP/1.1
User-Agent: selenium/4.7.1 (java windows)
Content-Length: 86
Content-Type: application/json; charset=utf-8
host: localhost:44111
accept: */*

Response DefaultHttpResponse(decodeResult: success, version: HTTP/1.1)
HTTP/1.1 200 OK
Content-Type: application/json; charset=utf-8
cache-control: no-cache
content-length: 88

12:54:55.640 [AsyncHttpClient-1-8] DEBUG org.asynchttpclient.netty.channel.ChannelManager - Adding key: http://localhost:44111 for channel [id: 0xa0156e3b, L:/127.0.0.1:57371 - R:localhost/127.0.0.1:44111]
12:54:55.641 [Forwarding getElementText on session 97ff30cfcdf25141abd39fdc9e0b75ec to remote] DEBUG org.asynchttpclient.netty.request.NettyRequestSender - Using pooled Channel '[id: 0xa0156e3b, L:/127.0.0.1:57371 - R:localhost/127.0.0.1:44111]' for 'GET' to 'http://localhost:44111/session/97ff30cfcdf25141abd39fdc9e0b75ec/element/03b83378-6377-4e3b-86c6-585379839593/text'
12:54:55.641 [Forwarding getElementText on session 97ff30cfcdf25141abd39fdc9e0b75ec to remote] DEBUG org.asynchttpclient.netty.request.NettyRequestSender - Using open Channel [id: 0xa0156e3b, L:/127.0.0.1:57371 - R:localhost/127.0.0.1:44111] for GET '/session/97ff30cfcdf25141abd39fdc9e0b75ec/element/03b83378-6377-4e3b-86c6-585379839593/text'
12:54:55.653 [AsyncHttpClient-1-8] DEBUG org.asynchttpclient.netty.handler.HttpHandler - 

Request DefaultFullHttpRequest(decodeResult: success, version: HTTP/1.1, content: EmptyByteBufBE)
GET /session/97ff30cfcdf25141abd39fdc9e0b75ec/element/03b83378-6377-4e3b-86c6-585379839593/text HTTP/1.1
User-Agent: selenium/4.7.1 (java windows)
Cache-Control: no-cache
Content-Type: application/json; charset=utf-8
host: localhost:44111
accept: */*

Response DefaultHttpResponse(decodeResult: success, version: HTTP/1.1)
HTTP/1.1 200 OK
Content-Type: application/json; charset=utf-8
cache-control: no-cache
content-length: 31

12:54:55.653 [AsyncHttpClient-1-8] DEBUG org.asynchttpclient.netty.channel.ChannelManager - Adding key: http://localhost:44111 for channel [id: 0xa0156e3b, L:/127.0.0.1:57371 - R:localhost/127.0.0.1:44111]
  &amp#27;[32mThen &amp#27;[0m&amp#27;[32mI check on cart &amp#27;[0m&amp#27;[32m&amp#27;[1m"Sauce Labs Backpack"&amp#27;[0m          &amp#27;[90m# Class6BDD.steps.CartSteps.iCheckOnCart(java.lang.String)&amp#27;[0m
12:54:55.657 [Forwarding getCurrentWindowHandle on session 97ff30cfcdf25141abd39fdc9e0b75ec to remote] DEBUG org.asynchttpclient.netty.request.NettyRequestSender - Using pooled Channel '[id: 0xa0156e3b, L:/127.0.0.1:57371 - R:localhost/127.0.0.1:44111]' for 'GET' to 'http://localhost:44111/session/97ff30cfcdf25141abd39fdc9e0b75ec/window'
12:54:55.657 [Forwarding getCurrentWindowHandle on session 97ff30cfcdf25141abd39fdc9e0b75ec to remote] DEBUG org.asynchttpclient.netty.request.NettyRequestSender - Using open Channel [id: 0xa0156e3b, L:/127.0.0.1:57371 - R:localhost/127.0.0.1:44111] for GET '/session/97ff30cfcdf25141abd39fdc9e0b75ec/window'
12:54:55.658 [AsyncHttpClient-1-8] DEBUG org.asynchttpclient.netty.handler.HttpHandler - 

Request DefaultFullHttpRequest(decodeResult: success, version: HTTP/1.1, content: EmptyByteBufBE)
GET /session/97ff30cfcdf25141abd39fdc9e0b75ec/window HTTP/1.1
User-Agent: selenium/4.7.1 (java windows)
Cache-Control: no-cache
Content-Type: application/json; charset=utf-8
host: localhost:44111
accept: */*

Response DefaultHttpResponse(decodeResult: success, version: HTTP/1.1)
HTTP/1.1 200 OK
Content-Type: application/json; charset=utf-8
cache-control: no-cache
content-length: 53

12:54:55.658 [AsyncHttpClient-1-8] DEBUG org.asynchttpclient.netty.channel.ChannelManager - Adding key: http://localhost:44111 for channel [id: 0xa0156e3b, L:/127.0.0.1:57371 - R:localhost/127.0.0.1:44111]
12:54:55.660 [Forwarding getAlertText on session 97ff30cfcdf25141abd39fdc9e0b75ec to remote] DEBUG org.asynchttpclient.netty.request.NettyRequestSender - Using pooled Channel '[id: 0xa0156e3b, L:/127.0.0.1:57371 - R:localhost/127.0.0.1:44111]' for 'GET' to 'http://localhost:44111/session/97ff30cfcdf25141abd39fdc9e0b75ec/alert/text'
12:54:55.660 [Forwarding getAlertText on session 97ff30cfcdf25141abd39fdc9e0b75ec to remote] DEBUG org.asynchttpclient.netty.request.NettyRequestSender - Using open Channel [id: 0xa0156e3b, L:/127.0.0.1:57371 - R:localhost/127.0.0.1:44111] for GET '/session/97ff30cfcdf25141abd39fdc9e0b75ec/alert/text'
12:54:55.661 [AsyncHttpClient-1-8] DEBUG org.asynchttpclient.netty.handler.HttpHandler - 

Request DefaultFullHttpRequest(decodeResult: success, version: HTTP/1.1, content: EmptyByteBufBE)
GET /session/97ff30cfcdf25141abd39fdc9e0b75ec/alert/text HTTP/1.1
User-Agent: selenium/4.7.1 (java windows)
Cache-Control: no-cache
Content-Type: application/json; charset=utf-8
host: localhost:44111
accept: */*

Response DefaultHttpResponse(decodeResult: success, version: HTTP/1.1)
HTTP/1.1 404 Not Found
Content-Type: application/json; charset=utf-8
cache-control: no-cache
content-length: 834

12:54:55.662 [AsyncHttpClient-1-8] DEBUG org.asynchttpclient.netty.channel.ChannelManager - Adding key: http://localhost:44111 for channel [id: 0xa0156e3b, L:/127.0.0.1:57371 - R:localhost/127.0.0.1:44111]
12:54:55.664 [Forwarding switchToWindow on session 97ff30cfcdf25141abd39fdc9e0b75ec to remote] DEBUG org.asynchttpclient.netty.request.NettyRequestSender - Using pooled Channel '[id: 0xa0156e3b, L:/127.0.0.1:57371 - R:localhost/127.0.0.1:44111]' for 'POST' to 'http://localhost:44111/session/97ff30cfcdf25141abd39fdc9e0b75ec/window'
12:54:55.664 [Forwarding switchToWindow on session 97ff30cfcdf25141abd39fdc9e0b75ec to remote] DEBUG org.asynchttpclient.netty.request.NettyRequestSender - Using open Channel [id: 0xa0156e3b, L:/127.0.0.1:57371 - R:localhost/127.0.0.1:44111] for POST '/session/97ff30cfcdf25141abd39fdc9e0b75ec/window'
12:54:55.666 [AsyncHttpClient-1-8] DEBUG org.asynchttpclient.netty.handler.HttpHandler - 

Request DefaultHttpRequest(decodeResult: success, version: HTTP/1.1)
POST /session/97ff30cfcdf25141abd39fdc9e0b75ec/window HTTP/1.1
User-Agent: selenium/4.7.1 (java windows)
Content-Length: 59
Content-Type: application/json; charset=utf-8
host: localhost:44111
accept: */*

Response DefaultHttpResponse(decodeResult: success, version: HTTP/1.1)
HTTP/1.1 200 OK
Content-Type: application/json; charset=utf-8
cache-control: no-cache
content-length: 14

12:54:55.666 [AsyncHttpClient-1-8] DEBUG org.asynchttpclient.netty.channel.ChannelManager - Adding key: http://localhost:44111 for channel [id: 0xa0156e3b, L:/127.0.0.1:57371 - R:localhost/127.0.0.1:44111]
12:54:55.667 [Forwarding getCurrentUrl on session 97ff30cfcdf25141abd39fdc9e0b75ec to remote] DEBUG org.asynchttpclient.netty.request.NettyRequestSender - Using pooled Channel '[id: 0xa0156e3b, L:/127.0.0.1:57371 - R:localhost/127.0.0.1:44111]' for 'GET' to 'http://localhost:44111/session/97ff30cfcdf25141abd39fdc9e0b75ec/url'
12:54:55.667 [Forwarding getCurrentUrl on session 97ff30cfcdf25141abd39fdc9e0b75ec to remote] DEBUG org.asynchttpclient.netty.request.NettyRequestSender - Using open Channel [id: 0xa0156e3b, L:/127.0.0.1:57371 - R:localhost/127.0.0.1:44111] for GET '/session/97ff30cfcdf25141abd39fdc9e0b75ec/url'
12:54:55.670 [AsyncHttpClient-1-8] DEBUG org.asynchttpclient.netty.handler.HttpHandler - 

Request DefaultFullHttpRequest(decodeResult: success, version: HTTP/1.1, content: EmptyByteBufBE)
GET /session/97ff30cfcdf25141abd39fdc9e0b75ec/url HTTP/1.1
User-Agent: selenium/4.7.1 (java windows)
Cache-Control: no-cache
Content-Type: application/json; charset=utf-8
host: localhost:44111
accept: */*

Response DefaultHttpResponse(decodeResult: success, version: HTTP/1.1)
HTTP/1.1 200 OK
Content-Type: application/json; charset=utf-8
cache-control: no-cache
content-length: 47

12:54:55.670 [AsyncHttpClient-1-8] DEBUG org.asynchttpclient.netty.channel.ChannelManager - Adding key: http://localhost:44111 for channel [id: 0xa0156e3b, L:/127.0.0.1:57371 - R:localhost/127.0.0.1:44111]
12:54:55.670 [Forwarding screenshot on session 97ff30cfcdf25141abd39fdc9e0b75ec to remote] DEBUG org.asynchttpclient.netty.request.NettyRequestSender - Using pooled Channel '[id: 0xa0156e3b, L:/127.0.0.1:57371 - R:localhost/127.0.0.1:44111]' for 'GET' to 'http://localhost:44111/session/97ff30cfcdf25141abd39fdc9e0b75ec/screenshot'
12:54:55.670 [Forwarding screenshot on session 97ff30cfcdf25141abd39fdc9e0b75ec to remote] DEBUG org.asynchttpclient.netty.request.NettyRequestSender - Using open Channel [id: 0xa0156e3b, L:/127.0.0.1:57371 - R:localhost/127.0.0.1:44111] for GET '/session/97ff30cfcdf25141abd39fdc9e0b75ec/screenshot'
12:54:55.801 [AsyncHttpClient-1-8] DEBUG org.asynchttpclient.netty.handler.HttpHandler - 

Request DefaultFullHttpRequest(decodeResult: success, version: HTTP/1.1, content: EmptyByteBufBE)
GET /session/97ff30cfcdf25141abd39fdc9e0b75ec/screenshot HTTP/1.1
User-Agent: selenium/4.7.1 (java windows)
Cache-Control: no-cache
Content-Type: application/json; charset=utf-8
host: localhost:44111
accept: */*

Response DefaultHttpResponse(decodeResult: success, version: HTTP/1.1)
HTTP/1.1 200 OK
Content-Type: application/json; charset=utf-8
cache-control: no-cache
content-length: 121792

12:54:55.802 [AsyncHttpClient-1-8] DEBUG org.asynchttpclient.netty.channel.ChannelManager - Adding key: http://localhost:44111 for channel [id: 0xa0156e3b, L:/127.0.0.1:57371 - R:localhost/127.0.0.1:44111]
12:54:55.805 [main] DEBUG net.serenitybdd.core.photography.Darkroom - Send negative for processing for target\site\serenity\a0a234126478c172259d6dd85c4fd604aee9323dec203af1583792e73d9ccba9.png
12:54:55.808 [Forwarding getPageSource on session 97ff30cfcdf25141abd39fdc9e0b75ec to remote] DEBUG org.asynchttpclient.netty.request.NettyRequestSender - Using pooled Channel '[id: 0xa0156e3b, L:/127.0.0.1:57371 - R:localhost/127.0.0.1:44111]' for 'POST' to 'http://localhost:44111/session/97ff30cfcdf25141abd39fdc9e0b75ec/execute/sync'
12:54:55.808 [Forwarding getPageSource on session 97ff30cfcdf25141abd39fdc9e0b75ec to remote] DEBUG org.asynchttpclient.netty.request.NettyRequestSender - Using open Channel [id: 0xa0156e3b, L:/127.0.0.1:57371 - R:localhost/127.0.0.1:44111] for POST '/session/97ff30cfcdf25141abd39fdc9e0b75ec/execute/sync'
12:54:55.813 [AsyncHttpClient-1-8] DEBUG org.asynchttpclient.netty.handler.HttpHandler - 

Request DefaultHttpRequest(decodeResult: success, version: HTTP/1.1)
POST /session/97ff30cfcdf25141abd39fdc9e0b75ec/execute/sync HTTP/1.1
User-Agent: selenium/4.7.1 (java windows)
Content-Length: 176
Content-Type: application/json; charset=utf-8
host: localhost:44111
accept: */*

Response DefaultHttpResponse(decodeResult: success, version: HTTP/1.1)
HTTP/1.1 200 OK
Content-Type: application/json; charset=utf-8
cache-control: no-cache
content-length: 10121

12:54:55.813 [AsyncHttpClient-1-8] DEBUG org.asynchttpclient.netty.channel.ChannelManager - Adding key: http://localhost:44111 for channel [id: 0xa0156e3b, L:/127.0.0.1:57371 - R:localhost/127.0.0.1:44111]
12:54:55.815 [Forwarding getCurrentUrl on session 97ff30cfcdf25141abd39fdc9e0b75ec to remote] DEBUG org.asynchttpclient.netty.request.NettyRequestSender - Using pooled Channel '[id: 0xa0156e3b, L:/127.0.0.1:57371 - R:localhost/127.0.0.1:44111]' for 'GET' to 'http://localhost:44111/session/97ff30cfcdf25141abd39fdc9e0b75ec/url'
12:54:55.815 [Forwarding getCurrentUrl on session 97ff30cfcdf25141abd39fdc9e0b75ec to remote] DEBUG org.asynchttpclient.netty.request.NettyRequestSender - Using open Channel [id: 0xa0156e3b, L:/127.0.0.1:57371 - R:localhost/127.0.0.1:44111] for GET '/session/97ff30cfcdf25141abd39fdc9e0b75ec/url'
12:54:55.818 [AsyncHttpClient-1-8] DEBUG org.asynchttpclient.netty.handler.HttpHandler - 

Request DefaultFullHttpRequest(decodeResult: success, version: HTTP/1.1, content: EmptyByteBufBE)
GET /session/97ff30cfcdf25141abd39fdc9e0b75ec/url HTTP/1.1
User-Agent: selenium/4.7.1 (java windows)
Cache-Control: no-cache
Content-Type: application/json; charset=utf-8
host: localhost:44111
accept: */*

Response DefaultHttpResponse(decodeResult: success, version: HTTP/1.1)
HTTP/1.1 200 OK
Content-Type: application/json; charset=utf-8
cache-control: no-cache
content-length: 47

12:54:55.818 [AsyncHttpClient-1-8] DEBUG org.asynchttpclient.netty.channel.ChannelManager - Adding key: http://localhost:44111 for channel [id: 0xa0156e3b, L:/127.0.0.1:57371 - R:localhost/127.0.0.1:44111]
12:54:55.864 [AsyncHttpClient-1-1] DEBUG org.asynchttpclient.netty.channel.DefaultChannelPool - Entry count for : http://localhost:57372 : 1
12:54:55.864 [AsyncHttpClient-1-1] DEBUG org.asynchttpclient.netty.channel.DefaultChannelPool - Entry count for : http://localhost:44111 : 1
12:54:56.961 [AsyncHttpClient-1-1] DEBUG org.asynchttpclient.netty.channel.DefaultChannelPool - Entry count for : http://localhost:57372 : 1
12:54:56.961 [AsyncHttpClient-1-1] DEBUG org.asynchttpclient.netty.channel.DefaultChannelPool - Entry count for : http://localhost:44111 : 1
12:54:58.061 [AsyncHttpClient-1-1] DEBUG org.asynchttpclient.netty.channel.DefaultChannelPool - Entry count for : http://localhost:57372 : 1
12:54:58.061 [AsyncHttpClient-1-1] DEBUG org.asynchttpclient.netty.channel.DefaultChannelPool - Entry count for : http://localhost:44111 : 1
12:54:59.161 [AsyncHttpClient-1-1] DEBUG org.asynchttpclient.netty.channel.DefaultChannelPool - Entry count for : http://localhost:57372 : 1
12:54:59.161 [AsyncHttpClient-1-1] DEBUG org.asynchttpclient.netty.channel.DefaultChannelPool - Entry count for : http://localhost:44111 : 1
12:55:00.261 [AsyncHttpClient-1-1] DEBUG org.asynchttpclient.netty.channel.DefaultChannelPool - Entry count for : http://localhost:57372 : 1
12:55:00.261 [AsyncHttpClient-1-1] DEBUG org.asynchttpclient.netty.channel.DefaultChannelPool - Entry count for : http://localhost:44111 : 1
  &amp#27;[32mThen &amp#27;[0m&amp#27;[32mJust wait &amp#27;[0m&amp#27;[32m&amp#27;[1m5000&amp#27;[0m                                 &amp#27;[90m# Class6BDD.steps.CommonSteps.justWait(int)&amp#27;[0m
12:55:00.832 [Forwarding getCurrentWindowHandle on session 97ff30cfcdf25141abd39fdc9e0b75ec to remote] DEBUG org.asynchttpclient.netty.request.NettyRequestSender - Using pooled Channel '[id: 0xa0156e3b, L:/127.0.0.1:57371 - R:localhost/127.0.0.1:44111]' for 'GET' to 'http://localhost:44111/session/97ff30cfcdf25141abd39fdc9e0b75ec/window'
12:55:00.832 [Forwarding getCurrentWindowHandle on session 97ff30cfcdf25141abd39fdc9e0b75ec to remote] DEBUG org.asynchttpclient.netty.request.NettyRequestSender - Using open Channel [id: 0xa0156e3b, L:/127.0.0.1:57371 - R:localhost/127.0.0.1:44111] for GET '/session/97ff30cfcdf25141abd39fdc9e0b75ec/window'
12:55:00.833 [AsyncHttpClient-1-8] DEBUG org.asynchttpclient.netty.handler.HttpHandler - 

Request DefaultFullHttpRequest(decodeResult: success, version: HTTP/1.1, content: EmptyByteBufBE)
GET /session/97ff30cfcdf25141abd39fdc9e0b75ec/window HTTP/1.1
User-Agent: selenium/4.7.1 (java windows)
Cache-Control: no-cache
Content-Type: application/json; charset=utf-8
host: localhost:44111
accept: */*

Response DefaultHttpResponse(decodeResult: success, version: HTTP/1.1)
HTTP/1.1 200 OK
Content-Type: application/json; charset=utf-8
cache-control: no-cache
content-length: 53

12:55:00.833 [AsyncHttpClient-1-8] DEBUG org.asynchttpclient.netty.channel.ChannelManager - Adding key: http://localhost:44111 for channel [id: 0xa0156e3b, L:/127.0.0.1:57371 - R:localhost/127.0.0.1:44111]
12:55:00.834 [Forwarding getAlertText on session 97ff30cfcdf25141abd39fdc9e0b75ec to remote] DEBUG org.asynchttpclient.netty.request.NettyRequestSender - Using pooled Channel '[id: 0xa0156e3b, L:/127.0.0.1:57371 - R:localhost/127.0.0.1:44111]' for 'GET' to 'http://localhost:44111/session/97ff30cfcdf25141abd39fdc9e0b75ec/alert/text'
12:55:00.834 [Forwarding getAlertText on session 97ff30cfcdf25141abd39fdc9e0b75ec to remote] DEBUG org.asynchttpclient.netty.request.NettyRequestSender - Using open Channel [id: 0xa0156e3b, L:/127.0.0.1:57371 - R:localhost/127.0.0.1:44111] for GET '/session/97ff30cfcdf25141abd39fdc9e0b75ec/alert/text'
12:55:00.836 [AsyncHttpClient-1-8] DEBUG org.asynchttpclient.netty.handler.HttpHandler - 

Request DefaultFullHttpRequest(decodeResult: success, version: HTTP/1.1, content: EmptyByteBufBE)
GET /session/97ff30cfcdf25141abd39fdc9e0b75ec/alert/text HTTP/1.1
User-Agent: selenium/4.7.1 (java windows)
Cache-Control: no-cache
Content-Type: application/json; charset=utf-8
host: localhost:44111
accept: */*

Response DefaultHttpResponse(decodeResult: success, version: HTTP/1.1)
HTTP/1.1 404 Not Found
Content-Type: application/json; charset=utf-8
cache-control: no-cache
content-length: 834

12:55:00.836 [AsyncHttpClient-1-8] DEBUG org.asynchttpclient.netty.channel.ChannelManager - Adding key: http://localhost:44111 for channel [id: 0xa0156e3b, L:/127.0.0.1:57371 - R:localhost/127.0.0.1:44111]
12:55:00.837 [Forwarding switchToWindow on session 97ff30cfcdf25141abd39fdc9e0b75ec to remote] DEBUG org.asynchttpclient.netty.request.NettyRequestSender - Using pooled Channel '[id: 0xa0156e3b, L:/127.0.0.1:57371 - R:localhost/127.0.0.1:44111]' for 'POST' to 'http://localhost:44111/session/97ff30cfcdf25141abd39fdc9e0b75ec/window'
12:55:00.837 [Forwarding switchToWindow on session 97ff30cfcdf25141abd39fdc9e0b75ec to remote] DEBUG org.asynchttpclient.netty.request.NettyRequestSender - Using open Channel [id: 0xa0156e3b, L:/127.0.0.1:57371 - R:localhost/127.0.0.1:44111] for POST '/session/97ff30cfcdf25141abd39fdc9e0b75ec/window'
12:55:00.839 [AsyncHttpClient-1-8] DEBUG org.asynchttpclient.netty.handler.HttpHandler - 

Request DefaultHttpRequest(decodeResult: success, version: HTTP/1.1)
POST /session/97ff30cfcdf25141abd39fdc9e0b75ec/window HTTP/1.1
User-Agent: selenium/4.7.1 (java windows)
Content-Length: 59
Content-Type: application/json; charset=utf-8
host: localhost:44111
accept: */*

Response DefaultHttpResponse(decodeResult: success, version: HTTP/1.1)
HTTP/1.1 200 OK
Content-Type: application/json; charset=utf-8
cache-control: no-cache
content-length: 14

12:55:00.839 [AsyncHttpClient-1-8] DEBUG org.asynchttpclient.netty.channel.ChannelManager - Adding key: http://localhost:44111 for channel [id: 0xa0156e3b, L:/127.0.0.1:57371 - R:localhost/127.0.0.1:44111]
12:55:00.840 [Forwarding getCurrentUrl on session 97ff30cfcdf25141abd39fdc9e0b75ec to remote] DEBUG org.asynchttpclient.netty.request.NettyRequestSender - Using pooled Channel '[id: 0xa0156e3b, L:/127.0.0.1:57371 - R:localhost/127.0.0.1:44111]' for 'GET' to 'http://localhost:44111/session/97ff30cfcdf25141abd39fdc9e0b75ec/url'
12:55:00.840 [Forwarding getCurrentUrl on session 97ff30cfcdf25141abd39fdc9e0b75ec to remote] DEBUG org.asynchttpclient.netty.request.NettyRequestSender - Using open Channel [id: 0xa0156e3b, L:/127.0.0.1:57371 - R:localhost/127.0.0.1:44111] for GET '/session/97ff30cfcdf25141abd39fdc9e0b75ec/url'
12:55:00.843 [AsyncHttpClient-1-8] DEBUG org.asynchttpclient.netty.handler.HttpHandler - 

Request DefaultFullHttpRequest(decodeResult: success, version: HTTP/1.1, content: EmptyByteBufBE)
GET /session/97ff30cfcdf25141abd39fdc9e0b75ec/url HTTP/1.1
User-Agent: selenium/4.7.1 (java windows)
Cache-Control: no-cache
Content-Type: application/json; charset=utf-8
host: localhost:44111
accept: */*

Response DefaultHttpResponse(decodeResult: success, version: HTTP/1.1)
HTTP/1.1 200 OK
Content-Type: application/json; charset=utf-8
cache-control: no-cache
content-length: 47

12:55:00.843 [AsyncHttpClient-1-8] DEBUG org.asynchttpclient.netty.channel.ChannelManager - Adding key: http://localhost:44111 for channel [id: 0xa0156e3b, L:/127.0.0.1:57371 - R:localhost/127.0.0.1:44111]
12:55:00.843 [Forwarding screenshot on session 97ff30cfcdf25141abd39fdc9e0b75ec to remote] DEBUG org.asynchttpclient.netty.request.NettyRequestSender - Using pooled Channel '[id: 0xa0156e3b, L:/127.0.0.1:57371 - R:localhost/127.0.0.1:44111]' for 'GET' to 'http://localhost:44111/session/97ff30cfcdf25141abd39fdc9e0b75ec/screenshot'
12:55:00.843 [Forwarding screenshot on session 97ff30cfcdf25141abd39fdc9e0b75ec to remote] DEBUG org.asynchttpclient.netty.request.NettyRequestSender - Using open Channel [id: 0xa0156e3b, L:/127.0.0.1:57371 - R:localhost/127.0.0.1:44111] for GET '/session/97ff30cfcdf25141abd39fdc9e0b75ec/screenshot'
12:55:00.961 [AsyncHttpClient-1-8] DEBUG org.asynchttpclient.netty.handler.HttpHandler - 

Request DefaultFullHttpRequest(decodeResult: success, version: HTTP/1.1, content: EmptyByteBufBE)
GET /session/97ff30cfcdf25141abd39fdc9e0b75ec/screenshot HTTP/1.1
User-Agent: selenium/4.7.1 (java windows)
Cache-Control: no-cache
Content-Type: application/json; charset=utf-8
host: localhost:44111
accept: */*

Response DefaultHttpResponse(decodeResult: success, version: HTTP/1.1)
HTTP/1.1 200 OK
Content-Type: application/json; charset=utf-8
cache-control: no-cache
content-length: 121792

12:55:00.962 [AsyncHttpClient-1-8] DEBUG org.asynchttpclient.netty.channel.ChannelManager - Adding key: http://localhost:44111 for channel [id: 0xa0156e3b, L:/127.0.0.1:57371 - R:localhost/127.0.0.1:44111]
12:55:00.964 [main] DEBUG net.serenitybdd.core.photography.Darkroom - Send negative for processing for target\site\serenity\a0a234126478c172259d6dd85c4fd604aee9323dec203af1583792e73d9ccba9.png
12:55:00.965 [main] INFO  - 
  _____   ___   ___   _____     ___     _     ___   ___   ___   ___  
 |_   _| | __| / __| |_   _|   | _ \   /_\   / __| / __| | __| |   \ 
   | |   | _|  \__ \   | |     |  _/  / _ \  \__ \ \__ \ | _|  | |) |
   |_|   |___| |___/   |_|     |_|   /_/ \_\ |___/ |___/ |___| |___/ 

Cart Scenario
----------------------------------------------------------------------
12:55:00.966 [AsyncHttpClient-1-10] DEBUG org.asynchttpclient.netty.handler.WebSocketHandler - Channel Closed: [id: 0x5d7a1314, L:/127.0.0.1:57378 ! R:localhost/127.0.0.1:57372] with attribute NettyResponseFuture{currentRetry=0,
	isDone=1,
	isCancelled=0,
	asyncHandler=org.asynchttpclient.ws.WebSocketUpgradeHandler@602fa243,
	nettyRequest=org.asynchttpclient.netty.request.NettyRequest@252d3022,
	future=java.util.concurrent.CompletableFuture@7167ebe5[Completed normally],
	uri=ws://localhost:57372/devtools/browser/62f998ea-044b-43c3-ba72-d11b19392cb4,
	keepAlive=true,
	redirectCount=0,
	timeoutsHolder=null,
	inAuth=0,
	touch=1677185691607}
12:55:00.966 [AsyncHttpClient-1-10] DEBUG org.asynchttpclient.netty.channel.ChannelManager - Closing Channel [id: 0x5d7a1314, L:/127.0.0.1:57378 ! R:localhost/127.0.0.1:57372] 
12:55:00.966 [Driver Command Executor] DEBUG org.asynchttpclient.netty.request.NettyRequestSender - Using pooled Channel '[id: 0xa0156e3b, L:/127.0.0.1:57371 - R:localhost/127.0.0.1:44111]' for 'DELETE' to 'http://localhost:44111/session/97ff30cfcdf25141abd39fdc9e0b75ec'
12:55:00.966 [Driver Command Executor] DEBUG org.asynchttpclient.netty.request.NettyRequestSender - Using open Channel [id: 0xa0156e3b, L:/127.0.0.1:57371 - R:localhost/127.0.0.1:44111] for DELETE '/session/97ff30cfcdf25141abd39fdc9e0b75ec'
12:55:00.988 [AsyncHttpClient-1-9] DEBUG org.asynchttpclient.netty.handler.HttpHandler - Unexpected I/O exception on channel [id: 0x6c6f3bd6, L:/127.0.0.1:57377 - R:localhost/127.0.0.1:57372]
java.net.SocketException: Connection reset
	at java.base/sun.nio.ch.SocketChannelImpl.throwConnectionReset(SocketChannelImpl.java:401)
	at java.base/sun.nio.ch.SocketChannelImpl.read(SocketChannelImpl.java:434)
	at io.netty.buffer.PooledByteBuf.setBytes(PooledByteBuf.java:259)
	at io.netty.buffer.AbstractByteBuf.writeBytes(AbstractByteBuf.java:1132)
	at io.netty.channel.socket.nio.NioSocketChannel.doReadBytes(NioSocketChannel.java:357)
	at io.netty.channel.nio.AbstractNioByteChannel$NioByteUnsafe.read(AbstractNioByteChannel.java:151)
	at io.netty.channel.nio.NioEventLoop.processSelectedKey(NioEventLoop.java:788)
	at io.netty.channel.nio.NioEventLoop.processSelectedKeysOptimized(NioEventLoop.java:724)
	at io.netty.channel.nio.NioEventLoop.processSelectedKeys(NioEventLoop.java:650)
	at io.netty.channel.nio.NioEventLoop.run(NioEventLoop.java:562)
	at io.netty.util.concurrent.SingleThreadEventExecutor$4.run(SingleThreadEventExecutor.java:997)
	at io.netty.util.internal.ThreadExecutorMap$2.run(ThreadExecutorMap.java:74)
	at io.netty.util.concurrent.FastThreadLocalRunnable.run(FastThreadLocalRunnable.java:30)
	at java.base/java.lang.Thread.run(Thread.java:1589)
12:55:00.988 [AsyncHttpClient-1-9] DEBUG org.asynchttpclient.netty.channel.ChannelManager - Closing Channel [id: 0x6c6f3bd6, L:/127.0.0.1:57377 - R:localhost/127.0.0.1:57372] 
12:55:00.989 [AsyncHttpClient-1-9] DEBUG org.asynchttpclient.netty.handler.HttpHandler - Channel Closed: [id: 0x6c6f3bd6, L:/127.0.0.1:57377 ! R:localhost/127.0.0.1:57372] with attribute DISCARD
12:55:01.001 [AsyncHttpClient-1-8] DEBUG org.asynchttpclient.netty.handler.HttpHandler - 

Request DefaultFullHttpRequest(decodeResult: success, version: HTTP/1.1, content: EmptyByteBufBE)
DELETE /session/97ff30cfcdf25141abd39fdc9e0b75ec HTTP/1.1
User-Agent: selenium/4.7.1 (java windows)
Content-Type: application/json; charset=utf-8
host: localhost:44111
accept: */*

Response DefaultHttpResponse(decodeResult: success, version: HTTP/1.1)
HTTP/1.1 200 OK
Content-Type: application/json; charset=utf-8
cache-control: no-cache
content-length: 14

12:55:01.002 [AsyncHttpClient-1-8] DEBUG org.asynchttpclient.netty.channel.ChannelManager - Adding key: http://localhost:44111 for channel [id: 0xa0156e3b, L:/127.0.0.1:57371 - R:localhost/127.0.0.1:44111]
12:55:01.030 [AsyncHttpClient-1-8] DEBUG org.asynchttpclient.netty.handler.HttpHandler - Channel Closed: [id: 0xa0156e3b, L:/127.0.0.1:57371 ! R:localhost/127.0.0.1:44111] with attribute DISCARD
]]></system-out>
    <system-err><![CDATA[Starting ChromeDriver 110.0.5481.77 (65ed616c6e8ee3fe0ad64fe83796c020644d42af-refs/branch-heads/5481@{#839}) on port 44111
Only local connections are allowed.
Please see https://chromedriver.chromium.org/security-considerations for suggestions on keeping ChromeDriver safe.
ChromeDriver was started successfully.
[1677185691.581][WARNING]: virtual void DevToolsClientImpl::AddListener(DevToolsEventListener *) subscribing a listener to the already connected DevToolsClient. Connection notification will not arrive.
Feb 23, 2023 12:54:51 PM org.openqa.selenium.devtools.CdpVersionFinder findNearestMatch
WARNING: Unable to find an exact match for CDP version 110, so returning the closest version found: 108
]]></system-err>
  </testcase>
</testsuite>